Log file open, 07/06/22 16:53:55
LogWindows: Failed to load 'aqProf.dll' (GetLastError=126)
LogWindows: File 'aqProf.dll' does not exist
LogWindows: Failed to load 'VtuneApi.dll' (GetLastError=126)
LogWindows: File 'VtuneApi.dll' does not exist
LogWindows: Failed to load 'VtuneApi32e.dll' (GetLastError=126)
LogWindows: File 'VtuneApi32e.dll' does not exist
LogConsoleResponse: Display: Failed to find resolution value strings in scalability ini. Falling back to default.
LogConsoleResponse: Display: Failed to find resolution value strings in scalability ini. Falling back to default.
LogInit: Display: Running engine for game: ShootingGame
LogPlatformFile: Not using cached read wrapper
LogTaskGraph: Started task graph with 5 named threads and 23 total threads with 3 sets of task threads.
LogStats: Stats thread started at 0.262328
LogICUInternationalization: ICU TimeZone Detection - Raw Offset: +9:00, Platform Override: ''
LogInit: Display: Loading text-based GConfig....
LogPluginManager: Mounting plugin MeshPainting
LogPluginManager: Mounting plugin XGEController
LogPluginManager: Mounting plugin Paper2D
LogPluginManager: Mounting plugin LiveLink
LogPluginManager: Mounting plugin AISupport
LogPluginManager: Mounting plugin EnvironmentQueryEditor
LogPluginManager: Mounting plugin LightPropagationVolume
LogPluginManager: Mounting plugin CameraShakePreviewer
LogPluginManager: Mounting plugin OodleData
LogPluginManager: Mounting plugin GameplayCameras
LogPluginManager: Mounting plugin OodleNetwork
LogPluginManager: Mounting plugin AnimationSharing
LogPluginManager: Mounting plugin CLionSourceCodeAccess
LogPluginManager: Mounting plugin GitSourceControl
LogPluginManager: Mounting plugin KDevelopSourceCodeAccess
LogPluginManager: Mounting plugin NullSourceCodeAccess
LogPluginManager: Mounting plugin CodeLiteSourceCodeAccess
LogPluginManager: Mounting plugin PerforceSourceControl
LogPluginManager: Mounting plugin PlasticSourceControl
LogPluginManager: Mounting plugin PluginUtils
LogPluginManager: Mounting plugin RiderSourceCodeAccess
LogPluginManager: Mounting plugin PropertyAccessNode
LogPluginManager: Mounting plugin SubversionSourceControl
LogPluginManager: Mounting plugin TextureFormatOodle
LogPluginManager: Mounting plugin UObjectPlugin
LogPluginManager: Mounting plugin PixWinPlugin
LogPluginManager: Mounting plugin VisualStudioCodeSourceCodeAccess
LogPluginManager: Mounting plugin VisualStudioSourceCodeAccess
LogPluginManager: Mounting plugin XCodeSourceCodeAccess
LogPluginManager: Mounting plugin AssetManagerEditor
LogPluginManager: Mounting plugin Niagara
LogPluginManager: Mounting plugin CryptoKeys
LogPluginManager: Mounting plugin CurveEditorTools
LogPluginManager: Mounting plugin DataValidation
LogPluginManager: Mounting plugin FacialAnimation
LogPluginManager: Mounting plugin GameplayTagsEditor
LogPluginManager: Mounting plugin GeometryMode
LogPluginManager: Mounting plugin MacGraphicsSwitching
LogPluginManager: Mounting plugin MaterialAnalyzer
LogPluginManager: Mounting plugin MobileLauncherProfileWizard
LogPluginManager: Mounting plugin DatasmithContent
LogPluginManager: Mounting plugin PluginBrowser
LogPluginManager: Mounting plugin SpeedTreeImporter
LogPluginManager: Mounting plugin LuminPlatformFeatures
LogPluginManager: Mounting plugin MagicLeap
LogPluginManager: Mounting plugin VariantManagerContent
LogPluginManager: Mounting plugin MagicLeapLightEstimation
LogPluginManager: Mounting plugin MagicLeapMedia
LogPluginManager: Mounting plugin MagicLeapPassableWorld
LogPluginManager: Mounting plugin AlembicImporter
LogPluginManager: Mounting plugin AutomationUtils
LogPluginManager: Mounting plugin BackChannel
LogPluginManager: Mounting plugin MLSDK
LogPluginManager: Mounting plugin ChaosCloth
LogPluginManager: Mounting plugin ChaosClothEditor
LogPluginManager: Mounting plugin ChaosEditor
LogPluginManager: Mounting plugin ChaosSolverPlugin
LogPluginManager: Mounting plugin CharacterAI
LogPluginManager: Mounting plugin ChaosNiagara
LogPluginManager: Mounting plugin GeometryCache
LogPluginManager: Mounting plugin GeometryCollectionPlugin
LogPluginManager: Mounting plugin AndroidMedia
LogPluginManager: Mounting plugin AvfMedia
LogPluginManager: Mounting plugin ImgMedia
LogPluginManager: Mounting plugin MediaCompositing
LogPluginManager: Mounting plugin MediaPlayerEditor
LogPluginManager: Mounting plugin WebMMedia
LogPluginManager: Mounting plugin WmfMedia
LogPluginManager: Mounting plugin GeometryProcessing
LogPluginManager: Mounting plugin OpenImageDenoise
LogPluginManager: Mounting plugin MotoSynth
LogPluginManager: Mounting plugin PlanarCut
LogPluginManager: Mounting plugin PlatformCrypto
LogPluginManager: Mounting plugin ProxyLODPlugin
LogPluginManager: Mounting plugin PythonScriptPlugin
LogPluginManager: Mounting plugin SkeletalReduction
LogPluginManager: Mounting plugin ActorSequence
LogPluginManager: Mounting plugin LevelSequenceEditor
LogPluginManager: Mounting plugin MatineeToLevelSequence
LogPluginManager: Mounting plugin TemplateSequence
LogPluginManager: Mounting plugin TcpMessaging
LogPluginManager: Mounting plugin UdpMessaging
LogPluginManager: Mounting plugin OnlineSubsystem
LogPluginManager: Mounting plugin OnlineSubsystemNull
LogPluginManager: Mounting plugin OnlineSubsystemUtils
LogPluginManager: Mounting plugin LauncherChunkInstaller
LogPluginManager: Mounting plugin ActorLayerUtilities
LogPluginManager: Mounting plugin AndroidDeviceProfileSelector
LogPluginManager: Mounting plugin AndroidMoviePlayer
LogPluginManager: Mounting plugin AndroidPermission
LogPluginManager: Mounting plugin ApexDestruction
LogPluginManager: Mounting plugin AppleImageUtils
LogPluginManager: Mounting plugin AppleMoviePlayer
LogPluginManager: Mounting plugin ArchVisCharacter
LogPluginManager: Mounting plugin AssetTags
LogPluginManager: Mounting plugin AudioCapture
LogPluginManager: Mounting plugin AudioSynesthesia
LogPluginManager: Mounting plugin CableComponent
LogPluginManager: Mounting plugin ChunkDownloader
LogPluginManager: Mounting plugin CustomMeshComponent
LogPluginManager: Mounting plugin EditableMesh
LogPluginManager: Mounting plugin ExampleDeviceProfileSelector
LogPluginManager: Mounting plugin GoogleCloudMessaging
LogPluginManager: Mounting plugin GooglePAD
LogPluginManager: Mounting plugin ScreenshotTools
LogPluginManager: Mounting plugin IOSDeviceProfileSelector
LogPluginManager: Mounting plugin LinuxDeviceProfileSelector
LogPluginManager: Mounting plugin LocationServicesBPLibrary
LogPluginManager: Mounting plugin MobilePatchingUtils
LogPluginManager: Mounting plugin OpenXR
LogPluginManager: Mounting plugin OpenXREyeTracker
LogPluginManager: Mounting plugin OpenXRHandTracking
LogPluginManager: Mounting plugin PhysXVehicles
LogPluginManager: Mounting plugin PostSplashScreen
LogPluginManager: Mounting plugin ProceduralMeshComponent
LogPluginManager: Mounting plugin PropertyAccessEditor
LogPluginManager: Mounting plugin RuntimePhysXCooking
LogPluginManager: Mounting plugin SignificanceManager
LogPluginManager: Mounting plugin SoundFields
LogPluginManager: Mounting plugin Takes
LogPluginManager: Mounting plugin Synthesis
LogPluginManager: Mounting plugin WebMMoviePlayer
LogPluginManager: Mounting plugin WindowsMoviePlayer
LogPluginManager: Mounting plugin ContentBrowserAssetDataSource
LogPluginManager: Mounting plugin ContentBrowserFileDataSource
LogPluginManager: Mounting plugin ContentBrowserClassDataSource
LogPluginManager: Mounting plugin OnlineSubsystemGooglePlay
LogPluginManager: Mounting plugin OnlineSubsystemIOS
LogPluginManager: Mounting plugin OculusVR
LogPluginManager: Mounting plugin SteamVR
PixWinPlugin: PIX capture plugin failed to initialize! Check that the process is launched from PIX.
LogInit: Using libcurl 7.55.1-DEV
LogInit:  - built for x86_64-pc-win32
LogInit:  - supports SSL with OpenSSL/1.1.1
LogInit:  - supports HTTP deflate (compression) using libz 1.2.8
LogInit:  - other features:
LogInit:      CURL_VERSION_SSL
LogInit:      CURL_VERSION_LIBZ
LogInit:      CURL_VERSION_IPV6
LogInit:      CURL_VERSION_ASYNCHDNS
LogInit:      CURL_VERSION_LARGEFILE
LogInit:      CURL_VERSION_IDN
LogInit:  CurlRequestOptions (configurable via config and command line):
LogInit:  - bVerifyPeer = true  - Libcurl will verify peer certificate
LogInit:  - bUseHttpProxy = false  - Libcurl will NOT use HTTP proxy
LogInit:  - bDontReuseConnections = false  - Libcurl will reuse connections
LogInit:  - MaxHostConnections = 16  - Libcurl will limit the number of connections to a host
LogInit:  - LocalHostAddr = Default
LogInit:  - BufferSize = 65536
LogOnline: OSS: Creating online subsystem instance for: NULL
LogInit: WinSock: version 1.1 (2.2), MaxSocks=32767, MaxUdp=65467
LogOnline: OSS: TryLoadSubsystemAndSetDefault: Loaded subsystem for module [NULL]
LogOculusPluginWrapper: OculusPlugin initialized successfully
LogHMD: Failed initializing OVRPlugin 1.59.0
LogInit: Build: ++UE4+Release-4.27-CL-18319896
LogInit: Engine Version: 4.27.2-18319896+++UE4+Release-4.27
LogInit: Compatible Engine Version: 4.27.0-17155196+++UE4+Release-4.27
LogInit: Net CL: 17155196
LogInit: OS: Windows 10 (Release 2009) (), CPU: Intel(R) Core(TM) i5-10300H CPU @ 2.50GHz, GPU: Intel(R) UHD Graphics
LogInit: Compiled (64-bit): Nov 30 2021 07:12:08
LogInit: Compiled with Visual C++: 19.24.28315.00
LogInit: Build Configuration: Development
LogInit: Branch Name: ++UE4+Release-4.27
LogInit: Command Line:  127.0.0.1:17777 -game -PIEVIACONSOLE -Multiprocess GameUserSettingsINI=C:/work/UnrealProject_C7/ShootingGame/Saved/Config/Windows/PIEGameUserSettings1.ini -MultiprocessSaveConfig -forcepassthrough -messaging -SessionName="Play in Standalone Game" -windowed -WinX=32 -WinY=30 SAVEWINPOS=1 -ResX=640 -ResY=480
LogInit: Base Directory: C:/Program Files/Epic Games/UE_4.27/Engine/Binaries/Win64/
LogInit: Allocator: TBB
LogInit: Installed Engine Build: 1
LogDevObjectVersion: Number of dev versions registered: 29
LogDevObjectVersion:   Dev-Blueprints (B0D832E4-1F89-4F0D-ACCF-7EB736FD4AA2): 10
LogDevObjectVersion:   Dev-Build (E1C64328-A22C-4D53-A36C-8E866417BD8C): 0
LogDevObjectVersion:   Dev-Core (375EC13C-06E4-48FB-B500-84F0262A717E): 4
LogDevObjectVersion:   Dev-Editor (E4B068ED-F494-42E9-A231-DA0B2E46BB41): 40
LogDevObjectVersion:   Dev-Framework (CFFC743F-43B0-4480-9391-14DF171D2073): 37
LogDevObjectVersion:   Dev-Mobile (B02B49B5-BB20-44E9-A304-32B752E40360): 3
LogDevObjectVersion:   Dev-Networking (A4E4105C-59A1-49B5-A7C5-40C4547EDFEE): 0
LogDevObjectVersion:   Dev-Online (39C831C9-5AE6-47DC-9A44-9C173E1C8E7C): 0
LogDevObjectVersion:   Dev-Physics (78F01B33-EBEA-4F98-B9B4-84EACCB95AA2): 14
LogDevObjectVersion:   Dev-Platform (6631380F-2D4D-43E0-8009-CF276956A95A): 0
LogDevObjectVersion:   Dev-Rendering (12F88B9F-8875-4AFC-A67C-D90C383ABD29): 45
LogDevObjectVersion:   Dev-Sequencer (7B5AE74C-D270-4C10-A958-57980B212A5A): 13
LogDevObjectVersion:   Dev-VR (D7296918-1DD6-4BDD-9DE2-64A83CC13884): 3
LogDevObjectVersion:   Dev-LoadTimes (C2A15278-BFE7-4AFE-6C17-90FF531DF755): 1
LogDevObjectVersion:   Private-Geometry (6EACA3D4-40EC-4CC1-B786-8BED09428FC5): 3
LogDevObjectVersion:   Dev-AnimPhys (29E575DD-E0A3-4627-9D10-D276232CDCEA): 17
LogDevObjectVersion:   Dev-Anim (AF43A65D-7FD3-4947-9873-3E8ED9C1BB05): 15
LogDevObjectVersion:   Dev-ReflectionCapture (6B266CEC-1EC7-4B8F-A30B-E4D90942FC07): 1
LogDevObjectVersion:   Dev-Automation (0DF73D61-A23F-47EA-B727-89E90C41499A): 1
LogDevObjectVersion:   FortniteMain (601D1886-AC64-4F84-AA16-D3DE0DEAC7D6): 47
LogDevObjectVersion:   FortniteRelease (E7086368-6B23-4C58-8439-1B7016265E91): 1
LogDevObjectVersion:   Dev-Enterprise (9DFFBCD6-494F-0158-E221-12823C92A888): 10
LogDevObjectVersion:   Dev-Niagara (F2AED0AC-9AFE-416F-8664-AA7FFA26D6FC): 1
LogDevObjectVersion:   Dev-Destruction (174F1F0B-B4C6-45A5-B13F-2EE8D0FB917D): 10
LogDevObjectVersion:   Dev-Physics-Ext (35F94A83-E258-406C-A318-09F59610247C): 41
LogDevObjectVersion:   Dev-PhysicsMaterial-Chaos (B68FC16E-8B1B-42E2-B453-215C058844FE): 1
LogDevObjectVersion:   Dev-CineCamera (B2E18506-4273-CFC2-A54E-F4BB758BBA07): 1
LogDevObjectVersion:   Dev-VirtualProduction (64F58936-FD1B-42BA-BA96-7289D5D0FA4E): 1
LogDevObjectVersion:   Dev-MediaFramework (6F0ED827-A609-4895-9C91-998D90180EA4): 2
LogInit: Presizing for max 25165824 objects, including 0 objects not considered by GC, pre-allocating 0 bytes for permanent pool.
LogConfig: Applying CVar settings from Section [/Script/Engine.StreamingSettings] File [C:/work/UnrealProject_C7/ShootingGame/Saved/Config/Windows/Engine.ini]
LogConfig: Setting CVar [[s.MinBulkDataSizeForAsyncLoading:131072]]
LogConfig: Setting CVar [[s.AsyncLoadingThreadEnabled:0]]
LogConfig: Setting CVar [[s.EventDrivenLoaderEnabled:1]]
LogConfig: Setting CVar [[s.WarnIfTimeLimitExceeded:0]]
LogConfig: Setting CVar [[s.TimeLimitExceededMultiplier:1.5]]
LogConfig: Setting CVar [[s.TimeLimitExceededMinTime:0.005]]
LogConfig: Setting CVar [[s.UseBackgroundLevelStreaming:1]]
LogConfig: Setting CVar [[s.PriorityAsyncLoadingExtraTime:15.0]]
LogConfig: Setting CVar [[s.LevelStreamingActorsUpdateTimeLimit:5.0]]
LogConfig: Setting CVar [[s.PriorityLevelStreamingActorsUpdateExtraTime:5.0]]
LogConfig: Setting CVar [[s.LevelStreamingComponentsRegistrationGranularity:10]]
LogConfig: Setting CVar [[s.UnregisterComponentsTimeLimit:1.0]]
LogConfig: Setting CVar [[s.LevelStreamingComponentsUnregistrationGranularity:5]]
LogConfig: Setting CVar [[s.FlushStreamingOnExit:1]]
LogInit: Object subsystem initialized
LogConfig: Setting CVar [[con.DebugEarlyDefault:1]]
LogConfig: Setting CVar [[r.setres:1280x720]]
[2022.07.06-07.53.56:299][  0]LogConfig: Setting CVar [[con.DebugEarlyDefault:1]]
[2022.07.06-07.53.56:299][  0]LogConfig: Setting CVar [[r.setres:1280x720]]
[2022.07.06-07.53.56:299][  0]LogConfig: Applying CVar settings from Section [/Script/Engine.RendererSettings] File [C:/work/UnrealProject_C7/ShootingGame/Saved/Config/Windows/Engine.ini]
[2022.07.06-07.53.56:299][  0]LogConfig: Setting CVar [[r.GPUCrashDebugging:0]]
[2022.07.06-07.53.56:299][  0]LogConfig: Applying CVar settings from Section [/Script/Engine.RendererOverrideSettings] File [C:/work/UnrealProject_C7/ShootingGame/Saved/Config/Windows/Engine.ini]
[2022.07.06-07.53.56:299][  0]LogConfig: Applying CVar settings from Section [/Script/Engine.StreamingSettings] File [C:/work/UnrealProject_C7/ShootingGame/Saved/Config/Windows/Engine.ini]
[2022.07.06-07.53.56:299][  0]LogConfig: Setting CVar [[s.MinBulkDataSizeForAsyncLoading:131072]]
[2022.07.06-07.53.56:299][  0]LogConfig: Setting CVar [[s.AsyncLoadingThreadEnabled:0]]
[2022.07.06-07.53.56:299][  0]LogConfig: Setting CVar [[s.EventDrivenLoaderEnabled:1]]
[2022.07.06-07.53.56:299][  0]LogConfig: Setting CVar [[s.WarnIfTimeLimitExceeded:0]]
[2022.07.06-07.53.56:299][  0]LogConfig: Setting CVar [[s.TimeLimitExceededMultiplier:1.5]]
[2022.07.06-07.53.56:299][  0]LogConfig: Setting CVar [[s.TimeLimitExceededMinTime:0.005]]
[2022.07.06-07.53.56:299][  0]LogConfig: Setting CVar [[s.UseBackgroundLevelStreaming:1]]
[2022.07.06-07.53.56:299][  0]LogConfig: Setting CVar [[s.PriorityAsyncLoadingExtraTime:15.0]]
[2022.07.06-07.53.56:299][  0]LogConfig: Setting CVar [[s.LevelStreamingActorsUpdateTimeLimit:5.0]]
[2022.07.06-07.53.56:299][  0]LogConfig: Setting CVar [[s.PriorityLevelStreamingActorsUpdateExtraTime:5.0]]
[2022.07.06-07.53.56:299][  0]LogConfig: Setting CVar [[s.LevelStreamingComponentsRegistrationGranularity:10]]
[2022.07.06-07.53.56:299][  0]LogConfig: Setting CVar [[s.UnregisterComponentsTimeLimit:1.0]]
[2022.07.06-07.53.56:300][  0]LogConfig: Setting CVar [[s.LevelStreamingComponentsUnregistrationGranularity:5]]
[2022.07.06-07.53.56:300][  0]LogConfig: Setting CVar [[s.FlushStreamingOnExit:1]]
[2022.07.06-07.53.56:300][  0]LogConfig: Applying CVar settings from Section [/Script/Engine.GarbageCollectionSettings] File [C:/work/UnrealProject_C7/ShootingGame/Saved/Config/Windows/Engine.ini]
[2022.07.06-07.53.56:300][  0]LogConfig: Setting CVar [[gc.MaxObjectsNotConsideredByGC:1]]
[2022.07.06-07.53.56:300][  0]LogConfig: Setting CVar [[gc.SizeOfPermanentObjectPool:0]]
[2022.07.06-07.53.56:300][  0]LogConfig: Setting CVar [[gc.FlushStreamingOnGC:0]]
[2022.07.06-07.53.56:300][  0]LogConfig: Setting CVar [[gc.NumRetriesBeforeForcingGC:10]]
[2022.07.06-07.53.56:300][  0]LogConfig: Setting CVar [[gc.AllowParallelGC:1]]
[2022.07.06-07.53.56:300][  0]LogConfig: Setting CVar [[gc.TimeBetweenPurgingPendingKillObjects:61.1]]
[2022.07.06-07.53.56:300][  0]LogConfig: Setting CVar [[gc.MaxObjectsInEditor:25165824]]
[2022.07.06-07.53.56:300][  0]LogConfig: Setting CVar [[gc.IncrementalBeginDestroyEnabled:1]]
[2022.07.06-07.53.56:300][  0]LogConfig: Setting CVar [[gc.CreateGCClusters:1]]
[2022.07.06-07.53.56:300][  0]LogConfig: Setting CVar [[gc.MinGCClusterSize:5]]
[2022.07.06-07.53.56:300][  0]LogConfig: Setting CVar [[gc.ActorClusteringEnabled:0]]
[2022.07.06-07.53.56:300][  0]LogConfig: Setting CVar [[gc.BlueprintClusteringEnabled:0]]
[2022.07.06-07.53.56:300][  0]LogConfig: Setting CVar [[gc.UseDisregardForGCOnDedicatedServers:0]]
[2022.07.06-07.53.56:300][  0]LogConfig: Setting CVar [[gc.MultithreadedDestructionEnabled:1]]
[2022.07.06-07.53.56:300][  0]LogConfig: Applying CVar settings from Section [/Script/Engine.NetworkSettings] File [C:/work/UnrealProject_C7/ShootingGame/Saved/Config/Windows/Engine.ini]
[2022.07.06-07.53.56:300][  0]LogConfig: Applying CVar settings from Section [/Script/UnrealEd.CookerSettings] File [C:/work/UnrealProject_C7/ShootingGame/Saved/Config/Windows/Engine.ini]
[2022.07.06-07.53.56:304][  0]LogConfig: Applying CVar settings from Section [ViewDistanceQuality@3] File [C:/work/UnrealProject_C7/ShootingGame/Saved/Config/Windows/Scalability.ini]
[2022.07.06-07.53.56:304][  0]LogConfig: Setting CVar [[r.SkeletalMeshLODBias:0]]
[2022.07.06-07.53.56:304][  0]LogConfig: Setting CVar [[r.ViewDistanceScale:1.0]]
[2022.07.06-07.53.56:304][  0]LogConfig: Applying CVar settings from Section [AntiAliasingQuality@3] File [C:/work/UnrealProject_C7/ShootingGame/Saved/Config/Windows/Scalability.ini]
[2022.07.06-07.53.56:304][  0]LogConfig: Setting CVar [[r.PostProcessAAQuality:4]]
[2022.07.06-07.53.56:304][  0]LogConfig: Applying CVar settings from Section [ShadowQuality@3] File [C:/work/UnrealProject_C7/ShootingGame/Saved/Config/Windows/Scalability.ini]
[2022.07.06-07.53.56:304][  0]LogConfig: Setting CVar [[r.LightFunctionQuality:1]]
[2022.07.06-07.53.56:304][  0]LogConfig: Setting CVar [[r.ShadowQuality:5]]
[2022.07.06-07.53.56:304][  0]LogConfig: Setting CVar [[r.Shadow.CSM.MaxCascades:10]]
[2022.07.06-07.53.56:304][  0]LogConfig: Setting CVar [[r.Shadow.MaxResolution:2048]]
[2022.07.06-07.53.56:304][  0]LogConfig: Setting CVar [[r.Shadow.MaxCSMResolution:2048]]
[2022.07.06-07.53.56:304][  0]LogConfig: Setting CVar [[r.Shadow.RadiusThreshold:0.01]]
[2022.07.06-07.53.56:304][  0]LogConfig: Setting CVar [[r.Shadow.DistanceScale:1.0]]
[2022.07.06-07.53.56:304][  0]LogConfig: Setting CVar [[r.Shadow.CSM.TransitionScale:1.0]]
[2022.07.06-07.53.56:304][  0]LogConfig: Setting CVar [[r.Shadow.PreShadowResolutionFactor:1.0]]
[2022.07.06-07.53.56:304][  0]LogConfig: Setting CVar [[r.DistanceFieldShadowing:1]]
[2022.07.06-07.53.56:304][  0]LogConfig: Setting CVar [[r.DistanceFieldAO:1]]
[2022.07.06-07.53.56:304][  0]LogConfig: Setting CVar [[r.AOQuality:2]]
[2022.07.06-07.53.56:304][  0]LogConfig: Setting CVar [[r.VolumetricFog:1]]
[2022.07.06-07.53.56:304][  0]LogConfig: Setting CVar [[r.VolumetricFog.GridPixelSize:8]]
[2022.07.06-07.53.56:304][  0]LogConfig: Setting CVar [[r.VolumetricFog.GridSizeZ:128]]
[2022.07.06-07.53.56:304][  0]LogConfig: Setting CVar [[r.VolumetricFog.HistoryMissSupersampleCount:4]]
[2022.07.06-07.53.56:304][  0]LogConfig: Setting CVar [[r.LightMaxDrawDistanceScale:1]]
[2022.07.06-07.53.56:304][  0]LogConfig: Setting CVar [[r.CapsuleShadows:1]]
[2022.07.06-07.53.56:304][  0]LogConfig: Applying CVar settings from Section [PostProcessQuality@3] File [C:/work/UnrealProject_C7/ShootingGame/Saved/Config/Windows/Scalability.ini]
[2022.07.06-07.53.56:305][  0]LogConfig: Setting CVar [[r.MotionBlurQuality:4]]
[2022.07.06-07.53.56:305][  0]LogConfig: Setting CVar [[r.AmbientOcclusionMipLevelFactor:0.4]]
[2022.07.06-07.53.56:305][  0]LogConfig: Setting CVar [[r.AmbientOcclusionMaxQuality:100]]
[2022.07.06-07.53.56:305][  0]LogConfig: Setting CVar [[r.AmbientOcclusionLevels:-1]]
[2022.07.06-07.53.56:305][  0]LogConfig: Setting CVar [[r.AmbientOcclusionRadiusScale:1.0]]
[2022.07.06-07.53.56:305][  0]LogConfig: Setting CVar [[r.DepthOfFieldQuality:2]]
[2022.07.06-07.53.56:305][  0]LogConfig: Setting CVar [[r.RenderTargetPoolMin:400]]
[2022.07.06-07.53.56:305][  0]LogConfig: Setting CVar [[r.LensFlareQuality:2]]
[2022.07.06-07.53.56:305][  0]LogConfig: Setting CVar [[r.SceneColorFringeQuality:1]]
[2022.07.06-07.53.56:305][  0]LogConfig: Setting CVar [[r.EyeAdaptationQuality:2]]
[2022.07.06-07.53.56:305][  0]LogConfig: Setting CVar [[r.BloomQuality:5]]
[2022.07.06-07.53.56:305][  0]LogConfig: Setting CVar [[r.FastBlurThreshold:100]]
[2022.07.06-07.53.56:305][  0]LogConfig: Setting CVar [[r.Upscale.Quality:3]]
[2022.07.06-07.53.56:305][  0]LogConfig: Setting CVar [[r.Tonemapper.GrainQuantization:1]]
[2022.07.06-07.53.56:305][  0]LogConfig: Setting CVar [[r.LightShaftQuality:1]]
[2022.07.06-07.53.56:305][  0]LogConfig: Setting CVar [[r.Filter.SizeScale:1]]
[2022.07.06-07.53.56:305][  0]LogConfig: Setting CVar [[r.Tonemapper.Quality:5]]
[2022.07.06-07.53.56:305][  0]LogConfig: Setting CVar [[r.DOF.Gather.AccumulatorQuality:1        ; higher gathering accumulator quality]]
[2022.07.06-07.53.56:305][  0]LogConfig: Setting CVar [[r.DOF.Gather.PostfilterMethod:1          ; Median3x3 postfilering method]]
[2022.07.06-07.53.56:305][  0]LogConfig: Setting CVar [[r.DOF.Gather.EnableBokehSettings:0       ; no bokeh simulation when gathering]]
[2022.07.06-07.53.56:305][  0]LogConfig: Setting CVar [[r.DOF.Gather.RingCount:4                 ; medium number of samples when gathering]]
[2022.07.06-07.53.56:305][  0]LogConfig: Setting CVar [[r.DOF.Scatter.ForegroundCompositing:1    ; additive foreground scattering]]
[2022.07.06-07.53.56:305][  0]LogConfig: Setting CVar [[r.DOF.Scatter.BackgroundCompositing:2    ; additive background scattering]]
[2022.07.06-07.53.56:305][  0]LogConfig: Setting CVar [[r.DOF.Scatter.EnableBokehSettings:1      ; bokeh simulation when scattering]]
[2022.07.06-07.53.56:305][  0]LogConfig: Setting CVar [[r.DOF.Scatter.MaxSpriteRatio:0.1         ; only a maximum of 10% of scattered bokeh]]
[2022.07.06-07.53.56:305][  0]LogConfig: Setting CVar [[r.DOF.Recombine.Quality:1                ; cheap slight out of focus]]
[2022.07.06-07.53.56:305][  0]LogConfig: Setting CVar [[r.DOF.Recombine.EnableBokehSettings:0    ; no bokeh simulation on slight out of focus]]
[2022.07.06-07.53.56:305][  0]LogConfig: Setting CVar [[r.DOF.TemporalAAQuality:1                ; more stable temporal accumulation]]
[2022.07.06-07.53.56:305][  0]LogConfig: Setting CVar [[r.DOF.Kernel.MaxForegroundRadius:0.025]]
[2022.07.06-07.53.56:305][  0]LogConfig: Setting CVar [[r.DOF.Kernel.MaxBackgroundRadius:0.025]]
[2022.07.06-07.53.56:305][  0]LogConfig: Applying CVar settings from Section [TextureQuality@3] File [C:/work/UnrealProject_C7/ShootingGame/Saved/Config/Windows/Scalability.ini]
[2022.07.06-07.53.56:305][  0]LogConfig: Setting CVar [[r.Streaming.MipBias:0]]
[2022.07.06-07.53.56:305][  0]LogConfig: Setting CVar [[r.Streaming.AmortizeCPUToGPUCopy:0]]
[2022.07.06-07.53.56:305][  0]LogConfig: Setting CVar [[r.Streaming.MaxNumTexturesToStreamPerFrame:0]]
[2022.07.06-07.53.56:305][  0]LogConfig: Setting CVar [[r.Streaming.Boost:1]]
[2022.07.06-07.53.56:305][  0]LogConfig: Setting CVar [[r.MaxAnisotropy:8]]
[2022.07.06-07.53.56:305][  0]LogConfig: Setting CVar [[r.VT.MaxAnisotropy:8]]
[2022.07.06-07.53.56:305][  0]LogConfig: Setting CVar [[r.Streaming.LimitPoolSizeToVRAM:0]]
[2022.07.06-07.53.56:305][  0]LogConfig: Setting CVar [[r.Streaming.PoolSize:1000]]
[2022.07.06-07.53.56:305][  0]LogConfig: Setting CVar [[r.Streaming.MaxEffectiveScreenSize:0]]
[2022.07.06-07.53.56:305][  0]LogConfig: Applying CVar settings from Section [EffectsQuality@3] File [C:/work/UnrealProject_C7/ShootingGame/Saved/Config/Windows/Scalability.ini]
[2022.07.06-07.53.56:305][  0]LogConfig: Setting CVar [[r.TranslucencyLightingVolumeDim:64]]
[2022.07.06-07.53.56:305][  0]LogConfig: Setting CVar [[r.RefractionQuality:2]]
[2022.07.06-07.53.56:305][  0]LogConfig: Setting CVar [[r.SSR.Quality:3]]
[2022.07.06-07.53.56:305][  0]LogConfig: Setting CVar [[r.SSR.HalfResSceneColor:0]]
[2022.07.06-07.53.56:305][  0]LogConfig: Setting CVar [[r.SceneColorFormat:4]]
[2022.07.06-07.53.56:305][  0]LogConfig: Setting CVar [[r.DetailMode:2]]
[2022.07.06-07.53.56:305][  0]LogConfig: Setting CVar [[r.TranslucencyVolumeBlur:1]]
[2022.07.06-07.53.56:305][  0]LogConfig: Setting CVar [[r.MaterialQualityLevel:1 ; High quality]]
[2022.07.06-07.53.56:305][  0]LogConfig: Setting CVar [[r.AnisotropicMaterials:1]]
[2022.07.06-07.53.56:305][  0]LogConfig: Setting CVar [[r.SSS.Scale:1]]
[2022.07.06-07.53.56:305][  0]LogConfig: Setting CVar [[r.SSS.SampleSet:2]]
[2022.07.06-07.53.56:305][  0]LogConfig: Setting CVar [[r.SSS.Quality:1]]
[2022.07.06-07.53.56:305][  0]LogConfig: Setting CVar [[r.SSS.HalfRes:0]]
[2022.07.06-07.53.56:305][  0]LogConfig: Setting CVar [[r.SSGI.Quality:3]]
[2022.07.06-07.53.56:305][  0]LogConfig: Setting CVar [[r.EmitterSpawnRateScale:1.0]]
[2022.07.06-07.53.56:305][  0]LogConfig: Setting CVar [[r.ParticleLightQuality:2]]
[2022.07.06-07.53.56:305][  0]LogConfig: Setting CVar [[r.SkyAtmosphere.AerialPerspectiveLUT.FastApplyOnOpaque:1 ; Always have FastSkyLUT 1 in this case to avoid wrong sky]]
[2022.07.06-07.53.56:305][  0]LogConfig: Setting CVar [[r.SkyAtmosphere.AerialPerspectiveLUT.SampleCountMaxPerSlice:4]]
[2022.07.06-07.53.56:305][  0]LogConfig: Setting CVar [[r.SkyAtmosphere.AerialPerspectiveLUT.DepthResolution:16.0]]
[2022.07.06-07.53.56:305][  0]LogConfig: Setting CVar [[r.SkyAtmosphere.FastSkyLUT:1]]
[2022.07.06-07.53.56:305][  0]LogConfig: Setting CVar [[r.SkyAtmosphere.FastSkyLUT.SampleCountMin:4.0]]
[2022.07.06-07.53.56:305][  0]LogConfig: Setting CVar [[r.SkyAtmosphere.FastSkyLUT.SampleCountMax:128.0]]
[2022.07.06-07.53.56:305][  0]LogConfig: Setting CVar [[r.SkyAtmosphere.SampleCountMin:4.0]]
[2022.07.06-07.53.56:305][  0]LogConfig: Setting CVar [[r.SkyAtmosphere.SampleCountMax:128.0]]
[2022.07.06-07.53.56:305][  0]LogConfig: Setting CVar [[r.SkyAtmosphere.TransmittanceLUT.UseSmallFormat:0]]
[2022.07.06-07.53.56:305][  0]LogConfig: Setting CVar [[r.SkyAtmosphere.TransmittanceLUT.SampleCount:10.0]]
[2022.07.06-07.53.56:305][  0]LogConfig: Setting CVar [[r.SkyAtmosphere.MultiScatteringLUT.SampleCount:15.0]]
[2022.07.06-07.53.56:305][  0]LogConfig: Setting CVar [[r.SkyLight.RealTimeReflectionCapture:1]]
[2022.07.06-07.53.56:305][  0]LogConfig: Applying CVar settings from Section [FoliageQuality@3] File [C:/work/UnrealProject_C7/ShootingGame/Saved/Config/Windows/Scalability.ini]
[2022.07.06-07.53.56:305][  0]LogConfig: Setting CVar [[foliage.DensityScale:1.0]]
[2022.07.06-07.53.56:305][  0]LogConfig: Setting CVar [[grass.DensityScale:1.0]]
[2022.07.06-07.53.56:305][  0]LogConfig: Applying CVar settings from Section [ShadingQuality@3] File [C:/work/UnrealProject_C7/ShootingGame/Saved/Config/Windows/Scalability.ini]
[2022.07.06-07.53.56:305][  0]LogConfig: Setting CVar [[r.HairStrands.SkyLighting.IntegrationType:2]]
[2022.07.06-07.53.56:305][  0]LogConfig: Setting CVar [[r.HairStrands.SkyAO.SampleCount:4]]
[2022.07.06-07.53.56:305][  0]LogConfig: Setting CVar [[r.HairStrands.Visibility.MSAA.SamplePerPixel:4]]
[2022.07.06-07.53.56:305][  0]LogInit: Selected Device Profile: [Windows]
[2022.07.06-07.53.56:305][  0]LogInit: Applying CVar settings loaded from the selected device profile: [Windows]
[2022.07.06-07.53.56:306][  0]LogHAL: Display: Platform has ~ 16 GB [16989282304 / 17179869184 / 16], which maps to Larger [LargestMinGB=32, LargerMinGB=12, DefaultMinGB=8, SmallerMinGB=6, SmallestMinGB=0)
[2022.07.06-07.53.56:306][  0]LogInit: Going up to parent DeviceProfile []
[2022.07.06-07.53.56:306][  0]LogConfig: Applying CVar settings from Section [ViewDistanceQuality@3] File [C:/work/UnrealProject_C7/ShootingGame/Saved/Config/Windows/Scalability.ini]
[2022.07.06-07.53.56:306][  0]LogConfig: Setting CVar [[r.SkeletalMeshLODBias:0]]
[2022.07.06-07.53.56:306][  0]LogConfig: Setting CVar [[r.ViewDistanceScale:1.0]]
[2022.07.06-07.53.56:306][  0]LogConfig: Applying CVar settings from Section [AntiAliasingQuality@3] File [C:/work/UnrealProject_C7/ShootingGame/Saved/Config/Windows/Scalability.ini]
[2022.07.06-07.53.56:306][  0]LogConfig: Setting CVar [[r.PostProcessAAQuality:4]]
[2022.07.06-07.53.56:306][  0]LogConfig: Applying CVar settings from Section [ShadowQuality@3] File [C:/work/UnrealProject_C7/ShootingGame/Saved/Config/Windows/Scalability.ini]
[2022.07.06-07.53.56:306][  0]LogConfig: Setting CVar [[r.LightFunctionQuality:1]]
[2022.07.06-07.53.56:306][  0]LogConfig: Setting CVar [[r.ShadowQuality:5]]
[2022.07.06-07.53.56:306][  0]LogConfig: Setting CVar [[r.Shadow.CSM.MaxCascades:10]]
[2022.07.06-07.53.56:306][  0]LogConfig: Setting CVar [[r.Shadow.MaxResolution:2048]]
[2022.07.06-07.53.56:306][  0]LogConfig: Setting CVar [[r.Shadow.MaxCSMResolution:2048]]
[2022.07.06-07.53.56:306][  0]LogConfig: Setting CVar [[r.Shadow.RadiusThreshold:0.01]]
[2022.07.06-07.53.56:306][  0]LogConfig: Setting CVar [[r.Shadow.DistanceScale:1.0]]
[2022.07.06-07.53.56:306][  0]LogConfig: Setting CVar [[r.Shadow.CSM.TransitionScale:1.0]]
[2022.07.06-07.53.56:306][  0]LogConfig: Setting CVar [[r.Shadow.PreShadowResolutionFactor:1.0]]
[2022.07.06-07.53.56:306][  0]LogConfig: Setting CVar [[r.DistanceFieldShadowing:1]]
[2022.07.06-07.53.56:306][  0]LogConfig: Setting CVar [[r.DistanceFieldAO:1]]
[2022.07.06-07.53.56:306][  0]LogConfig: Setting CVar [[r.AOQuality:2]]
[2022.07.06-07.53.56:306][  0]LogConfig: Setting CVar [[r.VolumetricFog:1]]
[2022.07.06-07.53.56:306][  0]LogConfig: Setting CVar [[r.VolumetricFog.GridPixelSize:8]]
[2022.07.06-07.53.56:306][  0]LogConfig: Setting CVar [[r.VolumetricFog.GridSizeZ:128]]
[2022.07.06-07.53.56:306][  0]LogConfig: Setting CVar [[r.VolumetricFog.HistoryMissSupersampleCount:4]]
[2022.07.06-07.53.56:306][  0]LogConfig: Setting CVar [[r.LightMaxDrawDistanceScale:1]]
[2022.07.06-07.53.56:306][  0]LogConfig: Setting CVar [[r.CapsuleShadows:1]]
[2022.07.06-07.53.56:306][  0]LogConfig: Applying CVar settings from Section [PostProcessQuality@3] File [C:/work/UnrealProject_C7/ShootingGame/Saved/Config/Windows/Scalability.ini]
[2022.07.06-07.53.56:306][  0]LogConfig: Setting CVar [[r.MotionBlurQuality:4]]
[2022.07.06-07.53.56:306][  0]LogConfig: Setting CVar [[r.AmbientOcclusionMipLevelFactor:0.4]]
[2022.07.06-07.53.56:306][  0]LogConfig: Setting CVar [[r.AmbientOcclusionMaxQuality:100]]
[2022.07.06-07.53.56:306][  0]LogConfig: Setting CVar [[r.AmbientOcclusionLevels:-1]]
[2022.07.06-07.53.56:306][  0]LogConfig: Setting CVar [[r.AmbientOcclusionRadiusScale:1.0]]
[2022.07.06-07.53.56:306][  0]LogConfig: Setting CVar [[r.DepthOfFieldQuality:2]]
[2022.07.06-07.53.56:306][  0]LogConfig: Setting CVar [[r.RenderTargetPoolMin:400]]
[2022.07.06-07.53.56:306][  0]LogConfig: Setting CVar [[r.LensFlareQuality:2]]
[2022.07.06-07.53.56:306][  0]LogConfig: Setting CVar [[r.SceneColorFringeQuality:1]]
[2022.07.06-07.53.56:306][  0]LogConfig: Setting CVar [[r.EyeAdaptationQuality:2]]
[2022.07.06-07.53.56:306][  0]LogConfig: Setting CVar [[r.BloomQuality:5]]
[2022.07.06-07.53.56:306][  0]LogConfig: Setting CVar [[r.FastBlurThreshold:100]]
[2022.07.06-07.53.56:306][  0]LogConfig: Setting CVar [[r.Upscale.Quality:3]]
[2022.07.06-07.53.56:306][  0]LogConfig: Setting CVar [[r.Tonemapper.GrainQuantization:1]]
[2022.07.06-07.53.56:306][  0]LogConfig: Setting CVar [[r.LightShaftQuality:1]]
[2022.07.06-07.53.56:306][  0]LogConfig: Setting CVar [[r.Filter.SizeScale:1]]
[2022.07.06-07.53.56:306][  0]LogConfig: Setting CVar [[r.Tonemapper.Quality:5]]
[2022.07.06-07.53.56:306][  0]LogConfig: Setting CVar [[r.DOF.Gather.AccumulatorQuality:1        ; higher gathering accumulator quality]]
[2022.07.06-07.53.56:306][  0]LogConfig: Setting CVar [[r.DOF.Gather.PostfilterMethod:1          ; Median3x3 postfilering method]]
[2022.07.06-07.53.56:306][  0]LogConfig: Setting CVar [[r.DOF.Gather.EnableBokehSettings:0       ; no bokeh simulation when gathering]]
[2022.07.06-07.53.56:306][  0]LogConfig: Setting CVar [[r.DOF.Gather.RingCount:4                 ; medium number of samples when gathering]]
[2022.07.06-07.53.56:306][  0]LogConfig: Setting CVar [[r.DOF.Scatter.ForegroundCompositing:1    ; additive foreground scattering]]
[2022.07.06-07.53.56:306][  0]LogConfig: Setting CVar [[r.DOF.Scatter.BackgroundCompositing:2    ; additive background scattering]]
[2022.07.06-07.53.56:306][  0]LogConfig: Setting CVar [[r.DOF.Scatter.EnableBokehSettings:1      ; bokeh simulation when scattering]]
[2022.07.06-07.53.56:306][  0]LogConfig: Setting CVar [[r.DOF.Scatter.MaxSpriteRatio:0.1         ; only a maximum of 10% of scattered bokeh]]
[2022.07.06-07.53.56:306][  0]LogConfig: Setting CVar [[r.DOF.Recombine.Quality:1                ; cheap slight out of focus]]
[2022.07.06-07.53.56:306][  0]LogConfig: Setting CVar [[r.DOF.Recombine.EnableBokehSettings:0    ; no bokeh simulation on slight out of focus]]
[2022.07.06-07.53.56:306][  0]LogConfig: Setting CVar [[r.DOF.TemporalAAQuality:1                ; more stable temporal accumulation]]
[2022.07.06-07.53.56:306][  0]LogConfig: Setting CVar [[r.DOF.Kernel.MaxForegroundRadius:0.025]]
[2022.07.06-07.53.56:306][  0]LogConfig: Setting CVar [[r.DOF.Kernel.MaxBackgroundRadius:0.025]]
[2022.07.06-07.53.56:306][  0]LogConfig: Applying CVar settings from Section [TextureQuality@3] File [C:/work/UnrealProject_C7/ShootingGame/Saved/Config/Windows/Scalability.ini]
[2022.07.06-07.53.56:306][  0]LogConfig: Setting CVar [[r.Streaming.MipBias:0]]
[2022.07.06-07.53.56:306][  0]LogConfig: Setting CVar [[r.Streaming.AmortizeCPUToGPUCopy:0]]
[2022.07.06-07.53.56:306][  0]LogConfig: Setting CVar [[r.Streaming.MaxNumTexturesToStreamPerFrame:0]]
[2022.07.06-07.53.56:306][  0]LogConfig: Setting CVar [[r.Streaming.Boost:1]]
[2022.07.06-07.53.56:306][  0]LogConfig: Setting CVar [[r.MaxAnisotropy:8]]
[2022.07.06-07.53.56:306][  0]LogConfig: Setting CVar [[r.VT.MaxAnisotropy:8]]
[2022.07.06-07.53.56:306][  0]LogConfig: Setting CVar [[r.Streaming.LimitPoolSizeToVRAM:0]]
[2022.07.06-07.53.56:306][  0]LogConfig: Setting CVar [[r.Streaming.PoolSize:1000]]
[2022.07.06-07.53.56:306][  0]LogConfig: Setting CVar [[r.Streaming.MaxEffectiveScreenSize:0]]
[2022.07.06-07.53.56:306][  0]LogConfig: Applying CVar settings from Section [EffectsQuality@3] File [C:/work/UnrealProject_C7/ShootingGame/Saved/Config/Windows/Scalability.ini]
[2022.07.06-07.53.56:306][  0]LogConfig: Setting CVar [[r.TranslucencyLightingVolumeDim:64]]
[2022.07.06-07.53.56:306][  0]LogConfig: Setting CVar [[r.RefractionQuality:2]]
[2022.07.06-07.53.56:306][  0]LogConfig: Setting CVar [[r.SSR.Quality:3]]
[2022.07.06-07.53.56:306][  0]LogConfig: Setting CVar [[r.SSR.HalfResSceneColor:0]]
[2022.07.06-07.53.56:306][  0]LogConfig: Setting CVar [[r.SceneColorFormat:4]]
[2022.07.06-07.53.56:306][  0]LogConfig: Setting CVar [[r.DetailMode:2]]
[2022.07.06-07.53.56:306][  0]LogConfig: Setting CVar [[r.TranslucencyVolumeBlur:1]]
[2022.07.06-07.53.56:306][  0]LogConfig: Setting CVar [[r.MaterialQualityLevel:1 ; High quality]]
[2022.07.06-07.53.56:306][  0]LogConfig: Setting CVar [[r.AnisotropicMaterials:1]]
[2022.07.06-07.53.56:306][  0]LogConfig: Setting CVar [[r.SSS.Scale:1]]
[2022.07.06-07.53.56:306][  0]LogConfig: Setting CVar [[r.SSS.SampleSet:2]]
[2022.07.06-07.53.56:306][  0]LogConfig: Setting CVar [[r.SSS.Quality:1]]
[2022.07.06-07.53.56:306][  0]LogConfig: Setting CVar [[r.SSS.HalfRes:0]]
[2022.07.06-07.53.56:306][  0]LogConfig: Setting CVar [[r.SSGI.Quality:3]]
[2022.07.06-07.53.56:306][  0]LogConfig: Setting CVar [[r.EmitterSpawnRateScale:1.0]]
[2022.07.06-07.53.56:306][  0]LogConfig: Setting CVar [[r.ParticleLightQuality:2]]
[2022.07.06-07.53.56:307][  0]LogConfig: Setting CVar [[r.SkyAtmosphere.AerialPerspectiveLUT.FastApplyOnOpaque:1 ; Always have FastSkyLUT 1 in this case to avoid wrong sky]]
[2022.07.06-07.53.56:307][  0]LogConfig: Setting CVar [[r.SkyAtmosphere.AerialPerspectiveLUT.SampleCountMaxPerSlice:4]]
[2022.07.06-07.53.56:307][  0]LogConfig: Setting CVar [[r.SkyAtmosphere.AerialPerspectiveLUT.DepthResolution:16.0]]
[2022.07.06-07.53.56:307][  0]LogConfig: Setting CVar [[r.SkyAtmosphere.FastSkyLUT:1]]
[2022.07.06-07.53.56:307][  0]LogConfig: Setting CVar [[r.SkyAtmosphere.FastSkyLUT.SampleCountMin:4.0]]
[2022.07.06-07.53.56:307][  0]LogConfig: Setting CVar [[r.SkyAtmosphere.FastSkyLUT.SampleCountMax:128.0]]
[2022.07.06-07.53.56:307][  0]LogConfig: Setting CVar [[r.SkyAtmosphere.SampleCountMin:4.0]]
[2022.07.06-07.53.56:307][  0]LogConfig: Setting CVar [[r.SkyAtmosphere.SampleCountMax:128.0]]
[2022.07.06-07.53.56:307][  0]LogConfig: Setting CVar [[r.SkyAtmosphere.TransmittanceLUT.UseSmallFormat:0]]
[2022.07.06-07.53.56:307][  0]LogConfig: Setting CVar [[r.SkyAtmosphere.TransmittanceLUT.SampleCount:10.0]]
[2022.07.06-07.53.56:307][  0]LogConfig: Setting CVar [[r.SkyAtmosphere.MultiScatteringLUT.SampleCount:15.0]]
[2022.07.06-07.53.56:307][  0]LogConfig: Setting CVar [[r.SkyLight.RealTimeReflectionCapture:1]]
[2022.07.06-07.53.56:307][  0]LogConfig: Applying CVar settings from Section [FoliageQuality@3] File [C:/work/UnrealProject_C7/ShootingGame/Saved/Config/Windows/Scalability.ini]
[2022.07.06-07.53.56:307][  0]LogConfig: Setting CVar [[foliage.DensityScale:1.0]]
[2022.07.06-07.53.56:307][  0]LogConfig: Setting CVar [[grass.DensityScale:1.0]]
[2022.07.06-07.53.56:307][  0]LogConfig: Applying CVar settings from Section [ShadingQuality@3] File [C:/work/UnrealProject_C7/ShootingGame/Saved/Config/Windows/Scalability.ini]
[2022.07.06-07.53.56:307][  0]LogConfig: Setting CVar [[r.HairStrands.SkyLighting.IntegrationType:2]]
[2022.07.06-07.53.56:307][  0]LogConfig: Setting CVar [[r.HairStrands.SkyAO.SampleCount:4]]
[2022.07.06-07.53.56:307][  0]LogConfig: Setting CVar [[r.HairStrands.Visibility.MSAA.SamplePerPixel:4]]
[2022.07.06-07.53.56:307][  0]LogConfig: Applying CVar settings from Section [Startup] File [../../../Engine/Config/ConsoleVariables.ini]
[2022.07.06-07.53.56:307][  0]LogConfig: Setting CVar [[net.UseAdaptiveNetUpdateFrequency:0]]
[2022.07.06-07.53.56:307][  0]LogConfig: Setting CVar [[p.chaos.AllowCreatePhysxBodies:1]]
[2022.07.06-07.53.56:307][  0]LogConfig: Setting CVar [[fx.SkipVectorVMBackendOptimizations:1]]
[2022.07.06-07.53.56:307][  0]LogConfig: Applying CVar settings from Section [ConsoleVariables] File [C:/work/UnrealProject_C7/ShootingGame/Saved/Config/Windows/Engine.ini]
[2022.07.06-07.53.56:307][  0]LogConfig: Applying CVar settings from Section [ConsoleVariables] File [C:/work/UnrealProject_C7/ShootingGame/Saved/Config/Windows/Editor.ini]
[2022.07.06-07.53.56:308][  0]LogInit: Computer: DESKTOP-HME5P3N
[2022.07.06-07.53.56:308][  0]LogInit: User: parkdoyoung
[2022.07.06-07.53.56:308][  0]LogInit: CPU Page size=4096, Cores=4
[2022.07.06-07.53.56:308][  0]LogInit: High frequency timer resolution =10.000000 MHz
[2022.07.06-07.53.56:308][  0]LogMemory: Memory total: Physical=15.8GB (16GB approx)
[2022.07.06-07.53.56:308][  0]LogMemory: Platform Memory Stats for Windows
[2022.07.06-07.53.56:308][  0]LogMemory: Process Physical Memory: 142.95 MB used, 142.95 MB peak
[2022.07.06-07.53.56:308][  0]LogMemory: Process Virtual Memory: 128.29 MB used, 128.29 MB peak
[2022.07.06-07.53.56:308][  0]LogMemory: Physical Memory: 10219.73 MB used,  5982.52 MB free, 16202.24 MB total
[2022.07.06-07.53.56:308][  0]LogMemory: Virtual Memory: 134212768.00 MB used,  4962.87 MB free, 134217728.00 MB total
[2022.07.06-07.53.56:313][  0]LogWindows: WindowsPlatformFeatures enabled
[2022.07.06-07.53.56:333][  0]LogInit: Physics initialised using underlying interface: PhysX
[2022.07.06-07.53.56:334][  0]LogInit: Using OS detected language (ko-KR).
[2022.07.06-07.53.56:334][  0]LogInit: Using OS detected locale (ko-KR).
[2022.07.06-07.53.56:336][  0]LogTextLocalizationManager: No specific localization for 'ko-KR' exists, so the 'ko' localization will be used.
[2022.07.06-07.53.56:472][  0]LogWindowsTextInputMethodSystem: Display: IME system deactivated.
[2022.07.06-07.53.56:486][  0]LogSlate: New Slate User Created.  User Index 0, Is Virtual User: 0
[2022.07.06-07.53.56:486][  0]LogSlate: Slate User Registered.  User Index 0, Is Virtual User: 0
[2022.07.06-07.53.56:501][  0]LogD3D11RHI: Loaded GFSDK_Aftermath_Lib.x64.dll
[2022.07.06-07.53.56:503][  0]LogHMD: Failed to initialize OpenVR with code 110
[2022.07.06-07.53.56:503][  0]LogD3D11RHI: D3D11 min allowed feature level: 11_0
[2022.07.06-07.53.56:503][  0]LogD3D11RHI: D3D11 max allowed feature level: 11_0
[2022.07.06-07.53.56:503][  0]LogD3D11RHI: D3D11 adapters:
[2022.07.06-07.53.56:636][  0]LogD3D11RHI:    0. 'NVIDIA GeForce GTX 1650 with Max-Q Design' (Feature Level 11_0)
[2022.07.06-07.53.56:636][  0]LogD3D11RHI:       3962/0/8101 MB DedicatedVideo/DedicatedSystem/SharedSystem, Outputs:1, VendorId:0x10de
[2022.07.06-07.53.56:656][  0]LogD3D11RHI:    1. 'Intel(R) UHD Graphics' (Feature Level 11_0)
[2022.07.06-07.53.56:656][  0]LogD3D11RHI:       128/0/8101 MB DedicatedVideo/DedicatedSystem/SharedSystem, Outputs:0, VendorId:0x8086
[2022.07.06-07.53.56:658][  0]LogD3D11RHI:    2. 'Microsoft Basic Render Driver' (Feature Level 11_0)
[2022.07.06-07.53.56:658][  0]LogD3D11RHI:       0/0/8101 MB DedicatedVideo/DedicatedSystem/SharedSystem, Outputs:0, VendorId:0x1414
[2022.07.06-07.53.56:658][  0]LogD3D11RHI: Chosen D3D11 Adapter:
[2022.07.06-07.53.56:658][  0]LogD3D11RHI:     Description : NVIDIA GeForce GTX 1650 with Max-Q Design
[2022.07.06-07.53.56:658][  0]LogD3D11RHI:     VendorId    : 10de
[2022.07.06-07.53.56:658][  0]LogD3D11RHI:     DeviceId    : 1f9d
[2022.07.06-07.53.56:658][  0]LogD3D11RHI:     SubSysId    : 12f41462
[2022.07.06-07.53.56:658][  0]LogD3D11RHI:     Revision    : 00a1
[2022.07.06-07.53.56:658][  0]LogD3D11RHI:     DedicatedVideoMemory : 4154458112 bytes
[2022.07.06-07.53.56:658][  0]LogD3D11RHI:     DedicatedSystemMemory : 0 bytes
[2022.07.06-07.53.56:658][  0]LogD3D11RHI:     SharedSystemMemory : 8494641152 bytes
[2022.07.06-07.53.56:658][  0]LogD3D11RHI:     AdapterLuid : 0 55500
[2022.07.06-07.53.56:667][  0]LogD3D11RHI: Creating new Direct3DDevice
[2022.07.06-07.53.56:667][  0]LogD3D11RHI:     GPU DeviceId: 0x1f9d (for the marketing name, search the web for "GPU Device Id")
[2022.07.06-07.53.56:667][  0]LogWindows: EnumDisplayDevices:
[2022.07.06-07.53.56:667][  0]LogWindows:    0. 'Intel(R) UHD Graphics' (P:1 D:1)
[2022.07.06-07.53.56:668][  0]LogWindows:    1. 'Intel(R) UHD Graphics' (P:0 D:0)
[2022.07.06-07.53.56:668][  0]LogWindows:    2. 'Intel(R) UHD Graphics' (P:0 D:0)
[2022.07.06-07.53.56:668][  0]LogWindows: DebugString: PrimaryIsNotTheChoosenAdapter PrimaryIsNotTheChoosenAdapter PrimaryIsNotTheChoosenAdapter FoundDriverCount:0 
[2022.07.06-07.53.56:668][  0]LogD3D11RHI:     Adapter Name: NVIDIA GeForce GTX 1650 with Max-Q Design
[2022.07.06-07.53.56:668][  0]LogD3D11RHI:   Driver Version: Unknown (internal:Unknown, unified:Unknown)
[2022.07.06-07.53.56:668][  0]LogD3D11RHI:      Driver Date: Unknown
[2022.07.06-07.53.56:668][  0]LogRHI: Texture pool is 2773 MB (70% of 3962 MB)
[2022.07.06-07.53.56:668][  0]LogD3D11RHI: Creating D3DDevice using adapter:
[2022.07.06-07.53.56:668][  0]LogD3D11RHI:     Description : NVIDIA GeForce GTX 1650 with Max-Q Design
[2022.07.06-07.53.56:668][  0]LogD3D11RHI:     VendorId    : 10de
[2022.07.06-07.53.56:668][  0]LogD3D11RHI:     DeviceId    : 1f9d
[2022.07.06-07.53.56:668][  0]LogD3D11RHI:     SubSysId    : 12f41462
[2022.07.06-07.53.56:668][  0]LogD3D11RHI:     Revision    : 00a1
[2022.07.06-07.53.56:668][  0]LogD3D11RHI:     DedicatedVideoMemory : 4154458112 bytes
[2022.07.06-07.53.56:668][  0]LogD3D11RHI:     DedicatedSystemMemory : 0 bytes
[2022.07.06-07.53.56:668][  0]LogD3D11RHI:     SharedSystemMemory : 8494641152 bytes
[2022.07.06-07.53.56:668][  0]LogD3D11RHI:     AdapterLuid : 0 55500
[2022.07.06-07.53.56:768][  0]LogD3D11RHI: RHI has support for 64 bit atomics
[2022.07.06-07.53.56:768][  0]LogD3D11RHI: Async texture creation enabled
[2022.07.06-07.53.56:768][  0]LogD3D11RHI: Array index from any shader is supported
[2022.07.06-07.53.56:790][  0]LogD3D11RHI: GPU Timing Frequency: 1000.000000 (Debug: 2 2)
[2022.07.06-07.53.56:837][  0]LogRHI: GeForceNow SDK initialized: 1
[2022.07.06-07.53.57:192][  0]LogTargetPlatformManager: Display: Loaded TargetPlatform 'WindowsNoEditor'
[2022.07.06-07.53.57:198][  0]LogTargetPlatformManager: Display: Loaded TargetPlatform 'Windows'
[2022.07.06-07.53.57:204][  0]LogTargetPlatformManager: Display: Loaded TargetPlatform 'WindowsClient'
[2022.07.06-07.53.57:210][  0]LogTargetPlatformManager: Display: Loaded TargetPlatform 'WindowsServer'
[2022.07.06-07.53.57:210][  0]LogTargetPlatformManager: Display: Building Assets For Windows
[2022.07.06-07.53.57:217][  0]LogAudioDebug: Display: Lib vorbis DLL was dynamically loaded.
[2022.07.06-07.53.57:252][  0]LogTextureFormatOodle: Display: Oodle Texture 2.9.0 init RDO Off
[2022.07.06-07.53.57:288][  0]LogRendererCore: Ray tracing is disabled. Reason: r.RayTracing=0.
[2022.07.06-07.53.57:288][  0]LogShaderCompilers: Guid format shader working directory is -1 characters bigger than the processId version (../../../../../../work/UnrealProject_C7/ShootingGame/Intermediate/Shaders/WorkingDirectory/11892/).
[2022.07.06-07.53.57:288][  0]LogShaderCompilers: Cleaned the shader compiler working directory 'C:/Users/parkdoyoung/AppData/Local/Temp/UnrealShaderWorkingDir/6460357B46BD1ABD9BDAE6A88F7D4A5F/'.
[2022.07.06-07.53.57:288][  0]LogXGEController: Cannot use XGE Controller as Incredibuild is not installed on this machine.
[2022.07.06-07.53.57:288][  0]LogShaderCompilers: Cannot use XGE Shader Compiler as Incredibuild is not installed on this machine.
[2022.07.06-07.53.57:288][  0]LogShaderCompilers: Display: Using Local Shader Compiler.
[2022.07.06-07.53.58:150][  0]LogDerivedDataCache: Display: Max Cache Size: 512 MB
[2022.07.06-07.53.58:221][  0]LogDerivedDataCache: Loaded boot cache 0.07s 94MB C:/Users/parkdoyoung/AppData/Local/UnrealEngine/4.27/DerivedDataCache/Boot.ddc.
[2022.07.06-07.53.58:221][  0]LogDerivedDataCache: Display: Loaded Boot cache: C:/Users/parkdoyoung/AppData/Local/UnrealEngine/4.27/DerivedDataCache/Boot.ddc
[2022.07.06-07.53.58:221][  0]LogDerivedDataCache: FDerivedDataBackendGraph:  Pak pak cache file ../../../../../../work/UnrealProject_C7/ShootingGame/DerivedDataCache/DDC.ddp not found, will not use a pak cache.
[2022.07.06-07.53.58:221][  0]LogDerivedDataCache: Unable to find inner node Pak for hierarchical cache Hierarchy.
[2022.07.06-07.53.58:221][  0]LogDerivedDataCache: FDerivedDataBackendGraph:  CompressedPak pak cache file ../../../../../../work/UnrealProject_C7/ShootingGame/DerivedDataCache/Compressed.ddp not found, will not use a pak cache.
[2022.07.06-07.53.58:221][  0]LogDerivedDataCache: Unable to find inner node CompressedPak for hierarchical cache Hierarchy.
[2022.07.06-07.53.58:239][  0]LogDerivedDataCache: Display: Pak cache opened for reading ../../../Engine/DerivedDataCache/Compressed.ddp.
[2022.07.06-07.53.58:240][  0]LogDerivedDataCache: FDerivedDataBackendGraph:  EnterprisePak pak cache file ../../../Enterprise/DerivedDataCache/Compressed.ddp not found, will not use a pak cache.
[2022.07.06-07.53.58:240][  0]LogDerivedDataCache: Unable to find inner node EnterprisePak for hierarchical cache Hierarchy.
[2022.07.06-07.53.58:249][  0]LogDerivedDataCache: Speed tests for C:/Users/parkdoyoung/AppData/Local/UnrealEngine/Common/DerivedDataCache took 0.01 seconds
[2022.07.06-07.53.58:249][  0]LogDerivedDataCache: Display: Performance to C:/Users/parkdoyoung/AppData/Local/UnrealEngine/Common/DerivedDataCache: Latency=0.02ms. RandomReadSpeed=238.31MBs, RandomWriteSpeed=184.83MBs. Assigned SpeedClass 'Local'
[2022.07.06-07.53.58:250][  0]LogDerivedDataCache: Using Local data cache path C:/Users/parkdoyoung/AppData/Local/UnrealEngine/Common/DerivedDataCache: Writable
[2022.07.06-07.53.58:250][  0]LogDerivedDataCache: Shared data cache path not found in *engine.ini, will not use an Shared cache.
[2022.07.06-07.53.58:250][  0]LogDerivedDataCache: Unable to find inner node Shared for hierarchical cache Hierarchy.
[2022.07.06-07.53.58:293][  0]LogSlate: Using FreeType 2.10.0
[2022.07.06-07.53.58:294][  0]LogSlate: SlateFontServices - WITH_FREETYPE: 1, WITH_HARFBUZZ: 1
[2022.07.06-07.53.58:388][  0]LogInit: Using OS detected language (ko-KR).
[2022.07.06-07.53.58:388][  0]LogInit: Using OS detected locale (ko-KR).
[2022.07.06-07.53.58:389][  0]LogTextLocalizationManager: No localization for 'ko-KR' exists, so 'en' will be used for the language.
[2022.07.06-07.53.58:389][  0]LogTextLocalizationManager: No localization for 'ko-KR' exists, so 'en' will be used for the locale.
[2022.07.06-07.53.58:389][  0]LogSlate: FontCache flush requested. Reason: Culture for localization was changed
[2022.07.06-07.53.58:389][  0]LogSlate: FontCache flush requested. Reason: Culture for localization was changed
[2022.07.06-07.53.58:393][  0]LogAssetRegistry: FAssetRegistry took 0.0026 seconds to start up
[2022.07.06-07.53.58:597][  0]LogTextLocalizationManager: Compacting localization data took   0.01ms
[2022.07.06-07.53.58:597][  0]LogPackageLocalizationCache: Processed 27 localized package path(s) for 1 prioritized culture(s) in 0.001168 seconds
[2022.07.06-07.53.58:668][  0]LogInit: Selected Device Profile: [Windows]
[2022.07.06-07.53.58:668][  0]LogInit: Active device profile: [0000016F6833AC00][0000016F6208A800 49] Windows
[2022.07.06-07.53.58:668][  0]LogInit: Profiles: [0000016F6833AC00][0000016F6208A800 49] Windows, [0000016F682F2F00][0000016F62092980 49] WindowsNoEditor, [0000016F6833B600][0000016F62096B00 49] WindowsServer, [0000016F682F0B00][0000016F5D188C80 49] WindowsClient, [0000016F68338B00][0000016F5D18CE00 49] IOS, [0000016F682F3700][0000016F5D190F80 49] iPadAir, [0000016F6833BB00][0000016F5D195100 49] iPadAir2, [0000016F682A2600][0000016F5D19D3C0 49] IPadPro, [0000016F682A2700][0000016F5D199400 49] iPadAir3, [0000016F68338500][0000016F5D1A1580 49] iPadAir4, [0000016F682A0100][0000016F6208F6C0 49] iPadMini2, [0000016F6833B700][0000016F5D1A5800 49] iPadMini3, [0000016F682A2F00][0000016F5D1A9940 49] iPadMini4, [0000016F68339800][0000016F5D1ADA80 49] iPadMini5, [0000016F682BDF00][0000016F5D1B81C0 49] iPhone6, [0000016F682BE000][0000016F5D1B4200 49] iPodTouch6, [0000016F682A3200][0000016F5D1C04C0 49] iPhone7, [0000016F682A1B00][0000016F5D1BC500 49] iPodTouch7, [0000016F682BEE00][0000016F5D1C4680 49] iPhone5S, [0000016F682A0800][0000016F5D1C8800 49] iPhone6Plus, [0000016F682BEA00][0000016F5D1CC980 49] iPhone6S, [0000016F682A3700][0000016F5D1D0B00 49] iPhone6SPlus, [0000016F682BD100][0000016F6142EC80 49] iPhone7Plus, [0000016F682A0C00][0000016F61432E00 49] iPhoneSE, [0000016F682BF500][0000016F61436F80 49] iPhone8, [0000016F682A1700][0000016F6143B100 49] iPhone8Plus, [0000016F682BF600][0000016F6143F280 49] iPhoneX, [0000016F682A1900][0000016F61443400 49] iPhoneXS, [0000016F682BEC00][0000016F61447580 49] iPhoneXSMax, [0000016F682A1100][0000016F6144B700 49] iPhoneXR, [0000016F682BDB00][0000016F6144F880 49] iPhone11, [0000016F682A2C00][0000016F5D1B19C0 49] iPhone11Pro, [0000016F682BF300][0000016F61453B00 49] iPhone11ProMax, [0000016F682A1000][0000016F614560C0 49] iPhoneSE2, [0000016F682BD300][0000016F6145E240 49] iPhone12Mini, [0000016F682A2300][0000016F614623C0 49] iPhone12, [0000016F682BEF00][0000016F61466540 49] iPhone12Pro, [0000016F682A3800][0000016F6146A6C0 49] iPhone12ProMax, [0000016F682BC400][0000016F6146E840 49] iPadPro105, [0000016F682A2900][0000016F614729C0 49] iPadPro129, [0000016F682BE900][0000016F61476B40 49] iPadPro97, [0000016F682A1C00][0000016F6147ACC0 49] iPadPro2_129, [0000016F682BCA00][0000016F61B4CE40 49] iPad5, [0000016F682A3E00][0000016F61B50FC0 49] iPad6, [0000016F682BF900][0000016F61B55140 49] iPad7, [0000016F682A2A00][0000016F61B592C0 49] iPad8, [0000016F682BDC00][0000016F61B5D440 49] iPadPro11, [0000016F682A2000][0000016F61B615C0 49] iPadPro2_11, [0000016F682F3000][0000016F61B65740 49] iPadPro3_129, [0000016F68374100][0000016F61B698C0 49] iPadPro4_129, [0000016F682F2C00][0000016F61B6DA40 49] AppleTV, [0000016F68374C00][0000016F6145BB80 49] AppleTV4K, [0000016F682F0100][0000016F61B70140 49] TVOS, [0000016F68375900][0000016F61B74280 49] Mac, [0000016F682F2B00][0000016F61B783C0 49] MacClient, [0000016F68374E00][0000016F61B80540 49] MacNoEditor, [0000016F682F2800][0000016F61B846C0 49] MacServer, [0000016F68374B00][0000016F61B88840 49] Linux, [0000016F682F2000][0000016F61B8C9C0 49] LinuxAArch64, [0000016F68375700][0000016F61B90B40 49] LinuxNoEditor, [0000016F682F1400][0000016F61B94CC0 49] LinuxAArch64NoEditor, [0000016F68374F00][0000016F61B98E40 49] LinuxClient, [0000016F682F2700][0000016F61B9CFC0 49] LinuxAArch64Client, [0000016F68374200][0000016F61BA1140 49] LinuxServer, [0000016F682A0300][0000016F61BA52C0 49] LinuxAArch64Server, [0000016F682BE800][0000016F61BA9440 49] Android, [0000016F682A3000][0000016F61BAD5C0 49] Android_Low, [0000016F682BED00][0000016F61BB1740 49] Android_Mid, [0000016F682A0500][0000016F61BB58C0 49] Android_High, [0000016F682BFC00][0000016F61BB9A40 49] Android_Default, [0000016F682A2B00][0000016F61BBDBC0 49] Android_Adreno4xx, [0000016F682BFF00][0000016F61B7C180 49] Android_Adreno5xx_Low, [0000016F682A0600][0000016F61BC02C0 49] Android_Adreno5xx, [0000016F682BFA00][0000016F61BC4400 49] Android_Adreno6xx, [0000016F682A1600][0000016F61BC8540 49] Android_Adreno6xx_Vulkan, [0000016F682BFE00][0000016F61BD06C0 49] Android_Mali_T6xx, [0000016F682A3A00][0000016F61BD4840 49] Android_Mali_T7xx, [0000016F68375C00][0000016F61BD89C0 49] Android_Mali_T8xx, [0000016F682A3B00][0000016F61BDCB40 49] Android_Mali_G71, [0000016F68376300][0000016F61BE0CC0 49] Android_Mali_G72, [0000016F682A1400][0000016F61BE4E40 49] Android_Mali_G72_Vulkan, [0000016F68375300][0000016F61BE8FC0 49] Android_Mali_G76, [0000016F682A0900][0000016F61BED140 49] Android_Mali_G76_Vulkan, [0000016F68375600][0000016F61BF12C0 49] Android_Mali_G77, [0000016F682A3500][0000016F61BF5440 49] Android_Mali_G77_Vulkan, [0000016F68375000][0000016F61BF95C0 49] Android_Mali_G78, [0000016F682A2200][0000016F61BFD740 49] Android_Mali_G78_Vulkan, [0000016F682BD200][0000016F61C018C0 49] Android_Mali_G710, [0000016F682A1200][0000016F61C05A40 49] Android_Mali_G710_Vulkan, [0000016F682BDA00][0000016F61C09BC0 49] Android_Vulkan_SM5, [0000016F682A1500][0000016F61C0C1C0 49] Android_PowerVR_G6xxx, [0000016F682BCC00][0000016F61C10340 49] Android_PowerVR_GT7xxx, [0000016F682A0F00][0000016F61BCC480 49] Android_PowerVR_GE8xxx, [0000016F682BD000][0000016F61C145C0 49] Android_PowerVR_GM9xxx, [0000016F682A3900][0000016F61C18700 49] Android_PowerVR_GM9xxx_Vulkan, [0000016F682BD600][0000016F61C20880 49] Android_TegraK1, [0000016F682A0700][0000016F61C24A00 49] Android_Unknown_Vulkan, [0000016F682BE400][0000016F61C28B80 49] Lumin, [0000016F682A1300][0000016F61C2CD00 49] Lumin_Desktop, [0000016F682BC900][0000016F61C30E80 49] HoloLens, 
[2022.07.06-07.53.58:710][  0]LogMeshReduction: Using QuadricMeshReduction for automatic static mesh reduction
[2022.07.06-07.53.58:710][  0]LogMeshReduction: Using SimplygonMeshReduction for automatic skeletal mesh reduction
[2022.07.06-07.53.58:710][  0]LogMeshReduction: Using ProxyLODMeshReduction for automatic mesh merging
[2022.07.06-07.53.58:710][  0]LogMeshReduction: No distributed automatic mesh merging module available
[2022.07.06-07.53.58:710][  0]LogMeshMerging: No distributed automatic mesh merging module available
[2022.07.06-07.53.58:823][  0]LogNetVersion: ShootingGame 1.0.0, NetCL: 17155196, EngineNetVer: 17, GameNetVer: 0 (Checksum: 1120234365)
[2022.07.06-07.53.59:076][  0]LogTexture: Default maximum texture size for cubemaps generated from long-lat sources has been changed from 512 to unlimited. In order to preserve old behaiour for '/Engine/MapTemplates/Sky/DaylightAmbientCubemap.DaylightAmbientCubemap', its maximum texture size has been explicitly set to 512.
[2022.07.06-07.53.59:138][  0]LogHMD: PokeAHoleMaterial loaded successfully
[2022.07.06-07.53.59:261][  0]LogMoviePlayer: Initializing movie player
[2022.07.06-07.53.59:357][  0]LogNiagaraDebuggerClient: Niagara Debugger Client Initialized | Session: 9CB562D6474E96BA1603E7B9D68D2592 | Instance: 8B995A294E4362B2E13FE4897079B619 (DESKTOP-HME5P3N-11892).
[2022.07.06-07.53.59:378][  0]LogCollectionManager: Loaded 0 collections in 0.001840 seconds
[2022.07.06-07.53.59:380][  0]LogFileCache: Scanning file cache for directory 'C:/work/UnrealProject_C7/ShootingGame/Saved/Collections/' took 0.00s
[2022.07.06-07.53.59:380][  0]LogFileCache: Scanning file cache for directory 'C:/work/UnrealProject_C7/ShootingGame/Content/Developers/parkdoyoung/Collections/' took 0.00s
[2022.07.06-07.53.59:380][  0]LogFileCache: Scanning file cache for directory 'C:/work/UnrealProject_C7/ShootingGame/Content/Collections/' took 0.00s
[2022.07.06-07.53.59:380][  0]LogCollectionManager: Fixed up redirectors for 0 collections in 0.000002 seconds (updated 0 objects)
[2022.07.06-07.53.59:482][  0]LogPython: Using Python 3.7.7
[2022.07.06-07.53.59:928][  0]LogTcpMessaging: Initializing TcpMessaging bridge
[2022.07.06-07.53.59:932][  0]LogUdpMessaging: Initializing bridge on interface 0.0.0.0:0 to multicast group 230.0.0.1:6666.
[2022.07.06-07.54.00:021][  0]SourceControl: Source control is disabled
[2022.07.06-07.54.00:021][  0]SourceControl: Source control is disabled
[2022.07.06-07.54.00:024][  0]SourceControl: Source control is disabled
[2022.07.06-07.54.00:029][  0]LogUProjectInfo: Found projects:
[2022.07.06-07.54.00:115][  0]LogOpenImageDenoise: OIDN starting up
[2022.07.06-07.54.00:124][  0]LogAndroidPermission: UAndroidPermissionCallbackProxy::GetInstance
[2022.07.06-07.54.00:141][  0]LogAudioCaptureCore: Display: No Audio Capture implementations found. Audio input will be silent.
[2022.07.06-07.54.00:141][  0]LogAudioCaptureCore: Display: No Audio Capture implementations found. Audio input will be silent.
[2022.07.06-07.54.00:207][  0]LogOcInput: OculusInput pre-init called
[2022.07.06-07.54.00:218][  0]LogUObjectArray: 22167 objects as part of root set at end of initial load.
[2022.07.06-07.54.00:218][  0]LogUObjectAllocator: 5995280 out of 0 bytes used by permanent object pool.
[2022.07.06-07.54.00:218][  0]LogUObjectArray: CloseDisregardForGC: 0/0 objects in disregard for GC pool
[2022.07.06-07.54.00:266][  0]LogEngine: Initializing Engine...
[2022.07.06-07.54.00:268][  0]LogHMD: Failed to enumerate extensions. Please check that you have a valid OpenXR runtime installed.
[2022.07.06-07.54.00:269][  0]LogHMD: Failed to initialize OpenVR with code 110
[2022.07.06-07.54.00:269][  0]LogMagicLeap: Warning: VR disabled because ZI is not enabled.  To enable, in the editor, Edit -> Project Settings -> Plugins -> Magic Leap Plugin -> Enable Zero Iteration
[2022.07.06-07.54.00:270][  0]LogStats: UGameplayTagsManager::InitializeManager -  0.000 s
[2022.07.06-07.54.00:403][  0]LogInit: Initializing FReadOnlyCVARCache
[2022.07.06-07.54.00:404][  0]LogAudio: Display: Initializing Audio Device Manager...
[2022.07.06-07.54.00:409][  0]LogAudio: Display: Loading Default Audio Settings Objects...
[2022.07.06-07.54.00:410][  0]LogAudio: Display: No default SoundConcurrencyObject specified (or failed to load).
[2022.07.06-07.54.00:411][  0]LogAudio: Display: Audio Device Manager Initialized
[2022.07.06-07.54.00:411][  0]LogAudio: Display: Creating Audio Device:                 Id: 1, Scope: Shared, Realtime: True
[2022.07.06-07.54.00:411][  0]LogAudioMixer: Display: Audio Mixer Platform Settings:
[2022.07.06-07.54.00:411][  0]LogAudioMixer: Display: 	Sample Rate:						  48000
[2022.07.06-07.54.00:411][  0]LogAudioMixer: Display: 	Callback Buffer Frame Size Requested: 1024
[2022.07.06-07.54.00:411][  0]LogAudioMixer: Display: 	Callback Buffer Frame Size To Use:	  1024
[2022.07.06-07.54.00:411][  0]LogAudioMixer: Display: 	Number of buffers to queue:			  2
[2022.07.06-07.54.00:411][  0]LogAudioMixer: Display: 	Max Channels (voices):				  32
[2022.07.06-07.54.00:411][  0]LogAudioMixer: Display: 	Number of Async Source Workers:		  0
[2022.07.06-07.54.00:411][  0]LogAudio: Display: AudioDevice MaxSources: 32
[2022.07.06-07.54.00:412][  0]LogAudio: Display: Audio Spatialization Plugin: None (built-in).
[2022.07.06-07.54.00:412][  0]LogAudio: Display: Audio Reverb Plugin: None (built-in).
[2022.07.06-07.54.00:412][  0]LogAudio: Display: Audio Occlusion Plugin: None (built-in).
[2022.07.06-07.54.00:412][  0]LogAudioMixer: Display: Initializing audio mixer.
[2022.07.06-07.54.00:437][  0]LogAudioMixer: Display: 0: FrontLeft
[2022.07.06-07.54.00:437][  0]LogAudioMixer: Display: 1: FrontRight
[2022.07.06-07.54.00:478][  0]LogAudioMixer: Display: Using Audio Device 스피커(Realtek(R) Audio)
[2022.07.06-07.54.00:484][  0]LogAudioMixer: Display: Initializing Sound Submixes...
[2022.07.06-07.54.00:485][  0]LogAudioMixer: Display: Creating Master Submix 'MasterSubmixDefault'
[2022.07.06-07.54.00:485][  0]LogAudioMixer: Display: Creating Master Submix 'MasterReverbSubmixDefault'
[2022.07.06-07.54.00:486][  0]LogAudioMixer: Display: Creating Master Submix 'MasterEQSubmixDefault'
[2022.07.06-07.54.00:486][  0]LogAudioMixer: FMixerPlatformXAudio2::StartAudioStream() called
[2022.07.06-07.54.00:486][  0]LogAudioMixer: Display: Output buffers initialized: Frames=1024, Channels=2, Samples=2048
[2022.07.06-07.54.00:487][  0]LogAudioMixer: Display: Starting AudioMixerPlatformInterface::RunInternal()
[2022.07.06-07.54.00:487][  0]LogAudioMixer: Display: FMixerPlatformXAudio2::SubmitBuffer() called for the first time
[2022.07.06-07.54.00:487][  0]LogInit: FAudioDevice initialized.
[2022.07.06-07.54.00:488][  0]LogNetVersion: Set ProjectVersion to 1.0.0.0. Version Checksum will be recalculated on next use.
[2022.07.06-07.54.00:488][  0]LogInit: Texture streaming: Enabled
[2022.07.06-07.54.00:556][  0]LogAudio: Display: Audio Device (ID: 1) registered with world 'Untitled'.
[2022.07.06-07.54.00:556][  0]LogSlate: Updating window title bar state: overlay mode, drag disabled, window buttons hidden, title bar hidden
[2022.07.06-07.54.00:558][  0]LogInit: Display: Game Engine Initialized.
[2022.07.06-07.54.00:558][  0]LogNiagaraEditor: GEditor isn't valid! Particle reset commands will not work for Niagara components!
[2022.07.06-07.54.00:679][  0]LogInit: Display: Starting Game.
[2022.07.06-07.54.00:679][  0]LogNet: Browse: 127.0.0.1:17777/Game/ThirdPersonBP/Maps/ThirdPersonExampleMap?Name=Player
[2022.07.06-07.54.00:680][  0]LogInit: WinSock: Socket queue. Rx: 32768 (config 32768) Tx: 32768 (config 32768)
[2022.07.06-07.54.00:680][  0]LogNet: Created socket for bind address: 0.0.0.0 on port 0
[2022.07.06-07.54.00:680][  0]PacketHandlerLog: Loaded PacketHandler component: Engine.EngineHandlerComponentFactory (StatelessConnectHandlerComponent)
[2022.07.06-07.54.00:680][  0]LogNet: Game client on port 17777, rate 100000
[2022.07.06-07.54.00:727][  0]LogInit: Display: Engine is initialized. Leaving FEngineLoop::Init()
[2022.07.06-07.54.00:727][  0]LogLoad: (Engine Initialization) Total time: 5.73 seconds
[2022.07.06-07.54.00:727][  0]LogLoad: (Engine Initialization) Total Blueprint compile time: 0.00 seconds
[2022.07.06-07.54.00:732][  0]LogContentStreaming: Texture pool size now 1000 MB
[2022.07.06-07.54.00:733][  0]LogSlate: InvalidateAllWidgets triggered.  All widgets were invalidated
[2022.07.06-07.54.01:774][124]LogHandshake: SendChallengeResponse. Timestamp: 7.172319, Cookie: 013044011027091250033213201056061026115022076036203093147208
[2022.07.06-07.54.02:106][305]LogNetVersion: ShootingGame 1.0.0.0, NetCL: 17155196, EngineNetVer: 17, GameNetVer: 0 (Checksum: 4194817616)
[2022.07.06-07.54.02:106][305]LogNet: UPendingNetGame::SendInitialJoin: Sending hello. [UNetConnection] RemoteAddr: 127.0.0.1:17777, Name: IpConnection_0, Driver: PendingNetDriver IpNetDriver_0, IsServer: NO, PC: NULL, Owner: NULL, UniqueId: INVALID
[2022.07.06-07.54.02:771][763]LogNet: Welcomed by server (Level: /Game/ThirdPersonBP/Maps/UEDPIE_0_ThirdPersonExampleMap, Game: /Game/ShootingGame/GameMode/BP_ShootingGameMode.BP_ShootingGameMode_C)
[2022.07.06-07.54.02:771][763]LogLoad: LoadMap: 127.0.0.1:17777/Game/ThirdPersonBP/Maps/ThirdPersonExampleMap?Name=Player?game=/Game/ShootingGame/GameMode/BP_ShootingGameMode.BP_ShootingGameMode_C
[2022.07.06-07.54.02:771][763]LogWorld: BeginTearingDown for /Temp/Untitled_0
[2022.07.06-07.54.02:771][763]LogWorld: UWorld::CleanupWorld for Untitled, bSessionEnded=true, bCleanupResources=true
[2022.07.06-07.54.02:772][763]LogSlate: InvalidateAllWidgets triggered.  All widgets were invalidated
[2022.07.06-07.54.02:775][763]LogAudio: Display: Audio Device unregistered from world 'None'.
[2022.07.06-07.54.02:777][763]LogUObjectHash: Compacting FUObjectHashTables data took   0.69ms
[2022.07.06-07.54.03:353][763]LogAudio: Display: Audio Device (ID: 1) registered with world 'ThirdPersonExampleMap'.
[2022.07.06-07.54.03:361][763]LogWorld: Bringing World /Game/ThirdPersonBP/Maps/ThirdPersonExampleMap.ThirdPersonExampleMap up for play (max tick rate 0) at 2022.07.06-16.54.03
[2022.07.06-07.54.03:361][763]LogWorld: Bringing up level for play took: 0.005868
[2022.07.06-07.54.03:362][763]LogSlate: Took 0.000212 seconds to synchronously load lazily loaded font '../../../Engine/Content/Slate/Fonts/Roboto-Regular.ttf' (155K)
[2022.07.06-07.54.03:364][763]LogRenderer: Reallocating scene render targets to support 640x480 Format 10 NumSamples 1 (Frame:1).
[2022.07.06-07.54.03:364][763]LogLoad: Took 0.593100 seconds to LoadMap(/Game/ThirdPersonBP/Maps/ThirdPersonExampleMap)
[2022.07.06-07.54.03:365][763]LogNavigation: Warning: NavData RegistrationFailed_DataPendingKill.
[2022.07.06-07.54.03:796][810]LogOnlineSession: Warning: OSS: No game present to join for session (GameSession)
[2022.07.06-07.54.03:796][810]LogOnlineSession: Warning: OSS: No game present to join for session (GameSession)
[2022.07.06-07.54.03:798][810]LogScript: Warning: Script Msg: BP_ShootingHud_C_0 BindPlayerStats SetTimer passed a negative or zero time. The associated timer may fail to be created/fire! If using InitialStartDelayVariance, be sure it is smaller than (Time + InitialStartDelay).
[2022.07.06-07.54.03:798][810]LogBlueprintUserMessages: [BP_ShootingCharacter_C_0] BP_ShootingCharacterBind Player Stats cast Fail
[2022.07.06-07.54.03:798][810]LogBlueprintUserMessages: [BP_ShootingCharacter_C_1] BP_ShootingCharacter1Bind Player Stats cast Fail
[2022.07.06-07.54.03:798][810]LogBlueprintUserMessages: [BP_ShootingPlayerState_C_0] BP_ShootingPlayerState
[2022.07.06-07.54.03:798][810]LogBlueprintUserMessages: [BP_ShootingPlayerState_C_1] BP_ShootingPlayerState1
[2022.07.06-07.54.07:929][960]LogBlueprintUserMessages: [BP_ShootingCharacter_C_1] Hello
[2022.07.06-07.54.11:137][412]LogBlueprintUserMessages: [BP_Weapon_C_0] Hello
[2022.07.06-07.54.11:271][416]LogBlueprintUserMessages: [BP_Weapon_C_0] Hello
[2022.07.06-07.54.11:502][423]LogBlueprintUserMessages: [BP_ShootingPlayerState_C_1] OnRep_Armor94.0
[2022.07.06-07.54.12:548][548]LogBlueprintUserMessages: [BP_Weapon_C_0] Hello
[2022.07.06-07.54.12:651][565]LogBlueprintUserMessages: [BP_Weapon_C_0] Hello
[2022.07.06-07.54.13:117][653]LogBlueprintUserMessages: [BP_Weapon_C_0] Hello
[2022.07.06-07.54.13:302][689]LogBlueprintUserMessages: [BP_Weapon_C_0] Hello
[2022.07.06-07.54.13:520][714]LogBlueprintUserMessages: [BP_ShootingPlayerState_C_1] OnRep_Armor82.0
[2022.07.06-07.54.19:082][892]LogBlueprintUserMessages: [BP_Weapon_C_0] Hello
[2022.07.06-07.54.19:449][903]LogBlueprintUserMessages: [BP_Weapon_C_0] Hello
[2022.07.06-07.54.19:648][909]LogBlueprintUserMessages: [BP_ShootingPlayerState_C_1] OnRep_Armor76.0
[2022.07.06-07.54.19:649][909]LogBlueprintUserMessages: [BP_Weapon_C_0] Hello
[2022.07.06-07.54.19:816][914]LogBlueprintUserMessages: [BP_Weapon_C_0] Hello
[2022.07.06-07.54.20:150][924]LogBlueprintUserMessages: [BP_Weapon_C_0] Hello
[2022.07.06-07.54.20:281][928]LogBlueprintUserMessages: [BP_Weapon_C_0] Hello
[2022.07.06-07.54.20:614][938]LogBlueprintUserMessages: [BP_Weapon_C_0] Hello
[2022.07.06-07.54.20:664][940]LogBlueprintUserMessages: [BP_ShootingPlayerState_C_1] OnRep_Armor61.0
[2022.07.06-07.54.20:836][945]LogBlueprintUserMessages: [BP_Weapon_C_0] Hello
[2022.07.06-07.54.20:999][961]LogBlueprintUserMessages: [BP_Weapon_C_0] Hello
[2022.07.06-07.54.21:106][975]LogBlueprintUserMessages: [BP_Weapon_C_0] Hello
[2022.07.06-07.54.21:365][984]LogBlueprintUserMessages: [BP_Weapon_C_0] Hello
[2022.07.06-07.54.21:642][ 29]LogBlueprintUserMessages: [BP_ShootingPlayerState_C_1] OnRep_Armor49.0
[2022.07.06-07.54.21:705][ 42]LogBlueprintUserMessages: [BP_Weapon_C_0] Hello
[2022.07.06-07.54.21:916][ 82]LogBlueprintUserMessages: [BP_Weapon_C_0] Hello
[2022.07.06-07.54.22:033][103]LogBlueprintUserMessages: [BP_Weapon_C_0] Hello
[2022.07.06-07.54.22:753][234]LogBlueprintUserMessages: [BP_ShootingPlayerState_C_1] OnRep_Armor40.0
[2022.07.06-07.54.31:217][831]LogBlueprintUserMessages: [BP_WeaponBurst_C_0] Hello
[2022.07.06-07.54.31:322][864]LogBlueprintUserMessages: [BP_WeaponBurst_C_0] Hello
[2022.07.06-07.54.31:424][896]LogBlueprintUserMessages: [BP_WeaponBurst_C_0] Hello
[2022.07.06-07.54.31:554][935]LogBlueprintUserMessages: [BP_WeaponBurst_C_0] Hello
[2022.07.06-07.54.31:657][967]LogBlueprintUserMessages: [BP_WeaponBurst_C_0] Hello
[2022.07.06-07.54.31:757][998]LogBlueprintUserMessages: [BP_WeaponBurst_C_0] Hello
[2022.07.06-07.54.31:894][ 38]LogBlueprintUserMessages: [BP_WeaponBurst_C_0] Hello
[2022.07.06-07.54.32:001][ 70]LogBlueprintUserMessages: [BP_WeaponBurst_C_0] Hello
[2022.07.06-07.54.32:100][100]LogBlueprintUserMessages: [BP_WeaponBurst_C_0] Hello
[2022.07.06-07.54.32:161][118]LogBlueprintUserMessages: [BP_ShootingPlayerState_C_0] OnRep_HP55.0
[2022.07.06-07.54.32:161][118]LogBlueprintUserMessages: [BP_ShootingPlayerState_C_0] OnRep_Armor0.0
[2022.07.06-07.54.32:226][136]LogBlueprintUserMessages: [BP_WeaponBurst_C_0] Hello
[2022.07.06-07.54.32:334][168]LogBlueprintUserMessages: [BP_WeaponBurst_C_0] Hello
[2022.07.06-07.54.32:433][198]LogBlueprintUserMessages: [BP_WeaponBurst_C_0] Hello
[2022.07.06-07.54.33:501][523]LogBlueprintUserMessages: [BP_ShootingPlayerState_C_0] OnRep_HP10.0
