Log file open, 07/06/22 10:40:12
LogWindows: Failed to load 'aqProf.dll' (GetLastError=126)
LogWindows: File 'aqProf.dll' does not exist
LogWindows: Failed to load 'VtuneApi.dll' (GetLastError=126)
LogWindows: File 'VtuneApi.dll' does not exist
LogWindows: Failed to load 'VtuneApi32e.dll' (GetLastError=126)
LogWindows: File 'VtuneApi32e.dll' does not exist
LogConsoleResponse: Display: Failed to find resolution value strings in scalability ini. Falling back to default.
LogConsoleResponse: Display: Failed to find resolution value strings in scalability ini. Falling back to default.
LogInit: Display: Running engine for game: ShootingGame
LogPlatformFile: Not using cached read wrapper
LogTaskGraph: Started task graph with 5 named threads and 23 total threads with 3 sets of task threads.
LogStats: Stats thread started at 0.252834
LogICUInternationalization: ICU TimeZone Detection - Raw Offset: +9:00, Platform Override: ''
LogInit: Display: Loading text-based GConfig....
LogPluginManager: Mounting plugin MeshPainting
LogPluginManager: Mounting plugin XGEController
LogPluginManager: Mounting plugin Paper2D
LogPluginManager: Mounting plugin LiveLink
LogPluginManager: Mounting plugin AISupport
LogPluginManager: Mounting plugin EnvironmentQueryEditor
LogPluginManager: Mounting plugin LightPropagationVolume
LogPluginManager: Mounting plugin CameraShakePreviewer
LogPluginManager: Mounting plugin OodleData
LogPluginManager: Mounting plugin GameplayCameras
LogPluginManager: Mounting plugin AnimationSharing
LogPluginManager: Mounting plugin OodleNetwork
LogPluginManager: Mounting plugin CLionSourceCodeAccess
LogPluginManager: Mounting plugin CodeLiteSourceCodeAccess
LogPluginManager: Mounting plugin GitSourceControl
LogPluginManager: Mounting plugin NullSourceCodeAccess
LogPluginManager: Mounting plugin PerforceSourceControl
LogPluginManager: Mounting plugin PixWinPlugin
LogPluginManager: Mounting plugin PlasticSourceControl
LogPluginManager: Mounting plugin PluginUtils
LogPluginManager: Mounting plugin RiderSourceCodeAccess
LogPluginManager: Mounting plugin SubversionSourceControl
LogPluginManager: Mounting plugin KDevelopSourceCodeAccess
LogPluginManager: Mounting plugin TextureFormatOodle
LogPluginManager: Mounting plugin UObjectPlugin
LogPluginManager: Mounting plugin VisualStudioCodeSourceCodeAccess
LogPluginManager: Mounting plugin VisualStudioSourceCodeAccess
LogPluginManager: Mounting plugin XCodeSourceCodeAccess
LogPluginManager: Mounting plugin DatasmithContent
LogPluginManager: Mounting plugin PropertyAccessNode
LogPluginManager: Mounting plugin AssetManagerEditor
LogPluginManager: Mounting plugin VariantManagerContent
LogPluginManager: Mounting plugin Niagara
LogPluginManager: Mounting plugin AlembicImporter
LogPluginManager: Mounting plugin CryptoKeys
LogPluginManager: Mounting plugin CurveEditorTools
LogPluginManager: Mounting plugin DataValidation
LogPluginManager: Mounting plugin AutomationUtils
LogPluginManager: Mounting plugin BackChannel
LogPluginManager: Mounting plugin FacialAnimation
LogPluginManager: Mounting plugin GameplayTagsEditor
LogPluginManager: Mounting plugin GeometryMode
LogPluginManager: Mounting plugin ChaosCloth
LogPluginManager: Mounting plugin MacGraphicsSwitching
LogPluginManager: Mounting plugin ChaosClothEditor
LogPluginManager: Mounting plugin MaterialAnalyzer
LogPluginManager: Mounting plugin ChaosEditor
LogPluginManager: Mounting plugin ChaosNiagara
LogPluginManager: Mounting plugin MobileLauncherProfileWizard
LogPluginManager: Mounting plugin ChaosSolverPlugin
LogPluginManager: Mounting plugin CharacterAI
LogPluginManager: Mounting plugin PluginBrowser
LogPluginManager: Mounting plugin SpeedTreeImporter
LogPluginManager: Mounting plugin LuminPlatformFeatures
LogPluginManager: Mounting plugin MagicLeap
LogPluginManager: Mounting plugin MagicLeapLightEstimation
LogPluginManager: Mounting plugin MagicLeapMedia
LogPluginManager: Mounting plugin GeometryCache
LogPluginManager: Mounting plugin MagicLeapPassableWorld
LogPluginManager: Mounting plugin GeometryCollectionPlugin
LogPluginManager: Mounting plugin MLSDK
LogPluginManager: Mounting plugin GeometryProcessing
LogPluginManager: Mounting plugin MotoSynth
LogPluginManager: Mounting plugin OpenImageDenoise
LogPluginManager: Mounting plugin PlanarCut
LogPluginManager: Mounting plugin PlatformCrypto
LogPluginManager: Mounting plugin ProxyLODPlugin
LogPluginManager: Mounting plugin PythonScriptPlugin
LogPluginManager: Mounting plugin SkeletalReduction
LogPluginManager: Mounting plugin AndroidMedia
LogPluginManager: Mounting plugin MediaCompositing
LogPluginManager: Mounting plugin ImgMedia
LogPluginManager: Mounting plugin AvfMedia
LogPluginManager: Mounting plugin MediaPlayerEditor
LogPluginManager: Mounting plugin WebMMedia
LogPluginManager: Mounting plugin UdpMessaging
LogPluginManager: Mounting plugin ActorSequence
LogPluginManager: Mounting plugin WmfMedia
LogPluginManager: Mounting plugin TcpMessaging
LogPluginManager: Mounting plugin LevelSequenceEditor
LogPluginManager: Mounting plugin MatineeToLevelSequence
LogPluginManager: Mounting plugin TemplateSequence
LogPluginManager: Mounting plugin LauncherChunkInstaller
LogPluginManager: Mounting plugin OnlineSubsystem
LogPluginManager: Mounting plugin OnlineSubsystemNull
LogPluginManager: Mounting plugin OnlineSubsystemUtils
LogPluginManager: Mounting plugin ActorLayerUtilities
LogPluginManager: Mounting plugin AndroidDeviceProfileSelector
LogPluginManager: Mounting plugin AndroidPermission
LogPluginManager: Mounting plugin AndroidMoviePlayer
LogPluginManager: Mounting plugin ApexDestruction
LogPluginManager: Mounting plugin AppleImageUtils
LogPluginManager: Mounting plugin ArchVisCharacter
LogPluginManager: Mounting plugin AssetTags
LogPluginManager: Mounting plugin AppleMoviePlayer
LogPluginManager: Mounting plugin AudioCapture
LogPluginManager: Mounting plugin AudioSynesthesia
LogPluginManager: Mounting plugin ChunkDownloader
LogPluginManager: Mounting plugin CustomMeshComponent
LogPluginManager: Mounting plugin ExampleDeviceProfileSelector
LogPluginManager: Mounting plugin EditableMesh
LogPluginManager: Mounting plugin GoogleCloudMessaging
LogPluginManager: Mounting plugin GooglePAD
LogPluginManager: Mounting plugin CableComponent
LogPluginManager: Mounting plugin ScreenshotTools
LogPluginManager: Mounting plugin IOSDeviceProfileSelector
LogPluginManager: Mounting plugin LinuxDeviceProfileSelector
LogPluginManager: Mounting plugin MobilePatchingUtils
LogPluginManager: Mounting plugin OpenXR
LogPluginManager: Mounting plugin OpenXREyeTracker
LogPluginManager: Mounting plugin OpenXRHandTracking
LogPluginManager: Mounting plugin PhysXVehicles
LogPluginManager: Mounting plugin Takes
LogPluginManager: Mounting plugin PostSplashScreen
LogPluginManager: Mounting plugin ProceduralMeshComponent
LogPluginManager: Mounting plugin PropertyAccessEditor
LogPluginManager: Mounting plugin SignificanceManager
LogPluginManager: Mounting plugin SoundFields
LogPluginManager: Mounting plugin Synthesis
LogPluginManager: Mounting plugin RuntimePhysXCooking
LogPluginManager: Mounting plugin WebMMoviePlayer
LogPluginManager: Mounting plugin WindowsMoviePlayer
LogPluginManager: Mounting plugin LocationServicesBPLibrary
LogPluginManager: Mounting plugin ContentBrowserAssetDataSource
LogPluginManager: Mounting plugin ContentBrowserClassDataSource
LogPluginManager: Mounting plugin ContentBrowserFileDataSource
LogPluginManager: Mounting plugin OnlineSubsystemGooglePlay
LogPluginManager: Mounting plugin OnlineSubsystemIOS
LogPluginManager: Mounting plugin OculusVR
LogPluginManager: Mounting plugin SteamVR
PixWinPlugin: PIX capture plugin failed to initialize! Check that the process is launched from PIX.
LogInit: Using libcurl 7.55.1-DEV
LogInit:  - built for x86_64-pc-win32
LogInit:  - supports SSL with OpenSSL/1.1.1
LogInit:  - supports HTTP deflate (compression) using libz 1.2.8
LogInit:  - other features:
LogInit:      CURL_VERSION_SSL
LogInit:      CURL_VERSION_LIBZ
LogInit:      CURL_VERSION_IPV6
LogInit:      CURL_VERSION_ASYNCHDNS
LogInit:      CURL_VERSION_LARGEFILE
LogInit:      CURL_VERSION_IDN
LogInit:  CurlRequestOptions (configurable via config and command line):
LogInit:  - bVerifyPeer = true  - Libcurl will verify peer certificate
LogInit:  - bUseHttpProxy = false  - Libcurl will NOT use HTTP proxy
LogInit:  - bDontReuseConnections = false  - Libcurl will reuse connections
LogInit:  - MaxHostConnections = 16  - Libcurl will limit the number of connections to a host
LogInit:  - LocalHostAddr = Default
LogInit:  - BufferSize = 65536
LogOnline: OSS: Creating online subsystem instance for: NULL
LogInit: WinSock: version 1.1 (2.2), MaxSocks=32767, MaxUdp=65467
LogOnline: OSS: TryLoadSubsystemAndSetDefault: Loaded subsystem for module [NULL]
LogOculusPluginWrapper: OculusPlugin initialized successfully
LogHMD: Failed initializing OVRPlugin 1.59.0
LogInit: Build: ++UE4+Release-4.27-CL-18319896
LogInit: Engine Version: 4.27.2-18319896+++UE4+Release-4.27
LogInit: Compatible Engine Version: 4.27.0-17155196+++UE4+Release-4.27
LogInit: Net CL: 17155196
LogInit: OS: Windows 10 (Release 2009) (), CPU: Intel(R) Core(TM) i5-10300H CPU @ 2.50GHz, GPU: Intel(R) UHD Graphics
LogInit: Compiled (64-bit): Nov 30 2021 07:12:08
LogInit: Compiled with Visual C++: 19.24.28315.00
LogInit: Build Configuration: Development
LogInit: Branch Name: ++UE4+Release-4.27
LogInit: Command Line:  127.0.0.1:17777 -game -PIEVIACONSOLE -Multiprocess GameUserSettingsINI=C:/work/UnrealProject_C7/ShootingGame/Saved/Config/Windows/PIEGameUserSettings1.ini -MultiprocessSaveConfig -forcepassthrough -messaging -SessionName="Play in Standalone Game" -windowed -WinX=0 -WinY=30 SAVEWINPOS=1 -ResX=640 -ResY=480
LogInit: Base Directory: C:/Program Files/Epic Games/UE_4.27/Engine/Binaries/Win64/
LogInit: Allocator: TBB
LogInit: Installed Engine Build: 1
LogDevObjectVersion: Number of dev versions registered: 29
LogDevObjectVersion:   Dev-Blueprints (B0D832E4-1F89-4F0D-ACCF-7EB736FD4AA2): 10
LogDevObjectVersion:   Dev-Build (E1C64328-A22C-4D53-A36C-8E866417BD8C): 0
LogDevObjectVersion:   Dev-Core (375EC13C-06E4-48FB-B500-84F0262A717E): 4
LogDevObjectVersion:   Dev-Editor (E4B068ED-F494-42E9-A231-DA0B2E46BB41): 40
LogDevObjectVersion:   Dev-Framework (CFFC743F-43B0-4480-9391-14DF171D2073): 37
LogDevObjectVersion:   Dev-Mobile (B02B49B5-BB20-44E9-A304-32B752E40360): 3
LogDevObjectVersion:   Dev-Networking (A4E4105C-59A1-49B5-A7C5-40C4547EDFEE): 0
LogDevObjectVersion:   Dev-Online (39C831C9-5AE6-47DC-9A44-9C173E1C8E7C): 0
LogDevObjectVersion:   Dev-Physics (78F01B33-EBEA-4F98-B9B4-84EACCB95AA2): 14
LogDevObjectVersion:   Dev-Platform (6631380F-2D4D-43E0-8009-CF276956A95A): 0
LogDevObjectVersion:   Dev-Rendering (12F88B9F-8875-4AFC-A67C-D90C383ABD29): 45
LogDevObjectVersion:   Dev-Sequencer (7B5AE74C-D270-4C10-A958-57980B212A5A): 13
LogDevObjectVersion:   Dev-VR (D7296918-1DD6-4BDD-9DE2-64A83CC13884): 3
LogDevObjectVersion:   Dev-LoadTimes (C2A15278-BFE7-4AFE-6C17-90FF531DF755): 1
LogDevObjectVersion:   Private-Geometry (6EACA3D4-40EC-4CC1-B786-8BED09428FC5): 3
LogDevObjectVersion:   Dev-AnimPhys (29E575DD-E0A3-4627-9D10-D276232CDCEA): 17
LogDevObjectVersion:   Dev-Anim (AF43A65D-7FD3-4947-9873-3E8ED9C1BB05): 15
LogDevObjectVersion:   Dev-ReflectionCapture (6B266CEC-1EC7-4B8F-A30B-E4D90942FC07): 1
LogDevObjectVersion:   Dev-Automation (0DF73D61-A23F-47EA-B727-89E90C41499A): 1
LogDevObjectVersion:   FortniteMain (601D1886-AC64-4F84-AA16-D3DE0DEAC7D6): 47
LogDevObjectVersion:   FortniteRelease (E7086368-6B23-4C58-8439-1B7016265E91): 1
LogDevObjectVersion:   Dev-Enterprise (9DFFBCD6-494F-0158-E221-12823C92A888): 10
LogDevObjectVersion:   Dev-Niagara (F2AED0AC-9AFE-416F-8664-AA7FFA26D6FC): 1
LogDevObjectVersion:   Dev-Destruction (174F1F0B-B4C6-45A5-B13F-2EE8D0FB917D): 10
LogDevObjectVersion:   Dev-Physics-Ext (35F94A83-E258-406C-A318-09F59610247C): 41
LogDevObjectVersion:   Dev-PhysicsMaterial-Chaos (B68FC16E-8B1B-42E2-B453-215C058844FE): 1
LogDevObjectVersion:   Dev-CineCamera (B2E18506-4273-CFC2-A54E-F4BB758BBA07): 1
LogDevObjectVersion:   Dev-VirtualProduction (64F58936-FD1B-42BA-BA96-7289D5D0FA4E): 1
LogDevObjectVersion:   Dev-MediaFramework (6F0ED827-A609-4895-9C91-998D90180EA4): 2
LogInit: Presizing for max 25165824 objects, including 0 objects not considered by GC, pre-allocating 0 bytes for permanent pool.
LogConfig: Applying CVar settings from Section [/Script/Engine.StreamingSettings] File [C:/work/UnrealProject_C7/ShootingGame/Saved/Config/Windows/Engine.ini]
LogConfig: Setting CVar [[s.MinBulkDataSizeForAsyncLoading:131072]]
LogConfig: Setting CVar [[s.AsyncLoadingThreadEnabled:0]]
LogConfig: Setting CVar [[s.EventDrivenLoaderEnabled:1]]
LogConfig: Setting CVar [[s.WarnIfTimeLimitExceeded:0]]
LogConfig: Setting CVar [[s.TimeLimitExceededMultiplier:1.5]]
LogConfig: Setting CVar [[s.TimeLimitExceededMinTime:0.005]]
LogConfig: Setting CVar [[s.UseBackgroundLevelStreaming:1]]
LogConfig: Setting CVar [[s.PriorityAsyncLoadingExtraTime:15.0]]
LogConfig: Setting CVar [[s.LevelStreamingActorsUpdateTimeLimit:5.0]]
LogConfig: Setting CVar [[s.PriorityLevelStreamingActorsUpdateExtraTime:5.0]]
LogConfig: Setting CVar [[s.LevelStreamingComponentsRegistrationGranularity:10]]
LogConfig: Setting CVar [[s.UnregisterComponentsTimeLimit:1.0]]
LogConfig: Setting CVar [[s.LevelStreamingComponentsUnregistrationGranularity:5]]
LogConfig: Setting CVar [[s.FlushStreamingOnExit:1]]
LogInit: Object subsystem initialized
LogConfig: Setting CVar [[con.DebugEarlyDefault:1]]
LogConfig: Setting CVar [[r.setres:1280x720]]
[2022.07.06-01.40.13:308][  0]LogConfig: Setting CVar [[con.DebugEarlyDefault:1]]
[2022.07.06-01.40.13:308][  0]LogConfig: Setting CVar [[r.setres:1280x720]]
[2022.07.06-01.40.13:308][  0]LogConfig: Applying CVar settings from Section [/Script/Engine.RendererSettings] File [C:/work/UnrealProject_C7/ShootingGame/Saved/Config/Windows/Engine.ini]
[2022.07.06-01.40.13:308][  0]LogConfig: Setting CVar [[r.GPUCrashDebugging:0]]
[2022.07.06-01.40.13:308][  0]LogConfig: Applying CVar settings from Section [/Script/Engine.RendererOverrideSettings] File [C:/work/UnrealProject_C7/ShootingGame/Saved/Config/Windows/Engine.ini]
[2022.07.06-01.40.13:308][  0]LogConfig: Applying CVar settings from Section [/Script/Engine.StreamingSettings] File [C:/work/UnrealProject_C7/ShootingGame/Saved/Config/Windows/Engine.ini]
[2022.07.06-01.40.13:308][  0]LogConfig: Setting CVar [[s.MinBulkDataSizeForAsyncLoading:131072]]
[2022.07.06-01.40.13:308][  0]LogConfig: Setting CVar [[s.AsyncLoadingThreadEnabled:0]]
[2022.07.06-01.40.13:308][  0]LogConfig: Setting CVar [[s.EventDrivenLoaderEnabled:1]]
[2022.07.06-01.40.13:308][  0]LogConfig: Setting CVar [[s.WarnIfTimeLimitExceeded:0]]
[2022.07.06-01.40.13:308][  0]LogConfig: Setting CVar [[s.TimeLimitExceededMultiplier:1.5]]
[2022.07.06-01.40.13:308][  0]LogConfig: Setting CVar [[s.TimeLimitExceededMinTime:0.005]]
[2022.07.06-01.40.13:308][  0]LogConfig: Setting CVar [[s.UseBackgroundLevelStreaming:1]]
[2022.07.06-01.40.13:308][  0]LogConfig: Setting CVar [[s.PriorityAsyncLoadingExtraTime:15.0]]
[2022.07.06-01.40.13:308][  0]LogConfig: Setting CVar [[s.LevelStreamingActorsUpdateTimeLimit:5.0]]
[2022.07.06-01.40.13:308][  0]LogConfig: Setting CVar [[s.PriorityLevelStreamingActorsUpdateExtraTime:5.0]]
[2022.07.06-01.40.13:308][  0]LogConfig: Setting CVar [[s.LevelStreamingComponentsRegistrationGranularity:10]]
[2022.07.06-01.40.13:308][  0]LogConfig: Setting CVar [[s.UnregisterComponentsTimeLimit:1.0]]
[2022.07.06-01.40.13:308][  0]LogConfig: Setting CVar [[s.LevelStreamingComponentsUnregistrationGranularity:5]]
[2022.07.06-01.40.13:308][  0]LogConfig: Setting CVar [[s.FlushStreamingOnExit:1]]
[2022.07.06-01.40.13:308][  0]LogConfig: Applying CVar settings from Section [/Script/Engine.GarbageCollectionSettings] File [C:/work/UnrealProject_C7/ShootingGame/Saved/Config/Windows/Engine.ini]
[2022.07.06-01.40.13:308][  0]LogConfig: Setting CVar [[gc.MaxObjectsNotConsideredByGC:1]]
[2022.07.06-01.40.13:308][  0]LogConfig: Setting CVar [[gc.SizeOfPermanentObjectPool:0]]
[2022.07.06-01.40.13:308][  0]LogConfig: Setting CVar [[gc.FlushStreamingOnGC:0]]
[2022.07.06-01.40.13:308][  0]LogConfig: Setting CVar [[gc.NumRetriesBeforeForcingGC:10]]
[2022.07.06-01.40.13:308][  0]LogConfig: Setting CVar [[gc.AllowParallelGC:1]]
[2022.07.06-01.40.13:308][  0]LogConfig: Setting CVar [[gc.TimeBetweenPurgingPendingKillObjects:61.1]]
[2022.07.06-01.40.13:308][  0]LogConfig: Setting CVar [[gc.MaxObjectsInEditor:25165824]]
[2022.07.06-01.40.13:308][  0]LogConfig: Setting CVar [[gc.IncrementalBeginDestroyEnabled:1]]
[2022.07.06-01.40.13:308][  0]LogConfig: Setting CVar [[gc.CreateGCClusters:1]]
[2022.07.06-01.40.13:308][  0]LogConfig: Setting CVar [[gc.MinGCClusterSize:5]]
[2022.07.06-01.40.13:308][  0]LogConfig: Setting CVar [[gc.ActorClusteringEnabled:0]]
[2022.07.06-01.40.13:308][  0]LogConfig: Setting CVar [[gc.BlueprintClusteringEnabled:0]]
[2022.07.06-01.40.13:308][  0]LogConfig: Setting CVar [[gc.UseDisregardForGCOnDedicatedServers:0]]
[2022.07.06-01.40.13:308][  0]LogConfig: Setting CVar [[gc.MultithreadedDestructionEnabled:1]]
[2022.07.06-01.40.13:308][  0]LogConfig: Applying CVar settings from Section [/Script/Engine.NetworkSettings] File [C:/work/UnrealProject_C7/ShootingGame/Saved/Config/Windows/Engine.ini]
[2022.07.06-01.40.13:308][  0]LogConfig: Applying CVar settings from Section [/Script/UnrealEd.CookerSettings] File [C:/work/UnrealProject_C7/ShootingGame/Saved/Config/Windows/Engine.ini]
[2022.07.06-01.40.13:312][  0]LogConfig: Applying CVar settings from Section [ViewDistanceQuality@3] File [C:/work/UnrealProject_C7/ShootingGame/Saved/Config/Windows/Scalability.ini]
[2022.07.06-01.40.13:312][  0]LogConfig: Setting CVar [[r.SkeletalMeshLODBias:0]]
[2022.07.06-01.40.13:312][  0]LogConfig: Setting CVar [[r.ViewDistanceScale:1.0]]
[2022.07.06-01.40.13:312][  0]LogConfig: Applying CVar settings from Section [AntiAliasingQuality@3] File [C:/work/UnrealProject_C7/ShootingGame/Saved/Config/Windows/Scalability.ini]
[2022.07.06-01.40.13:312][  0]LogConfig: Setting CVar [[r.PostProcessAAQuality:4]]
[2022.07.06-01.40.13:312][  0]LogConfig: Applying CVar settings from Section [ShadowQuality@3] File [C:/work/UnrealProject_C7/ShootingGame/Saved/Config/Windows/Scalability.ini]
[2022.07.06-01.40.13:312][  0]LogConfig: Setting CVar [[r.LightFunctionQuality:1]]
[2022.07.06-01.40.13:312][  0]LogConfig: Setting CVar [[r.ShadowQuality:5]]
[2022.07.06-01.40.13:312][  0]LogConfig: Setting CVar [[r.Shadow.CSM.MaxCascades:10]]
[2022.07.06-01.40.13:312][  0]LogConfig: Setting CVar [[r.Shadow.MaxResolution:2048]]
[2022.07.06-01.40.13:312][  0]LogConfig: Setting CVar [[r.Shadow.MaxCSMResolution:2048]]
[2022.07.06-01.40.13:312][  0]LogConfig: Setting CVar [[r.Shadow.RadiusThreshold:0.01]]
[2022.07.06-01.40.13:312][  0]LogConfig: Setting CVar [[r.Shadow.DistanceScale:1.0]]
[2022.07.06-01.40.13:312][  0]LogConfig: Setting CVar [[r.Shadow.CSM.TransitionScale:1.0]]
[2022.07.06-01.40.13:312][  0]LogConfig: Setting CVar [[r.Shadow.PreShadowResolutionFactor:1.0]]
[2022.07.06-01.40.13:312][  0]LogConfig: Setting CVar [[r.DistanceFieldShadowing:1]]
[2022.07.06-01.40.13:312][  0]LogConfig: Setting CVar [[r.DistanceFieldAO:1]]
[2022.07.06-01.40.13:312][  0]LogConfig: Setting CVar [[r.AOQuality:2]]
[2022.07.06-01.40.13:312][  0]LogConfig: Setting CVar [[r.VolumetricFog:1]]
[2022.07.06-01.40.13:312][  0]LogConfig: Setting CVar [[r.VolumetricFog.GridPixelSize:8]]
[2022.07.06-01.40.13:312][  0]LogConfig: Setting CVar [[r.VolumetricFog.GridSizeZ:128]]
[2022.07.06-01.40.13:312][  0]LogConfig: Setting CVar [[r.VolumetricFog.HistoryMissSupersampleCount:4]]
[2022.07.06-01.40.13:312][  0]LogConfig: Setting CVar [[r.LightMaxDrawDistanceScale:1]]
[2022.07.06-01.40.13:312][  0]LogConfig: Setting CVar [[r.CapsuleShadows:1]]
[2022.07.06-01.40.13:312][  0]LogConfig: Applying CVar settings from Section [PostProcessQuality@3] File [C:/work/UnrealProject_C7/ShootingGame/Saved/Config/Windows/Scalability.ini]
[2022.07.06-01.40.13:312][  0]LogConfig: Setting CVar [[r.MotionBlurQuality:4]]
[2022.07.06-01.40.13:312][  0]LogConfig: Setting CVar [[r.AmbientOcclusionMipLevelFactor:0.4]]
[2022.07.06-01.40.13:312][  0]LogConfig: Setting CVar [[r.AmbientOcclusionMaxQuality:100]]
[2022.07.06-01.40.13:312][  0]LogConfig: Setting CVar [[r.AmbientOcclusionLevels:-1]]
[2022.07.06-01.40.13:312][  0]LogConfig: Setting CVar [[r.AmbientOcclusionRadiusScale:1.0]]
[2022.07.06-01.40.13:312][  0]LogConfig: Setting CVar [[r.DepthOfFieldQuality:2]]
[2022.07.06-01.40.13:312][  0]LogConfig: Setting CVar [[r.RenderTargetPoolMin:400]]
[2022.07.06-01.40.13:312][  0]LogConfig: Setting CVar [[r.LensFlareQuality:2]]
[2022.07.06-01.40.13:312][  0]LogConfig: Setting CVar [[r.SceneColorFringeQuality:1]]
[2022.07.06-01.40.13:312][  0]LogConfig: Setting CVar [[r.EyeAdaptationQuality:2]]
[2022.07.06-01.40.13:312][  0]LogConfig: Setting CVar [[r.BloomQuality:5]]
[2022.07.06-01.40.13:312][  0]LogConfig: Setting CVar [[r.FastBlurThreshold:100]]
[2022.07.06-01.40.13:312][  0]LogConfig: Setting CVar [[r.Upscale.Quality:3]]
[2022.07.06-01.40.13:312][  0]LogConfig: Setting CVar [[r.Tonemapper.GrainQuantization:1]]
[2022.07.06-01.40.13:312][  0]LogConfig: Setting CVar [[r.LightShaftQuality:1]]
[2022.07.06-01.40.13:312][  0]LogConfig: Setting CVar [[r.Filter.SizeScale:1]]
[2022.07.06-01.40.13:312][  0]LogConfig: Setting CVar [[r.Tonemapper.Quality:5]]
[2022.07.06-01.40.13:312][  0]LogConfig: Setting CVar [[r.DOF.Gather.AccumulatorQuality:1        ; higher gathering accumulator quality]]
[2022.07.06-01.40.13:312][  0]LogConfig: Setting CVar [[r.DOF.Gather.PostfilterMethod:1          ; Median3x3 postfilering method]]
[2022.07.06-01.40.13:312][  0]LogConfig: Setting CVar [[r.DOF.Gather.EnableBokehSettings:0       ; no bokeh simulation when gathering]]
[2022.07.06-01.40.13:312][  0]LogConfig: Setting CVar [[r.DOF.Gather.RingCount:4                 ; medium number of samples when gathering]]
[2022.07.06-01.40.13:312][  0]LogConfig: Setting CVar [[r.DOF.Scatter.ForegroundCompositing:1    ; additive foreground scattering]]
[2022.07.06-01.40.13:312][  0]LogConfig: Setting CVar [[r.DOF.Scatter.BackgroundCompositing:2    ; additive background scattering]]
[2022.07.06-01.40.13:312][  0]LogConfig: Setting CVar [[r.DOF.Scatter.EnableBokehSettings:1      ; bokeh simulation when scattering]]
[2022.07.06-01.40.13:312][  0]LogConfig: Setting CVar [[r.DOF.Scatter.MaxSpriteRatio:0.1         ; only a maximum of 10% of scattered bokeh]]
[2022.07.06-01.40.13:312][  0]LogConfig: Setting CVar [[r.DOF.Recombine.Quality:1                ; cheap slight out of focus]]
[2022.07.06-01.40.13:312][  0]LogConfig: Setting CVar [[r.DOF.Recombine.EnableBokehSettings:0    ; no bokeh simulation on slight out of focus]]
[2022.07.06-01.40.13:312][  0]LogConfig: Setting CVar [[r.DOF.TemporalAAQuality:1                ; more stable temporal accumulation]]
[2022.07.06-01.40.13:312][  0]LogConfig: Setting CVar [[r.DOF.Kernel.MaxForegroundRadius:0.025]]
[2022.07.06-01.40.13:312][  0]LogConfig: Setting CVar [[r.DOF.Kernel.MaxBackgroundRadius:0.025]]
[2022.07.06-01.40.13:312][  0]LogConfig: Applying CVar settings from Section [TextureQuality@3] File [C:/work/UnrealProject_C7/ShootingGame/Saved/Config/Windows/Scalability.ini]
[2022.07.06-01.40.13:312][  0]LogConfig: Setting CVar [[r.Streaming.MipBias:0]]
[2022.07.06-01.40.13:312][  0]LogConfig: Setting CVar [[r.Streaming.AmortizeCPUToGPUCopy:0]]
[2022.07.06-01.40.13:312][  0]LogConfig: Setting CVar [[r.Streaming.MaxNumTexturesToStreamPerFrame:0]]
[2022.07.06-01.40.13:312][  0]LogConfig: Setting CVar [[r.Streaming.Boost:1]]
[2022.07.06-01.40.13:312][  0]LogConfig: Setting CVar [[r.MaxAnisotropy:8]]
[2022.07.06-01.40.13:312][  0]LogConfig: Setting CVar [[r.VT.MaxAnisotropy:8]]
[2022.07.06-01.40.13:312][  0]LogConfig: Setting CVar [[r.Streaming.LimitPoolSizeToVRAM:0]]
[2022.07.06-01.40.13:312][  0]LogConfig: Setting CVar [[r.Streaming.PoolSize:1000]]
[2022.07.06-01.40.13:312][  0]LogConfig: Setting CVar [[r.Streaming.MaxEffectiveScreenSize:0]]
[2022.07.06-01.40.13:312][  0]LogConfig: Applying CVar settings from Section [EffectsQuality@3] File [C:/work/UnrealProject_C7/ShootingGame/Saved/Config/Windows/Scalability.ini]
[2022.07.06-01.40.13:312][  0]LogConfig: Setting CVar [[r.TranslucencyLightingVolumeDim:64]]
[2022.07.06-01.40.13:312][  0]LogConfig: Setting CVar [[r.RefractionQuality:2]]
[2022.07.06-01.40.13:313][  0]LogConfig: Setting CVar [[r.SSR.Quality:3]]
[2022.07.06-01.40.13:313][  0]LogConfig: Setting CVar [[r.SSR.HalfResSceneColor:0]]
[2022.07.06-01.40.13:313][  0]LogConfig: Setting CVar [[r.SceneColorFormat:4]]
[2022.07.06-01.40.13:313][  0]LogConfig: Setting CVar [[r.DetailMode:2]]
[2022.07.06-01.40.13:313][  0]LogConfig: Setting CVar [[r.TranslucencyVolumeBlur:1]]
[2022.07.06-01.40.13:313][  0]LogConfig: Setting CVar [[r.MaterialQualityLevel:1 ; High quality]]
[2022.07.06-01.40.13:313][  0]LogConfig: Setting CVar [[r.AnisotropicMaterials:1]]
[2022.07.06-01.40.13:313][  0]LogConfig: Setting CVar [[r.SSS.Scale:1]]
[2022.07.06-01.40.13:313][  0]LogConfig: Setting CVar [[r.SSS.SampleSet:2]]
[2022.07.06-01.40.13:313][  0]LogConfig: Setting CVar [[r.SSS.Quality:1]]
[2022.07.06-01.40.13:313][  0]LogConfig: Setting CVar [[r.SSS.HalfRes:0]]
[2022.07.06-01.40.13:313][  0]LogConfig: Setting CVar [[r.SSGI.Quality:3]]
[2022.07.06-01.40.13:313][  0]LogConfig: Setting CVar [[r.EmitterSpawnRateScale:1.0]]
[2022.07.06-01.40.13:313][  0]LogConfig: Setting CVar [[r.ParticleLightQuality:2]]
[2022.07.06-01.40.13:313][  0]LogConfig: Setting CVar [[r.SkyAtmosphere.AerialPerspectiveLUT.FastApplyOnOpaque:1 ; Always have FastSkyLUT 1 in this case to avoid wrong sky]]
[2022.07.06-01.40.13:313][  0]LogConfig: Setting CVar [[r.SkyAtmosphere.AerialPerspectiveLUT.SampleCountMaxPerSlice:4]]
[2022.07.06-01.40.13:313][  0]LogConfig: Setting CVar [[r.SkyAtmosphere.AerialPerspectiveLUT.DepthResolution:16.0]]
[2022.07.06-01.40.13:313][  0]LogConfig: Setting CVar [[r.SkyAtmosphere.FastSkyLUT:1]]
[2022.07.06-01.40.13:313][  0]LogConfig: Setting CVar [[r.SkyAtmosphere.FastSkyLUT.SampleCountMin:4.0]]
[2022.07.06-01.40.13:313][  0]LogConfig: Setting CVar [[r.SkyAtmosphere.FastSkyLUT.SampleCountMax:128.0]]
[2022.07.06-01.40.13:313][  0]LogConfig: Setting CVar [[r.SkyAtmosphere.SampleCountMin:4.0]]
[2022.07.06-01.40.13:313][  0]LogConfig: Setting CVar [[r.SkyAtmosphere.SampleCountMax:128.0]]
[2022.07.06-01.40.13:313][  0]LogConfig: Setting CVar [[r.SkyAtmosphere.TransmittanceLUT.UseSmallFormat:0]]
[2022.07.06-01.40.13:313][  0]LogConfig: Setting CVar [[r.SkyAtmosphere.TransmittanceLUT.SampleCount:10.0]]
[2022.07.06-01.40.13:313][  0]LogConfig: Setting CVar [[r.SkyAtmosphere.MultiScatteringLUT.SampleCount:15.0]]
[2022.07.06-01.40.13:313][  0]LogConfig: Setting CVar [[r.SkyLight.RealTimeReflectionCapture:1]]
[2022.07.06-01.40.13:313][  0]LogConfig: Applying CVar settings from Section [FoliageQuality@3] File [C:/work/UnrealProject_C7/ShootingGame/Saved/Config/Windows/Scalability.ini]
[2022.07.06-01.40.13:313][  0]LogConfig: Setting CVar [[foliage.DensityScale:1.0]]
[2022.07.06-01.40.13:313][  0]LogConfig: Setting CVar [[grass.DensityScale:1.0]]
[2022.07.06-01.40.13:313][  0]LogConfig: Applying CVar settings from Section [ShadingQuality@3] File [C:/work/UnrealProject_C7/ShootingGame/Saved/Config/Windows/Scalability.ini]
[2022.07.06-01.40.13:313][  0]LogConfig: Setting CVar [[r.HairStrands.SkyLighting.IntegrationType:2]]
[2022.07.06-01.40.13:313][  0]LogConfig: Setting CVar [[r.HairStrands.SkyAO.SampleCount:4]]
[2022.07.06-01.40.13:313][  0]LogConfig: Setting CVar [[r.HairStrands.Visibility.MSAA.SamplePerPixel:4]]
[2022.07.06-01.40.13:313][  0]LogInit: Selected Device Profile: [Windows]
[2022.07.06-01.40.13:313][  0]LogInit: Applying CVar settings loaded from the selected device profile: [Windows]
[2022.07.06-01.40.13:313][  0]LogHAL: Display: Platform has ~ 16 GB [16989282304 / 17179869184 / 16], which maps to Larger [LargestMinGB=32, LargerMinGB=12, DefaultMinGB=8, SmallerMinGB=6, SmallestMinGB=0)
[2022.07.06-01.40.13:313][  0]LogInit: Going up to parent DeviceProfile []
[2022.07.06-01.40.13:313][  0]LogConfig: Applying CVar settings from Section [ViewDistanceQuality@3] File [C:/work/UnrealProject_C7/ShootingGame/Saved/Config/Windows/Scalability.ini]
[2022.07.06-01.40.13:313][  0]LogConfig: Setting CVar [[r.SkeletalMeshLODBias:0]]
[2022.07.06-01.40.13:313][  0]LogConfig: Setting CVar [[r.ViewDistanceScale:1.0]]
[2022.07.06-01.40.13:313][  0]LogConfig: Applying CVar settings from Section [AntiAliasingQuality@3] File [C:/work/UnrealProject_C7/ShootingGame/Saved/Config/Windows/Scalability.ini]
[2022.07.06-01.40.13:313][  0]LogConfig: Setting CVar [[r.PostProcessAAQuality:4]]
[2022.07.06-01.40.13:313][  0]LogConfig: Applying CVar settings from Section [ShadowQuality@3] File [C:/work/UnrealProject_C7/ShootingGame/Saved/Config/Windows/Scalability.ini]
[2022.07.06-01.40.13:313][  0]LogConfig: Setting CVar [[r.LightFunctionQuality:1]]
[2022.07.06-01.40.13:313][  0]LogConfig: Setting CVar [[r.ShadowQuality:5]]
[2022.07.06-01.40.13:313][  0]LogConfig: Setting CVar [[r.Shadow.CSM.MaxCascades:10]]
[2022.07.06-01.40.13:313][  0]LogConfig: Setting CVar [[r.Shadow.MaxResolution:2048]]
[2022.07.06-01.40.13:313][  0]LogConfig: Setting CVar [[r.Shadow.MaxCSMResolution:2048]]
[2022.07.06-01.40.13:313][  0]LogConfig: Setting CVar [[r.Shadow.RadiusThreshold:0.01]]
[2022.07.06-01.40.13:313][  0]LogConfig: Setting CVar [[r.Shadow.DistanceScale:1.0]]
[2022.07.06-01.40.13:313][  0]LogConfig: Setting CVar [[r.Shadow.CSM.TransitionScale:1.0]]
[2022.07.06-01.40.13:313][  0]LogConfig: Setting CVar [[r.Shadow.PreShadowResolutionFactor:1.0]]
[2022.07.06-01.40.13:313][  0]LogConfig: Setting CVar [[r.DistanceFieldShadowing:1]]
[2022.07.06-01.40.13:313][  0]LogConfig: Setting CVar [[r.DistanceFieldAO:1]]
[2022.07.06-01.40.13:313][  0]LogConfig: Setting CVar [[r.AOQuality:2]]
[2022.07.06-01.40.13:313][  0]LogConfig: Setting CVar [[r.VolumetricFog:1]]
[2022.07.06-01.40.13:313][  0]LogConfig: Setting CVar [[r.VolumetricFog.GridPixelSize:8]]
[2022.07.06-01.40.13:313][  0]LogConfig: Setting CVar [[r.VolumetricFog.GridSizeZ:128]]
[2022.07.06-01.40.13:313][  0]LogConfig: Setting CVar [[r.VolumetricFog.HistoryMissSupersampleCount:4]]
[2022.07.06-01.40.13:313][  0]LogConfig: Setting CVar [[r.LightMaxDrawDistanceScale:1]]
[2022.07.06-01.40.13:313][  0]LogConfig: Setting CVar [[r.CapsuleShadows:1]]
[2022.07.06-01.40.13:313][  0]LogConfig: Applying CVar settings from Section [PostProcessQuality@3] File [C:/work/UnrealProject_C7/ShootingGame/Saved/Config/Windows/Scalability.ini]
[2022.07.06-01.40.13:313][  0]LogConfig: Setting CVar [[r.MotionBlurQuality:4]]
[2022.07.06-01.40.13:313][  0]LogConfig: Setting CVar [[r.AmbientOcclusionMipLevelFactor:0.4]]
[2022.07.06-01.40.13:313][  0]LogConfig: Setting CVar [[r.AmbientOcclusionMaxQuality:100]]
[2022.07.06-01.40.13:313][  0]LogConfig: Setting CVar [[r.AmbientOcclusionLevels:-1]]
[2022.07.06-01.40.13:313][  0]LogConfig: Setting CVar [[r.AmbientOcclusionRadiusScale:1.0]]
[2022.07.06-01.40.13:313][  0]LogConfig: Setting CVar [[r.DepthOfFieldQuality:2]]
[2022.07.06-01.40.13:313][  0]LogConfig: Setting CVar [[r.RenderTargetPoolMin:400]]
[2022.07.06-01.40.13:313][  0]LogConfig: Setting CVar [[r.LensFlareQuality:2]]
[2022.07.06-01.40.13:313][  0]LogConfig: Setting CVar [[r.SceneColorFringeQuality:1]]
[2022.07.06-01.40.13:313][  0]LogConfig: Setting CVar [[r.EyeAdaptationQuality:2]]
[2022.07.06-01.40.13:313][  0]LogConfig: Setting CVar [[r.BloomQuality:5]]
[2022.07.06-01.40.13:313][  0]LogConfig: Setting CVar [[r.FastBlurThreshold:100]]
[2022.07.06-01.40.13:313][  0]LogConfig: Setting CVar [[r.Upscale.Quality:3]]
[2022.07.06-01.40.13:313][  0]LogConfig: Setting CVar [[r.Tonemapper.GrainQuantization:1]]
[2022.07.06-01.40.13:313][  0]LogConfig: Setting CVar [[r.LightShaftQuality:1]]
[2022.07.06-01.40.13:313][  0]LogConfig: Setting CVar [[r.Filter.SizeScale:1]]
[2022.07.06-01.40.13:313][  0]LogConfig: Setting CVar [[r.Tonemapper.Quality:5]]
[2022.07.06-01.40.13:313][  0]LogConfig: Setting CVar [[r.DOF.Gather.AccumulatorQuality:1        ; higher gathering accumulator quality]]
[2022.07.06-01.40.13:313][  0]LogConfig: Setting CVar [[r.DOF.Gather.PostfilterMethod:1          ; Median3x3 postfilering method]]
[2022.07.06-01.40.13:313][  0]LogConfig: Setting CVar [[r.DOF.Gather.EnableBokehSettings:0       ; no bokeh simulation when gathering]]
[2022.07.06-01.40.13:313][  0]LogConfig: Setting CVar [[r.DOF.Gather.RingCount:4                 ; medium number of samples when gathering]]
[2022.07.06-01.40.13:313][  0]LogConfig: Setting CVar [[r.DOF.Scatter.ForegroundCompositing:1    ; additive foreground scattering]]
[2022.07.06-01.40.13:313][  0]LogConfig: Setting CVar [[r.DOF.Scatter.BackgroundCompositing:2    ; additive background scattering]]
[2022.07.06-01.40.13:313][  0]LogConfig: Setting CVar [[r.DOF.Scatter.EnableBokehSettings:1      ; bokeh simulation when scattering]]
[2022.07.06-01.40.13:313][  0]LogConfig: Setting CVar [[r.DOF.Scatter.MaxSpriteRatio:0.1         ; only a maximum of 10% of scattered bokeh]]
[2022.07.06-01.40.13:313][  0]LogConfig: Setting CVar [[r.DOF.Recombine.Quality:1                ; cheap slight out of focus]]
[2022.07.06-01.40.13:313][  0]LogConfig: Setting CVar [[r.DOF.Recombine.EnableBokehSettings:0    ; no bokeh simulation on slight out of focus]]
[2022.07.06-01.40.13:313][  0]LogConfig: Setting CVar [[r.DOF.TemporalAAQuality:1                ; more stable temporal accumulation]]
[2022.07.06-01.40.13:313][  0]LogConfig: Setting CVar [[r.DOF.Kernel.MaxForegroundRadius:0.025]]
[2022.07.06-01.40.13:314][  0]LogConfig: Setting CVar [[r.DOF.Kernel.MaxBackgroundRadius:0.025]]
[2022.07.06-01.40.13:314][  0]LogConfig: Applying CVar settings from Section [TextureQuality@3] File [C:/work/UnrealProject_C7/ShootingGame/Saved/Config/Windows/Scalability.ini]
[2022.07.06-01.40.13:314][  0]LogConfig: Setting CVar [[r.Streaming.MipBias:0]]
[2022.07.06-01.40.13:314][  0]LogConfig: Setting CVar [[r.Streaming.AmortizeCPUToGPUCopy:0]]
[2022.07.06-01.40.13:314][  0]LogConfig: Setting CVar [[r.Streaming.MaxNumTexturesToStreamPerFrame:0]]
[2022.07.06-01.40.13:314][  0]LogConfig: Setting CVar [[r.Streaming.Boost:1]]
[2022.07.06-01.40.13:314][  0]LogConfig: Setting CVar [[r.MaxAnisotropy:8]]
[2022.07.06-01.40.13:314][  0]LogConfig: Setting CVar [[r.VT.MaxAnisotropy:8]]
[2022.07.06-01.40.13:314][  0]LogConfig: Setting CVar [[r.Streaming.LimitPoolSizeToVRAM:0]]
[2022.07.06-01.40.13:314][  0]LogConfig: Setting CVar [[r.Streaming.PoolSize:1000]]
[2022.07.06-01.40.13:314][  0]LogConfig: Setting CVar [[r.Streaming.MaxEffectiveScreenSize:0]]
[2022.07.06-01.40.13:314][  0]LogConfig: Applying CVar settings from Section [EffectsQuality@3] File [C:/work/UnrealProject_C7/ShootingGame/Saved/Config/Windows/Scalability.ini]
[2022.07.06-01.40.13:314][  0]LogConfig: Setting CVar [[r.TranslucencyLightingVolumeDim:64]]
[2022.07.06-01.40.13:314][  0]LogConfig: Setting CVar [[r.RefractionQuality:2]]
[2022.07.06-01.40.13:314][  0]LogConfig: Setting CVar [[r.SSR.Quality:3]]
[2022.07.06-01.40.13:314][  0]LogConfig: Setting CVar [[r.SSR.HalfResSceneColor:0]]
[2022.07.06-01.40.13:314][  0]LogConfig: Setting CVar [[r.SceneColorFormat:4]]
[2022.07.06-01.40.13:314][  0]LogConfig: Setting CVar [[r.DetailMode:2]]
[2022.07.06-01.40.13:314][  0]LogConfig: Setting CVar [[r.TranslucencyVolumeBlur:1]]
[2022.07.06-01.40.13:314][  0]LogConfig: Setting CVar [[r.MaterialQualityLevel:1 ; High quality]]
[2022.07.06-01.40.13:314][  0]LogConfig: Setting CVar [[r.AnisotropicMaterials:1]]
[2022.07.06-01.40.13:314][  0]LogConfig: Setting CVar [[r.SSS.Scale:1]]
[2022.07.06-01.40.13:314][  0]LogConfig: Setting CVar [[r.SSS.SampleSet:2]]
[2022.07.06-01.40.13:314][  0]LogConfig: Setting CVar [[r.SSS.Quality:1]]
[2022.07.06-01.40.13:314][  0]LogConfig: Setting CVar [[r.SSS.HalfRes:0]]
[2022.07.06-01.40.13:314][  0]LogConfig: Setting CVar [[r.SSGI.Quality:3]]
[2022.07.06-01.40.13:314][  0]LogConfig: Setting CVar [[r.EmitterSpawnRateScale:1.0]]
[2022.07.06-01.40.13:314][  0]LogConfig: Setting CVar [[r.ParticleLightQuality:2]]
[2022.07.06-01.40.13:314][  0]LogConfig: Setting CVar [[r.SkyAtmosphere.AerialPerspectiveLUT.FastApplyOnOpaque:1 ; Always have FastSkyLUT 1 in this case to avoid wrong sky]]
[2022.07.06-01.40.13:314][  0]LogConfig: Setting CVar [[r.SkyAtmosphere.AerialPerspectiveLUT.SampleCountMaxPerSlice:4]]
[2022.07.06-01.40.13:314][  0]LogConfig: Setting CVar [[r.SkyAtmosphere.AerialPerspectiveLUT.DepthResolution:16.0]]
[2022.07.06-01.40.13:314][  0]LogConfig: Setting CVar [[r.SkyAtmosphere.FastSkyLUT:1]]
[2022.07.06-01.40.13:314][  0]LogConfig: Setting CVar [[r.SkyAtmosphere.FastSkyLUT.SampleCountMin:4.0]]
[2022.07.06-01.40.13:314][  0]LogConfig: Setting CVar [[r.SkyAtmosphere.FastSkyLUT.SampleCountMax:128.0]]
[2022.07.06-01.40.13:314][  0]LogConfig: Setting CVar [[r.SkyAtmosphere.SampleCountMin:4.0]]
[2022.07.06-01.40.13:314][  0]LogConfig: Setting CVar [[r.SkyAtmosphere.SampleCountMax:128.0]]
[2022.07.06-01.40.13:314][  0]LogConfig: Setting CVar [[r.SkyAtmosphere.TransmittanceLUT.UseSmallFormat:0]]
[2022.07.06-01.40.13:314][  0]LogConfig: Setting CVar [[r.SkyAtmosphere.TransmittanceLUT.SampleCount:10.0]]
[2022.07.06-01.40.13:314][  0]LogConfig: Setting CVar [[r.SkyAtmosphere.MultiScatteringLUT.SampleCount:15.0]]
[2022.07.06-01.40.13:314][  0]LogConfig: Setting CVar [[r.SkyLight.RealTimeReflectionCapture:1]]
[2022.07.06-01.40.13:314][  0]LogConfig: Applying CVar settings from Section [FoliageQuality@3] File [C:/work/UnrealProject_C7/ShootingGame/Saved/Config/Windows/Scalability.ini]
[2022.07.06-01.40.13:314][  0]LogConfig: Setting CVar [[foliage.DensityScale:1.0]]
[2022.07.06-01.40.13:314][  0]LogConfig: Setting CVar [[grass.DensityScale:1.0]]
[2022.07.06-01.40.13:314][  0]LogConfig: Applying CVar settings from Section [ShadingQuality@3] File [C:/work/UnrealProject_C7/ShootingGame/Saved/Config/Windows/Scalability.ini]
[2022.07.06-01.40.13:314][  0]LogConfig: Setting CVar [[r.HairStrands.SkyLighting.IntegrationType:2]]
[2022.07.06-01.40.13:314][  0]LogConfig: Setting CVar [[r.HairStrands.SkyAO.SampleCount:4]]
[2022.07.06-01.40.13:314][  0]LogConfig: Setting CVar [[r.HairStrands.Visibility.MSAA.SamplePerPixel:4]]
[2022.07.06-01.40.13:314][  0]LogConfig: Applying CVar settings from Section [Startup] File [../../../Engine/Config/ConsoleVariables.ini]
[2022.07.06-01.40.13:315][  0]LogConfig: Setting CVar [[net.UseAdaptiveNetUpdateFrequency:0]]
[2022.07.06-01.40.13:315][  0]LogConfig: Setting CVar [[p.chaos.AllowCreatePhysxBodies:1]]
[2022.07.06-01.40.13:315][  0]LogConfig: Setting CVar [[fx.SkipVectorVMBackendOptimizations:1]]
[2022.07.06-01.40.13:315][  0]LogConfig: Applying CVar settings from Section [ConsoleVariables] File [C:/work/UnrealProject_C7/ShootingGame/Saved/Config/Windows/Engine.ini]
[2022.07.06-01.40.13:315][  0]LogConfig: Applying CVar settings from Section [ConsoleVariables] File [C:/work/UnrealProject_C7/ShootingGame/Saved/Config/Windows/Editor.ini]
[2022.07.06-01.40.13:315][  0]LogInit: Computer: DESKTOP-HME5P3N
[2022.07.06-01.40.13:315][  0]LogInit: User: parkdoyoung
[2022.07.06-01.40.13:315][  0]LogInit: CPU Page size=4096, Cores=4
[2022.07.06-01.40.13:315][  0]LogInit: High frequency timer resolution =10.000000 MHz
[2022.07.06-01.40.13:315][  0]LogMemory: Memory total: Physical=15.8GB (16GB approx)
[2022.07.06-01.40.13:315][  0]LogMemory: Platform Memory Stats for Windows
[2022.07.06-01.40.13:315][  0]LogMemory: Process Physical Memory: 140.97 MB used, 140.98 MB peak
[2022.07.06-01.40.13:315][  0]LogMemory: Process Virtual Memory: 126.22 MB used, 126.22 MB peak
[2022.07.06-01.40.13:315][  0]LogMemory: Physical Memory: 7456.16 MB used,  8746.08 MB free, 16202.24 MB total
[2022.07.06-01.40.13:315][  0]LogMemory: Virtual Memory: 134202752.00 MB used,  14974.58 MB free, 134217728.00 MB total
[2022.07.06-01.40.13:319][  0]LogWindows: WindowsPlatformFeatures enabled
[2022.07.06-01.40.13:337][  0]LogInit: Physics initialised using underlying interface: PhysX
[2022.07.06-01.40.13:337][  0]LogInit: Using OS detected language (ko-KR).
[2022.07.06-01.40.13:337][  0]LogInit: Using OS detected locale (ko-KR).
[2022.07.06-01.40.13:340][  0]LogTextLocalizationManager: No specific localization for 'ko-KR' exists, so the 'ko' localization will be used.
[2022.07.06-01.40.13:469][  0]LogWindowsTextInputMethodSystem: Display: IME system deactivated.
[2022.07.06-01.40.13:481][  0]LogSlate: New Slate User Created.  User Index 0, Is Virtual User: 0
[2022.07.06-01.40.13:481][  0]LogSlate: Slate User Registered.  User Index 0, Is Virtual User: 0
[2022.07.06-01.40.13:493][  0]LogD3D11RHI: Loaded GFSDK_Aftermath_Lib.x64.dll
[2022.07.06-01.40.13:495][  0]LogHMD: Failed to initialize OpenVR with code 110
[2022.07.06-01.40.13:495][  0]LogD3D11RHI: D3D11 min allowed feature level: 11_0
[2022.07.06-01.40.13:495][  0]LogD3D11RHI: D3D11 max allowed feature level: 11_0
[2022.07.06-01.40.13:495][  0]LogD3D11RHI: D3D11 adapters:
[2022.07.06-01.40.13:603][  0]LogD3D11RHI:    0. 'NVIDIA GeForce GTX 1650 with Max-Q Design' (Feature Level 11_0)
[2022.07.06-01.40.13:604][  0]LogD3D11RHI:       3962/0/8101 MB DedicatedVideo/DedicatedSystem/SharedSystem, Outputs:1, VendorId:0x10de
[2022.07.06-01.40.13:620][  0]LogD3D11RHI:    1. 'Intel(R) UHD Graphics' (Feature Level 11_0)
[2022.07.06-01.40.13:620][  0]LogD3D11RHI:       128/0/8101 MB DedicatedVideo/DedicatedSystem/SharedSystem, Outputs:0, VendorId:0x8086
[2022.07.06-01.40.13:622][  0]LogD3D11RHI:    2. 'Microsoft Basic Render Driver' (Feature Level 11_0)
[2022.07.06-01.40.13:622][  0]LogD3D11RHI:       0/0/8101 MB DedicatedVideo/DedicatedSystem/SharedSystem, Outputs:0, VendorId:0x1414
[2022.07.06-01.40.13:622][  0]LogD3D11RHI: Chosen D3D11 Adapter:
[2022.07.06-01.40.13:622][  0]LogD3D11RHI:     Description : NVIDIA GeForce GTX 1650 with Max-Q Design
[2022.07.06-01.40.13:622][  0]LogD3D11RHI:     VendorId    : 10de
[2022.07.06-01.40.13:622][  0]LogD3D11RHI:     DeviceId    : 1f9d
[2022.07.06-01.40.13:622][  0]LogD3D11RHI:     SubSysId    : 12f41462
[2022.07.06-01.40.13:622][  0]LogD3D11RHI:     Revision    : 00a1
[2022.07.06-01.40.13:622][  0]LogD3D11RHI:     DedicatedVideoMemory : 4154458112 bytes
[2022.07.06-01.40.13:622][  0]LogD3D11RHI:     DedicatedSystemMemory : 0 bytes
[2022.07.06-01.40.13:622][  0]LogD3D11RHI:     SharedSystemMemory : 8494641152 bytes
[2022.07.06-01.40.13:622][  0]LogD3D11RHI:     AdapterLuid : 0 55500
[2022.07.06-01.40.13:627][  0]LogD3D11RHI: Creating new Direct3DDevice
[2022.07.06-01.40.13:627][  0]LogD3D11RHI:     GPU DeviceId: 0x1f9d (for the marketing name, search the web for "GPU Device Id")
[2022.07.06-01.40.13:627][  0]LogWindows: EnumDisplayDevices:
[2022.07.06-01.40.13:627][  0]LogWindows:    0. 'Intel(R) UHD Graphics' (P:1 D:1)
[2022.07.06-01.40.13:627][  0]LogWindows:    1. 'Intel(R) UHD Graphics' (P:0 D:0)
[2022.07.06-01.40.13:627][  0]LogWindows:    2. 'Intel(R) UHD Graphics' (P:0 D:0)
[2022.07.06-01.40.13:628][  0]LogWindows: DebugString: PrimaryIsNotTheChoosenAdapter PrimaryIsNotTheChoosenAdapter PrimaryIsNotTheChoosenAdapter FoundDriverCount:0 
[2022.07.06-01.40.13:628][  0]LogD3D11RHI:     Adapter Name: NVIDIA GeForce GTX 1650 with Max-Q Design
[2022.07.06-01.40.13:628][  0]LogD3D11RHI:   Driver Version: Unknown (internal:Unknown, unified:Unknown)
[2022.07.06-01.40.13:628][  0]LogD3D11RHI:      Driver Date: Unknown
[2022.07.06-01.40.13:628][  0]LogRHI: Texture pool is 2773 MB (70% of 3962 MB)
[2022.07.06-01.40.13:628][  0]LogD3D11RHI: Creating D3DDevice using adapter:
[2022.07.06-01.40.13:628][  0]LogD3D11RHI:     Description : NVIDIA GeForce GTX 1650 with Max-Q Design
[2022.07.06-01.40.13:628][  0]LogD3D11RHI:     VendorId    : 10de
[2022.07.06-01.40.13:628][  0]LogD3D11RHI:     DeviceId    : 1f9d
[2022.07.06-01.40.13:628][  0]LogD3D11RHI:     SubSysId    : 12f41462
[2022.07.06-01.40.13:628][  0]LogD3D11RHI:     Revision    : 00a1
[2022.07.06-01.40.13:628][  0]LogD3D11RHI:     DedicatedVideoMemory : 4154458112 bytes
[2022.07.06-01.40.13:628][  0]LogD3D11RHI:     DedicatedSystemMemory : 0 bytes
[2022.07.06-01.40.13:628][  0]LogD3D11RHI:     SharedSystemMemory : 8494641152 bytes
[2022.07.06-01.40.13:628][  0]LogD3D11RHI:     AdapterLuid : 0 55500
[2022.07.06-01.40.13:705][  0]LogD3D11RHI: RHI has support for 64 bit atomics
[2022.07.06-01.40.13:705][  0]LogD3D11RHI: Async texture creation enabled
[2022.07.06-01.40.13:705][  0]LogD3D11RHI: Array index from any shader is supported
[2022.07.06-01.40.13:727][  0]LogD3D11RHI: GPU Timing Frequency: 1000.000000 (Debug: 2 2)
[2022.07.06-01.40.13:759][  0]LogRHI: GeForceNow SDK initialized: 1
[2022.07.06-01.40.14:046][  0]LogTargetPlatformManager: Display: Loaded TargetPlatform 'WindowsNoEditor'
[2022.07.06-01.40.14:050][  0]LogTargetPlatformManager: Display: Loaded TargetPlatform 'Windows'
[2022.07.06-01.40.14:055][  0]LogTargetPlatformManager: Display: Loaded TargetPlatform 'WindowsClient'
[2022.07.06-01.40.14:060][  0]LogTargetPlatformManager: Display: Loaded TargetPlatform 'WindowsServer'
[2022.07.06-01.40.14:060][  0]LogTargetPlatformManager: Display: Building Assets For Windows
[2022.07.06-01.40.14:065][  0]LogAudioDebug: Display: Lib vorbis DLL was dynamically loaded.
[2022.07.06-01.40.14:094][  0]LogTextureFormatOodle: Display: Oodle Texture 2.9.0 init RDO Off
[2022.07.06-01.40.14:121][  0]LogRendererCore: Ray tracing is disabled. Reason: r.RayTracing=0.
[2022.07.06-01.40.14:121][  0]LogShaderCompilers: Guid format shader working directory is 1 characters bigger than the processId version (../../../../../../work/UnrealProject_C7/ShootingGame/Intermediate/Shaders/WorkingDirectory/456/).
[2022.07.06-01.40.14:121][  0]LogShaderCompilers: Cleaned the shader compiler working directory 'C:/Users/parkdoyoung/AppData/Local/Temp/UnrealShaderWorkingDir/6549F20B49821F998D594A900CE6E4C4/'.
[2022.07.06-01.40.14:121][  0]LogXGEController: Cannot use XGE Controller as Incredibuild is not installed on this machine.
[2022.07.06-01.40.14:121][  0]LogShaderCompilers: Cannot use XGE Shader Compiler as Incredibuild is not installed on this machine.
[2022.07.06-01.40.14:121][  0]LogShaderCompilers: Display: Using Local Shader Compiler.
[2022.07.06-01.40.14:854][  0]LogDerivedDataCache: Display: Max Cache Size: 512 MB
[2022.07.06-01.40.14:912][  0]LogDerivedDataCache: Loaded boot cache 0.06s 94MB C:/Users/parkdoyoung/AppData/Local/UnrealEngine/4.27/DerivedDataCache/Boot.ddc.
[2022.07.06-01.40.14:912][  0]LogDerivedDataCache: Display: Loaded Boot cache: C:/Users/parkdoyoung/AppData/Local/UnrealEngine/4.27/DerivedDataCache/Boot.ddc
[2022.07.06-01.40.14:913][  0]LogDerivedDataCache: FDerivedDataBackendGraph:  Pak pak cache file ../../../../../../work/UnrealProject_C7/ShootingGame/DerivedDataCache/DDC.ddp not found, will not use a pak cache.
[2022.07.06-01.40.14:913][  0]LogDerivedDataCache: Unable to find inner node Pak for hierarchical cache Hierarchy.
[2022.07.06-01.40.14:913][  0]LogDerivedDataCache: FDerivedDataBackendGraph:  CompressedPak pak cache file ../../../../../../work/UnrealProject_C7/ShootingGame/DerivedDataCache/Compressed.ddp not found, will not use a pak cache.
[2022.07.06-01.40.14:913][  0]LogDerivedDataCache: Unable to find inner node CompressedPak for hierarchical cache Hierarchy.
[2022.07.06-01.40.14:928][  0]LogDerivedDataCache: Display: Pak cache opened for reading ../../../Engine/DerivedDataCache/Compressed.ddp.
[2022.07.06-01.40.14:928][  0]LogDerivedDataCache: FDerivedDataBackendGraph:  EnterprisePak pak cache file ../../../Enterprise/DerivedDataCache/Compressed.ddp not found, will not use a pak cache.
[2022.07.06-01.40.14:928][  0]LogDerivedDataCache: Unable to find inner node EnterprisePak for hierarchical cache Hierarchy.
[2022.07.06-01.40.14:935][  0]LogDerivedDataCache: Speed tests for C:/Users/parkdoyoung/AppData/Local/UnrealEngine/Common/DerivedDataCache took 0.01 seconds
[2022.07.06-01.40.14:935][  0]LogDerivedDataCache: Display: Performance to C:/Users/parkdoyoung/AppData/Local/UnrealEngine/Common/DerivedDataCache: Latency=0.02ms. RandomReadSpeed=293.78MBs, RandomWriteSpeed=262.91MBs. Assigned SpeedClass 'Local'
[2022.07.06-01.40.14:935][  0]LogDerivedDataCache: Using Local data cache path C:/Users/parkdoyoung/AppData/Local/UnrealEngine/Common/DerivedDataCache: Writable
[2022.07.06-01.40.14:936][  0]LogDerivedDataCache: Shared data cache path not found in *engine.ini, will not use an Shared cache.
[2022.07.06-01.40.14:936][  0]LogDerivedDataCache: Unable to find inner node Shared for hierarchical cache Hierarchy.
[2022.07.06-01.40.14:975][  0]LogSlate: Using FreeType 2.10.0
[2022.07.06-01.40.14:975][  0]LogSlate: SlateFontServices - WITH_FREETYPE: 1, WITH_HARFBUZZ: 1
[2022.07.06-01.40.15:048][  0]LogInit: Using OS detected language (ko-KR).
[2022.07.06-01.40.15:048][  0]LogInit: Using OS detected locale (ko-KR).
[2022.07.06-01.40.15:049][  0]LogTextLocalizationManager: No localization for 'ko-KR' exists, so 'en' will be used for the language.
[2022.07.06-01.40.15:049][  0]LogTextLocalizationManager: No localization for 'ko-KR' exists, so 'en' will be used for the locale.
[2022.07.06-01.40.15:049][  0]LogSlate: FontCache flush requested. Reason: Culture for localization was changed
[2022.07.06-01.40.15:049][  0]LogSlate: FontCache flush requested. Reason: Culture for localization was changed
[2022.07.06-01.40.15:052][  0]LogAssetRegistry: FAssetRegistry took 0.0018 seconds to start up
[2022.07.06-01.40.15:216][  0]LogTextLocalizationManager: Compacting localization data took   0.01ms
[2022.07.06-01.40.15:216][  0]LogPackageLocalizationCache: Processed 27 localized package path(s) for 1 prioritized culture(s) in 0.000956 seconds
[2022.07.06-01.40.15:278][  0]LogInit: Selected Device Profile: [Windows]
[2022.07.06-01.40.15:278][  0]LogInit: Active device profile: [000001DEBC35EC00][000001DEB55E0880 49] Windows
[2022.07.06-01.40.15:278][  0]LogInit: Profiles: [000001DEBC35EC00][000001DEB55E0880 49] Windows, [000001DEBC312F00][000001DEB55E8A00 49] WindowsNoEditor, [000001DEBC35F600][000001DEB55ECB80 49] WindowsServer, [000001DEBC310B00][000001DEB4FE4D00 49] WindowsClient, [000001DEBC35CB00][000001DEB4FE8E80 49] IOS, [000001DEBC313700][000001DEB4FED000 49] iPadAir, [000001DEBC35FB00][000001DEB4FF1180 49] iPadAir2, [000001DEBC2BE600][000001DEB4FF9440 49] IPadPro, [000001DEBC2BE700][000001DEB4FF5480 49] iPadAir3, [000001DEBC35C500][000001DEB4FFD600 49] iPadAir4, [000001DEBC2BC100][000001DEB55E5740 49] iPadMini2, [000001DEBC35F700][000001DEB5001880 49] iPadMini3, [000001DEBC2BEF00][000001DEB50059C0 49] iPadMini4, [000001DEBC35D800][000001DEB5009B00 49] iPadMini5, [000001DEBC2CDF00][000001DEB5014240 49] iPhone6, [000001DEBC2CE000][000001DEB5010280 49] iPodTouch6, [000001DEBC2BF200][000001DEB501C540 49] iPhone7, [000001DEBC2BDB00][000001DEB5018580 49] iPodTouch7, [000001DEBC2CEE00][000001DEB5020700 49] iPhone5S, [000001DEBC2BC800][000001DEB5024880 49] iPhone6Plus, [000001DEBC2CEA00][000001DEB5028A00 49] iPhone6S, [000001DEBC2BF700][000001DEB502CB80 49] iPhone6SPlus, [000001DEBC2CD100][000001DEB729ED00 49] iPhone7Plus, [000001DEBC2BCC00][000001DEB72A2E80 49] iPhoneSE, [000001DEBC2CF500][000001DEB72A7000 49] iPhone8, [000001DEBC2BD700][000001DEB72AB180 49] iPhone8Plus, [000001DEBC2CF600][000001DEB72AF300 49] iPhoneX, [000001DEBC2BD900][000001DEB72B3480 49] iPhoneXS, [000001DEBC2CEC00][000001DEB72B7600 49] iPhoneXSMax, [000001DEBC2BD100][000001DEB72BB780 49] iPhoneXR, [000001DEBC2CDB00][000001DEB500D8C0 49] iPhone11, [000001DEBC2BEC00][000001DEB72BFA00 49] iPhone11Pro, [000001DEBC2CF300][000001DEB72C3B40 49] iPhone11ProMax, [000001DEBC2BD000][000001DEB72C6100 49] iPhoneSE2, [000001DEBC2CD300][000001DEB72CE280 49] iPhone12Mini, [000001DEBC2BE300][000001DEB72D2400 49] iPhone12, [000001DEBC2CEF00][000001DEB72D6580 49] iPhone12Pro, [000001DEBC2BF800][000001DEB72DA700 49] iPhone12ProMax, [000001DEBC2CC400][000001DEB72DE880 49] iPadPro105, [000001DEBC2BE900][000001DEB72E2A00 49] iPadPro129, [000001DEBC2CE900][000001DEB72E6B80 49] iPadPro97, [000001DEBC2BDC00][000001DEB72EAD00 49] iPadPro2_129, [000001DEBC2CCA00][000001DEB72EEE80 49] iPad5, [000001DEBC2BFE00][000001DEB72F3000 49] iPad6, [000001DEBC2CF900][000001DEB72F7180 49] iPad7, [000001DEBC2BEA00][000001DEB72FB300 49] iPad8, [000001DEBC2CDC00][000001DEB72FF480 49] iPadPro11, [000001DEBC2BE000][000001DEB7303600 49] iPadPro2_11, [000001DEBC313000][000001DEB7307780 49] iPadPro3_129, [000001DEBC39C100][000001DEB730B900 49] iPadPro4_129, [000001DEBC312C00][000001DEB730FA80 49] AppleTV, [000001DEBC39CC00][000001DEB72CBBC0 49] AppleTV4K, [000001DEBC310100][000001DEB7312180 49] TVOS, [000001DEBC39D900][000001DEB73162C0 49] Mac, [000001DEBC312B00][000001DEB731E440 49] MacClient, [000001DEBC39CE00][000001DEB73225C0 49] MacNoEditor, [000001DEBC312800][000001DEB7326740 49] MacServer, [000001DEBC39CB00][000001DEB732A8C0 49] Linux, [000001DEBC312000][000001DEB732EA40 49] LinuxAArch64, [000001DEBC39D700][000001DEB7332BC0 49] LinuxNoEditor, [000001DEBC311400][000001DEB7336D40 49] LinuxAArch64NoEditor, [000001DEBC39CF00][000001DEB733AEC0 49] LinuxClient, [000001DEBC312700][000001DEB733F040 49] LinuxAArch64Client, [000001DEBC39C200][000001DEB73431C0 49] LinuxServer, [000001DEBC2BC300][000001DEB7347340 49] LinuxAArch64Server, [000001DEBC2CE800][000001DEB734B4C0 49] Android, [000001DEBC2BF000][000001DEB734F640 49] Android_Low, [000001DEBC2CED00][000001DEB73537C0 49] Android_Mid, [000001DEBC2BC500][000001DEB7357940 49] Android_High, [000001DEBC2CFC00][000001DEB735BAC0 49] Android_Default, [000001DEBC2BEB00][000001DEB735E0C0 49] Android_Adreno4xx, [000001DEBC2CFF00][000001DEB731A200 49] Android_Adreno5xx_Low, [000001DEBC2BC600][000001DEB7362340 49] Android_Adreno5xx, [000001DEBC2CFA00][000001DEB7366480 49] Android_Adreno6xx, [000001DEBC2BD600][000001DEB736A5C0 49] Android_Adreno6xx_Vulkan, [000001DEBC2CFE00][000001DEB7372740 49] Android_Mali_T6xx, [000001DEBC2BFA00][000001DEB73768C0 49] Android_Mali_T7xx, [000001DEBC39DC00][000001DEB737AA40 49] Android_Mali_T8xx, [000001DEBC2BFB00][000001DEB737EBC0 49] Android_Mali_G71, [000001DEBC39E300][000001DEB7382D40 49] Android_Mali_G72, [000001DEBC2BD400][000001DEB7386EC0 49] Android_Mali_G72_Vulkan, [000001DEBC39D300][000001DEB738B040 49] Android_Mali_G76, [000001DEBC2BC900][000001DEB50311C0 49] Android_Mali_G76_Vulkan, [000001DEBC39D600][000001DEB5035340 49] Android_Mali_G77, [000001DEBC2BF500][000001DEB50394C0 49] Android_Mali_G77_Vulkan, [000001DEBC39D000][000001DEB503D640 49] Android_Mali_G78, [000001DEBC2BE200][000001DEB50417C0 49] Android_Mali_G78_Vulkan, [000001DEBC2CD200][000001DEB5045940 49] Android_Mali_G710, [000001DEBC2BD200][000001DEB5049AC0 49] Android_Mali_G710_Vulkan, [000001DEBC2CDA00][000001DEB504C0C0 49] Android_Vulkan_SM5, [000001DEBC2BD500][000001DEB5050240 49] Android_PowerVR_G6xxx, [000001DEBC2CCC00][000001DEB736E380 49] Android_PowerVR_GT7xxx, [000001DEBC2BCF00][000001DEB50544C0 49] Android_PowerVR_GE8xxx, [000001DEBC2CD000][000001DEB540C600 49] Android_PowerVR_GM9xxx, [000001DEBC2BF900][000001DEB5410740 49] Android_PowerVR_GM9xxx_Vulkan, [000001DEBC2CD600][000001DEB54188C0 49] Android_TegraK1, [000001DEBC2BC700][000001DEB541CA40 49] Android_Unknown_Vulkan, [000001DEBC2CE400][000001DEB5420BC0 49] Lumin, [000001DEBC2BD300][000001DEB5424D40 49] Lumin_Desktop, [000001DEBC2CC900][000001DEB5428EC0 49] HoloLens, 
[2022.07.06-01.40.15:308][  0]LogMeshReduction: Using QuadricMeshReduction for automatic static mesh reduction
[2022.07.06-01.40.15:308][  0]LogMeshReduction: Using SimplygonMeshReduction for automatic skeletal mesh reduction
[2022.07.06-01.40.15:308][  0]LogMeshReduction: Using ProxyLODMeshReduction for automatic mesh merging
[2022.07.06-01.40.15:308][  0]LogMeshReduction: No distributed automatic mesh merging module available
[2022.07.06-01.40.15:308][  0]LogMeshMerging: No distributed automatic mesh merging module available
[2022.07.06-01.40.15:410][  0]LogNetVersion: ShootingGame 1.0.0, NetCL: 17155196, EngineNetVer: 17, GameNetVer: 0 (Checksum: 1120234365)
[2022.07.06-01.40.15:645][  0]LogTexture: Default maximum texture size for cubemaps generated from long-lat sources has been changed from 512 to unlimited. In order to preserve old behaiour for '/Engine/MapTemplates/Sky/DaylightAmbientCubemap.DaylightAmbientCubemap', its maximum texture size has been explicitly set to 512.
[2022.07.06-01.40.15:695][  0]LogHMD: PokeAHoleMaterial loaded successfully
[2022.07.06-01.40.15:774][  0]LogMoviePlayer: Initializing movie player
[2022.07.06-01.40.15:870][  0]LogNiagaraDebuggerClient: Niagara Debugger Client Initialized | Session: D91D18C9481F17D61CE6908897D7DFD9 | Instance: ECBCBCC94BE84A038962EA8A62228CE8 (DESKTOP-HME5P3N-456).
[2022.07.06-01.40.15:885][  0]LogCollectionManager: Loaded 0 collections in 0.001368 seconds
[2022.07.06-01.40.15:887][  0]LogFileCache: Scanning file cache for directory 'C:/work/UnrealProject_C7/ShootingGame/Saved/Collections/' took 0.00s
[2022.07.06-01.40.15:887][  0]LogFileCache: Scanning file cache for directory 'C:/work/UnrealProject_C7/ShootingGame/Content/Developers/parkdoyoung/Collections/' took 0.00s
[2022.07.06-01.40.15:887][  0]LogFileCache: Scanning file cache for directory 'C:/work/UnrealProject_C7/ShootingGame/Content/Collections/' took 0.00s
[2022.07.06-01.40.15:888][  0]LogCollectionManager: Fixed up redirectors for 0 collections in 0.000001 seconds (updated 0 objects)
[2022.07.06-01.40.15:975][  0]LogPython: Using Python 3.7.7
[2022.07.06-01.40.16:366][  0]LogUdpMessaging: Initializing bridge on interface 0.0.0.0:0 to multicast group 230.0.0.1:6666.
[2022.07.06-01.40.16:373][  0]LogTcpMessaging: Initializing TcpMessaging bridge
[2022.07.06-01.40.16:445][  0]SourceControl: Source control is disabled
[2022.07.06-01.40.16:445][  0]SourceControl: Source control is disabled
[2022.07.06-01.40.16:448][  0]SourceControl: Source control is disabled
[2022.07.06-01.40.16:452][  0]LogUProjectInfo: Found projects:
[2022.07.06-01.40.16:520][  0]LogOpenImageDenoise: OIDN starting up
[2022.07.06-01.40.16:536][  0]LogAndroidPermission: UAndroidPermissionCallbackProxy::GetInstance
[2022.07.06-01.40.16:551][  0]LogAudioCaptureCore: Display: No Audio Capture implementations found. Audio input will be silent.
[2022.07.06-01.40.16:551][  0]LogAudioCaptureCore: Display: No Audio Capture implementations found. Audio input will be silent.
[2022.07.06-01.40.16:607][  0]LogOcInput: OculusInput pre-init called
[2022.07.06-01.40.16:615][  0]LogUObjectArray: 22167 objects as part of root set at end of initial load.
[2022.07.06-01.40.16:615][  0]LogUObjectAllocator: 5995280 out of 0 bytes used by permanent object pool.
[2022.07.06-01.40.16:615][  0]LogUObjectArray: CloseDisregardForGC: 0/0 objects in disregard for GC pool
[2022.07.06-01.40.16:653][  0]LogEngine: Initializing Engine...
[2022.07.06-01.40.16:655][  0]LogHMD: Failed to enumerate extensions. Please check that you have a valid OpenXR runtime installed.
[2022.07.06-01.40.16:656][  0]LogHMD: Failed to initialize OpenVR with code 110
[2022.07.06-01.40.16:656][  0]LogMagicLeap: Warning: VR disabled because ZI is not enabled.  To enable, in the editor, Edit -> Project Settings -> Plugins -> Magic Leap Plugin -> Enable Zero Iteration
[2022.07.06-01.40.16:657][  0]LogStats: UGameplayTagsManager::InitializeManager -  0.000 s
[2022.07.06-01.40.16:739][  0]LogInit: Initializing FReadOnlyCVARCache
[2022.07.06-01.40.16:739][  0]LogAudio: Display: Initializing Audio Device Manager...
[2022.07.06-01.40.16:741][  0]LogAudio: Display: Loading Default Audio Settings Objects...
[2022.07.06-01.40.16:742][  0]LogAudio: Display: No default SoundConcurrencyObject specified (or failed to load).
[2022.07.06-01.40.16:742][  0]LogAudio: Display: Audio Device Manager Initialized
[2022.07.06-01.40.16:742][  0]LogAudio: Display: Creating Audio Device:                 Id: 1, Scope: Shared, Realtime: True
[2022.07.06-01.40.16:742][  0]LogAudioMixer: Display: Audio Mixer Platform Settings:
[2022.07.06-01.40.16:742][  0]LogAudioMixer: Display: 	Sample Rate:						  48000
[2022.07.06-01.40.16:742][  0]LogAudioMixer: Display: 	Callback Buffer Frame Size Requested: 1024
[2022.07.06-01.40.16:742][  0]LogAudioMixer: Display: 	Callback Buffer Frame Size To Use:	  1024
[2022.07.06-01.40.16:742][  0]LogAudioMixer: Display: 	Number of buffers to queue:			  2
[2022.07.06-01.40.16:742][  0]LogAudioMixer: Display: 	Max Channels (voices):				  32
[2022.07.06-01.40.16:742][  0]LogAudioMixer: Display: 	Number of Async Source Workers:		  0
[2022.07.06-01.40.16:742][  0]LogAudio: Display: AudioDevice MaxSources: 32
[2022.07.06-01.40.16:743][  0]LogAudio: Display: Audio Spatialization Plugin: None (built-in).
[2022.07.06-01.40.16:743][  0]LogAudio: Display: Audio Reverb Plugin: None (built-in).
[2022.07.06-01.40.16:743][  0]LogAudio: Display: Audio Occlusion Plugin: None (built-in).
[2022.07.06-01.40.16:743][  0]LogAudioMixer: Display: Initializing audio mixer.
[2022.07.06-01.40.16:754][  0]LogAudioMixer: Display: 0: FrontLeft
[2022.07.06-01.40.16:754][  0]LogAudioMixer: Display: 1: FrontRight
[2022.07.06-01.40.16:782][  0]LogAudioMixer: Display: Using Audio Device 스피커(Realtek(R) Audio)
[2022.07.06-01.40.16:786][  0]LogAudioMixer: Display: Initializing Sound Submixes...
[2022.07.06-01.40.16:788][  0]LogAudioMixer: Display: Creating Master Submix 'MasterSubmixDefault'
[2022.07.06-01.40.16:788][  0]LogAudioMixer: Display: Creating Master Submix 'MasterReverbSubmixDefault'
[2022.07.06-01.40.16:788][  0]LogAudioMixer: Display: Creating Master Submix 'MasterEQSubmixDefault'
[2022.07.06-01.40.16:788][  0]LogAudioMixer: FMixerPlatformXAudio2::StartAudioStream() called
[2022.07.06-01.40.16:788][  0]LogAudioMixer: Display: Output buffers initialized: Frames=1024, Channels=2, Samples=2048
[2022.07.06-01.40.16:789][  0]LogAudioMixer: Display: Starting AudioMixerPlatformInterface::RunInternal()
[2022.07.06-01.40.16:789][  0]LogAudioMixer: Display: FMixerPlatformXAudio2::SubmitBuffer() called for the first time
[2022.07.06-01.40.16:789][  0]LogInit: FAudioDevice initialized.
[2022.07.06-01.40.16:790][  0]LogNetVersion: Set ProjectVersion to 1.0.0.0. Version Checksum will be recalculated on next use.
[2022.07.06-01.40.16:791][  0]LogInit: Texture streaming: Enabled
[2022.07.06-01.40.16:845][  0]LogAudio: Display: Audio Device (ID: 1) registered with world 'Untitled'.
[2022.07.06-01.40.16:845][  0]LogSlate: Updating window title bar state: overlay mode, drag disabled, window buttons hidden, title bar hidden
[2022.07.06-01.40.16:846][  0]LogInit: Display: Game Engine Initialized.
[2022.07.06-01.40.16:846][  0]LogNiagaraEditor: GEditor isn't valid! Particle reset commands will not work for Niagara components!
[2022.07.06-01.40.16:943][  0]LogInit: Display: Starting Game.
[2022.07.06-01.40.16:943][  0]LogNet: Browse: 127.0.0.1:17777/Game/ThirdPersonBP/Maps/ThirdPersonExampleMap?Name=Player
[2022.07.06-01.40.16:944][  0]LogInit: WinSock: Socket queue. Rx: 32768 (config 32768) Tx: 32768 (config 32768)
[2022.07.06-01.40.16:944][  0]LogNet: Created socket for bind address: 0.0.0.0 on port 0
[2022.07.06-01.40.16:944][  0]PacketHandlerLog: Loaded PacketHandler component: Engine.EngineHandlerComponentFactory (StatelessConnectHandlerComponent)
[2022.07.06-01.40.16:944][  0]LogNet: Game client on port 17777, rate 100000
[2022.07.06-01.40.16:982][  0]LogInit: Display: Engine is initialized. Leaving FEngineLoop::Init()
[2022.07.06-01.40.16:982][  0]LogLoad: (Engine Initialization) Total time: 4.73 seconds
[2022.07.06-01.40.16:982][  0]LogLoad: (Engine Initialization) Total Blueprint compile time: 0.00 seconds
[2022.07.06-01.40.16:988][  0]LogContentStreaming: Texture pool size now 1000 MB
[2022.07.06-01.40.16:990][  0]LogSlate: InvalidateAllWidgets triggered.  All widgets were invalidated
[2022.07.06-01.40.17:963][450]LogHandshake: SendChallengeResponse. Timestamp: 6.067636, Cookie: 041014096164058170161148218051105075238213153224218193173187
[2022.07.06-01.40.17:982][459]LogNetVersion: ShootingGame 1.0.0.0, NetCL: 17155196, EngineNetVer: 17, GameNetVer: 0 (Checksum: 4194817616)
[2022.07.06-01.40.17:982][459]LogNet: UPendingNetGame::SendInitialJoin: Sending hello. [UNetConnection] RemoteAddr: 127.0.0.1:17777, Name: IpConnection_0, Driver: PendingNetDriver IpNetDriver_0, IsServer: NO, PC: NULL, Owner: NULL, UniqueId: INVALID
[2022.07.06-01.40.18:012][463]LogNet: Welcomed by server (Level: /Game/ThirdPersonBP/Maps/UEDPIE_0_ThirdPersonExampleMap, Game: /Game/ShootingGame/GameMode/BP_ShootingGameMode.BP_ShootingGameMode_C)
[2022.07.06-01.40.18:012][463]LogLoad: LoadMap: 127.0.0.1:17777/Game/ThirdPersonBP/Maps/ThirdPersonExampleMap?Name=Player?game=/Game/ShootingGame/GameMode/BP_ShootingGameMode.BP_ShootingGameMode_C
[2022.07.06-01.40.18:012][463]LogWorld: BeginTearingDown for /Temp/Untitled_0
[2022.07.06-01.40.18:012][463]LogWorld: UWorld::CleanupWorld for Untitled, bSessionEnded=true, bCleanupResources=true
[2022.07.06-01.40.18:012][463]LogSlate: InvalidateAllWidgets triggered.  All widgets were invalidated
[2022.07.06-01.40.18:018][463]LogAudio: Display: Audio Device unregistered from world 'None'.
[2022.07.06-01.40.18:021][463]LogUObjectHash: Compacting FUObjectHashTables data took   0.78ms
[2022.07.06-01.40.18:592][463]LogAudio: Display: Audio Device (ID: 1) registered with world 'ThirdPersonExampleMap'.
[2022.07.06-01.40.18:601][463]LogWorld: Bringing World /Game/ThirdPersonBP/Maps/ThirdPersonExampleMap.ThirdPersonExampleMap up for play (max tick rate 0) at 2022.07.06-10.40.18
[2022.07.06-01.40.18:602][463]LogWorld: Bringing up level for play took: 0.007187
[2022.07.06-01.40.18:603][463]LogSlate: Took 0.000339 seconds to synchronously load lazily loaded font '../../../Engine/Content/Slate/Fonts/Roboto-Regular.ttf' (155K)
[2022.07.06-01.40.18:605][463]LogRenderer: Reallocating scene render targets to support 640x480 Format 10 NumSamples 1 (Frame:1).
[2022.07.06-01.40.18:605][463]LogLoad: Took 0.592712 seconds to LoadMap(/Game/ThirdPersonBP/Maps/ThirdPersonExampleMap)
[2022.07.06-01.40.18:606][463]LogNavigation: Warning: NavData RegistrationFailed_DataPendingKill.
[2022.07.06-01.40.18:668][465]LogScript: Warning: Script Msg: BP_ShootingHud_C_0 BindPlayerStats SetTimer passed a negative or zero time. The associated timer may fail to be created/fire! If using InitialStartDelayVariance, be sure it is smaller than (Time + InitialStartDelay).
[2022.07.06-01.40.18:668][465]LogBlueprintUserMessages: [BP_ShootingCharacter_C_0] BP_ShootingCharacterBind Player Stats cast Fail
[2022.07.06-01.40.18:668][465]LogBlueprintUserMessages: [BP_ShootingCharacter_C_1] BP_ShootingCharacter1Bind Player Stats cast Fail
[2022.07.06-01.40.18:669][465]LogOnlineSession: Warning: OSS: No game present to join for session (GameSession)
[2022.07.06-01.40.18:669][465]LogBlueprintUserMessages: [BP_ShootingPlayerState_C_0] BP_ShootingPlayerState
[2022.07.06-01.40.18:669][465]LogOnlineSession: Warning: OSS: No game present to join for session (GameSession)
[2022.07.06-01.40.18:669][465]LogBlueprintUserMessages: [BP_ShootingPlayerState_C_1] BP_ShootingPlayerState1
[2022.07.06-01.40.20:754][826]LogBlueprintUserMessages: [BP_WeaponBurst_C_0] Hello
[2022.07.06-01.40.20:854][847]LogBlueprintUserMessages: [BP_WeaponBurst_C_0] Hello
[2022.07.06-01.40.20:956][865]LogBlueprintUserMessages: [BP_WeaponBurst_C_0] Hello
[2022.07.06-01.40.21:670][912]LogBlueprintUserMessages: [BP_ShootingPlayerState_C_1] OnRep_HP55.0
[2022.07.06-01.40.21:870][918]LogBlueprintUserMessages: [BP_WeaponBurst_C_0] Hello
[2022.07.06-01.40.22:134][926]LogBlueprintUserMessages: [BP_WeaponBurst_C_0] Hello
[2022.07.06-01.40.22:634][941]LogBlueprintUserMessages: [BP_WeaponBurst_C_0] Hello
[2022.07.06-01.40.22:699][943]LogBlueprintUserMessages: [BP_ShootingPlayerState_C_1] OnRep_HP-5.0
[2022.07.06-01.40.22:801][946]LogBlueprintUserMessages: [BP_WeaponBurst_C_0] Hello
[2022.07.06-01.40.22:900][949]LogBlueprintUserMessages: [BP_WeaponBurst_C_0] Hello
[2022.07.06-01.40.23:699][  4]LogBlueprintUserMessages: [BP_ShootingPlayerState_C_1] OnRep_HP-35.0
[2022.07.06-01.40.37:517][171]LogBlueprintUserMessages: [BP_Weapon_C_1] Hello
[2022.07.06-01.40.37:624][205]LogBlueprintUserMessages: [BP_Weapon_C_1] Hello
[2022.07.06-01.40.37:724][236]LogBlueprintUserMessages: [BP_Weapon_C_1] Hello
[2022.07.06-01.40.37:826][266]LogBlueprintUserMessages: [BP_Weapon_C_1] Hello
[2022.07.06-01.40.37:975][274]LogBlueprintUserMessages: [BP_Weapon_C_1] Hello
[2022.07.06-01.40.38:045][286]LogBlueprintUserMessages: [BP_Weapon_C_1] Hello
[2022.07.06-01.40.38:123][310]LogBlueprintUserMessages: [BP_Weapon_C_1] Hello
[2022.07.06-01.40.38:130][312]LogBlueprintUserMessages: [BP_ShootingPlayerState_C_0] OnRep_HP82.0
[2022.07.06-01.40.38:222][339]LogBlueprintUserMessages: [BP_Weapon_C_1] Hello
[2022.07.06-01.40.38:325][370]LogBlueprintUserMessages: [BP_Weapon_C_1] Hello
[2022.07.06-01.40.38:425][400]LogBlueprintUserMessages: [BP_Weapon_C_1] Hello
[2022.07.06-01.40.38:526][427]LogBlueprintUserMessages: [BP_Weapon_C_1] Hello
[2022.07.06-01.40.38:625][441]LogBlueprintUserMessages: [BP_Weapon_C_1] Hello
[2022.07.06-01.40.38:726][444]LogBlueprintUserMessages: [BP_Weapon_C_1] Hello
[2022.07.06-01.40.38:824][472]LogBlueprintUserMessages: [BP_Weapon_C_1] Hello
[2022.07.06-01.40.38:926][483]LogBlueprintUserMessages: [BP_Weapon_C_1] Hello
[2022.07.06-01.40.39:029][487]LogBlueprintUserMessages: [BP_Weapon_C_1] Hello
[2022.07.06-01.40.39:125][516]LogBlueprintUserMessages: [BP_Weapon_C_1] Hello
[2022.07.06-01.40.39:478][575]LogBlueprintUserMessages: [BP_ShootingPlayerState_C_0] OnRep_HP49.0
[2022.07.06-01.40.43:218][422]LogBlueprintUserMessages: [BP_Weapon_C_1] Hello
[2022.07.06-01.40.43:323][438]LogBlueprintUserMessages: [BP_Weapon_C_1] Hello
[2022.07.06-01.40.43:426][442]LogBlueprintUserMessages: [BP_Weapon_C_1] Hello
[2022.07.06-01.40.43:525][471]LogBlueprintUserMessages: [BP_Weapon_C_1] Hello
[2022.07.06-01.40.43:625][502]LogBlueprintUserMessages: [BP_Weapon_C_1] Hello
[2022.07.06-01.40.43:724][533]LogBlueprintUserMessages: [BP_Weapon_C_1] Hello
[2022.07.06-01.40.43:822][563]LogBlueprintUserMessages: [BP_Weapon_C_1] Hello
[2022.07.06-01.40.57:622][321]LogBlueprintUserMessages: [BP_Weapon_C_1] Hello
[2022.07.06-01.40.57:724][352]LogBlueprintUserMessages: [BP_Weapon_C_1] Hello
[2022.07.06-01.40.57:825][383]LogBlueprintUserMessages: [BP_Weapon_C_1] Hello
[2022.07.06-01.40.57:926][412]LogBlueprintUserMessages: [BP_Weapon_C_1] Hello
[2022.07.06-01.40.58:025][441]LogBlueprintUserMessages: [BP_Weapon_C_1] Hello
[2022.07.06-01.40.58:123][470]LogBlueprintUserMessages: [BP_Weapon_C_1] Hello
[2022.07.06-01.40.58:225][499]LogBlueprintUserMessages: [BP_Weapon_C_1] Hello
[2022.07.06-01.40.58:228][500]LogBlueprintUserMessages: [BP_ShootingPlayerState_C_0] OnRep_HP31.0
[2022.07.06-01.40.58:324][527]LogBlueprintUserMessages: [BP_Weapon_C_1] Hello
[2022.07.06-01.40.58:427][557]LogBlueprintUserMessages: [BP_Weapon_C_1] Hello
[2022.07.06-01.40.58:526][586]LogBlueprintUserMessages: [BP_Weapon_C_1] Hello
[2022.07.06-01.40.58:649][611]LogBlueprintUserMessages: [BP_Weapon_C_1] Hello
[2022.07.06-01.40.59:576][865]LogBlueprintUserMessages: [BP_ShootingPlayerState_C_0] OnRep_HP16.0
[2022.07.06-01.40.59:979][990]LogBlueprintUserMessages: [BP_Weapon_C_1] Hello
[2022.07.06-01.41.00:086][ 22]LogBlueprintUserMessages: [BP_Weapon_C_1] Hello
[2022.07.06-01.41.00:186][ 52]LogBlueprintUserMessages: [BP_Weapon_C_1] Hello
[2022.07.06-01.41.00:285][ 80]LogBlueprintUserMessages: [BP_Weapon_C_1] Hello
[2022.07.06-01.41.00:384][109]LogBlueprintUserMessages: [BP_Weapon_C_1] Hello
[2022.07.06-01.41.00:485][139]LogBlueprintUserMessages: [BP_Weapon_C_1] Hello
[2022.07.06-01.41.00:585][168]LogBlueprintUserMessages: [BP_Weapon_C_1] Hello
[2022.07.06-01.41.00:686][196]LogBlueprintUserMessages: [BP_Weapon_C_1] Hello
[2022.07.06-01.41.00:788][225]LogBlueprintUserMessages: [BP_Weapon_C_1] Hello
[2022.07.06-01.41.00:886][254]LogBlueprintUserMessages: [BP_Weapon_C_1] Hello
[2022.07.06-01.41.00:925][265]LogBlueprintUserMessages: [BP_ShootingPlayerState_C_0] OnRep_HP-14.0
[2022.07.06-01.41.00:985][281]LogBlueprintUserMessages: [BP_Weapon_C_1] Hello
[2022.07.06-01.41.01:088][311]LogBlueprintUserMessages: [BP_Weapon_C_1] Hello
[2022.07.06-01.41.01:184][338]LogBlueprintUserMessages: [BP_Weapon_C_1] Hello
[2022.07.06-01.41.01:284][365]LogBlueprintUserMessages: [BP_Weapon_C_1] Hello
[2022.07.06-01.41.02:270][660]LogBlueprintUserMessages: [BP_ShootingPlayerState_C_0] OnRep_HP-26.0
