Log file open, 07/06/22 10:21:23
LogWindows: Failed to load 'aqProf.dll' (GetLastError=126)
LogWindows: File 'aqProf.dll' does not exist
LogWindows: Failed to load 'VtuneApi.dll' (GetLastError=126)
LogWindows: File 'VtuneApi.dll' does not exist
LogWindows: Failed to load 'VtuneApi32e.dll' (GetLastError=126)
LogWindows: File 'VtuneApi32e.dll' does not exist
LogConsoleResponse: Display: Failed to find resolution value strings in scalability ini. Falling back to default.
LogConsoleResponse: Display: Failed to find resolution value strings in scalability ini. Falling back to default.
LogInit: Display: Running engine for game: ShootingGame
LogPlatformFile: Not using cached read wrapper
LogTaskGraph: Started task graph with 5 named threads and 23 total threads with 3 sets of task threads.
LogStats: Stats thread started at 0.291987
LogICUInternationalization: ICU TimeZone Detection - Raw Offset: +9:00, Platform Override: ''
LogInit: Display: Loading text-based GConfig....
LogPluginManager: Mounting plugin MeshPainting
LogPluginManager: Mounting plugin XGEController
LogPluginManager: Mounting plugin Paper2D
LogPluginManager: Mounting plugin CameraShakePreviewer
LogPluginManager: Mounting plugin GameplayCameras
LogPluginManager: Mounting plugin OodleData
LogPluginManager: Mounting plugin LiveLink
LogPluginManager: Mounting plugin OodleNetwork
LogPluginManager: Mounting plugin AnimationSharing
LogPluginManager: Mounting plugin CLionSourceCodeAccess
LogPluginManager: Mounting plugin CodeLiteSourceCodeAccess
LogPluginManager: Mounting plugin GitSourceControl
LogPluginManager: Mounting plugin NullSourceCodeAccess
LogPluginManager: Mounting plugin PixWinPlugin
LogPluginManager: Mounting plugin PlasticSourceControl
LogPluginManager: Mounting plugin PerforceSourceControl
LogPluginManager: Mounting plugin PluginUtils
LogPluginManager: Mounting plugin PropertyAccessNode
LogPluginManager: Mounting plugin SubversionSourceControl
LogPluginManager: Mounting plugin KDevelopSourceCodeAccess
LogPluginManager: Mounting plugin RiderSourceCodeAccess
LogPluginManager: Mounting plugin TextureFormatOodle
LogPluginManager: Mounting plugin LightPropagationVolume
LogPluginManager: Mounting plugin UObjectPlugin
LogPluginManager: Mounting plugin VisualStudioCodeSourceCodeAccess
LogPluginManager: Mounting plugin VisualStudioSourceCodeAccess
LogPluginManager: Mounting plugin DatasmithContent
LogPluginManager: Mounting plugin AssetManagerEditor
LogPluginManager: Mounting plugin CryptoKeys
LogPluginManager: Mounting plugin CurveEditorTools
LogPluginManager: Mounting plugin VariantManagerContent
LogPluginManager: Mounting plugin GeometryMode
LogPluginManager: Mounting plugin GameplayTagsEditor
LogPluginManager: Mounting plugin DataValidation
LogPluginManager: Mounting plugin MacGraphicsSwitching
LogPluginManager: Mounting plugin FacialAnimation
LogPluginManager: Mounting plugin MobileLauncherProfileWizard
LogPluginManager: Mounting plugin PluginBrowser
LogPluginManager: Mounting plugin AlembicImporter
LogPluginManager: Mounting plugin MaterialAnalyzer
LogPluginManager: Mounting plugin XCodeSourceCodeAccess
LogPluginManager: Mounting plugin AutomationUtils
LogPluginManager: Mounting plugin SpeedTreeImporter
LogPluginManager: Mounting plugin Niagara
LogPluginManager: Mounting plugin ChaosCloth
LogPluginManager: Mounting plugin ChaosEditor
LogPluginManager: Mounting plugin ChaosClothEditor
LogPluginManager: Mounting plugin ChaosSolverPlugin
LogPluginManager: Mounting plugin ChaosNiagara
LogPluginManager: Mounting plugin CharacterAI
LogPluginManager: Mounting plugin GeometryCache
LogPluginManager: Mounting plugin GeometryCollectionPlugin
LogPluginManager: Mounting plugin LuminPlatformFeatures
LogPluginManager: Mounting plugin MagicLeap
LogPluginManager: Mounting plugin MagicLeapLightEstimation
LogPluginManager: Mounting plugin MagicLeapMedia
LogPluginManager: Mounting plugin MagicLeapPassableWorld
LogPluginManager: Mounting plugin MLSDK
LogPluginManager: Mounting plugin AndroidMedia
LogPluginManager: Mounting plugin GeometryProcessing
LogPluginManager: Mounting plugin AvfMedia
LogPluginManager: Mounting plugin BackChannel
LogPluginManager: Mounting plugin MotoSynth
LogPluginManager: Mounting plugin PlatformCrypto
LogPluginManager: Mounting plugin ProxyLODPlugin
LogPluginManager: Mounting plugin PythonScriptPlugin
LogPluginManager: Mounting plugin OpenImageDenoise
LogPluginManager: Mounting plugin SkeletalReduction
LogPluginManager: Mounting plugin ImgMedia
LogPluginManager: Mounting plugin MediaCompositing
LogPluginManager: Mounting plugin MediaPlayerEditor
LogPluginManager: Mounting plugin WebMMedia
LogPluginManager: Mounting plugin WmfMedia
LogPluginManager: Mounting plugin PlanarCut
LogPluginManager: Mounting plugin UdpMessaging
LogPluginManager: Mounting plugin ActorSequence
LogPluginManager: Mounting plugin LevelSequenceEditor
LogPluginManager: Mounting plugin MatineeToLevelSequence
LogPluginManager: Mounting plugin OnlineSubsystem
LogPluginManager: Mounting plugin TemplateSequence
LogPluginManager: Mounting plugin OnlineSubsystemNull
LogPluginManager: Mounting plugin OnlineSubsystemUtils
LogPluginManager: Mounting plugin LauncherChunkInstaller
LogPluginManager: Mounting plugin ActorLayerUtilities
LogPluginManager: Mounting plugin AndroidDeviceProfileSelector
LogPluginManager: Mounting plugin AndroidMoviePlayer
LogPluginManager: Mounting plugin AndroidPermission
LogPluginManager: Mounting plugin ApexDestruction
LogPluginManager: Mounting plugin AppleImageUtils
LogPluginManager: Mounting plugin AppleMoviePlayer
LogPluginManager: Mounting plugin ArchVisCharacter
LogPluginManager: Mounting plugin AssetTags
LogPluginManager: Mounting plugin AudioCapture
LogPluginManager: Mounting plugin AudioSynesthesia
LogPluginManager: Mounting plugin CableComponent
LogPluginManager: Mounting plugin ChunkDownloader
LogPluginManager: Mounting plugin CustomMeshComponent
LogPluginManager: Mounting plugin EditableMesh
LogPluginManager: Mounting plugin ExampleDeviceProfileSelector
LogPluginManager: Mounting plugin GoogleCloudMessaging
LogPluginManager: Mounting plugin GooglePAD
LogPluginManager: Mounting plugin ScreenshotTools
LogPluginManager: Mounting plugin IOSDeviceProfileSelector
LogPluginManager: Mounting plugin LinuxDeviceProfileSelector
LogPluginManager: Mounting plugin LocationServicesBPLibrary
LogPluginManager: Mounting plugin OpenXR
LogPluginManager: Mounting plugin MobilePatchingUtils
LogPluginManager: Mounting plugin OpenXRHandTracking
LogPluginManager: Mounting plugin OpenXREyeTracker
LogPluginManager: Mounting plugin PhysXVehicles
LogPluginManager: Mounting plugin Takes
LogPluginManager: Mounting plugin PostSplashScreen
LogPluginManager: Mounting plugin ProceduralMeshComponent
LogPluginManager: Mounting plugin PropertyAccessEditor
LogPluginManager: Mounting plugin RuntimePhysXCooking
LogPluginManager: Mounting plugin SignificanceManager
LogPluginManager: Mounting plugin SoundFields
LogPluginManager: Mounting plugin Synthesis
LogPluginManager: Mounting plugin WebMMoviePlayer
LogPluginManager: Mounting plugin WindowsMoviePlayer
LogPluginManager: Mounting plugin AISupport
LogPluginManager: Mounting plugin EnvironmentQueryEditor
LogPluginManager: Mounting plugin TcpMessaging
LogPluginManager: Mounting plugin ContentBrowserAssetDataSource
LogPluginManager: Mounting plugin ContentBrowserClassDataSource
LogPluginManager: Mounting plugin ContentBrowserFileDataSource
LogPluginManager: Mounting plugin OnlineSubsystemGooglePlay
LogPluginManager: Mounting plugin OnlineSubsystemIOS
LogPluginManager: Mounting plugin OculusVR
LogPluginManager: Mounting plugin SteamVR
PixWinPlugin: PIX capture plugin failed to initialize! Check that the process is launched from PIX.
LogInit: Using libcurl 7.55.1-DEV
LogInit:  - built for x86_64-pc-win32
LogInit:  - supports SSL with OpenSSL/1.1.1
LogInit:  - supports HTTP deflate (compression) using libz 1.2.8
LogInit:  - other features:
LogInit:      CURL_VERSION_SSL
LogInit:      CURL_VERSION_LIBZ
LogInit:      CURL_VERSION_IPV6
LogInit:      CURL_VERSION_ASYNCHDNS
LogInit:      CURL_VERSION_LARGEFILE
LogInit:      CURL_VERSION_IDN
LogInit:  CurlRequestOptions (configurable via config and command line):
LogInit:  - bVerifyPeer = true  - Libcurl will verify peer certificate
LogInit:  - bUseHttpProxy = false  - Libcurl will NOT use HTTP proxy
LogInit:  - bDontReuseConnections = false  - Libcurl will reuse connections
LogInit:  - MaxHostConnections = 16  - Libcurl will limit the number of connections to a host
LogInit:  - LocalHostAddr = Default
LogInit:  - BufferSize = 65536
LogOnline: OSS: Creating online subsystem instance for: NULL
LogInit: WinSock: version 1.1 (2.2), MaxSocks=32767, MaxUdp=65467
LogOnline: OSS: TryLoadSubsystemAndSetDefault: Loaded subsystem for module [NULL]
LogOculusPluginWrapper: OculusPlugin initialized successfully
LogHMD: Failed initializing OVRPlugin 1.59.0
LogInit: Build: ++UE4+Release-4.27-CL-18319896
LogInit: Engine Version: 4.27.2-18319896+++UE4+Release-4.27
LogInit: Compatible Engine Version: 4.27.0-17155196+++UE4+Release-4.27
LogInit: Net CL: 17155196
LogInit: OS: Windows 10 (Release 2009) (), CPU: Intel(R) Core(TM) i5-10300H CPU @ 2.50GHz, GPU: Intel(R) UHD Graphics
LogInit: Compiled (64-bit): Nov 30 2021 07:12:08
LogInit: Compiled with Visual C++: 19.24.28315.00
LogInit: Build Configuration: Development
LogInit: Branch Name: ++UE4+Release-4.27
LogInit: Command Line:  127.0.0.1:17777 -game -PIEVIACONSOLE -Multiprocess GameUserSettingsINI=C:/work/UnrealProject_C7/ShootingGame/Saved/Config/Windows/PIEGameUserSettings1.ini -MultiprocessSaveConfig -forcepassthrough -messaging -SessionName="Play in Standalone Game" -windowed -WinX=0 -WinY=30 SAVEWINPOS=1 -ResX=640 -ResY=480
LogInit: Base Directory: C:/Program Files/Epic Games/UE_4.27/Engine/Binaries/Win64/
LogInit: Allocator: TBB
LogInit: Installed Engine Build: 1
LogDevObjectVersion: Number of dev versions registered: 29
LogDevObjectVersion:   Dev-Blueprints (B0D832E4-1F89-4F0D-ACCF-7EB736FD4AA2): 10
LogDevObjectVersion:   Dev-Build (E1C64328-A22C-4D53-A36C-8E866417BD8C): 0
LogDevObjectVersion:   Dev-Core (375EC13C-06E4-48FB-B500-84F0262A717E): 4
LogDevObjectVersion:   Dev-Editor (E4B068ED-F494-42E9-A231-DA0B2E46BB41): 40
LogDevObjectVersion:   Dev-Framework (CFFC743F-43B0-4480-9391-14DF171D2073): 37
LogDevObjectVersion:   Dev-Mobile (B02B49B5-BB20-44E9-A304-32B752E40360): 3
LogDevObjectVersion:   Dev-Networking (A4E4105C-59A1-49B5-A7C5-40C4547EDFEE): 0
LogDevObjectVersion:   Dev-Online (39C831C9-5AE6-47DC-9A44-9C173E1C8E7C): 0
LogDevObjectVersion:   Dev-Physics (78F01B33-EBEA-4F98-B9B4-84EACCB95AA2): 14
LogDevObjectVersion:   Dev-Platform (6631380F-2D4D-43E0-8009-CF276956A95A): 0
LogDevObjectVersion:   Dev-Rendering (12F88B9F-8875-4AFC-A67C-D90C383ABD29): 45
LogDevObjectVersion:   Dev-Sequencer (7B5AE74C-D270-4C10-A958-57980B212A5A): 13
LogDevObjectVersion:   Dev-VR (D7296918-1DD6-4BDD-9DE2-64A83CC13884): 3
LogDevObjectVersion:   Dev-LoadTimes (C2A15278-BFE7-4AFE-6C17-90FF531DF755): 1
LogDevObjectVersion:   Private-Geometry (6EACA3D4-40EC-4CC1-B786-8BED09428FC5): 3
LogDevObjectVersion:   Dev-AnimPhys (29E575DD-E0A3-4627-9D10-D276232CDCEA): 17
LogDevObjectVersion:   Dev-Anim (AF43A65D-7FD3-4947-9873-3E8ED9C1BB05): 15
LogDevObjectVersion:   Dev-ReflectionCapture (6B266CEC-1EC7-4B8F-A30B-E4D90942FC07): 1
LogDevObjectVersion:   Dev-Automation (0DF73D61-A23F-47EA-B727-89E90C41499A): 1
LogDevObjectVersion:   FortniteMain (601D1886-AC64-4F84-AA16-D3DE0DEAC7D6): 47
LogDevObjectVersion:   FortniteRelease (E7086368-6B23-4C58-8439-1B7016265E91): 1
LogDevObjectVersion:   Dev-Enterprise (9DFFBCD6-494F-0158-E221-12823C92A888): 10
LogDevObjectVersion:   Dev-Niagara (F2AED0AC-9AFE-416F-8664-AA7FFA26D6FC): 1
LogDevObjectVersion:   Dev-Destruction (174F1F0B-B4C6-45A5-B13F-2EE8D0FB917D): 10
LogDevObjectVersion:   Dev-Physics-Ext (35F94A83-E258-406C-A318-09F59610247C): 41
LogDevObjectVersion:   Dev-PhysicsMaterial-Chaos (B68FC16E-8B1B-42E2-B453-215C058844FE): 1
LogDevObjectVersion:   Dev-CineCamera (B2E18506-4273-CFC2-A54E-F4BB758BBA07): 1
LogDevObjectVersion:   Dev-VirtualProduction (64F58936-FD1B-42BA-BA96-7289D5D0FA4E): 1
LogDevObjectVersion:   Dev-MediaFramework (6F0ED827-A609-4895-9C91-998D90180EA4): 2
LogInit: Presizing for max 25165824 objects, including 0 objects not considered by GC, pre-allocating 0 bytes for permanent pool.
LogConfig: Applying CVar settings from Section [/Script/Engine.StreamingSettings] File [C:/work/UnrealProject_C7/ShootingGame/Saved/Config/Windows/Engine.ini]
LogConfig: Setting CVar [[s.MinBulkDataSizeForAsyncLoading:131072]]
LogConfig: Setting CVar [[s.AsyncLoadingThreadEnabled:0]]
LogConfig: Setting CVar [[s.EventDrivenLoaderEnabled:1]]
LogConfig: Setting CVar [[s.WarnIfTimeLimitExceeded:0]]
LogConfig: Setting CVar [[s.TimeLimitExceededMultiplier:1.5]]
LogConfig: Setting CVar [[s.TimeLimitExceededMinTime:0.005]]
LogConfig: Setting CVar [[s.UseBackgroundLevelStreaming:1]]
LogConfig: Setting CVar [[s.PriorityAsyncLoadingExtraTime:15.0]]
LogConfig: Setting CVar [[s.LevelStreamingActorsUpdateTimeLimit:5.0]]
LogConfig: Setting CVar [[s.PriorityLevelStreamingActorsUpdateExtraTime:5.0]]
LogConfig: Setting CVar [[s.LevelStreamingComponentsRegistrationGranularity:10]]
LogConfig: Setting CVar [[s.UnregisterComponentsTimeLimit:1.0]]
LogConfig: Setting CVar [[s.LevelStreamingComponentsUnregistrationGranularity:5]]
LogConfig: Setting CVar [[s.FlushStreamingOnExit:1]]
LogInit: Object subsystem initialized
LogConfig: Setting CVar [[con.DebugEarlyDefault:1]]
LogConfig: Setting CVar [[r.setres:1280x720]]
[2022.07.06-01.21.23:985][  0]LogConfig: Setting CVar [[con.DebugEarlyDefault:1]]
[2022.07.06-01.21.23:985][  0]LogConfig: Setting CVar [[r.setres:1280x720]]
[2022.07.06-01.21.23:985][  0]LogConfig: Applying CVar settings from Section [/Script/Engine.RendererSettings] File [C:/work/UnrealProject_C7/ShootingGame/Saved/Config/Windows/Engine.ini]
[2022.07.06-01.21.23:985][  0]LogConfig: Setting CVar [[r.GPUCrashDebugging:0]]
[2022.07.06-01.21.23:985][  0]LogConfig: Applying CVar settings from Section [/Script/Engine.RendererOverrideSettings] File [C:/work/UnrealProject_C7/ShootingGame/Saved/Config/Windows/Engine.ini]
[2022.07.06-01.21.23:986][  0]LogConfig: Applying CVar settings from Section [/Script/Engine.StreamingSettings] File [C:/work/UnrealProject_C7/ShootingGame/Saved/Config/Windows/Engine.ini]
[2022.07.06-01.21.23:986][  0]LogConfig: Setting CVar [[s.MinBulkDataSizeForAsyncLoading:131072]]
[2022.07.06-01.21.23:986][  0]LogConfig: Setting CVar [[s.AsyncLoadingThreadEnabled:0]]
[2022.07.06-01.21.23:986][  0]LogConfig: Setting CVar [[s.EventDrivenLoaderEnabled:1]]
[2022.07.06-01.21.23:986][  0]LogConfig: Setting CVar [[s.WarnIfTimeLimitExceeded:0]]
[2022.07.06-01.21.23:986][  0]LogConfig: Setting CVar [[s.TimeLimitExceededMultiplier:1.5]]
[2022.07.06-01.21.23:986][  0]LogConfig: Setting CVar [[s.TimeLimitExceededMinTime:0.005]]
[2022.07.06-01.21.23:986][  0]LogConfig: Setting CVar [[s.UseBackgroundLevelStreaming:1]]
[2022.07.06-01.21.23:986][  0]LogConfig: Setting CVar [[s.PriorityAsyncLoadingExtraTime:15.0]]
[2022.07.06-01.21.23:986][  0]LogConfig: Setting CVar [[s.LevelStreamingActorsUpdateTimeLimit:5.0]]
[2022.07.06-01.21.23:986][  0]LogConfig: Setting CVar [[s.PriorityLevelStreamingActorsUpdateExtraTime:5.0]]
[2022.07.06-01.21.23:986][  0]LogConfig: Setting CVar [[s.LevelStreamingComponentsRegistrationGranularity:10]]
[2022.07.06-01.21.23:986][  0]LogConfig: Setting CVar [[s.UnregisterComponentsTimeLimit:1.0]]
[2022.07.06-01.21.23:986][  0]LogConfig: Setting CVar [[s.LevelStreamingComponentsUnregistrationGranularity:5]]
[2022.07.06-01.21.23:986][  0]LogConfig: Setting CVar [[s.FlushStreamingOnExit:1]]
[2022.07.06-01.21.23:986][  0]LogConfig: Applying CVar settings from Section [/Script/Engine.GarbageCollectionSettings] File [C:/work/UnrealProject_C7/ShootingGame/Saved/Config/Windows/Engine.ini]
[2022.07.06-01.21.23:986][  0]LogConfig: Setting CVar [[gc.MaxObjectsNotConsideredByGC:1]]
[2022.07.06-01.21.23:986][  0]LogConfig: Setting CVar [[gc.SizeOfPermanentObjectPool:0]]
[2022.07.06-01.21.23:986][  0]LogConfig: Setting CVar [[gc.FlushStreamingOnGC:0]]
[2022.07.06-01.21.23:986][  0]LogConfig: Setting CVar [[gc.NumRetriesBeforeForcingGC:10]]
[2022.07.06-01.21.23:986][  0]LogConfig: Setting CVar [[gc.AllowParallelGC:1]]
[2022.07.06-01.21.23:986][  0]LogConfig: Setting CVar [[gc.TimeBetweenPurgingPendingKillObjects:61.1]]
[2022.07.06-01.21.23:986][  0]LogConfig: Setting CVar [[gc.MaxObjectsInEditor:25165824]]
[2022.07.06-01.21.23:986][  0]LogConfig: Setting CVar [[gc.IncrementalBeginDestroyEnabled:1]]
[2022.07.06-01.21.23:986][  0]LogConfig: Setting CVar [[gc.CreateGCClusters:1]]
[2022.07.06-01.21.23:986][  0]LogConfig: Setting CVar [[gc.MinGCClusterSize:5]]
[2022.07.06-01.21.23:986][  0]LogConfig: Setting CVar [[gc.ActorClusteringEnabled:0]]
[2022.07.06-01.21.23:986][  0]LogConfig: Setting CVar [[gc.BlueprintClusteringEnabled:0]]
[2022.07.06-01.21.23:986][  0]LogConfig: Setting CVar [[gc.UseDisregardForGCOnDedicatedServers:0]]
[2022.07.06-01.21.23:986][  0]LogConfig: Setting CVar [[gc.MultithreadedDestructionEnabled:1]]
[2022.07.06-01.21.23:986][  0]LogConfig: Applying CVar settings from Section [/Script/Engine.NetworkSettings] File [C:/work/UnrealProject_C7/ShootingGame/Saved/Config/Windows/Engine.ini]
[2022.07.06-01.21.23:986][  0]LogConfig: Applying CVar settings from Section [/Script/UnrealEd.CookerSettings] File [C:/work/UnrealProject_C7/ShootingGame/Saved/Config/Windows/Engine.ini]
[2022.07.06-01.21.23:991][  0]LogConfig: Applying CVar settings from Section [ViewDistanceQuality@3] File [C:/work/UnrealProject_C7/ShootingGame/Saved/Config/Windows/Scalability.ini]
[2022.07.06-01.21.23:991][  0]LogConfig: Setting CVar [[r.SkeletalMeshLODBias:0]]
[2022.07.06-01.21.23:991][  0]LogConfig: Setting CVar [[r.ViewDistanceScale:1.0]]
[2022.07.06-01.21.23:991][  0]LogConfig: Applying CVar settings from Section [AntiAliasingQuality@3] File [C:/work/UnrealProject_C7/ShootingGame/Saved/Config/Windows/Scalability.ini]
[2022.07.06-01.21.23:991][  0]LogConfig: Setting CVar [[r.PostProcessAAQuality:4]]
[2022.07.06-01.21.23:991][  0]LogConfig: Applying CVar settings from Section [ShadowQuality@3] File [C:/work/UnrealProject_C7/ShootingGame/Saved/Config/Windows/Scalability.ini]
[2022.07.06-01.21.23:991][  0]LogConfig: Setting CVar [[r.LightFunctionQuality:1]]
[2022.07.06-01.21.23:991][  0]LogConfig: Setting CVar [[r.ShadowQuality:5]]
[2022.07.06-01.21.23:991][  0]LogConfig: Setting CVar [[r.Shadow.CSM.MaxCascades:10]]
[2022.07.06-01.21.23:991][  0]LogConfig: Setting CVar [[r.Shadow.MaxResolution:2048]]
[2022.07.06-01.21.23:991][  0]LogConfig: Setting CVar [[r.Shadow.MaxCSMResolution:2048]]
[2022.07.06-01.21.23:991][  0]LogConfig: Setting CVar [[r.Shadow.RadiusThreshold:0.01]]
[2022.07.06-01.21.23:991][  0]LogConfig: Setting CVar [[r.Shadow.DistanceScale:1.0]]
[2022.07.06-01.21.23:991][  0]LogConfig: Setting CVar [[r.Shadow.CSM.TransitionScale:1.0]]
[2022.07.06-01.21.23:991][  0]LogConfig: Setting CVar [[r.Shadow.PreShadowResolutionFactor:1.0]]
[2022.07.06-01.21.23:991][  0]LogConfig: Setting CVar [[r.DistanceFieldShadowing:1]]
[2022.07.06-01.21.23:991][  0]LogConfig: Setting CVar [[r.DistanceFieldAO:1]]
[2022.07.06-01.21.23:991][  0]LogConfig: Setting CVar [[r.AOQuality:2]]
[2022.07.06-01.21.23:991][  0]LogConfig: Setting CVar [[r.VolumetricFog:1]]
[2022.07.06-01.21.23:991][  0]LogConfig: Setting CVar [[r.VolumetricFog.GridPixelSize:8]]
[2022.07.06-01.21.23:991][  0]LogConfig: Setting CVar [[r.VolumetricFog.GridSizeZ:128]]
[2022.07.06-01.21.23:991][  0]LogConfig: Setting CVar [[r.VolumetricFog.HistoryMissSupersampleCount:4]]
[2022.07.06-01.21.23:991][  0]LogConfig: Setting CVar [[r.LightMaxDrawDistanceScale:1]]
[2022.07.06-01.21.23:991][  0]LogConfig: Setting CVar [[r.CapsuleShadows:1]]
[2022.07.06-01.21.23:991][  0]LogConfig: Applying CVar settings from Section [PostProcessQuality@3] File [C:/work/UnrealProject_C7/ShootingGame/Saved/Config/Windows/Scalability.ini]
[2022.07.06-01.21.23:991][  0]LogConfig: Setting CVar [[r.MotionBlurQuality:4]]
[2022.07.06-01.21.23:991][  0]LogConfig: Setting CVar [[r.AmbientOcclusionMipLevelFactor:0.4]]
[2022.07.06-01.21.23:991][  0]LogConfig: Setting CVar [[r.AmbientOcclusionMaxQuality:100]]
[2022.07.06-01.21.23:991][  0]LogConfig: Setting CVar [[r.AmbientOcclusionLevels:-1]]
[2022.07.06-01.21.23:991][  0]LogConfig: Setting CVar [[r.AmbientOcclusionRadiusScale:1.0]]
[2022.07.06-01.21.23:991][  0]LogConfig: Setting CVar [[r.DepthOfFieldQuality:2]]
[2022.07.06-01.21.23:991][  0]LogConfig: Setting CVar [[r.RenderTargetPoolMin:400]]
[2022.07.06-01.21.23:991][  0]LogConfig: Setting CVar [[r.LensFlareQuality:2]]
[2022.07.06-01.21.23:991][  0]LogConfig: Setting CVar [[r.SceneColorFringeQuality:1]]
[2022.07.06-01.21.23:991][  0]LogConfig: Setting CVar [[r.EyeAdaptationQuality:2]]
[2022.07.06-01.21.23:991][  0]LogConfig: Setting CVar [[r.BloomQuality:5]]
[2022.07.06-01.21.23:991][  0]LogConfig: Setting CVar [[r.FastBlurThreshold:100]]
[2022.07.06-01.21.23:991][  0]LogConfig: Setting CVar [[r.Upscale.Quality:3]]
[2022.07.06-01.21.23:991][  0]LogConfig: Setting CVar [[r.Tonemapper.GrainQuantization:1]]
[2022.07.06-01.21.23:991][  0]LogConfig: Setting CVar [[r.LightShaftQuality:1]]
[2022.07.06-01.21.23:991][  0]LogConfig: Setting CVar [[r.Filter.SizeScale:1]]
[2022.07.06-01.21.23:991][  0]LogConfig: Setting CVar [[r.Tonemapper.Quality:5]]
[2022.07.06-01.21.23:991][  0]LogConfig: Setting CVar [[r.DOF.Gather.AccumulatorQuality:1        ; higher gathering accumulator quality]]
[2022.07.06-01.21.23:991][  0]LogConfig: Setting CVar [[r.DOF.Gather.PostfilterMethod:1          ; Median3x3 postfilering method]]
[2022.07.06-01.21.23:991][  0]LogConfig: Setting CVar [[r.DOF.Gather.EnableBokehSettings:0       ; no bokeh simulation when gathering]]
[2022.07.06-01.21.23:991][  0]LogConfig: Setting CVar [[r.DOF.Gather.RingCount:4                 ; medium number of samples when gathering]]
[2022.07.06-01.21.23:991][  0]LogConfig: Setting CVar [[r.DOF.Scatter.ForegroundCompositing:1    ; additive foreground scattering]]
[2022.07.06-01.21.23:991][  0]LogConfig: Setting CVar [[r.DOF.Scatter.BackgroundCompositing:2    ; additive background scattering]]
[2022.07.06-01.21.23:991][  0]LogConfig: Setting CVar [[r.DOF.Scatter.EnableBokehSettings:1      ; bokeh simulation when scattering]]
[2022.07.06-01.21.23:991][  0]LogConfig: Setting CVar [[r.DOF.Scatter.MaxSpriteRatio:0.1         ; only a maximum of 10% of scattered bokeh]]
[2022.07.06-01.21.23:991][  0]LogConfig: Setting CVar [[r.DOF.Recombine.Quality:1                ; cheap slight out of focus]]
[2022.07.06-01.21.23:991][  0]LogConfig: Setting CVar [[r.DOF.Recombine.EnableBokehSettings:0    ; no bokeh simulation on slight out of focus]]
[2022.07.06-01.21.23:991][  0]LogConfig: Setting CVar [[r.DOF.TemporalAAQuality:1                ; more stable temporal accumulation]]
[2022.07.06-01.21.23:991][  0]LogConfig: Setting CVar [[r.DOF.Kernel.MaxForegroundRadius:0.025]]
[2022.07.06-01.21.23:991][  0]LogConfig: Setting CVar [[r.DOF.Kernel.MaxBackgroundRadius:0.025]]
[2022.07.06-01.21.23:991][  0]LogConfig: Applying CVar settings from Section [TextureQuality@3] File [C:/work/UnrealProject_C7/ShootingGame/Saved/Config/Windows/Scalability.ini]
[2022.07.06-01.21.23:992][  0]LogConfig: Setting CVar [[r.Streaming.MipBias:0]]
[2022.07.06-01.21.23:992][  0]LogConfig: Setting CVar [[r.Streaming.AmortizeCPUToGPUCopy:0]]
[2022.07.06-01.21.23:992][  0]LogConfig: Setting CVar [[r.Streaming.MaxNumTexturesToStreamPerFrame:0]]
[2022.07.06-01.21.23:992][  0]LogConfig: Setting CVar [[r.Streaming.Boost:1]]
[2022.07.06-01.21.23:992][  0]LogConfig: Setting CVar [[r.MaxAnisotropy:8]]
[2022.07.06-01.21.23:992][  0]LogConfig: Setting CVar [[r.VT.MaxAnisotropy:8]]
[2022.07.06-01.21.23:992][  0]LogConfig: Setting CVar [[r.Streaming.LimitPoolSizeToVRAM:0]]
[2022.07.06-01.21.23:992][  0]LogConfig: Setting CVar [[r.Streaming.PoolSize:1000]]
[2022.07.06-01.21.23:992][  0]LogConfig: Setting CVar [[r.Streaming.MaxEffectiveScreenSize:0]]
[2022.07.06-01.21.23:992][  0]LogConfig: Applying CVar settings from Section [EffectsQuality@3] File [C:/work/UnrealProject_C7/ShootingGame/Saved/Config/Windows/Scalability.ini]
[2022.07.06-01.21.23:992][  0]LogConfig: Setting CVar [[r.TranslucencyLightingVolumeDim:64]]
[2022.07.06-01.21.23:992][  0]LogConfig: Setting CVar [[r.RefractionQuality:2]]
[2022.07.06-01.21.23:992][  0]LogConfig: Setting CVar [[r.SSR.Quality:3]]
[2022.07.06-01.21.23:992][  0]LogConfig: Setting CVar [[r.SSR.HalfResSceneColor:0]]
[2022.07.06-01.21.23:992][  0]LogConfig: Setting CVar [[r.SceneColorFormat:4]]
[2022.07.06-01.21.23:992][  0]LogConfig: Setting CVar [[r.DetailMode:2]]
[2022.07.06-01.21.23:992][  0]LogConfig: Setting CVar [[r.TranslucencyVolumeBlur:1]]
[2022.07.06-01.21.23:992][  0]LogConfig: Setting CVar [[r.MaterialQualityLevel:1 ; High quality]]
[2022.07.06-01.21.23:992][  0]LogConfig: Setting CVar [[r.AnisotropicMaterials:1]]
[2022.07.06-01.21.23:992][  0]LogConfig: Setting CVar [[r.SSS.Scale:1]]
[2022.07.06-01.21.23:992][  0]LogConfig: Setting CVar [[r.SSS.SampleSet:2]]
[2022.07.06-01.21.23:992][  0]LogConfig: Setting CVar [[r.SSS.Quality:1]]
[2022.07.06-01.21.23:992][  0]LogConfig: Setting CVar [[r.SSS.HalfRes:0]]
[2022.07.06-01.21.23:992][  0]LogConfig: Setting CVar [[r.SSGI.Quality:3]]
[2022.07.06-01.21.23:992][  0]LogConfig: Setting CVar [[r.EmitterSpawnRateScale:1.0]]
[2022.07.06-01.21.23:992][  0]LogConfig: Setting CVar [[r.ParticleLightQuality:2]]
[2022.07.06-01.21.23:992][  0]LogConfig: Setting CVar [[r.SkyAtmosphere.AerialPerspectiveLUT.FastApplyOnOpaque:1 ; Always have FastSkyLUT 1 in this case to avoid wrong sky]]
[2022.07.06-01.21.23:992][  0]LogConfig: Setting CVar [[r.SkyAtmosphere.AerialPerspectiveLUT.SampleCountMaxPerSlice:4]]
[2022.07.06-01.21.23:992][  0]LogConfig: Setting CVar [[r.SkyAtmosphere.AerialPerspectiveLUT.DepthResolution:16.0]]
[2022.07.06-01.21.23:992][  0]LogConfig: Setting CVar [[r.SkyAtmosphere.FastSkyLUT:1]]
[2022.07.06-01.21.23:992][  0]LogConfig: Setting CVar [[r.SkyAtmosphere.FastSkyLUT.SampleCountMin:4.0]]
[2022.07.06-01.21.23:992][  0]LogConfig: Setting CVar [[r.SkyAtmosphere.FastSkyLUT.SampleCountMax:128.0]]
[2022.07.06-01.21.23:992][  0]LogConfig: Setting CVar [[r.SkyAtmosphere.SampleCountMin:4.0]]
[2022.07.06-01.21.23:992][  0]LogConfig: Setting CVar [[r.SkyAtmosphere.SampleCountMax:128.0]]
[2022.07.06-01.21.23:992][  0]LogConfig: Setting CVar [[r.SkyAtmosphere.TransmittanceLUT.UseSmallFormat:0]]
[2022.07.06-01.21.23:992][  0]LogConfig: Setting CVar [[r.SkyAtmosphere.TransmittanceLUT.SampleCount:10.0]]
[2022.07.06-01.21.23:992][  0]LogConfig: Setting CVar [[r.SkyAtmosphere.MultiScatteringLUT.SampleCount:15.0]]
[2022.07.06-01.21.23:992][  0]LogConfig: Setting CVar [[r.SkyLight.RealTimeReflectionCapture:1]]
[2022.07.06-01.21.23:992][  0]LogConfig: Applying CVar settings from Section [FoliageQuality@3] File [C:/work/UnrealProject_C7/ShootingGame/Saved/Config/Windows/Scalability.ini]
[2022.07.06-01.21.23:992][  0]LogConfig: Setting CVar [[foliage.DensityScale:1.0]]
[2022.07.06-01.21.23:992][  0]LogConfig: Setting CVar [[grass.DensityScale:1.0]]
[2022.07.06-01.21.23:992][  0]LogConfig: Applying CVar settings from Section [ShadingQuality@3] File [C:/work/UnrealProject_C7/ShootingGame/Saved/Config/Windows/Scalability.ini]
[2022.07.06-01.21.23:992][  0]LogConfig: Setting CVar [[r.HairStrands.SkyLighting.IntegrationType:2]]
[2022.07.06-01.21.23:992][  0]LogConfig: Setting CVar [[r.HairStrands.SkyAO.SampleCount:4]]
[2022.07.06-01.21.23:992][  0]LogConfig: Setting CVar [[r.HairStrands.Visibility.MSAA.SamplePerPixel:4]]
[2022.07.06-01.21.23:992][  0]LogInit: Selected Device Profile: [Windows]
[2022.07.06-01.21.23:992][  0]LogInit: Applying CVar settings loaded from the selected device profile: [Windows]
[2022.07.06-01.21.23:992][  0]LogHAL: Display: Platform has ~ 16 GB [16989282304 / 17179869184 / 16], which maps to Larger [LargestMinGB=32, LargerMinGB=12, DefaultMinGB=8, SmallerMinGB=6, SmallestMinGB=0)
[2022.07.06-01.21.23:992][  0]LogInit: Going up to parent DeviceProfile []
[2022.07.06-01.21.23:992][  0]LogConfig: Applying CVar settings from Section [ViewDistanceQuality@3] File [C:/work/UnrealProject_C7/ShootingGame/Saved/Config/Windows/Scalability.ini]
[2022.07.06-01.21.23:992][  0]LogConfig: Setting CVar [[r.SkeletalMeshLODBias:0]]
[2022.07.06-01.21.23:992][  0]LogConfig: Setting CVar [[r.ViewDistanceScale:1.0]]
[2022.07.06-01.21.23:992][  0]LogConfig: Applying CVar settings from Section [AntiAliasingQuality@3] File [C:/work/UnrealProject_C7/ShootingGame/Saved/Config/Windows/Scalability.ini]
[2022.07.06-01.21.23:992][  0]LogConfig: Setting CVar [[r.PostProcessAAQuality:4]]
[2022.07.06-01.21.23:993][  0]LogConfig: Applying CVar settings from Section [ShadowQuality@3] File [C:/work/UnrealProject_C7/ShootingGame/Saved/Config/Windows/Scalability.ini]
[2022.07.06-01.21.23:993][  0]LogConfig: Setting CVar [[r.LightFunctionQuality:1]]
[2022.07.06-01.21.23:993][  0]LogConfig: Setting CVar [[r.ShadowQuality:5]]
[2022.07.06-01.21.23:993][  0]LogConfig: Setting CVar [[r.Shadow.CSM.MaxCascades:10]]
[2022.07.06-01.21.23:993][  0]LogConfig: Setting CVar [[r.Shadow.MaxResolution:2048]]
[2022.07.06-01.21.23:993][  0]LogConfig: Setting CVar [[r.Shadow.MaxCSMResolution:2048]]
[2022.07.06-01.21.23:993][  0]LogConfig: Setting CVar [[r.Shadow.RadiusThreshold:0.01]]
[2022.07.06-01.21.23:993][  0]LogConfig: Setting CVar [[r.Shadow.DistanceScale:1.0]]
[2022.07.06-01.21.23:993][  0]LogConfig: Setting CVar [[r.Shadow.CSM.TransitionScale:1.0]]
[2022.07.06-01.21.23:993][  0]LogConfig: Setting CVar [[r.Shadow.PreShadowResolutionFactor:1.0]]
[2022.07.06-01.21.23:993][  0]LogConfig: Setting CVar [[r.DistanceFieldShadowing:1]]
[2022.07.06-01.21.23:993][  0]LogConfig: Setting CVar [[r.DistanceFieldAO:1]]
[2022.07.06-01.21.23:993][  0]LogConfig: Setting CVar [[r.AOQuality:2]]
[2022.07.06-01.21.23:993][  0]LogConfig: Setting CVar [[r.VolumetricFog:1]]
[2022.07.06-01.21.23:993][  0]LogConfig: Setting CVar [[r.VolumetricFog.GridPixelSize:8]]
[2022.07.06-01.21.23:993][  0]LogConfig: Setting CVar [[r.VolumetricFog.GridSizeZ:128]]
[2022.07.06-01.21.23:993][  0]LogConfig: Setting CVar [[r.VolumetricFog.HistoryMissSupersampleCount:4]]
[2022.07.06-01.21.23:993][  0]LogConfig: Setting CVar [[r.LightMaxDrawDistanceScale:1]]
[2022.07.06-01.21.23:993][  0]LogConfig: Setting CVar [[r.CapsuleShadows:1]]
[2022.07.06-01.21.23:993][  0]LogConfig: Applying CVar settings from Section [PostProcessQuality@3] File [C:/work/UnrealProject_C7/ShootingGame/Saved/Config/Windows/Scalability.ini]
[2022.07.06-01.21.23:993][  0]LogConfig: Setting CVar [[r.MotionBlurQuality:4]]
[2022.07.06-01.21.23:993][  0]LogConfig: Setting CVar [[r.AmbientOcclusionMipLevelFactor:0.4]]
[2022.07.06-01.21.23:993][  0]LogConfig: Setting CVar [[r.AmbientOcclusionMaxQuality:100]]
[2022.07.06-01.21.23:993][  0]LogConfig: Setting CVar [[r.AmbientOcclusionLevels:-1]]
[2022.07.06-01.21.23:993][  0]LogConfig: Setting CVar [[r.AmbientOcclusionRadiusScale:1.0]]
[2022.07.06-01.21.23:993][  0]LogConfig: Setting CVar [[r.DepthOfFieldQuality:2]]
[2022.07.06-01.21.23:993][  0]LogConfig: Setting CVar [[r.RenderTargetPoolMin:400]]
[2022.07.06-01.21.23:993][  0]LogConfig: Setting CVar [[r.LensFlareQuality:2]]
[2022.07.06-01.21.23:993][  0]LogConfig: Setting CVar [[r.SceneColorFringeQuality:1]]
[2022.07.06-01.21.23:993][  0]LogConfig: Setting CVar [[r.EyeAdaptationQuality:2]]
[2022.07.06-01.21.23:993][  0]LogConfig: Setting CVar [[r.BloomQuality:5]]
[2022.07.06-01.21.23:993][  0]LogConfig: Setting CVar [[r.FastBlurThreshold:100]]
[2022.07.06-01.21.23:993][  0]LogConfig: Setting CVar [[r.Upscale.Quality:3]]
[2022.07.06-01.21.23:993][  0]LogConfig: Setting CVar [[r.Tonemapper.GrainQuantization:1]]
[2022.07.06-01.21.23:993][  0]LogConfig: Setting CVar [[r.LightShaftQuality:1]]
[2022.07.06-01.21.23:993][  0]LogConfig: Setting CVar [[r.Filter.SizeScale:1]]
[2022.07.06-01.21.23:993][  0]LogConfig: Setting CVar [[r.Tonemapper.Quality:5]]
[2022.07.06-01.21.23:993][  0]LogConfig: Setting CVar [[r.DOF.Gather.AccumulatorQuality:1        ; higher gathering accumulator quality]]
[2022.07.06-01.21.23:993][  0]LogConfig: Setting CVar [[r.DOF.Gather.PostfilterMethod:1          ; Median3x3 postfilering method]]
[2022.07.06-01.21.23:993][  0]LogConfig: Setting CVar [[r.DOF.Gather.EnableBokehSettings:0       ; no bokeh simulation when gathering]]
[2022.07.06-01.21.23:993][  0]LogConfig: Setting CVar [[r.DOF.Gather.RingCount:4                 ; medium number of samples when gathering]]
[2022.07.06-01.21.23:993][  0]LogConfig: Setting CVar [[r.DOF.Scatter.ForegroundCompositing:1    ; additive foreground scattering]]
[2022.07.06-01.21.23:993][  0]LogConfig: Setting CVar [[r.DOF.Scatter.BackgroundCompositing:2    ; additive background scattering]]
[2022.07.06-01.21.23:993][  0]LogConfig: Setting CVar [[r.DOF.Scatter.EnableBokehSettings:1      ; bokeh simulation when scattering]]
[2022.07.06-01.21.23:993][  0]LogConfig: Setting CVar [[r.DOF.Scatter.MaxSpriteRatio:0.1         ; only a maximum of 10% of scattered bokeh]]
[2022.07.06-01.21.23:993][  0]LogConfig: Setting CVar [[r.DOF.Recombine.Quality:1                ; cheap slight out of focus]]
[2022.07.06-01.21.23:993][  0]LogConfig: Setting CVar [[r.DOF.Recombine.EnableBokehSettings:0    ; no bokeh simulation on slight out of focus]]
[2022.07.06-01.21.23:993][  0]LogConfig: Setting CVar [[r.DOF.TemporalAAQuality:1                ; more stable temporal accumulation]]
[2022.07.06-01.21.23:993][  0]LogConfig: Setting CVar [[r.DOF.Kernel.MaxForegroundRadius:0.025]]
[2022.07.06-01.21.23:993][  0]LogConfig: Setting CVar [[r.DOF.Kernel.MaxBackgroundRadius:0.025]]
[2022.07.06-01.21.23:993][  0]LogConfig: Applying CVar settings from Section [TextureQuality@3] File [C:/work/UnrealProject_C7/ShootingGame/Saved/Config/Windows/Scalability.ini]
[2022.07.06-01.21.23:993][  0]LogConfig: Setting CVar [[r.Streaming.MipBias:0]]
[2022.07.06-01.21.23:993][  0]LogConfig: Setting CVar [[r.Streaming.AmortizeCPUToGPUCopy:0]]
[2022.07.06-01.21.23:993][  0]LogConfig: Setting CVar [[r.Streaming.MaxNumTexturesToStreamPerFrame:0]]
[2022.07.06-01.21.23:993][  0]LogConfig: Setting CVar [[r.Streaming.Boost:1]]
[2022.07.06-01.21.23:993][  0]LogConfig: Setting CVar [[r.MaxAnisotropy:8]]
[2022.07.06-01.21.23:993][  0]LogConfig: Setting CVar [[r.VT.MaxAnisotropy:8]]
[2022.07.06-01.21.23:993][  0]LogConfig: Setting CVar [[r.Streaming.LimitPoolSizeToVRAM:0]]
[2022.07.06-01.21.23:993][  0]LogConfig: Setting CVar [[r.Streaming.PoolSize:1000]]
[2022.07.06-01.21.23:993][  0]LogConfig: Setting CVar [[r.Streaming.MaxEffectiveScreenSize:0]]
[2022.07.06-01.21.23:993][  0]LogConfig: Applying CVar settings from Section [EffectsQuality@3] File [C:/work/UnrealProject_C7/ShootingGame/Saved/Config/Windows/Scalability.ini]
[2022.07.06-01.21.23:993][  0]LogConfig: Setting CVar [[r.TranslucencyLightingVolumeDim:64]]
[2022.07.06-01.21.23:993][  0]LogConfig: Setting CVar [[r.RefractionQuality:2]]
[2022.07.06-01.21.23:993][  0]LogConfig: Setting CVar [[r.SSR.Quality:3]]
[2022.07.06-01.21.23:993][  0]LogConfig: Setting CVar [[r.SSR.HalfResSceneColor:0]]
[2022.07.06-01.21.23:993][  0]LogConfig: Setting CVar [[r.SceneColorFormat:4]]
[2022.07.06-01.21.23:993][  0]LogConfig: Setting CVar [[r.DetailMode:2]]
[2022.07.06-01.21.23:993][  0]LogConfig: Setting CVar [[r.TranslucencyVolumeBlur:1]]
[2022.07.06-01.21.23:993][  0]LogConfig: Setting CVar [[r.MaterialQualityLevel:1 ; High quality]]
[2022.07.06-01.21.23:993][  0]LogConfig: Setting CVar [[r.AnisotropicMaterials:1]]
[2022.07.06-01.21.23:993][  0]LogConfig: Setting CVar [[r.SSS.Scale:1]]
[2022.07.06-01.21.23:993][  0]LogConfig: Setting CVar [[r.SSS.SampleSet:2]]
[2022.07.06-01.21.23:993][  0]LogConfig: Setting CVar [[r.SSS.Quality:1]]
[2022.07.06-01.21.23:993][  0]LogConfig: Setting CVar [[r.SSS.HalfRes:0]]
[2022.07.06-01.21.23:993][  0]LogConfig: Setting CVar [[r.SSGI.Quality:3]]
[2022.07.06-01.21.23:993][  0]LogConfig: Setting CVar [[r.EmitterSpawnRateScale:1.0]]
[2022.07.06-01.21.23:993][  0]LogConfig: Setting CVar [[r.ParticleLightQuality:2]]
[2022.07.06-01.21.23:993][  0]LogConfig: Setting CVar [[r.SkyAtmosphere.AerialPerspectiveLUT.FastApplyOnOpaque:1 ; Always have FastSkyLUT 1 in this case to avoid wrong sky]]
[2022.07.06-01.21.23:993][  0]LogConfig: Setting CVar [[r.SkyAtmosphere.AerialPerspectiveLUT.SampleCountMaxPerSlice:4]]
[2022.07.06-01.21.23:993][  0]LogConfig: Setting CVar [[r.SkyAtmosphere.AerialPerspectiveLUT.DepthResolution:16.0]]
[2022.07.06-01.21.23:993][  0]LogConfig: Setting CVar [[r.SkyAtmosphere.FastSkyLUT:1]]
[2022.07.06-01.21.23:993][  0]LogConfig: Setting CVar [[r.SkyAtmosphere.FastSkyLUT.SampleCountMin:4.0]]
[2022.07.06-01.21.23:993][  0]LogConfig: Setting CVar [[r.SkyAtmosphere.FastSkyLUT.SampleCountMax:128.0]]
[2022.07.06-01.21.23:993][  0]LogConfig: Setting CVar [[r.SkyAtmosphere.SampleCountMin:4.0]]
[2022.07.06-01.21.23:993][  0]LogConfig: Setting CVar [[r.SkyAtmosphere.SampleCountMax:128.0]]
[2022.07.06-01.21.23:993][  0]LogConfig: Setting CVar [[r.SkyAtmosphere.TransmittanceLUT.UseSmallFormat:0]]
[2022.07.06-01.21.23:993][  0]LogConfig: Setting CVar [[r.SkyAtmosphere.TransmittanceLUT.SampleCount:10.0]]
[2022.07.06-01.21.23:993][  0]LogConfig: Setting CVar [[r.SkyAtmosphere.MultiScatteringLUT.SampleCount:15.0]]
[2022.07.06-01.21.23:993][  0]LogConfig: Setting CVar [[r.SkyLight.RealTimeReflectionCapture:1]]
[2022.07.06-01.21.23:994][  0]LogConfig: Applying CVar settings from Section [FoliageQuality@3] File [C:/work/UnrealProject_C7/ShootingGame/Saved/Config/Windows/Scalability.ini]
[2022.07.06-01.21.23:994][  0]LogConfig: Setting CVar [[foliage.DensityScale:1.0]]
[2022.07.06-01.21.23:994][  0]LogConfig: Setting CVar [[grass.DensityScale:1.0]]
[2022.07.06-01.21.23:994][  0]LogConfig: Applying CVar settings from Section [ShadingQuality@3] File [C:/work/UnrealProject_C7/ShootingGame/Saved/Config/Windows/Scalability.ini]
[2022.07.06-01.21.23:994][  0]LogConfig: Setting CVar [[r.HairStrands.SkyLighting.IntegrationType:2]]
[2022.07.06-01.21.23:994][  0]LogConfig: Setting CVar [[r.HairStrands.SkyAO.SampleCount:4]]
[2022.07.06-01.21.23:994][  0]LogConfig: Setting CVar [[r.HairStrands.Visibility.MSAA.SamplePerPixel:4]]
[2022.07.06-01.21.23:994][  0]LogConfig: Applying CVar settings from Section [Startup] File [../../../Engine/Config/ConsoleVariables.ini]
[2022.07.06-01.21.23:994][  0]LogConfig: Setting CVar [[net.UseAdaptiveNetUpdateFrequency:0]]
[2022.07.06-01.21.23:994][  0]LogConfig: Setting CVar [[p.chaos.AllowCreatePhysxBodies:1]]
[2022.07.06-01.21.23:994][  0]LogConfig: Setting CVar [[fx.SkipVectorVMBackendOptimizations:1]]
[2022.07.06-01.21.23:994][  0]LogConfig: Applying CVar settings from Section [ConsoleVariables] File [C:/work/UnrealProject_C7/ShootingGame/Saved/Config/Windows/Engine.ini]
[2022.07.06-01.21.23:994][  0]LogConfig: Applying CVar settings from Section [ConsoleVariables] File [C:/work/UnrealProject_C7/ShootingGame/Saved/Config/Windows/Editor.ini]
[2022.07.06-01.21.23:994][  0]LogInit: Computer: DESKTOP-HME5P3N
[2022.07.06-01.21.23:994][  0]LogInit: User: parkdoyoung
[2022.07.06-01.21.23:994][  0]LogInit: CPU Page size=4096, Cores=4
[2022.07.06-01.21.23:994][  0]LogInit: High frequency timer resolution =10.000000 MHz
[2022.07.06-01.21.23:994][  0]LogMemory: Memory total: Physical=15.8GB (16GB approx)
[2022.07.06-01.21.23:994][  0]LogMemory: Platform Memory Stats for Windows
[2022.07.06-01.21.23:994][  0]LogMemory: Process Physical Memory: 142.93 MB used, 142.94 MB peak
[2022.07.06-01.21.23:994][  0]LogMemory: Process Virtual Memory: 128.43 MB used, 128.43 MB peak
[2022.07.06-01.21.23:994][  0]LogMemory: Physical Memory: 8325.72 MB used,  7876.52 MB free, 16202.24 MB total
[2022.07.06-01.21.23:994][  0]LogMemory: Virtual Memory: 134206032.00 MB used,  11693.16 MB free, 134217728.00 MB total
[2022.07.06-01.21.23:999][  0]LogWindows: WindowsPlatformFeatures enabled
[2022.07.06-01.21.24:017][  0]LogInit: Physics initialised using underlying interface: PhysX
[2022.07.06-01.21.24:017][  0]LogInit: Using OS detected language (ko-KR).
[2022.07.06-01.21.24:017][  0]LogInit: Using OS detected locale (ko-KR).
[2022.07.06-01.21.24:020][  0]LogTextLocalizationManager: No specific localization for 'ko-KR' exists, so the 'ko' localization will be used.
[2022.07.06-01.21.24:151][  0]LogWindowsTextInputMethodSystem: Display: IME system deactivated.
[2022.07.06-01.21.24:163][  0]LogSlate: New Slate User Created.  User Index 0, Is Virtual User: 0
[2022.07.06-01.21.24:163][  0]LogSlate: Slate User Registered.  User Index 0, Is Virtual User: 0
[2022.07.06-01.21.24:175][  0]LogD3D11RHI: Loaded GFSDK_Aftermath_Lib.x64.dll
[2022.07.06-01.21.24:177][  0]LogHMD: Failed to initialize OpenVR with code 110
[2022.07.06-01.21.24:177][  0]LogD3D11RHI: D3D11 min allowed feature level: 11_0
[2022.07.06-01.21.24:177][  0]LogD3D11RHI: D3D11 max allowed feature level: 11_0
[2022.07.06-01.21.24:177][  0]LogD3D11RHI: D3D11 adapters:
[2022.07.06-01.21.24:275][  0]LogD3D11RHI:    0. 'NVIDIA GeForce GTX 1650 with Max-Q Design' (Feature Level 11_0)
[2022.07.06-01.21.24:275][  0]LogD3D11RHI:       3962/0/8101 MB DedicatedVideo/DedicatedSystem/SharedSystem, Outputs:1, VendorId:0x10de
[2022.07.06-01.21.24:291][  0]LogD3D11RHI:    1. 'Intel(R) UHD Graphics' (Feature Level 11_0)
[2022.07.06-01.21.24:291][  0]LogD3D11RHI:       128/0/8101 MB DedicatedVideo/DedicatedSystem/SharedSystem, Outputs:0, VendorId:0x8086
[2022.07.06-01.21.24:294][  0]LogD3D11RHI:    2. 'Microsoft Basic Render Driver' (Feature Level 11_0)
[2022.07.06-01.21.24:294][  0]LogD3D11RHI:       0/0/8101 MB DedicatedVideo/DedicatedSystem/SharedSystem, Outputs:0, VendorId:0x1414
[2022.07.06-01.21.24:294][  0]LogD3D11RHI: Chosen D3D11 Adapter:
[2022.07.06-01.21.24:294][  0]LogD3D11RHI:     Description : NVIDIA GeForce GTX 1650 with Max-Q Design
[2022.07.06-01.21.24:294][  0]LogD3D11RHI:     VendorId    : 10de
[2022.07.06-01.21.24:294][  0]LogD3D11RHI:     DeviceId    : 1f9d
[2022.07.06-01.21.24:294][  0]LogD3D11RHI:     SubSysId    : 12f41462
[2022.07.06-01.21.24:294][  0]LogD3D11RHI:     Revision    : 00a1
[2022.07.06-01.21.24:294][  0]LogD3D11RHI:     DedicatedVideoMemory : 4154458112 bytes
[2022.07.06-01.21.24:294][  0]LogD3D11RHI:     DedicatedSystemMemory : 0 bytes
[2022.07.06-01.21.24:294][  0]LogD3D11RHI:     SharedSystemMemory : 8494641152 bytes
[2022.07.06-01.21.24:294][  0]LogD3D11RHI:     AdapterLuid : 0 55500
[2022.07.06-01.21.24:301][  0]LogD3D11RHI: Creating new Direct3DDevice
[2022.07.06-01.21.24:301][  0]LogD3D11RHI:     GPU DeviceId: 0x1f9d (for the marketing name, search the web for "GPU Device Id")
[2022.07.06-01.21.24:301][  0]LogWindows: EnumDisplayDevices:
[2022.07.06-01.21.24:301][  0]LogWindows:    0. 'Intel(R) UHD Graphics' (P:1 D:1)
[2022.07.06-01.21.24:301][  0]LogWindows:    1. 'Intel(R) UHD Graphics' (P:0 D:0)
[2022.07.06-01.21.24:301][  0]LogWindows:    2. 'Intel(R) UHD Graphics' (P:0 D:0)
[2022.07.06-01.21.24:301][  0]LogWindows: DebugString: PrimaryIsNotTheChoosenAdapter PrimaryIsNotTheChoosenAdapter PrimaryIsNotTheChoosenAdapter FoundDriverCount:0 
[2022.07.06-01.21.24:301][  0]LogD3D11RHI:     Adapter Name: NVIDIA GeForce GTX 1650 with Max-Q Design
[2022.07.06-01.21.24:301][  0]LogD3D11RHI:   Driver Version: Unknown (internal:Unknown, unified:Unknown)
[2022.07.06-01.21.24:301][  0]LogD3D11RHI:      Driver Date: Unknown
[2022.07.06-01.21.24:301][  0]LogRHI: Texture pool is 2773 MB (70% of 3962 MB)
[2022.07.06-01.21.24:301][  0]LogD3D11RHI: Creating D3DDevice using adapter:
[2022.07.06-01.21.24:301][  0]LogD3D11RHI:     Description : NVIDIA GeForce GTX 1650 with Max-Q Design
[2022.07.06-01.21.24:301][  0]LogD3D11RHI:     VendorId    : 10de
[2022.07.06-01.21.24:301][  0]LogD3D11RHI:     DeviceId    : 1f9d
[2022.07.06-01.21.24:301][  0]LogD3D11RHI:     SubSysId    : 12f41462
[2022.07.06-01.21.24:301][  0]LogD3D11RHI:     Revision    : 00a1
[2022.07.06-01.21.24:301][  0]LogD3D11RHI:     DedicatedVideoMemory : 4154458112 bytes
[2022.07.06-01.21.24:301][  0]LogD3D11RHI:     DedicatedSystemMemory : 0 bytes
[2022.07.06-01.21.24:301][  0]LogD3D11RHI:     SharedSystemMemory : 8494641152 bytes
[2022.07.06-01.21.24:301][  0]LogD3D11RHI:     AdapterLuid : 0 55500
[2022.07.06-01.21.24:380][  0]LogD3D11RHI: RHI has support for 64 bit atomics
[2022.07.06-01.21.24:380][  0]LogD3D11RHI: Async texture creation enabled
[2022.07.06-01.21.24:380][  0]LogD3D11RHI: Array index from any shader is supported
[2022.07.06-01.21.24:399][  0]LogD3D11RHI: GPU Timing Frequency: 1000.000000 (Debug: 2 2)
[2022.07.06-01.21.24:431][  0]LogRHI: GeForceNow SDK initialized: 1
[2022.07.06-01.21.24:694][  0]LogTargetPlatformManager: Display: Loaded TargetPlatform 'WindowsNoEditor'
[2022.07.06-01.21.24:699][  0]LogTargetPlatformManager: Display: Loaded TargetPlatform 'Windows'
[2022.07.06-01.21.24:703][  0]LogTargetPlatformManager: Display: Loaded TargetPlatform 'WindowsClient'
[2022.07.06-01.21.24:708][  0]LogTargetPlatformManager: Display: Loaded TargetPlatform 'WindowsServer'
[2022.07.06-01.21.24:708][  0]LogTargetPlatformManager: Display: Building Assets For Windows
[2022.07.06-01.21.24:715][  0]LogAudioDebug: Display: Lib vorbis DLL was dynamically loaded.
[2022.07.06-01.21.24:742][  0]LogTextureFormatOodle: Display: Oodle Texture 2.9.0 init RDO Off
[2022.07.06-01.21.24:767][  0]LogRendererCore: Ray tracing is disabled. Reason: r.RayTracing=0.
[2022.07.06-01.21.24:767][  0]LogShaderCompilers: Guid format shader working directory is 1 characters bigger than the processId version (../../../../../../work/UnrealProject_C7/ShootingGame/Intermediate/Shaders/WorkingDirectory/132/).
[2022.07.06-01.21.24:767][  0]LogShaderCompilers: Cleaned the shader compiler working directory 'C:/Users/parkdoyoung/AppData/Local/Temp/UnrealShaderWorkingDir/36F692D64EE4CC1A24F4549E86C77D68/'.
[2022.07.06-01.21.24:768][  0]LogXGEController: Cannot use XGE Controller as Incredibuild is not installed on this machine.
[2022.07.06-01.21.24:768][  0]LogShaderCompilers: Cannot use XGE Shader Compiler as Incredibuild is not installed on this machine.
[2022.07.06-01.21.24:768][  0]LogShaderCompilers: Display: Using Local Shader Compiler.
[2022.07.06-01.21.25:494][  0]LogDerivedDataCache: Display: Max Cache Size: 512 MB
[2022.07.06-01.21.25:557][  0]LogDerivedDataCache: Loaded boot cache 0.06s 94MB C:/Users/parkdoyoung/AppData/Local/UnrealEngine/4.27/DerivedDataCache/Boot.ddc.
[2022.07.06-01.21.25:557][  0]LogDerivedDataCache: Display: Loaded Boot cache: C:/Users/parkdoyoung/AppData/Local/UnrealEngine/4.27/DerivedDataCache/Boot.ddc
[2022.07.06-01.21.25:557][  0]LogDerivedDataCache: FDerivedDataBackendGraph:  Pak pak cache file ../../../../../../work/UnrealProject_C7/ShootingGame/DerivedDataCache/DDC.ddp not found, will not use a pak cache.
[2022.07.06-01.21.25:557][  0]LogDerivedDataCache: Unable to find inner node Pak for hierarchical cache Hierarchy.
[2022.07.06-01.21.25:557][  0]LogDerivedDataCache: FDerivedDataBackendGraph:  CompressedPak pak cache file ../../../../../../work/UnrealProject_C7/ShootingGame/DerivedDataCache/Compressed.ddp not found, will not use a pak cache.
[2022.07.06-01.21.25:557][  0]LogDerivedDataCache: Unable to find inner node CompressedPak for hierarchical cache Hierarchy.
[2022.07.06-01.21.25:573][  0]LogDerivedDataCache: Display: Pak cache opened for reading ../../../Engine/DerivedDataCache/Compressed.ddp.
[2022.07.06-01.21.25:574][  0]LogDerivedDataCache: FDerivedDataBackendGraph:  EnterprisePak pak cache file ../../../Enterprise/DerivedDataCache/Compressed.ddp not found, will not use a pak cache.
[2022.07.06-01.21.25:574][  0]LogDerivedDataCache: Unable to find inner node EnterprisePak for hierarchical cache Hierarchy.
[2022.07.06-01.21.25:594][  0]LogDerivedDataCache: Speed tests for C:/Users/parkdoyoung/AppData/Local/UnrealEngine/Common/DerivedDataCache took 0.02 seconds
[2022.07.06-01.21.25:595][  0]LogDerivedDataCache: Display: Performance to C:/Users/parkdoyoung/AppData/Local/UnrealEngine/Common/DerivedDataCache: Latency=0.03ms. RandomReadSpeed=191.16MBs, RandomWriteSpeed=60.67MBs. Assigned SpeedClass 'Local'
[2022.07.06-01.21.25:596][  0]LogDerivedDataCache: Using Local data cache path C:/Users/parkdoyoung/AppData/Local/UnrealEngine/Common/DerivedDataCache: Writable
[2022.07.06-01.21.25:596][  0]LogDerivedDataCache: Shared data cache path not found in *engine.ini, will not use an Shared cache.
[2022.07.06-01.21.25:596][  0]LogDerivedDataCache: Unable to find inner node Shared for hierarchical cache Hierarchy.
[2022.07.06-01.21.25:632][  0]LogSlate: Using FreeType 2.10.0
[2022.07.06-01.21.25:632][  0]LogSlate: SlateFontServices - WITH_FREETYPE: 1, WITH_HARFBUZZ: 1
[2022.07.06-01.21.25:716][  0]LogInit: Using OS detected language (ko-KR).
[2022.07.06-01.21.25:716][  0]LogInit: Using OS detected locale (ko-KR).
[2022.07.06-01.21.25:716][  0]LogTextLocalizationManager: No localization for 'ko-KR' exists, so 'en' will be used for the language.
[2022.07.06-01.21.25:716][  0]LogTextLocalizationManager: No localization for 'ko-KR' exists, so 'en' will be used for the locale.
[2022.07.06-01.21.25:716][  0]LogSlate: FontCache flush requested. Reason: Culture for localization was changed
[2022.07.06-01.21.25:716][  0]LogSlate: FontCache flush requested. Reason: Culture for localization was changed
[2022.07.06-01.21.25:719][  0]LogAssetRegistry: FAssetRegistry took 0.0017 seconds to start up
[2022.07.06-01.21.25:887][  0]LogTextLocalizationManager: Compacting localization data took   0.01ms
[2022.07.06-01.21.25:887][  0]LogPackageLocalizationCache: Processed 27 localized package path(s) for 1 prioritized culture(s) in 0.001033 seconds
[2022.07.06-01.21.25:948][  0]LogInit: Selected Device Profile: [Windows]
[2022.07.06-01.21.25:948][  0]LogInit: Active device profile: [000001C51E5FAC00][000001C5173CE8C0 49] Windows
[2022.07.06-01.21.25:948][  0]LogInit: Profiles: [000001C51E5FAC00][000001C5173CE8C0 49] Windows, [000001C51E5F6F00][000001C5173D6A40 49] WindowsNoEditor, [000001C51E5FB600][000001C5173DABC0 49] WindowsServer, [000001C51E5F4B00][000001C5173DED40 49] WindowsClient, [000001C51E5F8B00][000001C5173E2EC0 49] IOS, [000001C51E5F7700][000001C5173E7040 49] iPadAir, [000001C51E5FBB00][000001C5173EB1C0 49] iPadAir2, [000001C51E5AA600][000001C5173F3480 49] IPadPro, [000001C51E5AA700][000001C5173EF4C0 49] iPadAir3, [000001C51E5F8500][000001C5173F7640 49] iPadAir4, [000001C51E5A8100][000001C5173D3780 49] iPadMini2, [000001C51E5FB700][000001C5173FB8C0 49] iPadMini3, [000001C51E5AAF00][000001C513F9DA00 49] iPadMini4, [000001C51E5F9800][000001C513FA1B40 49] iPadMini5, [000001C51E5C5F00][000001C513FAC280 49] iPhone6, [000001C51E5C6000][000001C513FA82C0 49] iPodTouch6, [000001C51E5AB200][000001C513FB4580 49] iPhone7, [000001C51E5A9B00][000001C513FB05C0 49] iPodTouch7, [000001C51E5C6E00][000001C513FB8740 49] iPhone5S, [000001C51E5A8800][000001C513FBC8C0 49] iPhone6Plus, [000001C51E5C6A00][000001C513FC0A40 49] iPhone6S, [000001C51E5AB700][000001C513FC4BC0 49] iPhone6SPlus, [000001C51E5C5100][000001C513FC8D40 49] iPhone7Plus, [000001C51E5A8C00][000001C513FCCEC0 49] iPhoneSE, [000001C51E5C7500][000001C513FD1040 49] iPhone8, [000001C51E5A9700][000001C513FD51C0 49] iPhone8Plus, [000001C51E5C7600][000001C513FD9340 49] iPhoneX, [000001C51E5A9900][000001C513FDD4C0 49] iPhoneXS, [000001C51E5C6C00][000001C51ED3F640 49] iPhoneXSMax, [000001C51E5A9100][000001C51ED437C0 49] iPhoneXR, [000001C51E5C5B00][000001C513FA5900 49] iPhone11, [000001C51E5AAC00][000001C51ED47A40 49] iPhone11Pro, [000001C51E5C7300][000001C51ED4BB80 49] iPhone11ProMax, [000001C51E5A9000][000001C51ED4E140 49] iPhoneSE2, [000001C51E5C5300][000001C51ED562C0 49] iPhone12Mini, [000001C51E5AA300][000001C51ED5A440 49] iPhone12, [000001C51E5C6F00][000001C51ED5E5C0 49] iPhone12Pro, [000001C51E5AB800][000001C51ED62740 49] iPhone12ProMax, [000001C51E5C4400][000001C51ED668C0 49] iPadPro105, [000001C51E5AA900][000001C51ED6AA40 49] iPadPro129, [000001C51E5C6900][000001C51ED6EBC0 49] iPadPro97, [000001C51E5A9C00][000001C51ED72D40 49] iPadPro2_129, [000001C51E5C4A00][000001C51ED76EC0 49] iPad5, [000001C51E5ABE00][000001C51ED7B040 49] iPad6, [000001C51E5C7900][000001C51ED7F1C0 49] iPad7, [000001C51E5AAA00][000001C51ED83340 49] iPad8, [000001C51E5C5C00][000001C51ED874C0 49] iPadPro11, [000001C51E5AA000][000001C51ED8B640 49] iPadPro2_11, [000001C51E5F7000][000001C51ED8F7C0 49] iPadPro3_129, [000001C51E688100][000001C51ED93940 49] iPadPro4_129, [000001C51E5F6C00][000001C51ED97AC0 49] AppleTV, [000001C51E688C00][000001C51ED53C00 49] AppleTV4K, [000001C51E5F4100][000001C51ED9A1C0 49] TVOS, [000001C51E689900][000001C51ED9E300 49] Mac, [000001C51E5F6B00][000001C51EDA6480 49] MacClient, [000001C51E688E00][000001C51EDAA600 49] MacNoEditor, [000001C51E5F6800][000001C51EDAE780 49] MacServer, [000001C51E688B00][000001C51EDB2900 49] Linux, [000001C51E5F6000][000001C51EDB6A80 49] LinuxAArch64, [000001C51E689700][000001C51EDBAC00 49] LinuxNoEditor, [000001C51E5F5400][000001C51EDBED80 49] LinuxAArch64NoEditor, [000001C51E688F00][000001C51EDC2F00 49] LinuxClient, [000001C51E5F6700][000001C51EDC7080 49] LinuxAArch64Client, [000001C51E688200][000001C51EDCB200 49] LinuxServer, [000001C51E5A8300][000001C51EDCF380 49] LinuxAArch64Server, [000001C51E5C6800][000001C51EDD3500 49] Android, [000001C51E5AB000][000001C51EDD7680 49] Android_Low, [000001C51E5C6D00][000001C51EDDB800 49] Android_Mid, [000001C51E5A8500][000001C51EDDF980 49] Android_High, [000001C51E5C7C00][000001C51EDE3B00 49] Android_Default, [000001C51E5AAB00][000001C51EDE6100 49] Android_Adreno4xx, [000001C51E5C7F00][000001C51EDA2240 49] Android_Adreno5xx_Low, [000001C51E5A8600][000001C51EDEA380 49] Android_Adreno5xx, [000001C51E5C7A00][000001C51EDEE4C0 49] Android_Adreno6xx, [000001C51E5A9600][000001C51EDF6640 49] Android_Adreno6xx_Vulkan, [000001C51E5C7E00][000001C51EDFA7C0 49] Android_Mali_T6xx, [000001C51E5ABA00][000001C51EDFE940 49] Android_Mali_T7xx, [000001C51E689C00][000001C51EE02AC0 49] Android_Mali_T8xx, [000001C51E5ABB00][000001C51EE06C40 49] Android_Mali_G71, [000001C51E68A300][000001C51EE0ADC0 49] Android_Mali_G72, [000001C51E5A9400][000001C51EE0EF40 49] Android_Mali_G72_Vulkan, [000001C51E689300][000001C51EE130C0 49] Android_Mali_G76, [000001C51E5A8900][000001C51EE17240 49] Android_Mali_G76_Vulkan, [000001C51E689600][000001C51EE1B3C0 49] Android_Mali_G77, [000001C51E5AB500][000001C51EE1F540 49] Android_Mali_G77_Vulkan, [000001C51E689000][000001C51EE236C0 49] Android_Mali_G78, [000001C51E5AA200][000001C51EE27840 49] Android_Mali_G78_Vulkan, [000001C51E5C5200][000001C51EE2B9C0 49] Android_Mali_G710, [000001C51E5A9200][000001C51EE2FB40 49] Android_Mali_G710_Vulkan, [000001C51E5C5A00][000001C51EE32140 49] Android_Vulkan_SM5, [000001C51E5A9500][000001C51EE362C0 49] Android_PowerVR_G6xxx, [000001C51E5C4C00][000001C51EDF2400 49] Android_PowerVR_GT7xxx, [000001C51E5A8F00][000001C51EE3A540 49] Android_PowerVR_GE8xxx, [000001C51E5C5000][000001C51EE3E680 49] Android_PowerVR_GM9xxx, [000001C51E5AB900][000001C51EE427C0 49] Android_PowerVR_GM9xxx_Vulkan, [000001C51E5C5600][000001C51EE4A940 49] Android_TegraK1, [000001C51E5A8700][000001C51EE4EAC0 49] Android_Unknown_Vulkan, [000001C51E5C6400][000001C51EE52C40 49] Lumin, [000001C51E5A9300][000001C51EE56DC0 49] Lumin_Desktop, [000001C51E5C4900][000001C51EE5AF40 49] HoloLens, 
[2022.07.06-01.21.25:986][  0]LogMeshReduction: Using QuadricMeshReduction for automatic static mesh reduction
[2022.07.06-01.21.25:986][  0]LogMeshReduction: Using SimplygonMeshReduction for automatic skeletal mesh reduction
[2022.07.06-01.21.25:986][  0]LogMeshReduction: Using ProxyLODMeshReduction for automatic mesh merging
[2022.07.06-01.21.25:986][  0]LogMeshReduction: No distributed automatic mesh merging module available
[2022.07.06-01.21.25:986][  0]LogMeshMerging: No distributed automatic mesh merging module available
