Log file open, 07/06/22 09:44:05
LogWindows: Failed to load 'aqProf.dll' (GetLastError=126)
LogWindows: File 'aqProf.dll' does not exist
LogWindows: Failed to load 'VtuneApi.dll' (GetLastError=126)
LogWindows: File 'VtuneApi.dll' does not exist
LogWindows: Failed to load 'VtuneApi32e.dll' (GetLastError=126)
LogWindows: File 'VtuneApi32e.dll' does not exist
LogConsoleResponse: Display: Failed to find resolution value strings in scalability ini. Falling back to default.
LogConsoleResponse: Display: Failed to find resolution value strings in scalability ini. Falling back to default.
LogInit: Display: Running engine for game: ShootingGame
LogPlatformFile: Not using cached read wrapper
LogTaskGraph: Started task graph with 5 named threads and 23 total threads with 3 sets of task threads.
LogStats: Stats thread started at 0.229476
LogICUInternationalization: ICU TimeZone Detection - Raw Offset: +9:00, Platform Override: ''
LogInit: Display: Loading text-based GConfig....
LogPluginManager: Mounting plugin MeshPainting
LogPluginManager: Mounting plugin XGEController
LogPluginManager: Mounting plugin Paper2D
LogPluginManager: Mounting plugin LiveLink
LogPluginManager: Mounting plugin AISupport
LogPluginManager: Mounting plugin EnvironmentQueryEditor
LogPluginManager: Mounting plugin OodleNetwork
LogPluginManager: Mounting plugin AnimationSharing
LogPluginManager: Mounting plugin CLionSourceCodeAccess
LogPluginManager: Mounting plugin CodeLiteSourceCodeAccess
LogPluginManager: Mounting plugin GitSourceControl
LogPluginManager: Mounting plugin LightPropagationVolume
LogPluginManager: Mounting plugin KDevelopSourceCodeAccess
LogPluginManager: Mounting plugin NullSourceCodeAccess
LogPluginManager: Mounting plugin PixWinPlugin
LogPluginManager: Mounting plugin PlasticSourceControl
LogPluginManager: Mounting plugin PerforceSourceControl
LogPluginManager: Mounting plugin PluginUtils
LogPluginManager: Mounting plugin PropertyAccessNode
LogPluginManager: Mounting plugin RiderSourceCodeAccess
LogPluginManager: Mounting plugin SubversionSourceControl
LogPluginManager: Mounting plugin TextureFormatOodle
LogPluginManager: Mounting plugin UObjectPlugin
LogPluginManager: Mounting plugin VisualStudioSourceCodeAccess
LogPluginManager: Mounting plugin VisualStudioCodeSourceCodeAccess
LogPluginManager: Mounting plugin XCodeSourceCodeAccess
LogPluginManager: Mounting plugin AssetManagerEditor
LogPluginManager: Mounting plugin CryptoKeys
LogPluginManager: Mounting plugin DatasmithContent
LogPluginManager: Mounting plugin OodleData
LogPluginManager: Mounting plugin CurveEditorTools
LogPluginManager: Mounting plugin DataValidation
LogPluginManager: Mounting plugin GameplayTagsEditor
LogPluginManager: Mounting plugin FacialAnimation
LogPluginManager: Mounting plugin GeometryMode
LogPluginManager: Mounting plugin MacGraphicsSwitching
LogPluginManager: Mounting plugin MaterialAnalyzer
LogPluginManager: Mounting plugin MobileLauncherProfileWizard
LogPluginManager: Mounting plugin PluginBrowser
LogPluginManager: Mounting plugin SpeedTreeImporter
LogPluginManager: Mounting plugin VariantManagerContent
LogPluginManager: Mounting plugin Niagara
LogPluginManager: Mounting plugin LuminPlatformFeatures
LogPluginManager: Mounting plugin MagicLeap
LogPluginManager: Mounting plugin MagicLeapLightEstimation
LogPluginManager: Mounting plugin MagicLeapMedia
LogPluginManager: Mounting plugin MagicLeapPassableWorld
LogPluginManager: Mounting plugin MLSDK
LogPluginManager: Mounting plugin AndroidMedia
LogPluginManager: Mounting plugin AvfMedia
LogPluginManager: Mounting plugin ImgMedia
LogPluginManager: Mounting plugin MediaCompositing
LogPluginManager: Mounting plugin MediaPlayerEditor
LogPluginManager: Mounting plugin WmfMedia
LogPluginManager: Mounting plugin WebMMedia
LogPluginManager: Mounting plugin TcpMessaging
LogPluginManager: Mounting plugin UdpMessaging
LogPluginManager: Mounting plugin ActorSequence
LogPluginManager: Mounting plugin LevelSequenceEditor
LogPluginManager: Mounting plugin MatineeToLevelSequence
LogPluginManager: Mounting plugin TemplateSequence
LogPluginManager: Mounting plugin OnlineSubsystem
LogPluginManager: Mounting plugin OnlineSubsystemNull
LogPluginManager: Mounting plugin OnlineSubsystemUtils
LogPluginManager: Mounting plugin LauncherChunkInstaller
LogPluginManager: Mounting plugin ActorLayerUtilities
LogPluginManager: Mounting plugin AndroidMoviePlayer
LogPluginManager: Mounting plugin AndroidDeviceProfileSelector
LogPluginManager: Mounting plugin AndroidPermission
LogPluginManager: Mounting plugin ApexDestruction
LogPluginManager: Mounting plugin AppleMoviePlayer
LogPluginManager: Mounting plugin AppleImageUtils
LogPluginManager: Mounting plugin AssetTags
LogPluginManager: Mounting plugin AudioCapture
LogPluginManager: Mounting plugin ArchVisCharacter
LogPluginManager: Mounting plugin AudioSynesthesia
LogPluginManager: Mounting plugin CableComponent
LogPluginManager: Mounting plugin ChunkDownloader
LogPluginManager: Mounting plugin CustomMeshComponent
LogPluginManager: Mounting plugin EditableMesh
LogPluginManager: Mounting plugin ExampleDeviceProfileSelector
LogPluginManager: Mounting plugin GoogleCloudMessaging
LogPluginManager: Mounting plugin GooglePAD
LogPluginManager: Mounting plugin ScreenshotTools
LogPluginManager: Mounting plugin IOSDeviceProfileSelector
LogPluginManager: Mounting plugin LinuxDeviceProfileSelector
LogPluginManager: Mounting plugin LocationServicesBPLibrary
LogPluginManager: Mounting plugin MobilePatchingUtils
LogPluginManager: Mounting plugin OpenXREyeTracker
LogPluginManager: Mounting plugin OpenXR
LogPluginManager: Mounting plugin OpenXRHandTracking
LogPluginManager: Mounting plugin PhysXVehicles
LogPluginManager: Mounting plugin Takes
LogPluginManager: Mounting plugin PostSplashScreen
LogPluginManager: Mounting plugin ProceduralMeshComponent
LogPluginManager: Mounting plugin PropertyAccessEditor
LogPluginManager: Mounting plugin RuntimePhysXCooking
LogPluginManager: Mounting plugin SignificanceManager
LogPluginManager: Mounting plugin SoundFields
LogPluginManager: Mounting plugin Synthesis
LogPluginManager: Mounting plugin WebMMoviePlayer
LogPluginManager: Mounting plugin WindowsMoviePlayer
LogPluginManager: Mounting plugin CameraShakePreviewer
LogPluginManager: Mounting plugin GameplayCameras
LogPluginManager: Mounting plugin AlembicImporter
LogPluginManager: Mounting plugin AutomationUtils
LogPluginManager: Mounting plugin BackChannel
LogPluginManager: Mounting plugin ChaosCloth
LogPluginManager: Mounting plugin ChaosClothEditor
LogPluginManager: Mounting plugin ChaosNiagara
LogPluginManager: Mounting plugin ChaosEditor
LogPluginManager: Mounting plugin ChaosSolverPlugin
LogPluginManager: Mounting plugin CharacterAI
LogPluginManager: Mounting plugin GeometryCache
LogPluginManager: Mounting plugin GeometryCollectionPlugin
LogPluginManager: Mounting plugin GeometryProcessing
LogPluginManager: Mounting plugin OpenImageDenoise
LogPluginManager: Mounting plugin MotoSynth
LogPluginManager: Mounting plugin PlanarCut
LogPluginManager: Mounting plugin PlatformCrypto
LogPluginManager: Mounting plugin ProxyLODPlugin
LogPluginManager: Mounting plugin PythonScriptPlugin
LogPluginManager: Mounting plugin SkeletalReduction
LogPluginManager: Mounting plugin ContentBrowserAssetDataSource
LogPluginManager: Mounting plugin ContentBrowserClassDataSource
LogPluginManager: Mounting plugin ContentBrowserFileDataSource
LogPluginManager: Mounting plugin OnlineSubsystemIOS
LogPluginManager: Mounting plugin OnlineSubsystemGooglePlay
LogPluginManager: Mounting plugin OculusVR
LogPluginManager: Mounting plugin SteamVR
PixWinPlugin: PIX capture plugin failed to initialize! Check that the process is launched from PIX.
LogInit: Using libcurl 7.55.1-DEV
LogInit:  - built for x86_64-pc-win32
LogInit:  - supports SSL with OpenSSL/1.1.1
LogInit:  - supports HTTP deflate (compression) using libz 1.2.8
LogInit:  - other features:
LogInit:      CURL_VERSION_SSL
LogInit:      CURL_VERSION_LIBZ
LogInit:      CURL_VERSION_IPV6
LogInit:      CURL_VERSION_ASYNCHDNS
LogInit:      CURL_VERSION_LARGEFILE
LogInit:      CURL_VERSION_IDN
LogInit:  CurlRequestOptions (configurable via config and command line):
LogInit:  - bVerifyPeer = true  - Libcurl will verify peer certificate
LogInit:  - bUseHttpProxy = false  - Libcurl will NOT use HTTP proxy
LogInit:  - bDontReuseConnections = false  - Libcurl will reuse connections
LogInit:  - MaxHostConnections = 16  - Libcurl will limit the number of connections to a host
LogInit:  - LocalHostAddr = Default
LogInit:  - BufferSize = 65536
LogOnline: OSS: Creating online subsystem instance for: NULL
LogInit: WinSock: version 1.1 (2.2), MaxSocks=32767, MaxUdp=65467
LogOnline: OSS: TryLoadSubsystemAndSetDefault: Loaded subsystem for module [NULL]
LogOculusPluginWrapper: OculusPlugin initialized successfully
LogHMD: Failed initializing OVRPlugin 1.59.0
LogInit: Build: ++UE4+Release-4.27-CL-18319896
LogInit: Engine Version: 4.27.2-18319896+++UE4+Release-4.27
LogInit: Compatible Engine Version: 4.27.0-17155196+++UE4+Release-4.27
LogInit: Net CL: 17155196
LogInit: OS: Windows 10 (Release 2009) (), CPU: Intel(R) Core(TM) i5-10300H CPU @ 2.50GHz, GPU: Intel(R) UHD Graphics
LogInit: Compiled (64-bit): Nov 30 2021 07:12:08
LogInit: Compiled with Visual C++: 19.24.28315.00
LogInit: Build Configuration: Development
LogInit: Branch Name: ++UE4+Release-4.27
LogInit: Command Line:  127.0.0.1:17777 -game -PIEVIACONSOLE -Multiprocess GameUserSettingsINI=C:/work/UnrealProject_C7/ShootingGame/Saved/Config/Windows/PIEGameUserSettings1.ini -MultiprocessSaveConfig -forcepassthrough -messaging -SessionName="Play in Standalone Game" -windowed -WinX=0 -WinY=30 SAVEWINPOS=1 -ResX=640 -ResY=480
LogInit: Base Directory: C:/Program Files/Epic Games/UE_4.27/Engine/Binaries/Win64/
LogInit: Allocator: TBB
LogInit: Installed Engine Build: 1
LogDevObjectVersion: Number of dev versions registered: 29
LogDevObjectVersion:   Dev-Blueprints (B0D832E4-1F89-4F0D-ACCF-7EB736FD4AA2): 10
LogDevObjectVersion:   Dev-Build (E1C64328-A22C-4D53-A36C-8E866417BD8C): 0
LogDevObjectVersion:   Dev-Core (375EC13C-06E4-48FB-B500-84F0262A717E): 4
LogDevObjectVersion:   Dev-Editor (E4B068ED-F494-42E9-A231-DA0B2E46BB41): 40
LogDevObjectVersion:   Dev-Framework (CFFC743F-43B0-4480-9391-14DF171D2073): 37
LogDevObjectVersion:   Dev-Mobile (B02B49B5-BB20-44E9-A304-32B752E40360): 3
LogDevObjectVersion:   Dev-Networking (A4E4105C-59A1-49B5-A7C5-40C4547EDFEE): 0
LogDevObjectVersion:   Dev-Online (39C831C9-5AE6-47DC-9A44-9C173E1C8E7C): 0
LogDevObjectVersion:   Dev-Physics (78F01B33-EBEA-4F98-B9B4-84EACCB95AA2): 14
LogDevObjectVersion:   Dev-Platform (6631380F-2D4D-43E0-8009-CF276956A95A): 0
LogDevObjectVersion:   Dev-Rendering (12F88B9F-8875-4AFC-A67C-D90C383ABD29): 45
LogDevObjectVersion:   Dev-Sequencer (7B5AE74C-D270-4C10-A958-57980B212A5A): 13
LogDevObjectVersion:   Dev-VR (D7296918-1DD6-4BDD-9DE2-64A83CC13884): 3
LogDevObjectVersion:   Dev-LoadTimes (C2A15278-BFE7-4AFE-6C17-90FF531DF755): 1
LogDevObjectVersion:   Private-Geometry (6EACA3D4-40EC-4CC1-B786-8BED09428FC5): 3
LogDevObjectVersion:   Dev-AnimPhys (29E575DD-E0A3-4627-9D10-D276232CDCEA): 17
LogDevObjectVersion:   Dev-Anim (AF43A65D-7FD3-4947-9873-3E8ED9C1BB05): 15
LogDevObjectVersion:   Dev-ReflectionCapture (6B266CEC-1EC7-4B8F-A30B-E4D90942FC07): 1
LogDevObjectVersion:   Dev-Automation (0DF73D61-A23F-47EA-B727-89E90C41499A): 1
LogDevObjectVersion:   FortniteMain (601D1886-AC64-4F84-AA16-D3DE0DEAC7D6): 47
LogDevObjectVersion:   FortniteRelease (E7086368-6B23-4C58-8439-1B7016265E91): 1
LogDevObjectVersion:   Dev-Enterprise (9DFFBCD6-494F-0158-E221-12823C92A888): 10
LogDevObjectVersion:   Dev-Niagara (F2AED0AC-9AFE-416F-8664-AA7FFA26D6FC): 1
LogDevObjectVersion:   Dev-Destruction (174F1F0B-B4C6-45A5-B13F-2EE8D0FB917D): 10
LogDevObjectVersion:   Dev-Physics-Ext (35F94A83-E258-406C-A318-09F59610247C): 41
LogDevObjectVersion:   Dev-PhysicsMaterial-Chaos (B68FC16E-8B1B-42E2-B453-215C058844FE): 1
LogDevObjectVersion:   Dev-CineCamera (B2E18506-4273-CFC2-A54E-F4BB758BBA07): 1
LogDevObjectVersion:   Dev-VirtualProduction (64F58936-FD1B-42BA-BA96-7289D5D0FA4E): 1
LogDevObjectVersion:   Dev-MediaFramework (6F0ED827-A609-4895-9C91-998D90180EA4): 2
LogInit: Presizing for max 25165824 objects, including 0 objects not considered by GC, pre-allocating 0 bytes for permanent pool.
LogConfig: Applying CVar settings from Section [/Script/Engine.StreamingSettings] File [C:/work/UnrealProject_C7/ShootingGame/Saved/Config/Windows/Engine.ini]
LogConfig: Setting CVar [[s.MinBulkDataSizeForAsyncLoading:131072]]
LogConfig: Setting CVar [[s.AsyncLoadingThreadEnabled:0]]
LogConfig: Setting CVar [[s.EventDrivenLoaderEnabled:1]]
LogConfig: Setting CVar [[s.WarnIfTimeLimitExceeded:0]]
LogConfig: Setting CVar [[s.TimeLimitExceededMultiplier:1.5]]
LogConfig: Setting CVar [[s.TimeLimitExceededMinTime:0.005]]
LogConfig: Setting CVar [[s.UseBackgroundLevelStreaming:1]]
LogConfig: Setting CVar [[s.PriorityAsyncLoadingExtraTime:15.0]]
LogConfig: Setting CVar [[s.LevelStreamingActorsUpdateTimeLimit:5.0]]
LogConfig: Setting CVar [[s.PriorityLevelStreamingActorsUpdateExtraTime:5.0]]
LogConfig: Setting CVar [[s.LevelStreamingComponentsRegistrationGranularity:10]]
LogConfig: Setting CVar [[s.UnregisterComponentsTimeLimit:1.0]]
LogConfig: Setting CVar [[s.LevelStreamingComponentsUnregistrationGranularity:5]]
LogConfig: Setting CVar [[s.FlushStreamingOnExit:1]]
LogInit: Object subsystem initialized
LogConfig: Setting CVar [[con.DebugEarlyDefault:1]]
LogConfig: Setting CVar [[r.setres:1280x720]]
[2022.07.06-00.44.06:243][  0]LogConfig: Setting CVar [[con.DebugEarlyDefault:1]]
[2022.07.06-00.44.06:243][  0]LogConfig: Setting CVar [[r.setres:1280x720]]
[2022.07.06-00.44.06:243][  0]LogConfig: Applying CVar settings from Section [/Script/Engine.RendererSettings] File [C:/work/UnrealProject_C7/ShootingGame/Saved/Config/Windows/Engine.ini]
[2022.07.06-00.44.06:243][  0]LogConfig: Setting CVar [[r.GPUCrashDebugging:0]]
[2022.07.06-00.44.06:243][  0]LogConfig: Applying CVar settings from Section [/Script/Engine.RendererOverrideSettings] File [C:/work/UnrealProject_C7/ShootingGame/Saved/Config/Windows/Engine.ini]
[2022.07.06-00.44.06:243][  0]LogConfig: Applying CVar settings from Section [/Script/Engine.StreamingSettings] File [C:/work/UnrealProject_C7/ShootingGame/Saved/Config/Windows/Engine.ini]
[2022.07.06-00.44.06:243][  0]LogConfig: Setting CVar [[s.MinBulkDataSizeForAsyncLoading:131072]]
[2022.07.06-00.44.06:243][  0]LogConfig: Setting CVar [[s.AsyncLoadingThreadEnabled:0]]
[2022.07.06-00.44.06:243][  0]LogConfig: Setting CVar [[s.EventDrivenLoaderEnabled:1]]
[2022.07.06-00.44.06:243][  0]LogConfig: Setting CVar [[s.WarnIfTimeLimitExceeded:0]]
[2022.07.06-00.44.06:243][  0]LogConfig: Setting CVar [[s.TimeLimitExceededMultiplier:1.5]]
[2022.07.06-00.44.06:243][  0]LogConfig: Setting CVar [[s.TimeLimitExceededMinTime:0.005]]
[2022.07.06-00.44.06:243][  0]LogConfig: Setting CVar [[s.UseBackgroundLevelStreaming:1]]
[2022.07.06-00.44.06:243][  0]LogConfig: Setting CVar [[s.PriorityAsyncLoadingExtraTime:15.0]]
[2022.07.06-00.44.06:243][  0]LogConfig: Setting CVar [[s.LevelStreamingActorsUpdateTimeLimit:5.0]]
[2022.07.06-00.44.06:243][  0]LogConfig: Setting CVar [[s.PriorityLevelStreamingActorsUpdateExtraTime:5.0]]
[2022.07.06-00.44.06:243][  0]LogConfig: Setting CVar [[s.LevelStreamingComponentsRegistrationGranularity:10]]
[2022.07.06-00.44.06:243][  0]LogConfig: Setting CVar [[s.UnregisterComponentsTimeLimit:1.0]]
[2022.07.06-00.44.06:243][  0]LogConfig: Setting CVar [[s.LevelStreamingComponentsUnregistrationGranularity:5]]
[2022.07.06-00.44.06:243][  0]LogConfig: Setting CVar [[s.FlushStreamingOnExit:1]]
[2022.07.06-00.44.06:243][  0]LogConfig: Applying CVar settings from Section [/Script/Engine.GarbageCollectionSettings] File [C:/work/UnrealProject_C7/ShootingGame/Saved/Config/Windows/Engine.ini]
[2022.07.06-00.44.06:243][  0]LogConfig: Setting CVar [[gc.MaxObjectsNotConsideredByGC:1]]
[2022.07.06-00.44.06:243][  0]LogConfig: Setting CVar [[gc.SizeOfPermanentObjectPool:0]]
[2022.07.06-00.44.06:243][  0]LogConfig: Setting CVar [[gc.FlushStreamingOnGC:0]]
[2022.07.06-00.44.06:243][  0]LogConfig: Setting CVar [[gc.NumRetriesBeforeForcingGC:10]]
[2022.07.06-00.44.06:243][  0]LogConfig: Setting CVar [[gc.AllowParallelGC:1]]
[2022.07.06-00.44.06:243][  0]LogConfig: Setting CVar [[gc.TimeBetweenPurgingPendingKillObjects:61.1]]
[2022.07.06-00.44.06:243][  0]LogConfig: Setting CVar [[gc.MaxObjectsInEditor:25165824]]
[2022.07.06-00.44.06:243][  0]LogConfig: Setting CVar [[gc.IncrementalBeginDestroyEnabled:1]]
[2022.07.06-00.44.06:243][  0]LogConfig: Setting CVar [[gc.CreateGCClusters:1]]
[2022.07.06-00.44.06:243][  0]LogConfig: Setting CVar [[gc.MinGCClusterSize:5]]
[2022.07.06-00.44.06:243][  0]LogConfig: Setting CVar [[gc.ActorClusteringEnabled:0]]
[2022.07.06-00.44.06:243][  0]LogConfig: Setting CVar [[gc.BlueprintClusteringEnabled:0]]
[2022.07.06-00.44.06:243][  0]LogConfig: Setting CVar [[gc.UseDisregardForGCOnDedicatedServers:0]]
[2022.07.06-00.44.06:243][  0]LogConfig: Setting CVar [[gc.MultithreadedDestructionEnabled:1]]
[2022.07.06-00.44.06:243][  0]LogConfig: Applying CVar settings from Section [/Script/Engine.NetworkSettings] File [C:/work/UnrealProject_C7/ShootingGame/Saved/Config/Windows/Engine.ini]
[2022.07.06-00.44.06:243][  0]LogConfig: Applying CVar settings from Section [/Script/UnrealEd.CookerSettings] File [C:/work/UnrealProject_C7/ShootingGame/Saved/Config/Windows/Engine.ini]
[2022.07.06-00.44.06:248][  0]LogConfig: Applying CVar settings from Section [ViewDistanceQuality@3] File [C:/work/UnrealProject_C7/ShootingGame/Saved/Config/Windows/Scalability.ini]
[2022.07.06-00.44.06:248][  0]LogConfig: Setting CVar [[r.SkeletalMeshLODBias:0]]
[2022.07.06-00.44.06:248][  0]LogConfig: Setting CVar [[r.ViewDistanceScale:1.0]]
[2022.07.06-00.44.06:248][  0]LogConfig: Applying CVar settings from Section [AntiAliasingQuality@3] File [C:/work/UnrealProject_C7/ShootingGame/Saved/Config/Windows/Scalability.ini]
[2022.07.06-00.44.06:248][  0]LogConfig: Setting CVar [[r.PostProcessAAQuality:4]]
[2022.07.06-00.44.06:248][  0]LogConfig: Applying CVar settings from Section [ShadowQuality@3] File [C:/work/UnrealProject_C7/ShootingGame/Saved/Config/Windows/Scalability.ini]
[2022.07.06-00.44.06:248][  0]LogConfig: Setting CVar [[r.LightFunctionQuality:1]]
[2022.07.06-00.44.06:248][  0]LogConfig: Setting CVar [[r.ShadowQuality:5]]
[2022.07.06-00.44.06:248][  0]LogConfig: Setting CVar [[r.Shadow.CSM.MaxCascades:10]]
[2022.07.06-00.44.06:248][  0]LogConfig: Setting CVar [[r.Shadow.MaxResolution:2048]]
[2022.07.06-00.44.06:248][  0]LogConfig: Setting CVar [[r.Shadow.MaxCSMResolution:2048]]
[2022.07.06-00.44.06:248][  0]LogConfig: Setting CVar [[r.Shadow.RadiusThreshold:0.01]]
[2022.07.06-00.44.06:248][  0]LogConfig: Setting CVar [[r.Shadow.DistanceScale:1.0]]
[2022.07.06-00.44.06:248][  0]LogConfig: Setting CVar [[r.Shadow.CSM.TransitionScale:1.0]]
[2022.07.06-00.44.06:248][  0]LogConfig: Setting CVar [[r.Shadow.PreShadowResolutionFactor:1.0]]
[2022.07.06-00.44.06:248][  0]LogConfig: Setting CVar [[r.DistanceFieldShadowing:1]]
[2022.07.06-00.44.06:248][  0]LogConfig: Setting CVar [[r.DistanceFieldAO:1]]
[2022.07.06-00.44.06:248][  0]LogConfig: Setting CVar [[r.AOQuality:2]]
[2022.07.06-00.44.06:248][  0]LogConfig: Setting CVar [[r.VolumetricFog:1]]
[2022.07.06-00.44.06:248][  0]LogConfig: Setting CVar [[r.VolumetricFog.GridPixelSize:8]]
[2022.07.06-00.44.06:248][  0]LogConfig: Setting CVar [[r.VolumetricFog.GridSizeZ:128]]
[2022.07.06-00.44.06:248][  0]LogConfig: Setting CVar [[r.VolumetricFog.HistoryMissSupersampleCount:4]]
[2022.07.06-00.44.06:248][  0]LogConfig: Setting CVar [[r.LightMaxDrawDistanceScale:1]]
[2022.07.06-00.44.06:248][  0]LogConfig: Setting CVar [[r.CapsuleShadows:1]]
[2022.07.06-00.44.06:248][  0]LogConfig: Applying CVar settings from Section [PostProcessQuality@3] File [C:/work/UnrealProject_C7/ShootingGame/Saved/Config/Windows/Scalability.ini]
[2022.07.06-00.44.06:248][  0]LogConfig: Setting CVar [[r.MotionBlurQuality:4]]
[2022.07.06-00.44.06:248][  0]LogConfig: Setting CVar [[r.AmbientOcclusionMipLevelFactor:0.4]]
[2022.07.06-00.44.06:248][  0]LogConfig: Setting CVar [[r.AmbientOcclusionMaxQuality:100]]
[2022.07.06-00.44.06:248][  0]LogConfig: Setting CVar [[r.AmbientOcclusionLevels:-1]]
[2022.07.06-00.44.06:248][  0]LogConfig: Setting CVar [[r.AmbientOcclusionRadiusScale:1.0]]
[2022.07.06-00.44.06:248][  0]LogConfig: Setting CVar [[r.DepthOfFieldQuality:2]]
[2022.07.06-00.44.06:248][  0]LogConfig: Setting CVar [[r.RenderTargetPoolMin:400]]
[2022.07.06-00.44.06:248][  0]LogConfig: Setting CVar [[r.LensFlareQuality:2]]
[2022.07.06-00.44.06:248][  0]LogConfig: Setting CVar [[r.SceneColorFringeQuality:1]]
[2022.07.06-00.44.06:248][  0]LogConfig: Setting CVar [[r.EyeAdaptationQuality:2]]
[2022.07.06-00.44.06:248][  0]LogConfig: Setting CVar [[r.BloomQuality:5]]
[2022.07.06-00.44.06:248][  0]LogConfig: Setting CVar [[r.FastBlurThreshold:100]]
[2022.07.06-00.44.06:248][  0]LogConfig: Setting CVar [[r.Upscale.Quality:3]]
[2022.07.06-00.44.06:248][  0]LogConfig: Setting CVar [[r.Tonemapper.GrainQuantization:1]]
[2022.07.06-00.44.06:248][  0]LogConfig: Setting CVar [[r.LightShaftQuality:1]]
[2022.07.06-00.44.06:248][  0]LogConfig: Setting CVar [[r.Filter.SizeScale:1]]
[2022.07.06-00.44.06:248][  0]LogConfig: Setting CVar [[r.Tonemapper.Quality:5]]
[2022.07.06-00.44.06:248][  0]LogConfig: Setting CVar [[r.DOF.Gather.AccumulatorQuality:1        ; higher gathering accumulator quality]]
[2022.07.06-00.44.06:248][  0]LogConfig: Setting CVar [[r.DOF.Gather.PostfilterMethod:1          ; Median3x3 postfilering method]]
[2022.07.06-00.44.06:248][  0]LogConfig: Setting CVar [[r.DOF.Gather.EnableBokehSettings:0       ; no bokeh simulation when gathering]]
[2022.07.06-00.44.06:248][  0]LogConfig: Setting CVar [[r.DOF.Gather.RingCount:4                 ; medium number of samples when gathering]]
[2022.07.06-00.44.06:248][  0]LogConfig: Setting CVar [[r.DOF.Scatter.ForegroundCompositing:1    ; additive foreground scattering]]
[2022.07.06-00.44.06:248][  0]LogConfig: Setting CVar [[r.DOF.Scatter.BackgroundCompositing:2    ; additive background scattering]]
[2022.07.06-00.44.06:248][  0]LogConfig: Setting CVar [[r.DOF.Scatter.EnableBokehSettings:1      ; bokeh simulation when scattering]]
[2022.07.06-00.44.06:248][  0]LogConfig: Setting CVar [[r.DOF.Scatter.MaxSpriteRatio:0.1         ; only a maximum of 10% of scattered bokeh]]
[2022.07.06-00.44.06:248][  0]LogConfig: Setting CVar [[r.DOF.Recombine.Quality:1                ; cheap slight out of focus]]
[2022.07.06-00.44.06:248][  0]LogConfig: Setting CVar [[r.DOF.Recombine.EnableBokehSettings:0    ; no bokeh simulation on slight out of focus]]
[2022.07.06-00.44.06:248][  0]LogConfig: Setting CVar [[r.DOF.TemporalAAQuality:1                ; more stable temporal accumulation]]
[2022.07.06-00.44.06:248][  0]LogConfig: Setting CVar [[r.DOF.Kernel.MaxForegroundRadius:0.025]]
[2022.07.06-00.44.06:248][  0]LogConfig: Setting CVar [[r.DOF.Kernel.MaxBackgroundRadius:0.025]]
[2022.07.06-00.44.06:248][  0]LogConfig: Applying CVar settings from Section [TextureQuality@3] File [C:/work/UnrealProject_C7/ShootingGame/Saved/Config/Windows/Scalability.ini]
[2022.07.06-00.44.06:248][  0]LogConfig: Setting CVar [[r.Streaming.MipBias:0]]
[2022.07.06-00.44.06:248][  0]LogConfig: Setting CVar [[r.Streaming.AmortizeCPUToGPUCopy:0]]
[2022.07.06-00.44.06:248][  0]LogConfig: Setting CVar [[r.Streaming.MaxNumTexturesToStreamPerFrame:0]]
[2022.07.06-00.44.06:248][  0]LogConfig: Setting CVar [[r.Streaming.Boost:1]]
[2022.07.06-00.44.06:248][  0]LogConfig: Setting CVar [[r.MaxAnisotropy:8]]
[2022.07.06-00.44.06:248][  0]LogConfig: Setting CVar [[r.VT.MaxAnisotropy:8]]
[2022.07.06-00.44.06:248][  0]LogConfig: Setting CVar [[r.Streaming.LimitPoolSizeToVRAM:0]]
[2022.07.06-00.44.06:248][  0]LogConfig: Setting CVar [[r.Streaming.PoolSize:1000]]
[2022.07.06-00.44.06:248][  0]LogConfig: Setting CVar [[r.Streaming.MaxEffectiveScreenSize:0]]
[2022.07.06-00.44.06:248][  0]LogConfig: Applying CVar settings from Section [EffectsQuality@3] File [C:/work/UnrealProject_C7/ShootingGame/Saved/Config/Windows/Scalability.ini]
[2022.07.06-00.44.06:248][  0]LogConfig: Setting CVar [[r.TranslucencyLightingVolumeDim:64]]
[2022.07.06-00.44.06:248][  0]LogConfig: Setting CVar [[r.RefractionQuality:2]]
[2022.07.06-00.44.06:248][  0]LogConfig: Setting CVar [[r.SSR.Quality:3]]
[2022.07.06-00.44.06:248][  0]LogConfig: Setting CVar [[r.SSR.HalfResSceneColor:0]]
[2022.07.06-00.44.06:248][  0]LogConfig: Setting CVar [[r.SceneColorFormat:4]]
[2022.07.06-00.44.06:248][  0]LogConfig: Setting CVar [[r.DetailMode:2]]
[2022.07.06-00.44.06:248][  0]LogConfig: Setting CVar [[r.TranslucencyVolumeBlur:1]]
[2022.07.06-00.44.06:248][  0]LogConfig: Setting CVar [[r.MaterialQualityLevel:1 ; High quality]]
[2022.07.06-00.44.06:248][  0]LogConfig: Setting CVar [[r.AnisotropicMaterials:1]]
[2022.07.06-00.44.06:248][  0]LogConfig: Setting CVar [[r.SSS.Scale:1]]
[2022.07.06-00.44.06:248][  0]LogConfig: Setting CVar [[r.SSS.SampleSet:2]]
[2022.07.06-00.44.06:248][  0]LogConfig: Setting CVar [[r.SSS.Quality:1]]
[2022.07.06-00.44.06:248][  0]LogConfig: Setting CVar [[r.SSS.HalfRes:0]]
[2022.07.06-00.44.06:248][  0]LogConfig: Setting CVar [[r.SSGI.Quality:3]]
[2022.07.06-00.44.06:248][  0]LogConfig: Setting CVar [[r.EmitterSpawnRateScale:1.0]]
[2022.07.06-00.44.06:248][  0]LogConfig: Setting CVar [[r.ParticleLightQuality:2]]
[2022.07.06-00.44.06:249][  0]LogConfig: Setting CVar [[r.SkyAtmosphere.AerialPerspectiveLUT.FastApplyOnOpaque:1 ; Always have FastSkyLUT 1 in this case to avoid wrong sky]]
[2022.07.06-00.44.06:249][  0]LogConfig: Setting CVar [[r.SkyAtmosphere.AerialPerspectiveLUT.SampleCountMaxPerSlice:4]]
[2022.07.06-00.44.06:249][  0]LogConfig: Setting CVar [[r.SkyAtmosphere.AerialPerspectiveLUT.DepthResolution:16.0]]
[2022.07.06-00.44.06:249][  0]LogConfig: Setting CVar [[r.SkyAtmosphere.FastSkyLUT:1]]
[2022.07.06-00.44.06:249][  0]LogConfig: Setting CVar [[r.SkyAtmosphere.FastSkyLUT.SampleCountMin:4.0]]
[2022.07.06-00.44.06:249][  0]LogConfig: Setting CVar [[r.SkyAtmosphere.FastSkyLUT.SampleCountMax:128.0]]
[2022.07.06-00.44.06:249][  0]LogConfig: Setting CVar [[r.SkyAtmosphere.SampleCountMin:4.0]]
[2022.07.06-00.44.06:249][  0]LogConfig: Setting CVar [[r.SkyAtmosphere.SampleCountMax:128.0]]
[2022.07.06-00.44.06:249][  0]LogConfig: Setting CVar [[r.SkyAtmosphere.TransmittanceLUT.UseSmallFormat:0]]
[2022.07.06-00.44.06:249][  0]LogConfig: Setting CVar [[r.SkyAtmosphere.TransmittanceLUT.SampleCount:10.0]]
[2022.07.06-00.44.06:249][  0]LogConfig: Setting CVar [[r.SkyAtmosphere.MultiScatteringLUT.SampleCount:15.0]]
[2022.07.06-00.44.06:249][  0]LogConfig: Setting CVar [[r.SkyLight.RealTimeReflectionCapture:1]]
[2022.07.06-00.44.06:249][  0]LogConfig: Applying CVar settings from Section [FoliageQuality@3] File [C:/work/UnrealProject_C7/ShootingGame/Saved/Config/Windows/Scalability.ini]
[2022.07.06-00.44.06:249][  0]LogConfig: Setting CVar [[foliage.DensityScale:1.0]]
[2022.07.06-00.44.06:249][  0]LogConfig: Setting CVar [[grass.DensityScale:1.0]]
[2022.07.06-00.44.06:249][  0]LogConfig: Applying CVar settings from Section [ShadingQuality@3] File [C:/work/UnrealProject_C7/ShootingGame/Saved/Config/Windows/Scalability.ini]
[2022.07.06-00.44.06:249][  0]LogConfig: Setting CVar [[r.HairStrands.SkyLighting.IntegrationType:2]]
[2022.07.06-00.44.06:249][  0]LogConfig: Setting CVar [[r.HairStrands.SkyAO.SampleCount:4]]
[2022.07.06-00.44.06:249][  0]LogConfig: Setting CVar [[r.HairStrands.Visibility.MSAA.SamplePerPixel:4]]
[2022.07.06-00.44.06:249][  0]LogInit: Selected Device Profile: [Windows]
[2022.07.06-00.44.06:249][  0]LogInit: Applying CVar settings loaded from the selected device profile: [Windows]
[2022.07.06-00.44.06:249][  0]LogHAL: Display: Platform has ~ 16 GB [16989282304 / 17179869184 / 16], which maps to Larger [LargestMinGB=32, LargerMinGB=12, DefaultMinGB=8, SmallerMinGB=6, SmallestMinGB=0)
[2022.07.06-00.44.06:249][  0]LogInit: Going up to parent DeviceProfile []
[2022.07.06-00.44.06:249][  0]LogConfig: Applying CVar settings from Section [ViewDistanceQuality@3] File [C:/work/UnrealProject_C7/ShootingGame/Saved/Config/Windows/Scalability.ini]
[2022.07.06-00.44.06:249][  0]LogConfig: Setting CVar [[r.SkeletalMeshLODBias:0]]
[2022.07.06-00.44.06:249][  0]LogConfig: Setting CVar [[r.ViewDistanceScale:1.0]]
[2022.07.06-00.44.06:249][  0]LogConfig: Applying CVar settings from Section [AntiAliasingQuality@3] File [C:/work/UnrealProject_C7/ShootingGame/Saved/Config/Windows/Scalability.ini]
[2022.07.06-00.44.06:249][  0]LogConfig: Setting CVar [[r.PostProcessAAQuality:4]]
[2022.07.06-00.44.06:249][  0]LogConfig: Applying CVar settings from Section [ShadowQuality@3] File [C:/work/UnrealProject_C7/ShootingGame/Saved/Config/Windows/Scalability.ini]
[2022.07.06-00.44.06:249][  0]LogConfig: Setting CVar [[r.LightFunctionQuality:1]]
[2022.07.06-00.44.06:249][  0]LogConfig: Setting CVar [[r.ShadowQuality:5]]
[2022.07.06-00.44.06:249][  0]LogConfig: Setting CVar [[r.Shadow.CSM.MaxCascades:10]]
[2022.07.06-00.44.06:249][  0]LogConfig: Setting CVar [[r.Shadow.MaxResolution:2048]]
[2022.07.06-00.44.06:249][  0]LogConfig: Setting CVar [[r.Shadow.MaxCSMResolution:2048]]
[2022.07.06-00.44.06:249][  0]LogConfig: Setting CVar [[r.Shadow.RadiusThreshold:0.01]]
[2022.07.06-00.44.06:249][  0]LogConfig: Setting CVar [[r.Shadow.DistanceScale:1.0]]
[2022.07.06-00.44.06:249][  0]LogConfig: Setting CVar [[r.Shadow.CSM.TransitionScale:1.0]]
[2022.07.06-00.44.06:249][  0]LogConfig: Setting CVar [[r.Shadow.PreShadowResolutionFactor:1.0]]
[2022.07.06-00.44.06:249][  0]LogConfig: Setting CVar [[r.DistanceFieldShadowing:1]]
[2022.07.06-00.44.06:249][  0]LogConfig: Setting CVar [[r.DistanceFieldAO:1]]
[2022.07.06-00.44.06:249][  0]LogConfig: Setting CVar [[r.AOQuality:2]]
[2022.07.06-00.44.06:249][  0]LogConfig: Setting CVar [[r.VolumetricFog:1]]
[2022.07.06-00.44.06:249][  0]LogConfig: Setting CVar [[r.VolumetricFog.GridPixelSize:8]]
[2022.07.06-00.44.06:249][  0]LogConfig: Setting CVar [[r.VolumetricFog.GridSizeZ:128]]
[2022.07.06-00.44.06:249][  0]LogConfig: Setting CVar [[r.VolumetricFog.HistoryMissSupersampleCount:4]]
[2022.07.06-00.44.06:249][  0]LogConfig: Setting CVar [[r.LightMaxDrawDistanceScale:1]]
[2022.07.06-00.44.06:249][  0]LogConfig: Setting CVar [[r.CapsuleShadows:1]]
[2022.07.06-00.44.06:249][  0]LogConfig: Applying CVar settings from Section [PostProcessQuality@3] File [C:/work/UnrealProject_C7/ShootingGame/Saved/Config/Windows/Scalability.ini]
[2022.07.06-00.44.06:249][  0]LogConfig: Setting CVar [[r.MotionBlurQuality:4]]
[2022.07.06-00.44.06:249][  0]LogConfig: Setting CVar [[r.AmbientOcclusionMipLevelFactor:0.4]]
[2022.07.06-00.44.06:249][  0]LogConfig: Setting CVar [[r.AmbientOcclusionMaxQuality:100]]
[2022.07.06-00.44.06:249][  0]LogConfig: Setting CVar [[r.AmbientOcclusionLevels:-1]]
[2022.07.06-00.44.06:249][  0]LogConfig: Setting CVar [[r.AmbientOcclusionRadiusScale:1.0]]
[2022.07.06-00.44.06:249][  0]LogConfig: Setting CVar [[r.DepthOfFieldQuality:2]]
[2022.07.06-00.44.06:249][  0]LogConfig: Setting CVar [[r.RenderTargetPoolMin:400]]
[2022.07.06-00.44.06:249][  0]LogConfig: Setting CVar [[r.LensFlareQuality:2]]
[2022.07.06-00.44.06:249][  0]LogConfig: Setting CVar [[r.SceneColorFringeQuality:1]]
[2022.07.06-00.44.06:249][  0]LogConfig: Setting CVar [[r.EyeAdaptationQuality:2]]
[2022.07.06-00.44.06:249][  0]LogConfig: Setting CVar [[r.BloomQuality:5]]
[2022.07.06-00.44.06:249][  0]LogConfig: Setting CVar [[r.FastBlurThreshold:100]]
[2022.07.06-00.44.06:249][  0]LogConfig: Setting CVar [[r.Upscale.Quality:3]]
[2022.07.06-00.44.06:249][  0]LogConfig: Setting CVar [[r.Tonemapper.GrainQuantization:1]]
[2022.07.06-00.44.06:249][  0]LogConfig: Setting CVar [[r.LightShaftQuality:1]]
[2022.07.06-00.44.06:249][  0]LogConfig: Setting CVar [[r.Filter.SizeScale:1]]
[2022.07.06-00.44.06:249][  0]LogConfig: Setting CVar [[r.Tonemapper.Quality:5]]
[2022.07.06-00.44.06:249][  0]LogConfig: Setting CVar [[r.DOF.Gather.AccumulatorQuality:1        ; higher gathering accumulator quality]]
[2022.07.06-00.44.06:249][  0]LogConfig: Setting CVar [[r.DOF.Gather.PostfilterMethod:1          ; Median3x3 postfilering method]]
[2022.07.06-00.44.06:249][  0]LogConfig: Setting CVar [[r.DOF.Gather.EnableBokehSettings:0       ; no bokeh simulation when gathering]]
[2022.07.06-00.44.06:250][  0]LogConfig: Setting CVar [[r.DOF.Gather.RingCount:4                 ; medium number of samples when gathering]]
[2022.07.06-00.44.06:250][  0]LogConfig: Setting CVar [[r.DOF.Scatter.ForegroundCompositing:1    ; additive foreground scattering]]
[2022.07.06-00.44.06:250][  0]LogConfig: Setting CVar [[r.DOF.Scatter.BackgroundCompositing:2    ; additive background scattering]]
[2022.07.06-00.44.06:250][  0]LogConfig: Setting CVar [[r.DOF.Scatter.EnableBokehSettings:1      ; bokeh simulation when scattering]]
[2022.07.06-00.44.06:250][  0]LogConfig: Setting CVar [[r.DOF.Scatter.MaxSpriteRatio:0.1         ; only a maximum of 10% of scattered bokeh]]
[2022.07.06-00.44.06:250][  0]LogConfig: Setting CVar [[r.DOF.Recombine.Quality:1                ; cheap slight out of focus]]
[2022.07.06-00.44.06:250][  0]LogConfig: Setting CVar [[r.DOF.Recombine.EnableBokehSettings:0    ; no bokeh simulation on slight out of focus]]
[2022.07.06-00.44.06:250][  0]LogConfig: Setting CVar [[r.DOF.TemporalAAQuality:1                ; more stable temporal accumulation]]
[2022.07.06-00.44.06:250][  0]LogConfig: Setting CVar [[r.DOF.Kernel.MaxForegroundRadius:0.025]]
[2022.07.06-00.44.06:250][  0]LogConfig: Setting CVar [[r.DOF.Kernel.MaxBackgroundRadius:0.025]]
[2022.07.06-00.44.06:250][  0]LogConfig: Applying CVar settings from Section [TextureQuality@3] File [C:/work/UnrealProject_C7/ShootingGame/Saved/Config/Windows/Scalability.ini]
[2022.07.06-00.44.06:250][  0]LogConfig: Setting CVar [[r.Streaming.MipBias:0]]
[2022.07.06-00.44.06:250][  0]LogConfig: Setting CVar [[r.Streaming.AmortizeCPUToGPUCopy:0]]
[2022.07.06-00.44.06:250][  0]LogConfig: Setting CVar [[r.Streaming.MaxNumTexturesToStreamPerFrame:0]]
[2022.07.06-00.44.06:250][  0]LogConfig: Setting CVar [[r.Streaming.Boost:1]]
[2022.07.06-00.44.06:250][  0]LogConfig: Setting CVar [[r.MaxAnisotropy:8]]
[2022.07.06-00.44.06:250][  0]LogConfig: Setting CVar [[r.VT.MaxAnisotropy:8]]
[2022.07.06-00.44.06:250][  0]LogConfig: Setting CVar [[r.Streaming.LimitPoolSizeToVRAM:0]]
[2022.07.06-00.44.06:250][  0]LogConfig: Setting CVar [[r.Streaming.PoolSize:1000]]
[2022.07.06-00.44.06:250][  0]LogConfig: Setting CVar [[r.Streaming.MaxEffectiveScreenSize:0]]
[2022.07.06-00.44.06:250][  0]LogConfig: Applying CVar settings from Section [EffectsQuality@3] File [C:/work/UnrealProject_C7/ShootingGame/Saved/Config/Windows/Scalability.ini]
[2022.07.06-00.44.06:250][  0]LogConfig: Setting CVar [[r.TranslucencyLightingVolumeDim:64]]
[2022.07.06-00.44.06:250][  0]LogConfig: Setting CVar [[r.RefractionQuality:2]]
[2022.07.06-00.44.06:250][  0]LogConfig: Setting CVar [[r.SSR.Quality:3]]
[2022.07.06-00.44.06:250][  0]LogConfig: Setting CVar [[r.SSR.HalfResSceneColor:0]]
[2022.07.06-00.44.06:250][  0]LogConfig: Setting CVar [[r.SceneColorFormat:4]]
[2022.07.06-00.44.06:250][  0]LogConfig: Setting CVar [[r.DetailMode:2]]
[2022.07.06-00.44.06:250][  0]LogConfig: Setting CVar [[r.TranslucencyVolumeBlur:1]]
[2022.07.06-00.44.06:250][  0]LogConfig: Setting CVar [[r.MaterialQualityLevel:1 ; High quality]]
[2022.07.06-00.44.06:250][  0]LogConfig: Setting CVar [[r.AnisotropicMaterials:1]]
[2022.07.06-00.44.06:250][  0]LogConfig: Setting CVar [[r.SSS.Scale:1]]
[2022.07.06-00.44.06:250][  0]LogConfig: Setting CVar [[r.SSS.SampleSet:2]]
[2022.07.06-00.44.06:250][  0]LogConfig: Setting CVar [[r.SSS.Quality:1]]
[2022.07.06-00.44.06:250][  0]LogConfig: Setting CVar [[r.SSS.HalfRes:0]]
[2022.07.06-00.44.06:250][  0]LogConfig: Setting CVar [[r.SSGI.Quality:3]]
[2022.07.06-00.44.06:250][  0]LogConfig: Setting CVar [[r.EmitterSpawnRateScale:1.0]]
[2022.07.06-00.44.06:250][  0]LogConfig: Setting CVar [[r.ParticleLightQuality:2]]
[2022.07.06-00.44.06:250][  0]LogConfig: Setting CVar [[r.SkyAtmosphere.AerialPerspectiveLUT.FastApplyOnOpaque:1 ; Always have FastSkyLUT 1 in this case to avoid wrong sky]]
[2022.07.06-00.44.06:250][  0]LogConfig: Setting CVar [[r.SkyAtmosphere.AerialPerspectiveLUT.SampleCountMaxPerSlice:4]]
[2022.07.06-00.44.06:250][  0]LogConfig: Setting CVar [[r.SkyAtmosphere.AerialPerspectiveLUT.DepthResolution:16.0]]
[2022.07.06-00.44.06:250][  0]LogConfig: Setting CVar [[r.SkyAtmosphere.FastSkyLUT:1]]
[2022.07.06-00.44.06:250][  0]LogConfig: Setting CVar [[r.SkyAtmosphere.FastSkyLUT.SampleCountMin:4.0]]
[2022.07.06-00.44.06:250][  0]LogConfig: Setting CVar [[r.SkyAtmosphere.FastSkyLUT.SampleCountMax:128.0]]
[2022.07.06-00.44.06:250][  0]LogConfig: Setting CVar [[r.SkyAtmosphere.SampleCountMin:4.0]]
[2022.07.06-00.44.06:250][  0]LogConfig: Setting CVar [[r.SkyAtmosphere.SampleCountMax:128.0]]
[2022.07.06-00.44.06:250][  0]LogConfig: Setting CVar [[r.SkyAtmosphere.TransmittanceLUT.UseSmallFormat:0]]
[2022.07.06-00.44.06:250][  0]LogConfig: Setting CVar [[r.SkyAtmosphere.TransmittanceLUT.SampleCount:10.0]]
[2022.07.06-00.44.06:250][  0]LogConfig: Setting CVar [[r.SkyAtmosphere.MultiScatteringLUT.SampleCount:15.0]]
[2022.07.06-00.44.06:250][  0]LogConfig: Setting CVar [[r.SkyLight.RealTimeReflectionCapture:1]]
[2022.07.06-00.44.06:250][  0]LogConfig: Applying CVar settings from Section [FoliageQuality@3] File [C:/work/UnrealProject_C7/ShootingGame/Saved/Config/Windows/Scalability.ini]
[2022.07.06-00.44.06:250][  0]LogConfig: Setting CVar [[foliage.DensityScale:1.0]]
[2022.07.06-00.44.06:250][  0]LogConfig: Setting CVar [[grass.DensityScale:1.0]]
[2022.07.06-00.44.06:250][  0]LogConfig: Applying CVar settings from Section [ShadingQuality@3] File [C:/work/UnrealProject_C7/ShootingGame/Saved/Config/Windows/Scalability.ini]
[2022.07.06-00.44.06:250][  0]LogConfig: Setting CVar [[r.HairStrands.SkyLighting.IntegrationType:2]]
[2022.07.06-00.44.06:250][  0]LogConfig: Setting CVar [[r.HairStrands.SkyAO.SampleCount:4]]
[2022.07.06-00.44.06:250][  0]LogConfig: Setting CVar [[r.HairStrands.Visibility.MSAA.SamplePerPixel:4]]
[2022.07.06-00.44.06:250][  0]LogConfig: Applying CVar settings from Section [Startup] File [../../../Engine/Config/ConsoleVariables.ini]
[2022.07.06-00.44.06:251][  0]LogConfig: Setting CVar [[net.UseAdaptiveNetUpdateFrequency:0]]
[2022.07.06-00.44.06:251][  0]LogConfig: Setting CVar [[p.chaos.AllowCreatePhysxBodies:1]]
[2022.07.06-00.44.06:251][  0]LogConfig: Setting CVar [[fx.SkipVectorVMBackendOptimizations:1]]
[2022.07.06-00.44.06:251][  0]LogConfig: Applying CVar settings from Section [ConsoleVariables] File [C:/work/UnrealProject_C7/ShootingGame/Saved/Config/Windows/Engine.ini]
[2022.07.06-00.44.06:251][  0]LogConfig: Applying CVar settings from Section [ConsoleVariables] File [C:/work/UnrealProject_C7/ShootingGame/Saved/Config/Windows/Editor.ini]
[2022.07.06-00.44.06:251][  0]LogInit: Computer: DESKTOP-HME5P3N
[2022.07.06-00.44.06:251][  0]LogInit: User: parkdoyoung
[2022.07.06-00.44.06:251][  0]LogInit: CPU Page size=4096, Cores=4
[2022.07.06-00.44.06:251][  0]LogInit: High frequency timer resolution =10.000000 MHz
[2022.07.06-00.44.06:251][  0]LogMemory: Memory total: Physical=15.8GB (16GB approx)
[2022.07.06-00.44.06:251][  0]LogMemory: Platform Memory Stats for Windows
[2022.07.06-00.44.06:251][  0]LogMemory: Process Physical Memory: 140.92 MB used, 140.93 MB peak
[2022.07.06-00.44.06:251][  0]LogMemory: Process Virtual Memory: 126.32 MB used, 126.32 MB peak
[2022.07.06-00.44.06:251][  0]LogMemory: Physical Memory: 7401.35 MB used,  8800.89 MB free, 16202.24 MB total
[2022.07.06-00.44.06:251][  0]LogMemory: Virtual Memory: 134202056.00 MB used,  15667.91 MB free, 134217728.00 MB total
[2022.07.06-00.44.06:255][  0]LogWindows: WindowsPlatformFeatures enabled
[2022.07.06-00.44.06:272][  0]LogInit: Physics initialised using underlying interface: PhysX
[2022.07.06-00.44.06:272][  0]LogInit: Using OS detected language (ko-KR).
[2022.07.06-00.44.06:272][  0]LogInit: Using OS detected locale (ko-KR).
[2022.07.06-00.44.06:274][  0]LogTextLocalizationManager: No specific localization for 'ko-KR' exists, so the 'ko' localization will be used.
[2022.07.06-00.44.06:404][  0]LogWindowsTextInputMethodSystem: Display: IME system deactivated.
[2022.07.06-00.44.06:416][  0]LogSlate: New Slate User Created.  User Index 0, Is Virtual User: 0
[2022.07.06-00.44.06:416][  0]LogSlate: Slate User Registered.  User Index 0, Is Virtual User: 0
[2022.07.06-00.44.06:427][  0]LogD3D11RHI: Loaded GFSDK_Aftermath_Lib.x64.dll
[2022.07.06-00.44.06:429][  0]LogHMD: Failed to initialize OpenVR with code 110
[2022.07.06-00.44.06:429][  0]LogD3D11RHI: D3D11 min allowed feature level: 11_0
[2022.07.06-00.44.06:429][  0]LogD3D11RHI: D3D11 max allowed feature level: 11_0
[2022.07.06-00.44.06:429][  0]LogD3D11RHI: D3D11 adapters:
[2022.07.06-00.44.06:540][  0]LogD3D11RHI:    0. 'NVIDIA GeForce GTX 1650 with Max-Q Design' (Feature Level 11_0)
[2022.07.06-00.44.06:540][  0]LogD3D11RHI:       3962/0/8101 MB DedicatedVideo/DedicatedSystem/SharedSystem, Outputs:1, VendorId:0x10de
[2022.07.06-00.44.06:557][  0]LogD3D11RHI:    1. 'Intel(R) UHD Graphics' (Feature Level 11_0)
[2022.07.06-00.44.06:557][  0]LogD3D11RHI:       128/0/8101 MB DedicatedVideo/DedicatedSystem/SharedSystem, Outputs:0, VendorId:0x8086
[2022.07.06-00.44.06:559][  0]LogD3D11RHI:    2. 'Microsoft Basic Render Driver' (Feature Level 11_0)
[2022.07.06-00.44.06:559][  0]LogD3D11RHI:       0/0/8101 MB DedicatedVideo/DedicatedSystem/SharedSystem, Outputs:0, VendorId:0x1414
[2022.07.06-00.44.06:559][  0]LogD3D11RHI: Chosen D3D11 Adapter:
[2022.07.06-00.44.06:559][  0]LogD3D11RHI:     Description : NVIDIA GeForce GTX 1650 with Max-Q Design
[2022.07.06-00.44.06:559][  0]LogD3D11RHI:     VendorId    : 10de
[2022.07.06-00.44.06:559][  0]LogD3D11RHI:     DeviceId    : 1f9d
[2022.07.06-00.44.06:559][  0]LogD3D11RHI:     SubSysId    : 12f41462
[2022.07.06-00.44.06:559][  0]LogD3D11RHI:     Revision    : 00a1
[2022.07.06-00.44.06:559][  0]LogD3D11RHI:     DedicatedVideoMemory : 4154458112 bytes
[2022.07.06-00.44.06:559][  0]LogD3D11RHI:     DedicatedSystemMemory : 0 bytes
[2022.07.06-00.44.06:559][  0]LogD3D11RHI:     SharedSystemMemory : 8494641152 bytes
[2022.07.06-00.44.06:559][  0]LogD3D11RHI:     AdapterLuid : 0 55500
[2022.07.06-00.44.06:564][  0]LogD3D11RHI: Creating new Direct3DDevice
[2022.07.06-00.44.06:564][  0]LogD3D11RHI:     GPU DeviceId: 0x1f9d (for the marketing name, search the web for "GPU Device Id")
[2022.07.06-00.44.06:564][  0]LogWindows: EnumDisplayDevices:
[2022.07.06-00.44.06:564][  0]LogWindows:    0. 'Intel(R) UHD Graphics' (P:1 D:1)
[2022.07.06-00.44.06:564][  0]LogWindows:    1. 'Intel(R) UHD Graphics' (P:0 D:0)
[2022.07.06-00.44.06:564][  0]LogWindows:    2. 'Intel(R) UHD Graphics' (P:0 D:0)
[2022.07.06-00.44.06:564][  0]LogWindows: DebugString: PrimaryIsNotTheChoosenAdapter PrimaryIsNotTheChoosenAdapter PrimaryIsNotTheChoosenAdapter FoundDriverCount:0 
[2022.07.06-00.44.06:564][  0]LogD3D11RHI:     Adapter Name: NVIDIA GeForce GTX 1650 with Max-Q Design
[2022.07.06-00.44.06:564][  0]LogD3D11RHI:   Driver Version: Unknown (internal:Unknown, unified:Unknown)
[2022.07.06-00.44.06:564][  0]LogD3D11RHI:      Driver Date: Unknown
[2022.07.06-00.44.06:564][  0]LogRHI: Texture pool is 2773 MB (70% of 3962 MB)
[2022.07.06-00.44.06:565][  0]LogD3D11RHI: Creating D3DDevice using adapter:
[2022.07.06-00.44.06:565][  0]LogD3D11RHI:     Description : NVIDIA GeForce GTX 1650 with Max-Q Design
[2022.07.06-00.44.06:565][  0]LogD3D11RHI:     VendorId    : 10de
[2022.07.06-00.44.06:565][  0]LogD3D11RHI:     DeviceId    : 1f9d
[2022.07.06-00.44.06:565][  0]LogD3D11RHI:     SubSysId    : 12f41462
[2022.07.06-00.44.06:565][  0]LogD3D11RHI:     Revision    : 00a1
[2022.07.06-00.44.06:565][  0]LogD3D11RHI:     DedicatedVideoMemory : 4154458112 bytes
[2022.07.06-00.44.06:565][  0]LogD3D11RHI:     DedicatedSystemMemory : 0 bytes
[2022.07.06-00.44.06:565][  0]LogD3D11RHI:     SharedSystemMemory : 8494641152 bytes
[2022.07.06-00.44.06:565][  0]LogD3D11RHI:     AdapterLuid : 0 55500
[2022.07.06-00.44.06:647][  0]LogD3D11RHI: RHI has support for 64 bit atomics
[2022.07.06-00.44.06:647][  0]LogD3D11RHI: Async texture creation enabled
[2022.07.06-00.44.06:647][  0]LogD3D11RHI: Array index from any shader is supported
[2022.07.06-00.44.06:666][  0]LogD3D11RHI: GPU Timing Frequency: 1000.000000 (Debug: 2 2)
[2022.07.06-00.44.06:699][  0]LogRHI: GeForceNow SDK initialized: 1
[2022.07.06-00.44.06:963][  0]LogTargetPlatformManager: Display: Loaded TargetPlatform 'WindowsNoEditor'
[2022.07.06-00.44.06:968][  0]LogTargetPlatformManager: Display: Loaded TargetPlatform 'Windows'
[2022.07.06-00.44.06:971][  0]LogTargetPlatformManager: Display: Loaded TargetPlatform 'WindowsClient'
[2022.07.06-00.44.06:975][  0]LogTargetPlatformManager: Display: Loaded TargetPlatform 'WindowsServer'
[2022.07.06-00.44.06:975][  0]LogTargetPlatformManager: Display: Building Assets For Windows
[2022.07.06-00.44.06:982][  0]LogAudioDebug: Display: Lib vorbis DLL was dynamically loaded.
[2022.07.06-00.44.07:008][  0]LogTextureFormatOodle: Display: Oodle Texture 2.9.0 init RDO Off
[2022.07.06-00.44.07:036][  0]LogRendererCore: Ray tracing is disabled. Reason: r.RayTracing=0.
[2022.07.06-00.44.07:036][  0]LogShaderCompilers: Guid format shader working directory is -1 characters bigger than the processId version (../../../../../../work/UnrealProject_C7/ShootingGame/Intermediate/Shaders/WorkingDirectory/10912/).
[2022.07.06-00.44.07:036][  0]LogShaderCompilers: Cleaned the shader compiler working directory 'C:/Users/parkdoyoung/AppData/Local/Temp/UnrealShaderWorkingDir/DD285E2546FC872110CD3CA764314E3E/'.
[2022.07.06-00.44.07:037][  0]LogXGEController: Cannot use XGE Controller as Incredibuild is not installed on this machine.
[2022.07.06-00.44.07:037][  0]LogShaderCompilers: Cannot use XGE Shader Compiler as Incredibuild is not installed on this machine.
[2022.07.06-00.44.07:037][  0]LogShaderCompilers: Display: Using Local Shader Compiler.
[2022.07.06-00.44.07:766][  0]LogDerivedDataCache: Display: Max Cache Size: 512 MB
[2022.07.06-00.44.07:819][  0]LogDerivedDataCache: Loaded boot cache 0.05s 94MB C:/Users/parkdoyoung/AppData/Local/UnrealEngine/4.27/DerivedDataCache/Boot.ddc.
[2022.07.06-00.44.07:819][  0]LogDerivedDataCache: Display: Loaded Boot cache: C:/Users/parkdoyoung/AppData/Local/UnrealEngine/4.27/DerivedDataCache/Boot.ddc
[2022.07.06-00.44.07:820][  0]LogDerivedDataCache: FDerivedDataBackendGraph:  Pak pak cache file ../../../../../../work/UnrealProject_C7/ShootingGame/DerivedDataCache/DDC.ddp not found, will not use a pak cache.
[2022.07.06-00.44.07:820][  0]LogDerivedDataCache: Unable to find inner node Pak for hierarchical cache Hierarchy.
[2022.07.06-00.44.07:820][  0]LogDerivedDataCache: FDerivedDataBackendGraph:  CompressedPak pak cache file ../../../../../../work/UnrealProject_C7/ShootingGame/DerivedDataCache/Compressed.ddp not found, will not use a pak cache.
[2022.07.06-00.44.07:820][  0]LogDerivedDataCache: Unable to find inner node CompressedPak for hierarchical cache Hierarchy.
[2022.07.06-00.44.07:838][  0]LogDerivedDataCache: Display: Pak cache opened for reading ../../../Engine/DerivedDataCache/Compressed.ddp.
[2022.07.06-00.44.07:838][  0]LogDerivedDataCache: FDerivedDataBackendGraph:  EnterprisePak pak cache file ../../../Enterprise/DerivedDataCache/Compressed.ddp not found, will not use a pak cache.
[2022.07.06-00.44.07:838][  0]LogDerivedDataCache: Unable to find inner node EnterprisePak for hierarchical cache Hierarchy.
[2022.07.06-00.44.07:850][  0]LogDerivedDataCache: Speed tests for C:/Users/parkdoyoung/AppData/Local/UnrealEngine/Common/DerivedDataCache took 0.01 seconds
[2022.07.06-00.44.07:850][  0]LogDerivedDataCache: Display: Performance to C:/Users/parkdoyoung/AppData/Local/UnrealEngine/Common/DerivedDataCache: Latency=0.03ms. RandomReadSpeed=323.68MBs, RandomWriteSpeed=115.13MBs. Assigned SpeedClass 'Local'
[2022.07.06-00.44.07:851][  0]LogDerivedDataCache: Using Local data cache path C:/Users/parkdoyoung/AppData/Local/UnrealEngine/Common/DerivedDataCache: Writable
[2022.07.06-00.44.07:851][  0]LogDerivedDataCache: Shared data cache path not found in *engine.ini, will not use an Shared cache.
[2022.07.06-00.44.07:851][  0]LogDerivedDataCache: Unable to find inner node Shared for hierarchical cache Hierarchy.
[2022.07.06-00.44.07:888][  0]LogSlate: Using FreeType 2.10.0
[2022.07.06-00.44.07:888][  0]LogSlate: SlateFontServices - WITH_FREETYPE: 1, WITH_HARFBUZZ: 1
[2022.07.06-00.44.07:967][  0]LogInit: Using OS detected language (ko-KR).
[2022.07.06-00.44.07:967][  0]LogInit: Using OS detected locale (ko-KR).
[2022.07.06-00.44.07:967][  0]LogTextLocalizationManager: No localization for 'ko-KR' exists, so 'en' will be used for the language.
[2022.07.06-00.44.07:967][  0]LogTextLocalizationManager: No localization for 'ko-KR' exists, so 'en' will be used for the locale.
[2022.07.06-00.44.07:967][  0]LogSlate: FontCache flush requested. Reason: Culture for localization was changed
[2022.07.06-00.44.07:967][  0]LogSlate: FontCache flush requested. Reason: Culture for localization was changed
[2022.07.06-00.44.07:970][  0]LogAssetRegistry: FAssetRegistry took 0.0019 seconds to start up
[2022.07.06-00.44.08:142][  0]LogTextLocalizationManager: Compacting localization data took   0.00ms
[2022.07.06-00.44.08:142][  0]LogPackageLocalizationCache: Processed 27 localized package path(s) for 1 prioritized culture(s) in 0.001404 seconds
[2022.07.06-00.44.08:207][  0]LogInit: Selected Device Profile: [Windows]
[2022.07.06-00.44.08:207][  0]LogInit: Active device profile: [000001EBC27B2C00][000001EBBB7AE700 49] Windows
[2022.07.06-00.44.08:207][  0]LogInit: Profiles: [000001EBC27B2C00][000001EBBB7AE700 49] Windows, [000001EBC2762F00][000001EBBB7B6880 49] WindowsNoEditor, [000001EBC27B3600][000001EBBB7BAA00 49] WindowsServer, [000001EBC2760B00][000001EBBB7BEB80 49] WindowsClient, [000001EBC27B0B00][000001EBBB7C2D00 49] IOS, [000001EBC2763700][000001EBBB7C6E80 49] iPadAir, [000001EBC27B3B00][000001EBBB7CB000 49] iPadAir2, [000001EBC271A600][000001EBBB7D32C0 49] IPadPro, [000001EBC271A700][000001EBBB7CF300 49] iPadAir3, [000001EBC27B0500][000001EBBB7D7480 49] iPadAir4, [000001EBC2718100][000001EBC1DB5600 49] iPadMini2, [000001EBC27B3700][000001EBBB7B3740 49] iPadMini3, [000001EBC271AF00][000001EBC1DB9880 49] iPadMini4, [000001EBC27B1800][000001EBC1DBD9C0 49] iPadMini5, [000001EBC2725F00][000001EBC1DC80C0 49] iPhone6, [000001EBC2726000][000001EBC1DC0100 49] iPodTouch6, [000001EBC271B200][000001EBC1DD03C0 49] iPhone7, [000001EBC2719B00][000001EBC1DCC400 49] iPodTouch7, [000001EBC2726E00][000001EBC1DD4580 49] iPhone5S, [000001EBC2718800][000001EBC1DD8700 49] iPhone6Plus, [000001EBC2726A00][000001EBC1DDC880 49] iPhone6S, [000001EBC271B700][000001EBC1DE0A00 49] iPhone6SPlus, [000001EBC2725100][000001EBC1DE4B80 49] iPhone7Plus, [000001EBC2718C00][000001EBC1DE8D00 49] iPhoneSE, [000001EBC2727500][000001EBC1DECE80 49] iPhone8, [000001EBC2719700][000001EBC1DF1000 49] iPhone8Plus, [000001EBC2727600][000001EBC1DF5180 49] iPhoneX, [000001EBC2719900][000001EBC1DF9300 49] iPhoneXS, [000001EBC2726C00][000001EBC1DFD480 49] iPhoneXSMax, [000001EBC2719100][000001EBC1E01600 49] iPhoneXR, [000001EBC2725B00][000001EBC1E05780 49] iPhone11, [000001EBC271AC00][000001EBC1DC58C0 49] iPhone11Pro, [000001EBC2727300][000001EBC1E09A00 49] iPhone11ProMax, [000001EBC2719000][000001EBC1E0DB40 49] iPhoneSE2, [000001EBC2725300][000001EBC1E10100 49] iPhone12Mini, [000001EBC271A300][000001EBC1E18280 49] iPhone12, [000001EBC2726F00][000001EBC1E1C400 49] iPhone12Pro, [000001EBC271B800][000001EBC1E20580 49] iPhone12ProMax, [000001EBC2724400][000001EBC1E24700 49] iPadPro105, [000001EBC271A900][000001EBC1E28880 49] iPadPro129, [000001EBC2726900][000001EBC1E2CA00 49] iPadPro97, [000001EBC2719C00][000001EBC1E30B80 49] iPadPro2_129, [000001EBC2724A00][000001EBC1E34D00 49] iPad5, [000001EBC271BE00][000001EBC1E38E80 49] iPad6, [000001EBC2727900][000001EBC1E3D000 49] iPad7, [000001EBC271AA00][000001EBC1E41180 49] iPad8, [000001EBC2725C00][000001EBC1E45300 49] iPadPro11, [000001EBC271A000][000001EBC1E49480 49] iPadPro2_11, [000001EBC2763000][000001EBC1E4D600 49] iPadPro3_129, [000001EBC27E4100][000001EBC1E51780 49] iPadPro4_129, [000001EBC2762C00][000001EBC1E55900 49] AppleTV, [000001EBC27E4C00][000001EBC1E59A80 49] AppleTV4K, [000001EBC2760100][000001EBC1E15BC0 49] TVOS, [000001EBC27E5900][000001EBC1E5C180 49] Mac, [000001EBC2762B00][000001EBC1E602C0 49] MacClient, [000001EBC27E4E00][000001EBC1E68440 49] MacNoEditor, [000001EBC2762800][000001EBC1E6C5C0 49] MacServer, [000001EBC27E4B00][000001EBC1E70740 49] Linux, [000001EBC2762000][000001EBC1E748C0 49] LinuxAArch64, [000001EBC27E5700][000001EBC1E78A40 49] LinuxNoEditor, [000001EBC2761400][000001EBC1E7CBC0 49] LinuxAArch64NoEditor, [000001EBC27E4F00][000001EBC1E80D40 49] LinuxClient, [000001EBC2762700][000001EBC1E84EC0 49] LinuxAArch64Client, [000001EBC27E4200][000001EBC1E89040 49] LinuxServer, [000001EBC2718300][000001EBC1E8D1C0 49] LinuxAArch64Server, [000001EBC2726800][000001EBC1E91340 49] Android, [000001EBC271B000][000001EBC1E954C0 49] Android_Low, [000001EBC2726D00][000001EBC1E99640 49] Android_Mid, [000001EBC2718500][000001EBC1E9D7C0 49] Android_High, [000001EBC2727C00][000001EBC1EA1940 49] Android_Default, [000001EBC271AB00][000001EBC1EA5AC0 49] Android_Adreno4xx, [000001EBC2727F00][000001EBC1EA80C0 49] Android_Adreno5xx_Low, [000001EBC2718600][000001EBC1E64200 49] Android_Adreno5xx, [000001EBC2727A00][000001EBC1EAC340 49] Android_Adreno6xx, [000001EBC2719600][000001EBB6862480 49] Android_Adreno6xx_Vulkan, [000001EBC2727E00][000001EBB68665C0 49] Android_Mali_T6xx, [000001EBC271BA00][000001EBB686E740 49] Android_Mali_T7xx, [000001EBC27E5C00][000001EBB68728C0 49] Android_Mali_T8xx, [000001EBC271BB00][000001EBB6876A40 49] Android_Mali_G71, [000001EBC27E6300][000001EBB687ABC0 49] Android_Mali_G72, [000001EBC2719400][000001EBB687ED40 49] Android_Mali_G72_Vulkan, [000001EBC27E5300][000001EBB6882EC0 49] Android_Mali_G76, [000001EBC2718900][000001EBB6887040 49] Android_Mali_G76_Vulkan, [000001EBC27E5600][000001EBB688B1C0 49] Android_Mali_G77, [000001EBC271B500][000001EBBBB27340 49] Android_Mali_G77_Vulkan, [000001EBC27E5000][000001EBBBB2B4C0 49] Android_Mali_G78, [000001EBC271A200][000001EBBBB2F640 49] Android_Mali_G78_Vulkan, [000001EBC2725200][000001EBBBB337C0 49] Android_Mali_G710, [000001EBC2719200][000001EBBBB37940 49] Android_Mali_G710_Vulkan, [000001EBC2725A00][000001EBBBB3BAC0 49] Android_Vulkan_SM5, [000001EBC2719500][000001EBBBB3E0C0 49] Android_PowerVR_G6xxx, [000001EBC2724C00][000001EBBBB42240 49] Android_PowerVR_GT7xxx, [000001EBC2718F00][000001EBB686A380 49] Android_PowerVR_GE8xxx, [000001EBC2725000][000001EBBBB464C0 49] Android_PowerVR_GM9xxx, [000001EBC271B900][000001EBBBB4A600 49] Android_PowerVR_GM9xxx_Vulkan, [000001EBC2725600][000001EBBBB4E740 49] Android_TegraK1, [000001EBC2718700][000001EBBBB568C0 49] Android_Unknown_Vulkan, [000001EBC2726400][000001EBBBB5AA40 49] Lumin, [000001EBC2719300][000001EBBBB5EBC0 49] Lumin_Desktop, [000001EBC2724900][000001EBBBB62D40 49] HoloLens, 
[2022.07.06-00.44.08:244][  0]LogMeshReduction: Using QuadricMeshReduction for automatic static mesh reduction
[2022.07.06-00.44.08:244][  0]LogMeshReduction: Using SimplygonMeshReduction for automatic skeletal mesh reduction
[2022.07.06-00.44.08:245][  0]LogMeshReduction: Using ProxyLODMeshReduction for automatic mesh merging
[2022.07.06-00.44.08:245][  0]LogMeshReduction: No distributed automatic mesh merging module available
[2022.07.06-00.44.08:245][  0]LogMeshMerging: No distributed automatic mesh merging module available
[2022.07.06-00.44.08:347][  0]LogNetVersion: ShootingGame 1.0.0, NetCL: 17155196, EngineNetVer: 17, GameNetVer: 0 (Checksum: 1120234365)
[2022.07.06-00.44.08:568][  0]LogTexture: Default maximum texture size for cubemaps generated from long-lat sources has been changed from 512 to unlimited. In order to preserve old behaiour for '/Engine/MapTemplates/Sky/DaylightAmbientCubemap.DaylightAmbientCubemap', its maximum texture size has been explicitly set to 512.
[2022.07.06-00.44.08:613][  0]LogHMD: PokeAHoleMaterial loaded successfully
[2022.07.06-00.44.08:691][  0]LogMoviePlayer: Initializing movie player
[2022.07.06-00.44.08:786][  0]LogNiagaraDebuggerClient: Niagara Debugger Client Initialized | Session: 5A6621D44F5FAC1CC51A10A8678BB00A | Instance: 39098C114BE9BF67370465B6407B8249 (DESKTOP-HME5P3N-10912).
[2022.07.06-00.44.08:803][  0]LogCollectionManager: Loaded 0 collections in 0.001223 seconds
[2022.07.06-00.44.08:805][  0]LogFileCache: Scanning file cache for directory 'C:/work/UnrealProject_C7/ShootingGame/Saved/Collections/' took 0.00s
[2022.07.06-00.44.08:805][  0]LogFileCache: Scanning file cache for directory 'C:/work/UnrealProject_C7/ShootingGame/Content/Developers/parkdoyoung/Collections/' took 0.00s
[2022.07.06-00.44.08:805][  0]LogCollectionManager: Fixed up redirectors for 0 collections in 0.000001 seconds (updated 0 objects)
[2022.07.06-00.44.08:886][  0]LogFileCache: Scanning file cache for directory 'C:/work/UnrealProject_C7/ShootingGame/Content/Collections/' took 0.00s
[2022.07.06-00.44.08:886][  0]LogTcpMessaging: Initializing TcpMessaging bridge
[2022.07.06-00.44.08:890][  0]LogUdpMessaging: Initializing bridge on interface 0.0.0.0:0 to multicast group 230.0.0.1:6666.
[2022.07.06-00.44.08:944][  0]LogPython: Using Python 3.7.7
[2022.07.06-00.44.09:372][  0]SourceControl: Source control is disabled
[2022.07.06-00.44.09:372][  0]SourceControl: Source control is disabled
[2022.07.06-00.44.09:374][  0]SourceControl: Source control is disabled
[2022.07.06-00.44.09:380][  0]LogUProjectInfo: Found projects:
[2022.07.06-00.44.09:411][  0]LogAndroidPermission: UAndroidPermissionCallbackProxy::GetInstance
[2022.07.06-00.44.09:425][  0]LogAudioCaptureCore: Display: No Audio Capture implementations found. Audio input will be silent.
[2022.07.06-00.44.09:425][  0]LogAudioCaptureCore: Display: No Audio Capture implementations found. Audio input will be silent.
[2022.07.06-00.44.09:525][  0]LogOpenImageDenoise: OIDN starting up
[2022.07.06-00.44.09:541][  0]LogOcInput: OculusInput pre-init called
[2022.07.06-00.44.09:548][  0]LogUObjectArray: 22167 objects as part of root set at end of initial load.
[2022.07.06-00.44.09:548][  0]LogUObjectAllocator: 5995280 out of 0 bytes used by permanent object pool.
[2022.07.06-00.44.09:548][  0]LogUObjectArray: CloseDisregardForGC: 0/0 objects in disregard for GC pool
[2022.07.06-00.44.09:586][  0]LogEngine: Initializing Engine...
[2022.07.06-00.44.09:588][  0]LogHMD: Failed to enumerate extensions. Please check that you have a valid OpenXR runtime installed.
[2022.07.06-00.44.09:588][  0]LogHMD: Failed to initialize OpenVR with code 110
[2022.07.06-00.44.09:588][  0]LogMagicLeap: Warning: VR disabled because ZI is not enabled.  To enable, in the editor, Edit -> Project Settings -> Plugins -> Magic Leap Plugin -> Enable Zero Iteration
[2022.07.06-00.44.09:590][  0]LogStats: UGameplayTagsManager::InitializeManager -  0.000 s
[2022.07.06-00.44.09:667][  0]LogInit: Initializing FReadOnlyCVARCache
[2022.07.06-00.44.09:667][  0]LogAudio: Display: Initializing Audio Device Manager...
[2022.07.06-00.44.09:670][  0]LogAudio: Display: Loading Default Audio Settings Objects...
[2022.07.06-00.44.09:670][  0]LogAudio: Display: No default SoundConcurrencyObject specified (or failed to load).
[2022.07.06-00.44.09:671][  0]LogAudio: Display: Audio Device Manager Initialized
[2022.07.06-00.44.09:671][  0]LogAudio: Display: Creating Audio Device:                 Id: 1, Scope: Shared, Realtime: True
[2022.07.06-00.44.09:671][  0]LogAudioMixer: Display: Audio Mixer Platform Settings:
[2022.07.06-00.44.09:671][  0]LogAudioMixer: Display: 	Sample Rate:						  48000
[2022.07.06-00.44.09:671][  0]LogAudioMixer: Display: 	Callback Buffer Frame Size Requested: 1024
[2022.07.06-00.44.09:671][  0]LogAudioMixer: Display: 	Callback Buffer Frame Size To Use:	  1024
[2022.07.06-00.44.09:671][  0]LogAudioMixer: Display: 	Number of buffers to queue:			  2
[2022.07.06-00.44.09:671][  0]LogAudioMixer: Display: 	Max Channels (voices):				  32
[2022.07.06-00.44.09:671][  0]LogAudioMixer: Display: 	Number of Async Source Workers:		  0
[2022.07.06-00.44.09:671][  0]LogAudio: Display: AudioDevice MaxSources: 32
[2022.07.06-00.44.09:671][  0]LogAudio: Display: Audio Spatialization Plugin: None (built-in).
[2022.07.06-00.44.09:671][  0]LogAudio: Display: Audio Reverb Plugin: None (built-in).
[2022.07.06-00.44.09:671][  0]LogAudio: Display: Audio Occlusion Plugin: None (built-in).
[2022.07.06-00.44.09:671][  0]LogAudioMixer: Display: Initializing audio mixer.
[2022.07.06-00.44.09:681][  0]LogAudioMixer: Display: 0: FrontLeft
[2022.07.06-00.44.09:681][  0]LogAudioMixer: Display: 1: FrontRight
[2022.07.06-00.44.09:708][  0]LogAudioMixer: Display: Using Audio Device 스피커(Realtek(R) Audio)
[2022.07.06-00.44.09:712][  0]LogAudioMixer: Display: Initializing Sound Submixes...
[2022.07.06-00.44.09:713][  0]LogAudioMixer: Display: Creating Master Submix 'MasterSubmixDefault'
[2022.07.06-00.44.09:713][  0]LogAudioMixer: Display: Creating Master Submix 'MasterReverbSubmixDefault'
[2022.07.06-00.44.09:714][  0]LogAudioMixer: Display: Creating Master Submix 'MasterEQSubmixDefault'
[2022.07.06-00.44.09:714][  0]LogAudioMixer: FMixerPlatformXAudio2::StartAudioStream() called
[2022.07.06-00.44.09:714][  0]LogAudioMixer: Display: Output buffers initialized: Frames=1024, Channels=2, Samples=2048
[2022.07.06-00.44.09:715][  0]LogAudioMixer: Display: Starting AudioMixerPlatformInterface::RunInternal()
[2022.07.06-00.44.09:715][  0]LogAudioMixer: Display: FMixerPlatformXAudio2::SubmitBuffer() called for the first time
[2022.07.06-00.44.09:715][  0]LogInit: FAudioDevice initialized.
[2022.07.06-00.44.09:716][  0]LogNetVersion: Set ProjectVersion to 1.0.0.0. Version Checksum will be recalculated on next use.
[2022.07.06-00.44.09:717][  0]LogInit: Texture streaming: Enabled
[2022.07.06-00.44.09:767][  0]LogAudio: Display: Audio Device (ID: 1) registered with world 'Untitled'.
[2022.07.06-00.44.09:767][  0]LogSlate: Updating window title bar state: overlay mode, drag disabled, window buttons hidden, title bar hidden
[2022.07.06-00.44.09:768][  0]LogInit: Display: Game Engine Initialized.
[2022.07.06-00.44.09:768][  0]LogNiagaraEditor: GEditor isn't valid! Particle reset commands will not work for Niagara components!
[2022.07.06-00.44.09:870][  0]LogInit: Display: Starting Game.
[2022.07.06-00.44.09:870][  0]LogNet: Browse: 127.0.0.1:17777/Game/ThirdPersonBP/Maps/ThirdPersonExampleMap?Name=Player
[2022.07.06-00.44.09:870][  0]LogInit: WinSock: Socket queue. Rx: 32768 (config 32768) Tx: 32768 (config 32768)
[2022.07.06-00.44.09:870][  0]LogNet: Created socket for bind address: 0.0.0.0 on port 0
[2022.07.06-00.44.09:870][  0]PacketHandlerLog: Loaded PacketHandler component: Engine.EngineHandlerComponentFactory (StatelessConnectHandlerComponent)
[2022.07.06-00.44.09:870][  0]LogNet: Game client on port 17777, rate 100000
[2022.07.06-00.44.09:905][  0]LogInit: Display: Engine is initialized. Leaving FEngineLoop::Init()
[2022.07.06-00.44.09:905][  0]LogLoad: (Engine Initialization) Total time: 4.70 seconds
[2022.07.06-00.44.09:905][  0]LogLoad: (Engine Initialization) Total Blueprint compile time: 0.00 seconds
[2022.07.06-00.44.09:913][  0]LogContentStreaming: Texture pool size now 1000 MB
[2022.07.06-00.44.09:918][  0]LogSlate: InvalidateAllWidgets triggered.  All widgets were invalidated
[2022.07.06-00.44.10:907][758]LogHandshake: SendChallengeResponse. Timestamp: 6.047707, Cookie: 200100062180091064149185089134238167134006210090137185202117
[2022.07.06-00.44.11:239][157]LogNetVersion: ShootingGame 1.0.0.0, NetCL: 17155196, EngineNetVer: 17, GameNetVer: 0 (Checksum: 4194817616)
[2022.07.06-00.44.11:239][157]LogNet: UPendingNetGame::SendInitialJoin: Sending hello. [UNetConnection] RemoteAddr: 127.0.0.1:17777, Name: IpConnection_0, Driver: PendingNetDriver IpNetDriver_0, IsServer: NO, PC: NULL, Owner: NULL, UniqueId: INVALID
[2022.07.06-00.44.11:574][557]LogNet: Welcomed by server (Level: /Game/ThirdPersonBP/Maps/UEDPIE_0_ThirdPersonExampleMap, Game: /Game/ShootingGame/GameMode/BP_ShootingGameMode.BP_ShootingGameMode_C)
[2022.07.06-00.44.11:574][557]LogLoad: LoadMap: 127.0.0.1:17777/Game/ThirdPersonBP/Maps/ThirdPersonExampleMap?Name=Player?game=/Game/ShootingGame/GameMode/BP_ShootingGameMode.BP_ShootingGameMode_C
[2022.07.06-00.44.11:574][557]LogWorld: BeginTearingDown for /Temp/Untitled_0
[2022.07.06-00.44.11:574][557]LogWorld: UWorld::CleanupWorld for Untitled, bSessionEnded=true, bCleanupResources=true
[2022.07.06-00.44.11:574][557]LogSlate: InvalidateAllWidgets triggered.  All widgets were invalidated
[2022.07.06-00.44.11:578][557]LogAudio: Display: Audio Device unregistered from world 'None'.
[2022.07.06-00.44.11:581][557]LogUObjectHash: Compacting FUObjectHashTables data took   0.82ms
[2022.07.06-00.44.12:101][557]LogAudio: Display: Audio Device (ID: 1) registered with world 'ThirdPersonExampleMap'.
[2022.07.06-00.44.12:107][557]LogWorld: Bringing World /Game/ThirdPersonBP/Maps/ThirdPersonExampleMap.ThirdPersonExampleMap up for play (max tick rate 0) at 2022.07.06-09.44.12
[2022.07.06-00.44.12:107][557]LogWorld: Bringing up level for play took: 0.004479
[2022.07.06-00.44.12:108][557]LogSlate: Took 0.000130 seconds to synchronously load lazily loaded font '../../../Engine/Content/Slate/Fonts/Roboto-Regular.ttf' (155K)
[2022.07.06-00.44.12:110][557]LogRenderer: Reallocating scene render targets to support 640x480 Format 10 NumSamples 1 (Frame:1).
[2022.07.06-00.44.12:111][557]LogLoad: Took 0.536849 seconds to LoadMap(/Game/ThirdPersonBP/Maps/ThirdPersonExampleMap)
[2022.07.06-00.44.12:111][557]LogNavigation: Warning: NavData RegistrationFailed_DataPendingKill.
[2022.07.06-00.44.12:586][631]LogScript: Warning: Script Msg: BP_ShootingHud_C_0 BindPlayerStats SetTimer passed a negative or zero time. The associated timer may fail to be created/fire! If using InitialStartDelayVariance, be sure it is smaller than (Time + InitialStartDelay).
[2022.07.06-00.44.12:587][631]LogBlueprintUserMessages: [BP_ShootingCharacter_C_0] BP_ShootingCharacterBind Player Stats cast Fail
[2022.07.06-00.44.12:587][631]LogBlueprintUserMessages: [BP_ShootingCharacter_C_1] BP_ShootingCharacter1Bind Player Stats cast Fail
[2022.07.06-00.44.12:587][631]LogOnlineSession: Warning: OSS: No game present to join for session (GameSession)
[2022.07.06-00.44.12:587][631]LogBlueprintUserMessages: [BP_ShootingPlayerState_C_0] BP_ShootingPlayerState
[2022.07.06-00.44.12:587][631]LogOnlineSession: Warning: OSS: No game present to join for session (GameSession)
[2022.07.06-00.44.12:587][631]LogBlueprintUserMessages: [BP_ShootingPlayerState_C_1] BP_ShootingPlayerState1
[2022.07.06-00.44.15:676][187]LogBlueprintUserMessages: [BP_Weapon_C_0] Hello
[2022.07.06-00.44.16:065][258]LogBlueprintUserMessages: [BP_Weapon_C_0] Hello
[2022.07.06-00.44.16:322][305]LogBlueprintUserMessages: [BP_Weapon_C_0] Hello
[2022.07.06-00.44.16:521][341]LogBlueprintUserMessages: [BP_Weapon_C_0] Hello
[2022.07.06-00.44.16:687][372]LogBlueprintUserMessages: [BP_Weapon_C_0] Hello
[2022.07.06-00.44.16:849][385]LogBlueprintUserMessages: [BP_Weapon_C_0] Hello
[2022.07.06-00.44.17:161][418]LogBlueprintUserMessages: [BP_Weapon_C_0] Hello
[2022.07.06-00.44.18:136][498]LogBlueprintUserMessages: [BP_Weapon_C_0] Hello
[2022.07.06-00.44.18:428][551]LogBlueprintUserMessages: [BP_Weapon_C_0] Hello
[2022.07.06-00.44.18:600][584]LogBlueprintUserMessages: [BP_Weapon_C_0] Hello
[2022.07.06-00.44.18:737][609]LogBlueprintUserMessages: [BP_Weapon_C_0] Hello
[2022.07.06-00.44.18:886][637]LogBlueprintUserMessages: [BP_Weapon_C_0] Hello
[2022.07.06-00.44.18:996][656]LogBlueprintUserMessages: [BP_Weapon_C_0] Hello
[2022.07.06-00.44.19:095][673]LogBlueprintUserMessages: [BP_Weapon_C_0] Hello
[2022.07.06-00.44.19:185][690]LogBlueprintUserMessages: [BP_Weapon_C_0] Hello
[2022.07.06-00.44.19:322][716]LogBlueprintUserMessages: [BP_Weapon_C_0] Hello
[2022.07.06-00.44.19:492][745]LogBlueprintUserMessages: [BP_Weapon_C_0] Hello
[2022.07.06-00.44.21:386][122]LogBlueprintUserMessages: [BP_Weapon_C_0] Hello
[2022.07.06-00.44.21:519][149]LogBlueprintUserMessages: [BP_Weapon_C_0] Hello
[2022.07.06-00.44.21:666][177]LogBlueprintUserMessages: [BP_Weapon_C_0] Hello
[2022.07.06-00.44.21:802][203]LogBlueprintUserMessages: [BP_Weapon_C_0] Hello
[2022.07.06-00.44.21:970][235]LogBlueprintUserMessages: [BP_Weapon_C_0] Hello
