Log file open, 07/06/22 09:55:16
LogWindows: Failed to load 'aqProf.dll' (GetLastError=126)
LogWindows: File 'aqProf.dll' does not exist
LogWindows: Failed to load 'VtuneApi.dll' (GetLastError=126)
LogWindows: File 'VtuneApi.dll' does not exist
LogWindows: Failed to load 'VtuneApi32e.dll' (GetLastError=126)
LogWindows: File 'VtuneApi32e.dll' does not exist
LogConsoleResponse: Display: Failed to find resolution value strings in scalability ini. Falling back to default.
LogConsoleResponse: Display: Failed to find resolution value strings in scalability ini. Falling back to default.
LogInit: Display: Running engine for game: ShootingGame
LogPlatformFile: Not using cached read wrapper
LogTaskGraph: Started task graph with 5 named threads and 23 total threads with 3 sets of task threads.
LogStats: Stats thread started at 0.234270
LogICUInternationalization: ICU TimeZone Detection - Raw Offset: +9:00, Platform Override: ''
LogInit: Display: Loading text-based GConfig....
LogPluginManager: Mounting plugin MeshPainting
LogPluginManager: Mounting plugin XGEController
LogPluginManager: Mounting plugin Paper2D
LogPluginManager: Mounting plugin LiveLink
LogPluginManager: Mounting plugin AISupport
LogPluginManager: Mounting plugin EnvironmentQueryEditor
LogPluginManager: Mounting plugin CameraShakePreviewer
LogPluginManager: Mounting plugin GameplayCameras
LogPluginManager: Mounting plugin OodleData
LogPluginManager: Mounting plugin LightPropagationVolume
LogPluginManager: Mounting plugin OodleNetwork
LogPluginManager: Mounting plugin AnimationSharing
LogPluginManager: Mounting plugin CLionSourceCodeAccess
LogPluginManager: Mounting plugin CodeLiteSourceCodeAccess
LogPluginManager: Mounting plugin GitSourceControl
LogPluginManager: Mounting plugin KDevelopSourceCodeAccess
LogPluginManager: Mounting plugin NullSourceCodeAccess
LogPluginManager: Mounting plugin PixWinPlugin
LogPluginManager: Mounting plugin PlasticSourceControl
LogPluginManager: Mounting plugin PerforceSourceControl
LogPluginManager: Mounting plugin PluginUtils
LogPluginManager: Mounting plugin PropertyAccessNode
LogPluginManager: Mounting plugin RiderSourceCodeAccess
LogPluginManager: Mounting plugin SubversionSourceControl
LogPluginManager: Mounting plugin TextureFormatOodle
LogPluginManager: Mounting plugin UObjectPlugin
LogPluginManager: Mounting plugin VisualStudioCodeSourceCodeAccess
LogPluginManager: Mounting plugin XCodeSourceCodeAccess
LogPluginManager: Mounting plugin VisualStudioSourceCodeAccess
LogPluginManager: Mounting plugin AlembicImporter
LogPluginManager: Mounting plugin BackChannel
LogPluginManager: Mounting plugin AutomationUtils
LogPluginManager: Mounting plugin ChaosCloth
LogPluginManager: Mounting plugin ChaosClothEditor
LogPluginManager: Mounting plugin ChaosEditor
LogPluginManager: Mounting plugin ChaosNiagara
LogPluginManager: Mounting plugin ChaosSolverPlugin
LogPluginManager: Mounting plugin CharacterAI
LogPluginManager: Mounting plugin AssetManagerEditor
LogPluginManager: Mounting plugin GeometryCache
LogPluginManager: Mounting plugin GeometryCollectionPlugin
LogPluginManager: Mounting plugin GeometryProcessing
LogPluginManager: Mounting plugin LuminPlatformFeatures
LogPluginManager: Mounting plugin MagicLeap
LogPluginManager: Mounting plugin MagicLeapLightEstimation
LogPluginManager: Mounting plugin MagicLeapMedia
LogPluginManager: Mounting plugin MotoSynth
LogPluginManager: Mounting plugin OpenImageDenoise
LogPluginManager: Mounting plugin MagicLeapPassableWorld
LogPluginManager: Mounting plugin PlanarCut
LogPluginManager: Mounting plugin PlatformCrypto
LogPluginManager: Mounting plugin ProxyLODPlugin
LogPluginManager: Mounting plugin DatasmithContent
LogPluginManager: Mounting plugin MLSDK
LogPluginManager: Mounting plugin PythonScriptPlugin
LogPluginManager: Mounting plugin VariantManagerContent
LogPluginManager: Mounting plugin CryptoKeys
LogPluginManager: Mounting plugin CurveEditorTools
LogPluginManager: Mounting plugin SkeletalReduction
LogPluginManager: Mounting plugin DataValidation
LogPluginManager: Mounting plugin FacialAnimation
LogPluginManager: Mounting plugin GameplayTagsEditor
LogPluginManager: Mounting plugin GeometryMode
LogPluginManager: Mounting plugin MacGraphicsSwitching
LogPluginManager: Mounting plugin MaterialAnalyzer
LogPluginManager: Mounting plugin MobileLauncherProfileWizard
LogPluginManager: Mounting plugin PluginBrowser
LogPluginManager: Mounting plugin SpeedTreeImporter
LogPluginManager: Mounting plugin Niagara
LogPluginManager: Mounting plugin AndroidMedia
LogPluginManager: Mounting plugin AvfMedia
LogPluginManager: Mounting plugin ImgMedia
LogPluginManager: Mounting plugin MediaCompositing
LogPluginManager: Mounting plugin MediaPlayerEditor
LogPluginManager: Mounting plugin WmfMedia
LogPluginManager: Mounting plugin WebMMedia
LogPluginManager: Mounting plugin UdpMessaging
LogPluginManager: Mounting plugin ActorSequence
LogPluginManager: Mounting plugin LevelSequenceEditor
LogPluginManager: Mounting plugin TcpMessaging
LogPluginManager: Mounting plugin MatineeToLevelSequence
LogPluginManager: Mounting plugin TemplateSequence
LogPluginManager: Mounting plugin OnlineSubsystem
LogPluginManager: Mounting plugin OnlineSubsystemNull
LogPluginManager: Mounting plugin OnlineSubsystemUtils
LogPluginManager: Mounting plugin LauncherChunkInstaller
LogPluginManager: Mounting plugin ActorLayerUtilities
LogPluginManager: Mounting plugin AndroidDeviceProfileSelector
LogPluginManager: Mounting plugin AndroidMoviePlayer
LogPluginManager: Mounting plugin AndroidPermission
LogPluginManager: Mounting plugin ApexDestruction
LogPluginManager: Mounting plugin AppleImageUtils
LogPluginManager: Mounting plugin AppleMoviePlayer
LogPluginManager: Mounting plugin ArchVisCharacter
LogPluginManager: Mounting plugin AudioCapture
LogPluginManager: Mounting plugin AudioSynesthesia
LogPluginManager: Mounting plugin AssetTags
LogPluginManager: Mounting plugin ChunkDownloader
LogPluginManager: Mounting plugin CustomMeshComponent
LogPluginManager: Mounting plugin EditableMesh
LogPluginManager: Mounting plugin ExampleDeviceProfileSelector
LogPluginManager: Mounting plugin GoogleCloudMessaging
LogPluginManager: Mounting plugin GooglePAD
LogPluginManager: Mounting plugin CableComponent
LogPluginManager: Mounting plugin ScreenshotTools
LogPluginManager: Mounting plugin IOSDeviceProfileSelector
LogPluginManager: Mounting plugin LinuxDeviceProfileSelector
LogPluginManager: Mounting plugin LocationServicesBPLibrary
LogPluginManager: Mounting plugin MobilePatchingUtils
LogPluginManager: Mounting plugin OpenXR
LogPluginManager: Mounting plugin OpenXREyeTracker
LogPluginManager: Mounting plugin OpenXRHandTracking
LogPluginManager: Mounting plugin PhysXVehicles
LogPluginManager: Mounting plugin Takes
LogPluginManager: Mounting plugin PostSplashScreen
LogPluginManager: Mounting plugin ProceduralMeshComponent
LogPluginManager: Mounting plugin RuntimePhysXCooking
LogPluginManager: Mounting plugin SignificanceManager
LogPluginManager: Mounting plugin SoundFields
LogPluginManager: Mounting plugin PropertyAccessEditor
LogPluginManager: Mounting plugin Synthesis
LogPluginManager: Mounting plugin WebMMoviePlayer
LogPluginManager: Mounting plugin WindowsMoviePlayer
LogPluginManager: Mounting plugin ContentBrowserAssetDataSource
LogPluginManager: Mounting plugin ContentBrowserClassDataSource
LogPluginManager: Mounting plugin ContentBrowserFileDataSource
LogPluginManager: Mounting plugin OnlineSubsystemIOS
LogPluginManager: Mounting plugin OnlineSubsystemGooglePlay
LogPluginManager: Mounting plugin OculusVR
LogPluginManager: Mounting plugin SteamVR
PixWinPlugin: PIX capture plugin failed to initialize! Check that the process is launched from PIX.
LogInit: Using libcurl 7.55.1-DEV
LogInit:  - built for x86_64-pc-win32
LogInit:  - supports SSL with OpenSSL/1.1.1
LogInit:  - supports HTTP deflate (compression) using libz 1.2.8
LogInit:  - other features:
LogInit:      CURL_VERSION_SSL
LogInit:      CURL_VERSION_LIBZ
LogInit:      CURL_VERSION_IPV6
LogInit:      CURL_VERSION_ASYNCHDNS
LogInit:      CURL_VERSION_LARGEFILE
LogInit:      CURL_VERSION_IDN
LogInit:  CurlRequestOptions (configurable via config and command line):
LogInit:  - bVerifyPeer = true  - Libcurl will verify peer certificate
LogInit:  - bUseHttpProxy = false  - Libcurl will NOT use HTTP proxy
LogInit:  - bDontReuseConnections = false  - Libcurl will reuse connections
LogInit:  - MaxHostConnections = 16  - Libcurl will limit the number of connections to a host
LogInit:  - LocalHostAddr = Default
LogInit:  - BufferSize = 65536
LogOnline: OSS: Creating online subsystem instance for: NULL
LogInit: WinSock: version 1.1 (2.2), MaxSocks=32767, MaxUdp=65467
LogOnline: OSS: TryLoadSubsystemAndSetDefault: Loaded subsystem for module [NULL]
LogOculusPluginWrapper: OculusPlugin initialized successfully
LogHMD: Failed initializing OVRPlugin 1.59.0
LogInit: Build: ++UE4+Release-4.27-CL-18319896
LogInit: Engine Version: 4.27.2-18319896+++UE4+Release-4.27
LogInit: Compatible Engine Version: 4.27.0-17155196+++UE4+Release-4.27
LogInit: Net CL: 17155196
LogInit: OS: Windows 10 (Release 2009) (), CPU: Intel(R) Core(TM) i5-10300H CPU @ 2.50GHz, GPU: Intel(R) UHD Graphics
LogInit: Compiled (64-bit): Nov 30 2021 07:12:08
LogInit: Compiled with Visual C++: 19.24.28315.00
LogInit: Build Configuration: Development
LogInit: Branch Name: ++UE4+Release-4.27
LogInit: Command Line:  127.0.0.1:17777 -game -PIEVIACONSOLE -Multiprocess GameUserSettingsINI=C:/work/UnrealProject_C7/ShootingGame/Saved/Config/Windows/PIEGameUserSettings1.ini -MultiprocessSaveConfig -forcepassthrough -messaging -SessionName="Play in Standalone Game" -windowed -WinX=0 -WinY=30 SAVEWINPOS=1 -ResX=640 -ResY=480
LogInit: Base Directory: C:/Program Files/Epic Games/UE_4.27/Engine/Binaries/Win64/
LogInit: Allocator: TBB
LogInit: Installed Engine Build: 1
LogDevObjectVersion: Number of dev versions registered: 29
LogDevObjectVersion:   Dev-Blueprints (B0D832E4-1F89-4F0D-ACCF-7EB736FD4AA2): 10
LogDevObjectVersion:   Dev-Build (E1C64328-A22C-4D53-A36C-8E866417BD8C): 0
LogDevObjectVersion:   Dev-Core (375EC13C-06E4-48FB-B500-84F0262A717E): 4
LogDevObjectVersion:   Dev-Editor (E4B068ED-F494-42E9-A231-DA0B2E46BB41): 40
LogDevObjectVersion:   Dev-Framework (CFFC743F-43B0-4480-9391-14DF171D2073): 37
LogDevObjectVersion:   Dev-Mobile (B02B49B5-BB20-44E9-A304-32B752E40360): 3
LogDevObjectVersion:   Dev-Networking (A4E4105C-59A1-49B5-A7C5-40C4547EDFEE): 0
LogDevObjectVersion:   Dev-Online (39C831C9-5AE6-47DC-9A44-9C173E1C8E7C): 0
LogDevObjectVersion:   Dev-Physics (78F01B33-EBEA-4F98-B9B4-84EACCB95AA2): 14
LogDevObjectVersion:   Dev-Platform (6631380F-2D4D-43E0-8009-CF276956A95A): 0
LogDevObjectVersion:   Dev-Rendering (12F88B9F-8875-4AFC-A67C-D90C383ABD29): 45
LogDevObjectVersion:   Dev-Sequencer (7B5AE74C-D270-4C10-A958-57980B212A5A): 13
LogDevObjectVersion:   Dev-VR (D7296918-1DD6-4BDD-9DE2-64A83CC13884): 3
LogDevObjectVersion:   Dev-LoadTimes (C2A15278-BFE7-4AFE-6C17-90FF531DF755): 1
LogDevObjectVersion:   Private-Geometry (6EACA3D4-40EC-4CC1-B786-8BED09428FC5): 3
LogDevObjectVersion:   Dev-AnimPhys (29E575DD-E0A3-4627-9D10-D276232CDCEA): 17
LogDevObjectVersion:   Dev-Anim (AF43A65D-7FD3-4947-9873-3E8ED9C1BB05): 15
LogDevObjectVersion:   Dev-ReflectionCapture (6B266CEC-1EC7-4B8F-A30B-E4D90942FC07): 1
LogDevObjectVersion:   Dev-Automation (0DF73D61-A23F-47EA-B727-89E90C41499A): 1
LogDevObjectVersion:   FortniteMain (601D1886-AC64-4F84-AA16-D3DE0DEAC7D6): 47
LogDevObjectVersion:   FortniteRelease (E7086368-6B23-4C58-8439-1B7016265E91): 1
LogDevObjectVersion:   Dev-Enterprise (9DFFBCD6-494F-0158-E221-12823C92A888): 10
LogDevObjectVersion:   Dev-Niagara (F2AED0AC-9AFE-416F-8664-AA7FFA26D6FC): 1
LogDevObjectVersion:   Dev-Destruction (174F1F0B-B4C6-45A5-B13F-2EE8D0FB917D): 10
LogDevObjectVersion:   Dev-Physics-Ext (35F94A83-E258-406C-A318-09F59610247C): 41
LogDevObjectVersion:   Dev-PhysicsMaterial-Chaos (B68FC16E-8B1B-42E2-B453-215C058844FE): 1
LogDevObjectVersion:   Dev-CineCamera (B2E18506-4273-CFC2-A54E-F4BB758BBA07): 1
LogDevObjectVersion:   Dev-VirtualProduction (64F58936-FD1B-42BA-BA96-7289D5D0FA4E): 1
LogDevObjectVersion:   Dev-MediaFramework (6F0ED827-A609-4895-9C91-998D90180EA4): 2
LogInit: Presizing for max 25165824 objects, including 0 objects not considered by GC, pre-allocating 0 bytes for permanent pool.
LogConfig: Applying CVar settings from Section [/Script/Engine.StreamingSettings] File [C:/work/UnrealProject_C7/ShootingGame/Saved/Config/Windows/Engine.ini]
LogConfig: Setting CVar [[s.MinBulkDataSizeForAsyncLoading:131072]]
LogConfig: Setting CVar [[s.AsyncLoadingThreadEnabled:0]]
LogConfig: Setting CVar [[s.EventDrivenLoaderEnabled:1]]
LogConfig: Setting CVar [[s.WarnIfTimeLimitExceeded:0]]
LogConfig: Setting CVar [[s.TimeLimitExceededMultiplier:1.5]]
LogConfig: Setting CVar [[s.TimeLimitExceededMinTime:0.005]]
LogConfig: Setting CVar [[s.UseBackgroundLevelStreaming:1]]
LogConfig: Setting CVar [[s.PriorityAsyncLoadingExtraTime:15.0]]
LogConfig: Setting CVar [[s.LevelStreamingActorsUpdateTimeLimit:5.0]]
LogConfig: Setting CVar [[s.PriorityLevelStreamingActorsUpdateExtraTime:5.0]]
LogConfig: Setting CVar [[s.LevelStreamingComponentsRegistrationGranularity:10]]
LogConfig: Setting CVar [[s.UnregisterComponentsTimeLimit:1.0]]
LogConfig: Setting CVar [[s.LevelStreamingComponentsUnregistrationGranularity:5]]
LogConfig: Setting CVar [[s.FlushStreamingOnExit:1]]
LogInit: Object subsystem initialized
LogConfig: Setting CVar [[con.DebugEarlyDefault:1]]
LogConfig: Setting CVar [[r.setres:1280x720]]
[2022.07.06-00.55.16:945][  0]LogConfig: Setting CVar [[con.DebugEarlyDefault:1]]
[2022.07.06-00.55.16:945][  0]LogConfig: Setting CVar [[r.setres:1280x720]]
[2022.07.06-00.55.16:945][  0]LogConfig: Applying CVar settings from Section [/Script/Engine.RendererSettings] File [C:/work/UnrealProject_C7/ShootingGame/Saved/Config/Windows/Engine.ini]
[2022.07.06-00.55.16:945][  0]LogConfig: Setting CVar [[r.GPUCrashDebugging:0]]
[2022.07.06-00.55.16:945][  0]LogConfig: Applying CVar settings from Section [/Script/Engine.RendererOverrideSettings] File [C:/work/UnrealProject_C7/ShootingGame/Saved/Config/Windows/Engine.ini]
[2022.07.06-00.55.16:945][  0]LogConfig: Applying CVar settings from Section [/Script/Engine.StreamingSettings] File [C:/work/UnrealProject_C7/ShootingGame/Saved/Config/Windows/Engine.ini]
[2022.07.06-00.55.16:945][  0]LogConfig: Setting CVar [[s.MinBulkDataSizeForAsyncLoading:131072]]
[2022.07.06-00.55.16:945][  0]LogConfig: Setting CVar [[s.AsyncLoadingThreadEnabled:0]]
[2022.07.06-00.55.16:945][  0]LogConfig: Setting CVar [[s.EventDrivenLoaderEnabled:1]]
[2022.07.06-00.55.16:945][  0]LogConfig: Setting CVar [[s.WarnIfTimeLimitExceeded:0]]
[2022.07.06-00.55.16:945][  0]LogConfig: Setting CVar [[s.TimeLimitExceededMultiplier:1.5]]
[2022.07.06-00.55.16:945][  0]LogConfig: Setting CVar [[s.TimeLimitExceededMinTime:0.005]]
[2022.07.06-00.55.16:945][  0]LogConfig: Setting CVar [[s.UseBackgroundLevelStreaming:1]]
[2022.07.06-00.55.16:945][  0]LogConfig: Setting CVar [[s.PriorityAsyncLoadingExtraTime:15.0]]
[2022.07.06-00.55.16:945][  0]LogConfig: Setting CVar [[s.LevelStreamingActorsUpdateTimeLimit:5.0]]
[2022.07.06-00.55.16:945][  0]LogConfig: Setting CVar [[s.PriorityLevelStreamingActorsUpdateExtraTime:5.0]]
[2022.07.06-00.55.16:945][  0]LogConfig: Setting CVar [[s.LevelStreamingComponentsRegistrationGranularity:10]]
[2022.07.06-00.55.16:945][  0]LogConfig: Setting CVar [[s.UnregisterComponentsTimeLimit:1.0]]
[2022.07.06-00.55.16:945][  0]LogConfig: Setting CVar [[s.LevelStreamingComponentsUnregistrationGranularity:5]]
[2022.07.06-00.55.16:945][  0]LogConfig: Setting CVar [[s.FlushStreamingOnExit:1]]
[2022.07.06-00.55.16:945][  0]LogConfig: Applying CVar settings from Section [/Script/Engine.GarbageCollectionSettings] File [C:/work/UnrealProject_C7/ShootingGame/Saved/Config/Windows/Engine.ini]
[2022.07.06-00.55.16:945][  0]LogConfig: Setting CVar [[gc.MaxObjectsNotConsideredByGC:1]]
[2022.07.06-00.55.16:945][  0]LogConfig: Setting CVar [[gc.SizeOfPermanentObjectPool:0]]
[2022.07.06-00.55.16:946][  0]LogConfig: Setting CVar [[gc.FlushStreamingOnGC:0]]
[2022.07.06-00.55.16:946][  0]LogConfig: Setting CVar [[gc.NumRetriesBeforeForcingGC:10]]
[2022.07.06-00.55.16:946][  0]LogConfig: Setting CVar [[gc.AllowParallelGC:1]]
[2022.07.06-00.55.16:946][  0]LogConfig: Setting CVar [[gc.TimeBetweenPurgingPendingKillObjects:61.1]]
[2022.07.06-00.55.16:946][  0]LogConfig: Setting CVar [[gc.MaxObjectsInEditor:25165824]]
[2022.07.06-00.55.16:946][  0]LogConfig: Setting CVar [[gc.IncrementalBeginDestroyEnabled:1]]
[2022.07.06-00.55.16:946][  0]LogConfig: Setting CVar [[gc.CreateGCClusters:1]]
[2022.07.06-00.55.16:946][  0]LogConfig: Setting CVar [[gc.MinGCClusterSize:5]]
[2022.07.06-00.55.16:946][  0]LogConfig: Setting CVar [[gc.ActorClusteringEnabled:0]]
[2022.07.06-00.55.16:946][  0]LogConfig: Setting CVar [[gc.BlueprintClusteringEnabled:0]]
[2022.07.06-00.55.16:946][  0]LogConfig: Setting CVar [[gc.UseDisregardForGCOnDedicatedServers:0]]
[2022.07.06-00.55.16:946][  0]LogConfig: Setting CVar [[gc.MultithreadedDestructionEnabled:1]]
[2022.07.06-00.55.16:946][  0]LogConfig: Applying CVar settings from Section [/Script/Engine.NetworkSettings] File [C:/work/UnrealProject_C7/ShootingGame/Saved/Config/Windows/Engine.ini]
[2022.07.06-00.55.16:946][  0]LogConfig: Applying CVar settings from Section [/Script/UnrealEd.CookerSettings] File [C:/work/UnrealProject_C7/ShootingGame/Saved/Config/Windows/Engine.ini]
[2022.07.06-00.55.16:951][  0]LogConfig: Applying CVar settings from Section [ViewDistanceQuality@3] File [C:/work/UnrealProject_C7/ShootingGame/Saved/Config/Windows/Scalability.ini]
[2022.07.06-00.55.16:951][  0]LogConfig: Setting CVar [[r.SkeletalMeshLODBias:0]]
[2022.07.06-00.55.16:951][  0]LogConfig: Setting CVar [[r.ViewDistanceScale:1.0]]
[2022.07.06-00.55.16:951][  0]LogConfig: Applying CVar settings from Section [AntiAliasingQuality@3] File [C:/work/UnrealProject_C7/ShootingGame/Saved/Config/Windows/Scalability.ini]
[2022.07.06-00.55.16:951][  0]LogConfig: Setting CVar [[r.PostProcessAAQuality:4]]
[2022.07.06-00.55.16:951][  0]LogConfig: Applying CVar settings from Section [ShadowQuality@3] File [C:/work/UnrealProject_C7/ShootingGame/Saved/Config/Windows/Scalability.ini]
[2022.07.06-00.55.16:951][  0]LogConfig: Setting CVar [[r.LightFunctionQuality:1]]
[2022.07.06-00.55.16:951][  0]LogConfig: Setting CVar [[r.ShadowQuality:5]]
[2022.07.06-00.55.16:951][  0]LogConfig: Setting CVar [[r.Shadow.CSM.MaxCascades:10]]
[2022.07.06-00.55.16:951][  0]LogConfig: Setting CVar [[r.Shadow.MaxResolution:2048]]
[2022.07.06-00.55.16:951][  0]LogConfig: Setting CVar [[r.Shadow.MaxCSMResolution:2048]]
[2022.07.06-00.55.16:951][  0]LogConfig: Setting CVar [[r.Shadow.RadiusThreshold:0.01]]
[2022.07.06-00.55.16:951][  0]LogConfig: Setting CVar [[r.Shadow.DistanceScale:1.0]]
[2022.07.06-00.55.16:951][  0]LogConfig: Setting CVar [[r.Shadow.CSM.TransitionScale:1.0]]
[2022.07.06-00.55.16:951][  0]LogConfig: Setting CVar [[r.Shadow.PreShadowResolutionFactor:1.0]]
[2022.07.06-00.55.16:951][  0]LogConfig: Setting CVar [[r.DistanceFieldShadowing:1]]
[2022.07.06-00.55.16:951][  0]LogConfig: Setting CVar [[r.DistanceFieldAO:1]]
[2022.07.06-00.55.16:951][  0]LogConfig: Setting CVar [[r.AOQuality:2]]
[2022.07.06-00.55.16:951][  0]LogConfig: Setting CVar [[r.VolumetricFog:1]]
[2022.07.06-00.55.16:951][  0]LogConfig: Setting CVar [[r.VolumetricFog.GridPixelSize:8]]
[2022.07.06-00.55.16:951][  0]LogConfig: Setting CVar [[r.VolumetricFog.GridSizeZ:128]]
[2022.07.06-00.55.16:951][  0]LogConfig: Setting CVar [[r.VolumetricFog.HistoryMissSupersampleCount:4]]
[2022.07.06-00.55.16:951][  0]LogConfig: Setting CVar [[r.LightMaxDrawDistanceScale:1]]
[2022.07.06-00.55.16:951][  0]LogConfig: Setting CVar [[r.CapsuleShadows:1]]
[2022.07.06-00.55.16:951][  0]LogConfig: Applying CVar settings from Section [PostProcessQuality@3] File [C:/work/UnrealProject_C7/ShootingGame/Saved/Config/Windows/Scalability.ini]
[2022.07.06-00.55.16:951][  0]LogConfig: Setting CVar [[r.MotionBlurQuality:4]]
[2022.07.06-00.55.16:951][  0]LogConfig: Setting CVar [[r.AmbientOcclusionMipLevelFactor:0.4]]
[2022.07.06-00.55.16:951][  0]LogConfig: Setting CVar [[r.AmbientOcclusionMaxQuality:100]]
[2022.07.06-00.55.16:951][  0]LogConfig: Setting CVar [[r.AmbientOcclusionLevels:-1]]
[2022.07.06-00.55.16:951][  0]LogConfig: Setting CVar [[r.AmbientOcclusionRadiusScale:1.0]]
[2022.07.06-00.55.16:951][  0]LogConfig: Setting CVar [[r.DepthOfFieldQuality:2]]
[2022.07.06-00.55.16:951][  0]LogConfig: Setting CVar [[r.RenderTargetPoolMin:400]]
[2022.07.06-00.55.16:951][  0]LogConfig: Setting CVar [[r.LensFlareQuality:2]]
[2022.07.06-00.55.16:951][  0]LogConfig: Setting CVar [[r.SceneColorFringeQuality:1]]
[2022.07.06-00.55.16:951][  0]LogConfig: Setting CVar [[r.EyeAdaptationQuality:2]]
[2022.07.06-00.55.16:951][  0]LogConfig: Setting CVar [[r.BloomQuality:5]]
[2022.07.06-00.55.16:951][  0]LogConfig: Setting CVar [[r.FastBlurThreshold:100]]
[2022.07.06-00.55.16:951][  0]LogConfig: Setting CVar [[r.Upscale.Quality:3]]
[2022.07.06-00.55.16:951][  0]LogConfig: Setting CVar [[r.Tonemapper.GrainQuantization:1]]
[2022.07.06-00.55.16:951][  0]LogConfig: Setting CVar [[r.LightShaftQuality:1]]
[2022.07.06-00.55.16:951][  0]LogConfig: Setting CVar [[r.Filter.SizeScale:1]]
[2022.07.06-00.55.16:951][  0]LogConfig: Setting CVar [[r.Tonemapper.Quality:5]]
[2022.07.06-00.55.16:951][  0]LogConfig: Setting CVar [[r.DOF.Gather.AccumulatorQuality:1        ; higher gathering accumulator quality]]
[2022.07.06-00.55.16:951][  0]LogConfig: Setting CVar [[r.DOF.Gather.PostfilterMethod:1          ; Median3x3 postfilering method]]
[2022.07.06-00.55.16:951][  0]LogConfig: Setting CVar [[r.DOF.Gather.EnableBokehSettings:0       ; no bokeh simulation when gathering]]
[2022.07.06-00.55.16:951][  0]LogConfig: Setting CVar [[r.DOF.Gather.RingCount:4                 ; medium number of samples when gathering]]
[2022.07.06-00.55.16:951][  0]LogConfig: Setting CVar [[r.DOF.Scatter.ForegroundCompositing:1    ; additive foreground scattering]]
[2022.07.06-00.55.16:951][  0]LogConfig: Setting CVar [[r.DOF.Scatter.BackgroundCompositing:2    ; additive background scattering]]
[2022.07.06-00.55.16:951][  0]LogConfig: Setting CVar [[r.DOF.Scatter.EnableBokehSettings:1      ; bokeh simulation when scattering]]
[2022.07.06-00.55.16:951][  0]LogConfig: Setting CVar [[r.DOF.Scatter.MaxSpriteRatio:0.1         ; only a maximum of 10% of scattered bokeh]]
[2022.07.06-00.55.16:951][  0]LogConfig: Setting CVar [[r.DOF.Recombine.Quality:1                ; cheap slight out of focus]]
[2022.07.06-00.55.16:952][  0]LogConfig: Setting CVar [[r.DOF.Recombine.EnableBokehSettings:0    ; no bokeh simulation on slight out of focus]]
[2022.07.06-00.55.16:952][  0]LogConfig: Setting CVar [[r.DOF.TemporalAAQuality:1                ; more stable temporal accumulation]]
[2022.07.06-00.55.16:952][  0]LogConfig: Setting CVar [[r.DOF.Kernel.MaxForegroundRadius:0.025]]
[2022.07.06-00.55.16:952][  0]LogConfig: Setting CVar [[r.DOF.Kernel.MaxBackgroundRadius:0.025]]
[2022.07.06-00.55.16:952][  0]LogConfig: Applying CVar settings from Section [TextureQuality@3] File [C:/work/UnrealProject_C7/ShootingGame/Saved/Config/Windows/Scalability.ini]
[2022.07.06-00.55.16:952][  0]LogConfig: Setting CVar [[r.Streaming.MipBias:0]]
[2022.07.06-00.55.16:952][  0]LogConfig: Setting CVar [[r.Streaming.AmortizeCPUToGPUCopy:0]]
[2022.07.06-00.55.16:952][  0]LogConfig: Setting CVar [[r.Streaming.MaxNumTexturesToStreamPerFrame:0]]
[2022.07.06-00.55.16:952][  0]LogConfig: Setting CVar [[r.Streaming.Boost:1]]
[2022.07.06-00.55.16:952][  0]LogConfig: Setting CVar [[r.MaxAnisotropy:8]]
[2022.07.06-00.55.16:952][  0]LogConfig: Setting CVar [[r.VT.MaxAnisotropy:8]]
[2022.07.06-00.55.16:952][  0]LogConfig: Setting CVar [[r.Streaming.LimitPoolSizeToVRAM:0]]
[2022.07.06-00.55.16:952][  0]LogConfig: Setting CVar [[r.Streaming.PoolSize:1000]]
[2022.07.06-00.55.16:952][  0]LogConfig: Setting CVar [[r.Streaming.MaxEffectiveScreenSize:0]]
[2022.07.06-00.55.16:952][  0]LogConfig: Applying CVar settings from Section [EffectsQuality@3] File [C:/work/UnrealProject_C7/ShootingGame/Saved/Config/Windows/Scalability.ini]
[2022.07.06-00.55.16:952][  0]LogConfig: Setting CVar [[r.TranslucencyLightingVolumeDim:64]]
[2022.07.06-00.55.16:952][  0]LogConfig: Setting CVar [[r.RefractionQuality:2]]
[2022.07.06-00.55.16:952][  0]LogConfig: Setting CVar [[r.SSR.Quality:3]]
[2022.07.06-00.55.16:952][  0]LogConfig: Setting CVar [[r.SSR.HalfResSceneColor:0]]
[2022.07.06-00.55.16:952][  0]LogConfig: Setting CVar [[r.SceneColorFormat:4]]
[2022.07.06-00.55.16:952][  0]LogConfig: Setting CVar [[r.DetailMode:2]]
[2022.07.06-00.55.16:952][  0]LogConfig: Setting CVar [[r.TranslucencyVolumeBlur:1]]
[2022.07.06-00.55.16:952][  0]LogConfig: Setting CVar [[r.MaterialQualityLevel:1 ; High quality]]
[2022.07.06-00.55.16:952][  0]LogConfig: Setting CVar [[r.AnisotropicMaterials:1]]
[2022.07.06-00.55.16:952][  0]LogConfig: Setting CVar [[r.SSS.Scale:1]]
[2022.07.06-00.55.16:952][  0]LogConfig: Setting CVar [[r.SSS.SampleSet:2]]
[2022.07.06-00.55.16:952][  0]LogConfig: Setting CVar [[r.SSS.Quality:1]]
[2022.07.06-00.55.16:952][  0]LogConfig: Setting CVar [[r.SSS.HalfRes:0]]
[2022.07.06-00.55.16:952][  0]LogConfig: Setting CVar [[r.SSGI.Quality:3]]
[2022.07.06-00.55.16:952][  0]LogConfig: Setting CVar [[r.EmitterSpawnRateScale:1.0]]
[2022.07.06-00.55.16:952][  0]LogConfig: Setting CVar [[r.ParticleLightQuality:2]]
[2022.07.06-00.55.16:952][  0]LogConfig: Setting CVar [[r.SkyAtmosphere.AerialPerspectiveLUT.FastApplyOnOpaque:1 ; Always have FastSkyLUT 1 in this case to avoid wrong sky]]
[2022.07.06-00.55.16:952][  0]LogConfig: Setting CVar [[r.SkyAtmosphere.AerialPerspectiveLUT.SampleCountMaxPerSlice:4]]
[2022.07.06-00.55.16:952][  0]LogConfig: Setting CVar [[r.SkyAtmosphere.AerialPerspectiveLUT.DepthResolution:16.0]]
[2022.07.06-00.55.16:952][  0]LogConfig: Setting CVar [[r.SkyAtmosphere.FastSkyLUT:1]]
[2022.07.06-00.55.16:952][  0]LogConfig: Setting CVar [[r.SkyAtmosphere.FastSkyLUT.SampleCountMin:4.0]]
[2022.07.06-00.55.16:952][  0]LogConfig: Setting CVar [[r.SkyAtmosphere.FastSkyLUT.SampleCountMax:128.0]]
[2022.07.06-00.55.16:952][  0]LogConfig: Setting CVar [[r.SkyAtmosphere.SampleCountMin:4.0]]
[2022.07.06-00.55.16:952][  0]LogConfig: Setting CVar [[r.SkyAtmosphere.SampleCountMax:128.0]]
[2022.07.06-00.55.16:952][  0]LogConfig: Setting CVar [[r.SkyAtmosphere.TransmittanceLUT.UseSmallFormat:0]]
[2022.07.06-00.55.16:952][  0]LogConfig: Setting CVar [[r.SkyAtmosphere.TransmittanceLUT.SampleCount:10.0]]
[2022.07.06-00.55.16:952][  0]LogConfig: Setting CVar [[r.SkyAtmosphere.MultiScatteringLUT.SampleCount:15.0]]
[2022.07.06-00.55.16:952][  0]LogConfig: Setting CVar [[r.SkyLight.RealTimeReflectionCapture:1]]
[2022.07.06-00.55.16:952][  0]LogConfig: Applying CVar settings from Section [FoliageQuality@3] File [C:/work/UnrealProject_C7/ShootingGame/Saved/Config/Windows/Scalability.ini]
[2022.07.06-00.55.16:952][  0]LogConfig: Setting CVar [[foliage.DensityScale:1.0]]
[2022.07.06-00.55.16:952][  0]LogConfig: Setting CVar [[grass.DensityScale:1.0]]
[2022.07.06-00.55.16:952][  0]LogConfig: Applying CVar settings from Section [ShadingQuality@3] File [C:/work/UnrealProject_C7/ShootingGame/Saved/Config/Windows/Scalability.ini]
[2022.07.06-00.55.16:952][  0]LogConfig: Setting CVar [[r.HairStrands.SkyLighting.IntegrationType:2]]
[2022.07.06-00.55.16:952][  0]LogConfig: Setting CVar [[r.HairStrands.SkyAO.SampleCount:4]]
[2022.07.06-00.55.16:952][  0]LogConfig: Setting CVar [[r.HairStrands.Visibility.MSAA.SamplePerPixel:4]]
[2022.07.06-00.55.16:952][  0]LogInit: Selected Device Profile: [Windows]
[2022.07.06-00.55.16:952][  0]LogInit: Applying CVar settings loaded from the selected device profile: [Windows]
[2022.07.06-00.55.16:952][  0]LogHAL: Display: Platform has ~ 16 GB [16989282304 / 17179869184 / 16], which maps to Larger [LargestMinGB=32, LargerMinGB=12, DefaultMinGB=8, SmallerMinGB=6, SmallestMinGB=0)
[2022.07.06-00.55.16:952][  0]LogInit: Going up to parent DeviceProfile []
[2022.07.06-00.55.16:952][  0]LogConfig: Applying CVar settings from Section [ViewDistanceQuality@3] File [C:/work/UnrealProject_C7/ShootingGame/Saved/Config/Windows/Scalability.ini]
[2022.07.06-00.55.16:952][  0]LogConfig: Setting CVar [[r.SkeletalMeshLODBias:0]]
[2022.07.06-00.55.16:952][  0]LogConfig: Setting CVar [[r.ViewDistanceScale:1.0]]
[2022.07.06-00.55.16:952][  0]LogConfig: Applying CVar settings from Section [AntiAliasingQuality@3] File [C:/work/UnrealProject_C7/ShootingGame/Saved/Config/Windows/Scalability.ini]
[2022.07.06-00.55.16:952][  0]LogConfig: Setting CVar [[r.PostProcessAAQuality:4]]
[2022.07.06-00.55.16:952][  0]LogConfig: Applying CVar settings from Section [ShadowQuality@3] File [C:/work/UnrealProject_C7/ShootingGame/Saved/Config/Windows/Scalability.ini]
[2022.07.06-00.55.16:952][  0]LogConfig: Setting CVar [[r.LightFunctionQuality:1]]
[2022.07.06-00.55.16:952][  0]LogConfig: Setting CVar [[r.ShadowQuality:5]]
[2022.07.06-00.55.16:952][  0]LogConfig: Setting CVar [[r.Shadow.CSM.MaxCascades:10]]
[2022.07.06-00.55.16:953][  0]LogConfig: Setting CVar [[r.Shadow.MaxResolution:2048]]
[2022.07.06-00.55.16:953][  0]LogConfig: Setting CVar [[r.Shadow.MaxCSMResolution:2048]]
[2022.07.06-00.55.16:953][  0]LogConfig: Setting CVar [[r.Shadow.RadiusThreshold:0.01]]
[2022.07.06-00.55.16:953][  0]LogConfig: Setting CVar [[r.Shadow.DistanceScale:1.0]]
[2022.07.06-00.55.16:953][  0]LogConfig: Setting CVar [[r.Shadow.CSM.TransitionScale:1.0]]
[2022.07.06-00.55.16:953][  0]LogConfig: Setting CVar [[r.Shadow.PreShadowResolutionFactor:1.0]]
[2022.07.06-00.55.16:953][  0]LogConfig: Setting CVar [[r.DistanceFieldShadowing:1]]
[2022.07.06-00.55.16:953][  0]LogConfig: Setting CVar [[r.DistanceFieldAO:1]]
[2022.07.06-00.55.16:953][  0]LogConfig: Setting CVar [[r.AOQuality:2]]
[2022.07.06-00.55.16:953][  0]LogConfig: Setting CVar [[r.VolumetricFog:1]]
[2022.07.06-00.55.16:953][  0]LogConfig: Setting CVar [[r.VolumetricFog.GridPixelSize:8]]
[2022.07.06-00.55.16:953][  0]LogConfig: Setting CVar [[r.VolumetricFog.GridSizeZ:128]]
[2022.07.06-00.55.16:953][  0]LogConfig: Setting CVar [[r.VolumetricFog.HistoryMissSupersampleCount:4]]
[2022.07.06-00.55.16:953][  0]LogConfig: Setting CVar [[r.LightMaxDrawDistanceScale:1]]
[2022.07.06-00.55.16:953][  0]LogConfig: Setting CVar [[r.CapsuleShadows:1]]
[2022.07.06-00.55.16:953][  0]LogConfig: Applying CVar settings from Section [PostProcessQuality@3] File [C:/work/UnrealProject_C7/ShootingGame/Saved/Config/Windows/Scalability.ini]
[2022.07.06-00.55.16:953][  0]LogConfig: Setting CVar [[r.MotionBlurQuality:4]]
[2022.07.06-00.55.16:953][  0]LogConfig: Setting CVar [[r.AmbientOcclusionMipLevelFactor:0.4]]
[2022.07.06-00.55.16:953][  0]LogConfig: Setting CVar [[r.AmbientOcclusionMaxQuality:100]]
[2022.07.06-00.55.16:953][  0]LogConfig: Setting CVar [[r.AmbientOcclusionLevels:-1]]
[2022.07.06-00.55.16:953][  0]LogConfig: Setting CVar [[r.AmbientOcclusionRadiusScale:1.0]]
[2022.07.06-00.55.16:953][  0]LogConfig: Setting CVar [[r.DepthOfFieldQuality:2]]
[2022.07.06-00.55.16:953][  0]LogConfig: Setting CVar [[r.RenderTargetPoolMin:400]]
[2022.07.06-00.55.16:953][  0]LogConfig: Setting CVar [[r.LensFlareQuality:2]]
[2022.07.06-00.55.16:953][  0]LogConfig: Setting CVar [[r.SceneColorFringeQuality:1]]
[2022.07.06-00.55.16:953][  0]LogConfig: Setting CVar [[r.EyeAdaptationQuality:2]]
[2022.07.06-00.55.16:953][  0]LogConfig: Setting CVar [[r.BloomQuality:5]]
[2022.07.06-00.55.16:953][  0]LogConfig: Setting CVar [[r.FastBlurThreshold:100]]
[2022.07.06-00.55.16:953][  0]LogConfig: Setting CVar [[r.Upscale.Quality:3]]
[2022.07.06-00.55.16:953][  0]LogConfig: Setting CVar [[r.Tonemapper.GrainQuantization:1]]
[2022.07.06-00.55.16:953][  0]LogConfig: Setting CVar [[r.LightShaftQuality:1]]
[2022.07.06-00.55.16:953][  0]LogConfig: Setting CVar [[r.Filter.SizeScale:1]]
[2022.07.06-00.55.16:953][  0]LogConfig: Setting CVar [[r.Tonemapper.Quality:5]]
[2022.07.06-00.55.16:953][  0]LogConfig: Setting CVar [[r.DOF.Gather.AccumulatorQuality:1        ; higher gathering accumulator quality]]
[2022.07.06-00.55.16:953][  0]LogConfig: Setting CVar [[r.DOF.Gather.PostfilterMethod:1          ; Median3x3 postfilering method]]
[2022.07.06-00.55.16:953][  0]LogConfig: Setting CVar [[r.DOF.Gather.EnableBokehSettings:0       ; no bokeh simulation when gathering]]
[2022.07.06-00.55.16:953][  0]LogConfig: Setting CVar [[r.DOF.Gather.RingCount:4                 ; medium number of samples when gathering]]
[2022.07.06-00.55.16:953][  0]LogConfig: Setting CVar [[r.DOF.Scatter.ForegroundCompositing:1    ; additive foreground scattering]]
[2022.07.06-00.55.16:953][  0]LogConfig: Setting CVar [[r.DOF.Scatter.BackgroundCompositing:2    ; additive background scattering]]
[2022.07.06-00.55.16:953][  0]LogConfig: Setting CVar [[r.DOF.Scatter.EnableBokehSettings:1      ; bokeh simulation when scattering]]
[2022.07.06-00.55.16:953][  0]LogConfig: Setting CVar [[r.DOF.Scatter.MaxSpriteRatio:0.1         ; only a maximum of 10% of scattered bokeh]]
[2022.07.06-00.55.16:953][  0]LogConfig: Setting CVar [[r.DOF.Recombine.Quality:1                ; cheap slight out of focus]]
[2022.07.06-00.55.16:953][  0]LogConfig: Setting CVar [[r.DOF.Recombine.EnableBokehSettings:0    ; no bokeh simulation on slight out of focus]]
[2022.07.06-00.55.16:953][  0]LogConfig: Setting CVar [[r.DOF.TemporalAAQuality:1                ; more stable temporal accumulation]]
[2022.07.06-00.55.16:953][  0]LogConfig: Setting CVar [[r.DOF.Kernel.MaxForegroundRadius:0.025]]
[2022.07.06-00.55.16:953][  0]LogConfig: Setting CVar [[r.DOF.Kernel.MaxBackgroundRadius:0.025]]
[2022.07.06-00.55.16:953][  0]LogConfig: Applying CVar settings from Section [TextureQuality@3] File [C:/work/UnrealProject_C7/ShootingGame/Saved/Config/Windows/Scalability.ini]
[2022.07.06-00.55.16:953][  0]LogConfig: Setting CVar [[r.Streaming.MipBias:0]]
[2022.07.06-00.55.16:953][  0]LogConfig: Setting CVar [[r.Streaming.AmortizeCPUToGPUCopy:0]]
[2022.07.06-00.55.16:953][  0]LogConfig: Setting CVar [[r.Streaming.MaxNumTexturesToStreamPerFrame:0]]
[2022.07.06-00.55.16:953][  0]LogConfig: Setting CVar [[r.Streaming.Boost:1]]
[2022.07.06-00.55.16:953][  0]LogConfig: Setting CVar [[r.MaxAnisotropy:8]]
[2022.07.06-00.55.16:953][  0]LogConfig: Setting CVar [[r.VT.MaxAnisotropy:8]]
[2022.07.06-00.55.16:953][  0]LogConfig: Setting CVar [[r.Streaming.LimitPoolSizeToVRAM:0]]
[2022.07.06-00.55.16:953][  0]LogConfig: Setting CVar [[r.Streaming.PoolSize:1000]]
[2022.07.06-00.55.16:953][  0]LogConfig: Setting CVar [[r.Streaming.MaxEffectiveScreenSize:0]]
[2022.07.06-00.55.16:953][  0]LogConfig: Applying CVar settings from Section [EffectsQuality@3] File [C:/work/UnrealProject_C7/ShootingGame/Saved/Config/Windows/Scalability.ini]
[2022.07.06-00.55.16:953][  0]LogConfig: Setting CVar [[r.TranslucencyLightingVolumeDim:64]]
[2022.07.06-00.55.16:953][  0]LogConfig: Setting CVar [[r.RefractionQuality:2]]
[2022.07.06-00.55.16:953][  0]LogConfig: Setting CVar [[r.SSR.Quality:3]]
[2022.07.06-00.55.16:953][  0]LogConfig: Setting CVar [[r.SSR.HalfResSceneColor:0]]
[2022.07.06-00.55.16:953][  0]LogConfig: Setting CVar [[r.SceneColorFormat:4]]
[2022.07.06-00.55.16:953][  0]LogConfig: Setting CVar [[r.DetailMode:2]]
[2022.07.06-00.55.16:953][  0]LogConfig: Setting CVar [[r.TranslucencyVolumeBlur:1]]
[2022.07.06-00.55.16:953][  0]LogConfig: Setting CVar [[r.MaterialQualityLevel:1 ; High quality]]
[2022.07.06-00.55.16:953][  0]LogConfig: Setting CVar [[r.AnisotropicMaterials:1]]
[2022.07.06-00.55.16:953][  0]LogConfig: Setting CVar [[r.SSS.Scale:1]]
[2022.07.06-00.55.16:953][  0]LogConfig: Setting CVar [[r.SSS.SampleSet:2]]
[2022.07.06-00.55.16:953][  0]LogConfig: Setting CVar [[r.SSS.Quality:1]]
[2022.07.06-00.55.16:953][  0]LogConfig: Setting CVar [[r.SSS.HalfRes:0]]
[2022.07.06-00.55.16:953][  0]LogConfig: Setting CVar [[r.SSGI.Quality:3]]
[2022.07.06-00.55.16:953][  0]LogConfig: Setting CVar [[r.EmitterSpawnRateScale:1.0]]
[2022.07.06-00.55.16:953][  0]LogConfig: Setting CVar [[r.ParticleLightQuality:2]]
[2022.07.06-00.55.16:953][  0]LogConfig: Setting CVar [[r.SkyAtmosphere.AerialPerspectiveLUT.FastApplyOnOpaque:1 ; Always have FastSkyLUT 1 in this case to avoid wrong sky]]
[2022.07.06-00.55.16:953][  0]LogConfig: Setting CVar [[r.SkyAtmosphere.AerialPerspectiveLUT.SampleCountMaxPerSlice:4]]
[2022.07.06-00.55.16:953][  0]LogConfig: Setting CVar [[r.SkyAtmosphere.AerialPerspectiveLUT.DepthResolution:16.0]]
[2022.07.06-00.55.16:953][  0]LogConfig: Setting CVar [[r.SkyAtmosphere.FastSkyLUT:1]]
[2022.07.06-00.55.16:953][  0]LogConfig: Setting CVar [[r.SkyAtmosphere.FastSkyLUT.SampleCountMin:4.0]]
[2022.07.06-00.55.16:953][  0]LogConfig: Setting CVar [[r.SkyAtmosphere.FastSkyLUT.SampleCountMax:128.0]]
[2022.07.06-00.55.16:953][  0]LogConfig: Setting CVar [[r.SkyAtmosphere.SampleCountMin:4.0]]
[2022.07.06-00.55.16:953][  0]LogConfig: Setting CVar [[r.SkyAtmosphere.SampleCountMax:128.0]]
[2022.07.06-00.55.16:953][  0]LogConfig: Setting CVar [[r.SkyAtmosphere.TransmittanceLUT.UseSmallFormat:0]]
[2022.07.06-00.55.16:953][  0]LogConfig: Setting CVar [[r.SkyAtmosphere.TransmittanceLUT.SampleCount:10.0]]
[2022.07.06-00.55.16:953][  0]LogConfig: Setting CVar [[r.SkyAtmosphere.MultiScatteringLUT.SampleCount:15.0]]
[2022.07.06-00.55.16:953][  0]LogConfig: Setting CVar [[r.SkyLight.RealTimeReflectionCapture:1]]
[2022.07.06-00.55.16:953][  0]LogConfig: Applying CVar settings from Section [FoliageQuality@3] File [C:/work/UnrealProject_C7/ShootingGame/Saved/Config/Windows/Scalability.ini]
[2022.07.06-00.55.16:953][  0]LogConfig: Setting CVar [[foliage.DensityScale:1.0]]
[2022.07.06-00.55.16:953][  0]LogConfig: Setting CVar [[grass.DensityScale:1.0]]
[2022.07.06-00.55.16:953][  0]LogConfig: Applying CVar settings from Section [ShadingQuality@3] File [C:/work/UnrealProject_C7/ShootingGame/Saved/Config/Windows/Scalability.ini]
[2022.07.06-00.55.16:953][  0]LogConfig: Setting CVar [[r.HairStrands.SkyLighting.IntegrationType:2]]
[2022.07.06-00.55.16:953][  0]LogConfig: Setting CVar [[r.HairStrands.SkyAO.SampleCount:4]]
[2022.07.06-00.55.16:953][  0]LogConfig: Setting CVar [[r.HairStrands.Visibility.MSAA.SamplePerPixel:4]]
[2022.07.06-00.55.16:953][  0]LogConfig: Applying CVar settings from Section [Startup] File [../../../Engine/Config/ConsoleVariables.ini]
[2022.07.06-00.55.16:954][  0]LogConfig: Setting CVar [[net.UseAdaptiveNetUpdateFrequency:0]]
[2022.07.06-00.55.16:954][  0]LogConfig: Setting CVar [[p.chaos.AllowCreatePhysxBodies:1]]
[2022.07.06-00.55.16:954][  0]LogConfig: Setting CVar [[fx.SkipVectorVMBackendOptimizations:1]]
[2022.07.06-00.55.16:954][  0]LogConfig: Applying CVar settings from Section [ConsoleVariables] File [C:/work/UnrealProject_C7/ShootingGame/Saved/Config/Windows/Engine.ini]
[2022.07.06-00.55.16:954][  0]LogConfig: Applying CVar settings from Section [ConsoleVariables] File [C:/work/UnrealProject_C7/ShootingGame/Saved/Config/Windows/Editor.ini]
[2022.07.06-00.55.16:954][  0]LogInit: Computer: DESKTOP-HME5P3N
[2022.07.06-00.55.16:954][  0]LogInit: User: parkdoyoung
[2022.07.06-00.55.16:954][  0]LogInit: CPU Page size=4096, Cores=4
[2022.07.06-00.55.16:954][  0]LogInit: High frequency timer resolution =10.000000 MHz
[2022.07.06-00.55.16:954][  0]LogMemory: Memory total: Physical=15.8GB (16GB approx)
[2022.07.06-00.55.16:954][  0]LogMemory: Platform Memory Stats for Windows
[2022.07.06-00.55.16:954][  0]LogMemory: Process Physical Memory: 140.76 MB used, 140.77 MB peak
[2022.07.06-00.55.16:954][  0]LogMemory: Process Virtual Memory: 118.10 MB used, 118.10 MB peak
[2022.07.06-00.55.16:954][  0]LogMemory: Physical Memory: 8143.80 MB used,  8058.44 MB free, 16202.24 MB total
[2022.07.06-00.55.16:954][  0]LogMemory: Virtual Memory: 134204256.00 MB used,  13468.08 MB free, 134217728.00 MB total
[2022.07.06-00.55.16:958][  0]LogWindows: WindowsPlatformFeatures enabled
[2022.07.06-00.55.16:977][  0]LogInit: Physics initialised using underlying interface: PhysX
[2022.07.06-00.55.16:977][  0]LogInit: Using OS detected language (ko-KR).
[2022.07.06-00.55.16:977][  0]LogInit: Using OS detected locale (ko-KR).
[2022.07.06-00.55.16:981][  0]LogTextLocalizationManager: No specific localization for 'ko-KR' exists, so the 'ko' localization will be used.
[2022.07.06-00.55.17:115][  0]LogWindowsTextInputMethodSystem: Display: IME system deactivated.
[2022.07.06-00.55.17:130][  0]LogSlate: New Slate User Created.  User Index 0, Is Virtual User: 0
[2022.07.06-00.55.17:130][  0]LogSlate: Slate User Registered.  User Index 0, Is Virtual User: 0
[2022.07.06-00.55.17:141][  0]LogD3D11RHI: Loaded GFSDK_Aftermath_Lib.x64.dll
[2022.07.06-00.55.17:143][  0]LogHMD: Failed to initialize OpenVR with code 110
[2022.07.06-00.55.17:143][  0]LogD3D11RHI: D3D11 min allowed feature level: 11_0
[2022.07.06-00.55.17:143][  0]LogD3D11RHI: D3D11 max allowed feature level: 11_0
[2022.07.06-00.55.17:144][  0]LogD3D11RHI: D3D11 adapters:
[2022.07.06-00.55.17:236][  0]LogD3D11RHI:    0. 'NVIDIA GeForce GTX 1650 with Max-Q Design' (Feature Level 11_0)
[2022.07.06-00.55.17:236][  0]LogD3D11RHI:       3962/0/8101 MB DedicatedVideo/DedicatedSystem/SharedSystem, Outputs:1, VendorId:0x10de
[2022.07.06-00.55.17:250][  0]LogD3D11RHI:    1. 'Intel(R) UHD Graphics' (Feature Level 11_0)
[2022.07.06-00.55.17:250][  0]LogD3D11RHI:       128/0/8101 MB DedicatedVideo/DedicatedSystem/SharedSystem, Outputs:0, VendorId:0x8086
[2022.07.06-00.55.17:252][  0]LogD3D11RHI:    2. 'Microsoft Basic Render Driver' (Feature Level 11_0)
[2022.07.06-00.55.17:252][  0]LogD3D11RHI:       0/0/8101 MB DedicatedVideo/DedicatedSystem/SharedSystem, Outputs:0, VendorId:0x1414
[2022.07.06-00.55.17:252][  0]LogD3D11RHI: Chosen D3D11 Adapter:
[2022.07.06-00.55.17:252][  0]LogD3D11RHI:     Description : NVIDIA GeForce GTX 1650 with Max-Q Design
[2022.07.06-00.55.17:252][  0]LogD3D11RHI:     VendorId    : 10de
[2022.07.06-00.55.17:252][  0]LogD3D11RHI:     DeviceId    : 1f9d
[2022.07.06-00.55.17:252][  0]LogD3D11RHI:     SubSysId    : 12f41462
[2022.07.06-00.55.17:252][  0]LogD3D11RHI:     Revision    : 00a1
[2022.07.06-00.55.17:252][  0]LogD3D11RHI:     DedicatedVideoMemory : 4154458112 bytes
[2022.07.06-00.55.17:252][  0]LogD3D11RHI:     DedicatedSystemMemory : 0 bytes
[2022.07.06-00.55.17:252][  0]LogD3D11RHI:     SharedSystemMemory : 8494641152 bytes
[2022.07.06-00.55.17:252][  0]LogD3D11RHI:     AdapterLuid : 0 55500
[2022.07.06-00.55.17:256][  0]LogD3D11RHI: Creating new Direct3DDevice
[2022.07.06-00.55.17:256][  0]LogD3D11RHI:     GPU DeviceId: 0x1f9d (for the marketing name, search the web for "GPU Device Id")
[2022.07.06-00.55.17:256][  0]LogWindows: EnumDisplayDevices:
[2022.07.06-00.55.17:256][  0]LogWindows:    0. 'Intel(R) UHD Graphics' (P:1 D:1)
[2022.07.06-00.55.17:256][  0]LogWindows:    1. 'Intel(R) UHD Graphics' (P:0 D:0)
[2022.07.06-00.55.17:256][  0]LogWindows:    2. 'Intel(R) UHD Graphics' (P:0 D:0)
[2022.07.06-00.55.17:256][  0]LogWindows: DebugString: PrimaryIsNotTheChoosenAdapter PrimaryIsNotTheChoosenAdapter PrimaryIsNotTheChoosenAdapter FoundDriverCount:0 
[2022.07.06-00.55.17:256][  0]LogD3D11RHI:     Adapter Name: NVIDIA GeForce GTX 1650 with Max-Q Design
[2022.07.06-00.55.17:256][  0]LogD3D11RHI:   Driver Version: Unknown (internal:Unknown, unified:Unknown)
[2022.07.06-00.55.17:256][  0]LogD3D11RHI:      Driver Date: Unknown
[2022.07.06-00.55.17:256][  0]LogRHI: Texture pool is 2773 MB (70% of 3962 MB)
[2022.07.06-00.55.17:256][  0]LogD3D11RHI: Creating D3DDevice using adapter:
[2022.07.06-00.55.17:256][  0]LogD3D11RHI:     Description : NVIDIA GeForce GTX 1650 with Max-Q Design
[2022.07.06-00.55.17:256][  0]LogD3D11RHI:     VendorId    : 10de
[2022.07.06-00.55.17:256][  0]LogD3D11RHI:     DeviceId    : 1f9d
[2022.07.06-00.55.17:256][  0]LogD3D11RHI:     SubSysId    : 12f41462
[2022.07.06-00.55.17:256][  0]LogD3D11RHI:     Revision    : 00a1
[2022.07.06-00.55.17:256][  0]LogD3D11RHI:     DedicatedVideoMemory : 4154458112 bytes
[2022.07.06-00.55.17:256][  0]LogD3D11RHI:     DedicatedSystemMemory : 0 bytes
[2022.07.06-00.55.17:256][  0]LogD3D11RHI:     SharedSystemMemory : 8494641152 bytes
[2022.07.06-00.55.17:256][  0]LogD3D11RHI:     AdapterLuid : 0 55500
[2022.07.06-00.55.17:326][  0]LogD3D11RHI: RHI has support for 64 bit atomics
[2022.07.06-00.55.17:327][  0]LogD3D11RHI: Async texture creation enabled
[2022.07.06-00.55.17:327][  0]LogD3D11RHI: Array index from any shader is supported
[2022.07.06-00.55.17:339][  0]LogD3D11RHI: GPU Timing Frequency: 1000.000000 (Debug: 2 1)
[2022.07.06-00.55.17:370][  0]LogRHI: GeForceNow SDK initialized: 1
[2022.07.06-00.55.17:598][  0]LogTargetPlatformManager: Display: Loaded TargetPlatform 'WindowsNoEditor'
[2022.07.06-00.55.17:602][  0]LogTargetPlatformManager: Display: Loaded TargetPlatform 'Windows'
[2022.07.06-00.55.17:606][  0]LogTargetPlatformManager: Display: Loaded TargetPlatform 'WindowsClient'
[2022.07.06-00.55.17:610][  0]LogTargetPlatformManager: Display: Loaded TargetPlatform 'WindowsServer'
[2022.07.06-00.55.17:610][  0]LogTargetPlatformManager: Display: Building Assets For Windows
[2022.07.06-00.55.17:615][  0]LogAudioDebug: Display: Lib vorbis DLL was dynamically loaded.
[2022.07.06-00.55.17:638][  0]LogTextureFormatOodle: Display: Oodle Texture 2.9.0 init RDO Off
[2022.07.06-00.55.17:660][  0]LogRendererCore: Ray tracing is disabled. Reason: r.RayTracing=0.
[2022.07.06-00.55.17:660][  0]LogShaderCompilers: Guid format shader working directory is 0 characters bigger than the processId version (../../../../../../work/UnrealProject_C7/ShootingGame/Intermediate/Shaders/WorkingDirectory/7400/).
[2022.07.06-00.55.17:660][  0]LogShaderCompilers: Cleaned the shader compiler working directory 'C:/Users/parkdoyoung/AppData/Local/Temp/UnrealShaderWorkingDir/777AE39B40781048D02E1C94BC81EBF9/'.
[2022.07.06-00.55.17:660][  0]LogXGEController: Cannot use XGE Controller as Incredibuild is not installed on this machine.
[2022.07.06-00.55.17:660][  0]LogShaderCompilers: Cannot use XGE Shader Compiler as Incredibuild is not installed on this machine.
[2022.07.06-00.55.17:660][  0]LogShaderCompilers: Display: Using Local Shader Compiler.
[2022.07.06-00.55.18:341][  0]LogDerivedDataCache: Display: Max Cache Size: 512 MB
[2022.07.06-00.55.18:409][  0]LogDerivedDataCache: Loaded boot cache 0.07s 94MB C:/Users/parkdoyoung/AppData/Local/UnrealEngine/4.27/DerivedDataCache/Boot.ddc.
[2022.07.06-00.55.18:409][  0]LogDerivedDataCache: Display: Loaded Boot cache: C:/Users/parkdoyoung/AppData/Local/UnrealEngine/4.27/DerivedDataCache/Boot.ddc
[2022.07.06-00.55.18:410][  0]LogDerivedDataCache: FDerivedDataBackendGraph:  Pak pak cache file ../../../../../../work/UnrealProject_C7/ShootingGame/DerivedDataCache/DDC.ddp not found, will not use a pak cache.
[2022.07.06-00.55.18:410][  0]LogDerivedDataCache: Unable to find inner node Pak for hierarchical cache Hierarchy.
[2022.07.06-00.55.18:410][  0]LogDerivedDataCache: FDerivedDataBackendGraph:  CompressedPak pak cache file ../../../../../../work/UnrealProject_C7/ShootingGame/DerivedDataCache/Compressed.ddp not found, will not use a pak cache.
[2022.07.06-00.55.18:410][  0]LogDerivedDataCache: Unable to find inner node CompressedPak for hierarchical cache Hierarchy.
[2022.07.06-00.55.18:424][  0]LogDerivedDataCache: Display: Pak cache opened for reading ../../../Engine/DerivedDataCache/Compressed.ddp.
[2022.07.06-00.55.18:424][  0]LogDerivedDataCache: FDerivedDataBackendGraph:  EnterprisePak pak cache file ../../../Enterprise/DerivedDataCache/Compressed.ddp not found, will not use a pak cache.
[2022.07.06-00.55.18:424][  0]LogDerivedDataCache: Unable to find inner node EnterprisePak for hierarchical cache Hierarchy.
[2022.07.06-00.55.18:441][  0]LogDerivedDataCache: Speed tests for C:/Users/parkdoyoung/AppData/Local/UnrealEngine/Common/DerivedDataCache took 0.02 seconds
[2022.07.06-00.55.18:441][  0]LogDerivedDataCache: Display: Performance to C:/Users/parkdoyoung/AppData/Local/UnrealEngine/Common/DerivedDataCache: Latency=0.02ms. RandomReadSpeed=415.65MBs, RandomWriteSpeed=66.67MBs. Assigned SpeedClass 'Local'
[2022.07.06-00.55.18:442][  0]LogDerivedDataCache: Using Local data cache path C:/Users/parkdoyoung/AppData/Local/UnrealEngine/Common/DerivedDataCache: Writable
[2022.07.06-00.55.18:442][  0]LogDerivedDataCache: Shared data cache path not found in *engine.ini, will not use an Shared cache.
[2022.07.06-00.55.18:442][  0]LogDerivedDataCache: Unable to find inner node Shared for hierarchical cache Hierarchy.
[2022.07.06-00.55.18:477][  0]LogSlate: Using FreeType 2.10.0
[2022.07.06-00.55.18:477][  0]LogSlate: SlateFontServices - WITH_FREETYPE: 1, WITH_HARFBUZZ: 1
[2022.07.06-00.55.18:556][  0]LogInit: Using OS detected language (ko-KR).
[2022.07.06-00.55.18:556][  0]LogInit: Using OS detected locale (ko-KR).
[2022.07.06-00.55.18:556][  0]LogTextLocalizationManager: No localization for 'ko-KR' exists, so 'en' will be used for the language.
[2022.07.06-00.55.18:557][  0]LogTextLocalizationManager: No localization for 'ko-KR' exists, so 'en' will be used for the locale.
[2022.07.06-00.55.18:557][  0]LogSlate: FontCache flush requested. Reason: Culture for localization was changed
[2022.07.06-00.55.18:557][  0]LogSlate: FontCache flush requested. Reason: Culture for localization was changed
[2022.07.06-00.55.18:560][  0]LogAssetRegistry: FAssetRegistry took 0.0022 seconds to start up
[2022.07.06-00.55.18:731][  0]LogTextLocalizationManager: Compacting localization data took   0.00ms
[2022.07.06-00.55.18:731][  0]LogPackageLocalizationCache: Processed 27 localized package path(s) for 1 prioritized culture(s) in 0.000880 seconds
[2022.07.06-00.55.18:787][  0]LogInit: Selected Device Profile: [Windows]
[2022.07.06-00.55.18:787][  0]LogInit: Active device profile: [00000230C0326C00][00000230B505E380 49] Windows
[2022.07.06-00.55.18:787][  0]LogInit: Profiles: [00000230C0326C00][00000230B505E380 49] Windows, [00000230C033AF00][00000230BE5C6500 49] WindowsNoEditor, [00000230C0327600][00000230BE5CA680 49] WindowsServer, [00000230C0338B00][00000230BE5CE800 49] WindowsClient, [00000230C0324B00][00000230BE5D2980 49] IOS, [00000230C033B700][00000230BE5D6B00 49] iPadAir, [00000230C0327B00][00000230BE5DAC80 49] iPadAir2, [00000230C12CE600][00000230BE5E2F40 49] IPadPro, [00000230C12CE700][00000230BE5DEF80 49] iPadAir3, [00000230C0324500][00000230BE5E7100 49] iPadAir4, [00000230C12CC100][00000230BE5EB280 49] iPadMini2, [00000230C0327700][00000230BE5EF400 49] iPadMini3, [00000230C12CEF00][00000230BE5F3580 49] iPadMini4, [00000230C0325800][00000230B50636C0 49] iPadMini5, [00000230C02EDF00][00000230BE5FB900 49] iPhone6, [00000230C02EE000][00000230BE5F7940 49] iPodTouch6, [00000230C12CF200][00000230BE607BC0 49] iPhone7, [00000230C12CDB00][00000230BE5FFC00 49] iPodTouch7, [00000230C02EEE00][00000230BE60A200 49] iPhone5S, [00000230C12CC800][00000230BE60E380 49] iPhone6Plus, [00000230C02EEA00][00000230BE612500 49] iPhone6S, [00000230C12CF700][00000230BE616680 49] iPhone6SPlus, [00000230C02ED100][00000230BE61A800 49] iPhone7Plus, [00000230C12CCC00][00000230BE61E980 49] iPhoneSE, [00000230C02EF500][00000230BE622B00 49] iPhone8, [00000230C12CD700][00000230BE626C80 49] iPhone8Plus, [00000230C02EF600][00000230BE62AE00 49] iPhoneX, [00000230C12CD900][00000230BE62EF80 49] iPhoneXS, [00000230C02EEC00][00000230BE633100 49] iPhoneXSMax, [00000230C12CD100][00000230BE637280 49] iPhoneXR, [00000230C02EDB00][00000230BE63B400 49] iPhone11, [00000230C12CEC00][00000230BE63F580 49] iPhone11Pro, [00000230C02EF300][00000230BE643700 49] iPhone11ProMax, [00000230C12CD000][00000230BE647880 49] iPhoneSE2, [00000230C02ED300][00000230BE6039C0 49] iPhone12Mini, [00000230C12CE300][00000230BE64BB00 49] iPhone12, [00000230C02EEF00][00000230BE64E0C0 49] iPhone12Pro, [00000230C12CF800][00000230BE656240 49] iPhone12ProMax, [00000230C02EC400][00000230BE65A3C0 49] iPadPro105, [00000230C12CE900][00000230BE65E540 49] iPadPro129, [00000230C02EE900][00000230BE6626C0 49] iPadPro97, [00000230C12CDC00][00000230BE666840 49] iPadPro2_129, [00000230C02ECA00][00000230BE66A9C0 49] iPad5, [00000230C12CFE00][00000230BE66EB40 49] iPad6, [00000230C02EF900][00000230BE672CC0 49] iPad7, [00000230C12CEA00][00000230BE676E40 49] iPad8, [00000230C02EDC00][00000230BE67AFC0 49] iPadPro11, [00000230C12CE000][00000230BE67F140 49] iPadPro2_11, [00000230C033B000][00000230BE6832C0 49] iPadPro3_129, [00000230C03B4100][00000230BE687440 49] iPadPro4_129, [00000230C033AC00][00000230BE68B5C0 49] AppleTV, [00000230C03B4C00][00000230BE68F740 49] AppleTV4K, [00000230C0338100][00000230BE6938C0 49] TVOS, [00000230C03B5900][00000230BE697A40 49] Mac, [00000230C033AB00][00000230BE653B80 49] MacClient, [00000230C03B4E00][00000230BE69A140 49] MacNoEditor, [00000230C033A800][00000230BEFD2280 49] MacServer, [00000230C03B4B00][00000230BEFD63C0 49] Linux, [00000230C033A000][00000230BEFDE540 49] LinuxAArch64, [00000230C03B5700][00000230BEFE26C0 49] LinuxNoEditor, [00000230C0339400][00000230BEFE6840 49] LinuxAArch64NoEditor, [00000230C03B4F00][00000230BEFEA9C0 49] LinuxClient, [00000230C033A700][00000230BEFEEB40 49] LinuxAArch64Client, [00000230C03B4200][00000230BEFF2CC0 49] LinuxServer, [00000230C12CC300][00000230BEFF6E40 49] LinuxAArch64Server, [00000230C02EE800][00000230BEFFAFC0 49] Android, [00000230C12CF000][00000230BEFFF140 49] Android_Low, [00000230C02EED00][00000230BF0032C0 49] Android_Mid, [00000230C12CC500][00000230BF007440 49] Android_High, [00000230C02EFC00][00000230BF00B5C0 49] Android_Default, [00000230C12CEB00][00000230BF00F740 49] Android_Adreno4xx, [00000230C02EFF00][00000230BF0138C0 49] Android_Adreno5xx_Low, [00000230C12CC600][00000230BF017A40 49] Android_Adreno5xx, [00000230C02EFA00][00000230BF01BBC0 49] Android_Adreno6xx, [00000230C12CD600][00000230BEFDA180 49] Android_Adreno6xx_Vulkan, [00000230C02EFE00][00000230BF01E2C0 49] Android_Mali_T6xx, [00000230C12CFA00][00000230BF022400 49] Android_Mali_T7xx, [00000230C03B5C00][00000230BF026540 49] Android_Mali_T8xx, [00000230C12CFB00][00000230BF02E6C0 49] Android_Mali_G71, [00000230C03B6300][00000230BF032840 49] Android_Mali_G72, [00000230C12CD400][00000230BF0369C0 49] Android_Mali_G72_Vulkan, [00000230C03B5300][00000230BF03AB40 49] Android_Mali_G76, [00000230C12CC900][00000230BF03ECC0 49] Android_Mali_G76_Vulkan, [00000230C03B5600][00000230BF042E40 49] Android_Mali_G77, [00000230C12CF500][00000230BF046FC0 49] Android_Mali_G77_Vulkan, [00000230C03B5000][00000230BF04B140 49] Android_Mali_G78, [00000230C12CE200][00000230BF04F2C0 49] Android_Mali_G78_Vulkan, [00000230C02ED200][00000230BF053440 49] Android_Mali_G710, [00000230C12CD200][00000230BF0575C0 49] Android_Mali_G710_Vulkan, [00000230C02EDA00][00000230BF05B740 49] Android_Vulkan_SM5, [00000230C12CD500][00000230BF05F8C0 49] Android_PowerVR_G6xxx, [00000230C02ECC00][00000230BF063A40 49] Android_PowerVR_GT7xxx, [00000230C12CCF00][00000230BF067BC0 49] Android_PowerVR_GE8xxx, [00000230C02ED000][00000230BF06A1C0 49] Android_PowerVR_GM9xxx, [00000230C12CF900][00000230BF06E340 49] Android_PowerVR_GM9xxx_Vulkan, [00000230C02ED600][00000230BF02A480 49] Android_TegraK1, [00000230C12CC700][00000230BF0725C0 49] Android_Unknown_Vulkan, [00000230C02EE400][00000230BF076700 49] Lumin, [00000230C12CD300][00000230BF07E880 49] Lumin_Desktop, [00000230C02EC900][00000230BF082A00 49] HoloLens, 
[2022.07.06-00.55.18:899][  0]LogMeshReduction: Using QuadricMeshReduction for automatic static mesh reduction
[2022.07.06-00.55.18:899][  0]LogMeshReduction: Using SimplygonMeshReduction for automatic skeletal mesh reduction
[2022.07.06-00.55.18:899][  0]LogMeshReduction: Using ProxyLODMeshReduction for automatic mesh merging
[2022.07.06-00.55.18:899][  0]LogMeshReduction: No distributed automatic mesh merging module available
[2022.07.06-00.55.18:899][  0]LogMeshMerging: No distributed automatic mesh merging module available
[2022.07.06-00.55.18:914][  0]LogNetVersion: ShootingGame 1.0.0, NetCL: 17155196, EngineNetVer: 17, GameNetVer: 0 (Checksum: 1120234365)
[2022.07.06-00.55.19:117][  0]LogTexture: Default maximum texture size for cubemaps generated from long-lat sources has been changed from 512 to unlimited. In order to preserve old behaiour for '/Engine/MapTemplates/Sky/DaylightAmbientCubemap.DaylightAmbientCubemap', its maximum texture size has been explicitly set to 512.
[2022.07.06-00.55.19:172][  0]LogHMD: PokeAHoleMaterial loaded successfully
[2022.07.06-00.55.19:250][  0]LogMoviePlayer: Initializing movie player
[2022.07.06-00.55.19:402][  0]LogPython: Using Python 3.7.7
[2022.07.06-00.55.19:796][  0]LogNiagaraDebuggerClient: Niagara Debugger Client Initialized | Session: 7C2C15E6401C99D84920C8B4B0412149 | Instance: E736930542B026672585FFB8B486B095 (DESKTOP-HME5P3N-7400).
[2022.07.06-00.55.19:811][  0]LogCollectionManager: Loaded 0 collections in 0.001206 seconds
[2022.07.06-00.55.19:814][  0]LogFileCache: Scanning file cache for directory 'C:/work/UnrealProject_C7/ShootingGame/Saved/Collections/' took 0.00s
[2022.07.06-00.55.19:814][  0]LogFileCache: Scanning file cache for directory 'C:/work/UnrealProject_C7/ShootingGame/Content/Developers/parkdoyoung/Collections/' took 0.00s
[2022.07.06-00.55.19:814][  0]LogFileCache: Scanning file cache for directory 'C:/work/UnrealProject_C7/ShootingGame/Content/Collections/' took 0.00s
[2022.07.06-00.55.19:814][  0]LogCollectionManager: Fixed up redirectors for 0 collections in 0.000002 seconds (updated 0 objects)
[2022.07.06-00.55.19:840][  0]LogUdpMessaging: Initializing bridge on interface 0.0.0.0:0 to multicast group 230.0.0.1:6666.
[2022.07.06-00.55.19:847][  0]LogTcpMessaging: Initializing TcpMessaging bridge
[2022.07.06-00.55.19:918][  0]SourceControl: Source control is disabled
[2022.07.06-00.55.19:918][  0]SourceControl: Source control is disabled
[2022.07.06-00.55.19:921][  0]SourceControl: Source control is disabled
[2022.07.06-00.55.19:924][  0]LogUProjectInfo: Found projects:
[2022.07.06-00.55.19:986][  0]LogOpenImageDenoise: OIDN starting up
[2022.07.06-00.55.20:006][  0]LogAndroidPermission: UAndroidPermissionCallbackProxy::GetInstance
[2022.07.06-00.55.20:018][  0]LogAudioCaptureCore: Display: No Audio Capture implementations found. Audio input will be silent.
[2022.07.06-00.55.20:018][  0]LogAudioCaptureCore: Display: No Audio Capture implementations found. Audio input will be silent.
[2022.07.06-00.55.20:079][  0]LogOcInput: OculusInput pre-init called
[2022.07.06-00.55.20:088][  0]LogUObjectArray: 22167 objects as part of root set at end of initial load.
[2022.07.06-00.55.20:088][  0]LogUObjectAllocator: 5995280 out of 0 bytes used by permanent object pool.
[2022.07.06-00.55.20:088][  0]LogUObjectArray: CloseDisregardForGC: 0/0 objects in disregard for GC pool
[2022.07.06-00.55.20:126][  0]LogEngine: Initializing Engine...
[2022.07.06-00.55.20:128][  0]LogHMD: Failed to enumerate extensions. Please check that you have a valid OpenXR runtime installed.
[2022.07.06-00.55.20:128][  0]LogHMD: Failed to initialize OpenVR with code 110
[2022.07.06-00.55.20:129][  0]LogMagicLeap: Warning: VR disabled because ZI is not enabled.  To enable, in the editor, Edit -> Project Settings -> Plugins -> Magic Leap Plugin -> Enable Zero Iteration
[2022.07.06-00.55.20:130][  0]LogStats: UGameplayTagsManager::InitializeManager -  0.000 s
[2022.07.06-00.55.20:227][  0]LogInit: Initializing FReadOnlyCVARCache
[2022.07.06-00.55.20:227][  0]LogAudio: Display: Initializing Audio Device Manager...
[2022.07.06-00.55.20:230][  0]LogAudio: Display: Loading Default Audio Settings Objects...
[2022.07.06-00.55.20:230][  0]LogAudio: Display: No default SoundConcurrencyObject specified (or failed to load).
[2022.07.06-00.55.20:231][  0]LogAudio: Display: Audio Device Manager Initialized
[2022.07.06-00.55.20:231][  0]LogAudio: Display: Creating Audio Device:                 Id: 1, Scope: Shared, Realtime: True
[2022.07.06-00.55.20:231][  0]LogAudioMixer: Display: Audio Mixer Platform Settings:
[2022.07.06-00.55.20:231][  0]LogAudioMixer: Display: 	Sample Rate:						  48000
[2022.07.06-00.55.20:231][  0]LogAudioMixer: Display: 	Callback Buffer Frame Size Requested: 1024
[2022.07.06-00.55.20:231][  0]LogAudioMixer: Display: 	Callback Buffer Frame Size To Use:	  1024
[2022.07.06-00.55.20:231][  0]LogAudioMixer: Display: 	Number of buffers to queue:			  2
[2022.07.06-00.55.20:231][  0]LogAudioMixer: Display: 	Max Channels (voices):				  32
[2022.07.06-00.55.20:231][  0]LogAudioMixer: Display: 	Number of Async Source Workers:		  0
[2022.07.06-00.55.20:231][  0]LogAudio: Display: AudioDevice MaxSources: 32
[2022.07.06-00.55.20:231][  0]LogAudio: Display: Audio Spatialization Plugin: None (built-in).
[2022.07.06-00.55.20:231][  0]LogAudio: Display: Audio Reverb Plugin: None (built-in).
[2022.07.06-00.55.20:231][  0]LogAudio: Display: Audio Occlusion Plugin: None (built-in).
[2022.07.06-00.55.20:231][  0]LogAudioMixer: Display: Initializing audio mixer.
[2022.07.06-00.55.20:242][  0]LogAudioMixer: Display: 0: FrontLeft
[2022.07.06-00.55.20:242][  0]LogAudioMixer: Display: 1: FrontRight
[2022.07.06-00.55.20:270][  0]LogAudioMixer: Display: Using Audio Device 스피커(Realtek(R) Audio)
[2022.07.06-00.55.20:276][  0]LogAudioMixer: Display: Initializing Sound Submixes...
[2022.07.06-00.55.20:277][  0]LogAudioMixer: Display: Creating Master Submix 'MasterSubmixDefault'
[2022.07.06-00.55.20:277][  0]LogAudioMixer: Display: Creating Master Submix 'MasterReverbSubmixDefault'
[2022.07.06-00.55.20:278][  0]LogAudioMixer: Display: Creating Master Submix 'MasterEQSubmixDefault'
[2022.07.06-00.55.20:278][  0]LogAudioMixer: FMixerPlatformXAudio2::StartAudioStream() called
[2022.07.06-00.55.20:278][  0]LogAudioMixer: Display: Output buffers initialized: Frames=1024, Channels=2, Samples=2048
[2022.07.06-00.55.20:279][  0]LogAudioMixer: Display: Starting AudioMixerPlatformInterface::RunInternal()
[2022.07.06-00.55.20:279][  0]LogAudioMixer: Display: FMixerPlatformXAudio2::SubmitBuffer() called for the first time
[2022.07.06-00.55.20:279][  0]LogInit: FAudioDevice initialized.
[2022.07.06-00.55.20:280][  0]LogNetVersion: Set ProjectVersion to 1.0.0.0. Version Checksum will be recalculated on next use.
[2022.07.06-00.55.20:282][  0]LogInit: Texture streaming: Enabled
[2022.07.06-00.55.20:333][  0]LogAudio: Display: Audio Device (ID: 1) registered with world 'Untitled'.
[2022.07.06-00.55.20:333][  0]LogSlate: Updating window title bar state: overlay mode, drag disabled, window buttons hidden, title bar hidden
[2022.07.06-00.55.20:334][  0]LogInit: Display: Game Engine Initialized.
[2022.07.06-00.55.20:334][  0]LogNiagaraEditor: GEditor isn't valid! Particle reset commands will not work for Niagara components!
[2022.07.06-00.55.20:433][  0]LogInit: Display: Starting Game.
[2022.07.06-00.55.20:433][  0]LogNet: Browse: 127.0.0.1:17777/Game/ThirdPersonBP/Maps/ThirdPersonExampleMap?Name=Player
[2022.07.06-00.55.20:433][  0]LogInit: WinSock: Socket queue. Rx: 32768 (config 32768) Tx: 32768 (config 32768)
[2022.07.06-00.55.20:433][  0]LogNet: Created socket for bind address: 0.0.0.0 on port 0
[2022.07.06-00.55.20:433][  0]PacketHandlerLog: Loaded PacketHandler component: Engine.EngineHandlerComponentFactory (StatelessConnectHandlerComponent)
[2022.07.06-00.55.20:433][  0]LogNet: Game client on port 17777, rate 100000
[2022.07.06-00.55.20:469][  0]LogInit: Display: Engine is initialized. Leaving FEngineLoop::Init()
[2022.07.06-00.55.20:469][  0]LogLoad: (Engine Initialization) Total time: 4.64 seconds
[2022.07.06-00.55.20:469][  0]LogLoad: (Engine Initialization) Total Blueprint compile time: 0.00 seconds
[2022.07.06-00.55.20:474][  0]LogContentStreaming: Texture pool size now 1000 MB
[2022.07.06-00.55.20:475][  0]LogSlate: InvalidateAllWidgets triggered.  All widgets were invalidated
[2022.07.06-00.55.21:482][230]LogHandshake: SendChallengeResponse. Timestamp: 6.011600, Cookie: 202224032210125084158171191251023069239091094252157247254009
[2022.07.06-00.55.21:499][231]LogNetVersion: ShootingGame 1.0.0.0, NetCL: 17155196, EngineNetVer: 17, GameNetVer: 0 (Checksum: 4194817616)
[2022.07.06-00.55.21:500][231]LogNet: UPendingNetGame::SendInitialJoin: Sending hello. [UNetConnection] RemoteAddr: 127.0.0.1:17777, Name: IpConnection_0, Driver: PendingNetDriver IpNetDriver_0, IsServer: NO, PC: NULL, Owner: NULL, UniqueId: INVALID
[2022.07.06-00.55.21:565][233]LogNet: Welcomed by server (Level: /Game/ThirdPersonBP/Maps/UEDPIE_0_ThirdPersonExampleMap, Game: /Game/ShootingGame/GameMode/BP_ShootingGameMode.BP_ShootingGameMode_C)
[2022.07.06-00.55.21:566][233]LogLoad: LoadMap: 127.0.0.1:17777/Game/ThirdPersonBP/Maps/ThirdPersonExampleMap?Name=Player?game=/Game/ShootingGame/GameMode/BP_ShootingGameMode.BP_ShootingGameMode_C
[2022.07.06-00.55.21:566][233]LogWorld: BeginTearingDown for /Temp/Untitled_0
[2022.07.06-00.55.21:566][233]LogWorld: UWorld::CleanupWorld for Untitled, bSessionEnded=true, bCleanupResources=true
[2022.07.06-00.55.21:566][233]LogSlate: InvalidateAllWidgets triggered.  All widgets were invalidated
[2022.07.06-00.55.21:570][233]LogAudio: Display: Audio Device unregistered from world 'None'.
[2022.07.06-00.55.21:600][233]LogUObjectHash: Compacting FUObjectHashTables data took   1.11ms
[2022.07.06-00.55.22:163][233]LogAudio: Display: Audio Device (ID: 1) registered with world 'ThirdPersonExampleMap'.
[2022.07.06-00.55.22:171][233]LogWorld: Bringing World /Game/ThirdPersonBP/Maps/ThirdPersonExampleMap.ThirdPersonExampleMap up for play (max tick rate 0) at 2022.07.06-09.55.22
[2022.07.06-00.55.22:171][233]LogWorld: Bringing up level for play took: 0.006862
[2022.07.06-00.55.22:172][233]LogSlate: Took 0.000208 seconds to synchronously load lazily loaded font '../../../Engine/Content/Slate/Fonts/Roboto-Regular.ttf' (155K)
[2022.07.06-00.55.22:175][233]LogRenderer: Reallocating scene render targets to support 640x480 Format 10 NumSamples 1 (Frame:1).
[2022.07.06-00.55.22:175][233]LogLoad: Took 0.609789 seconds to LoadMap(/Game/ThirdPersonBP/Maps/ThirdPersonExampleMap)
[2022.07.06-00.55.22:176][233]LogNavigation: Warning: NavData RegistrationFailed_DataPendingKill.
[2022.07.06-00.55.22:234][235]LogOnlineSession: Warning: OSS: No game present to join for session (GameSession)
[2022.07.06-00.55.22:234][235]LogOnlineSession: Warning: OSS: No game present to join for session (GameSession)
[2022.07.06-00.55.22:236][235]LogScript: Warning: Script Msg: BP_ShootingHud_C_0 BindPlayerStats SetTimer passed a negative or zero time. The associated timer may fail to be created/fire! If using InitialStartDelayVariance, be sure it is smaller than (Time + InitialStartDelay).
[2022.07.06-00.55.22:236][235]LogBlueprintUserMessages: [BP_ShootingCharacter_C_0] BP_ShootingCharacterBind Player Stats cast Fail
[2022.07.06-00.55.22:236][235]LogBlueprintUserMessages: [BP_ShootingCharacter_C_1] BP_ShootingCharacter1Bind Player Stats cast Fail
[2022.07.06-00.55.22:236][235]LogBlueprintUserMessages: [BP_ShootingPlayerState_C_0] BP_ShootingPlayerState
[2022.07.06-00.55.22:236][235]LogBlueprintUserMessages: [BP_ShootingPlayerState_C_1] BP_ShootingPlayerState1
[2022.07.06-00.55.24:931][647]LogBlueprintUserMessages: [BP_WeaponBurst_C_0] Hello
[2022.07.06-00.55.25:097][652]LogBlueprintUserMessages: [BP_WeaponBurst_C_0] Hello
[2022.07.06-00.55.25:198][655]LogBlueprintUserMessages: [BP_WeaponBurst_C_0] Hello
[2022.07.06-00.55.25:398][661]LogBlueprintUserMessages: [BP_WeaponBurst_C_0] Hello
[2022.07.06-00.55.25:533][665]LogBlueprintUserMessages: [BP_WeaponBurst_C_0] Hello
[2022.07.06-00.55.25:664][669]LogBlueprintUserMessages: [BP_WeaponBurst_C_0] Hello
[2022.07.06-00.55.27:097][712]LogBlueprintUserMessages: [BP_WeaponBurst_C_0] Hello
[2022.07.06-00.55.27:230][716]LogBlueprintUserMessages: [BP_WeaponBurst_C_0] Hello
[2022.07.06-00.55.27:331][719]LogBlueprintUserMessages: [BP_WeaponBurst_C_0] Hello
[2022.07.06-00.55.27:817][770]LogBlueprintUserMessages: [BP_WeaponBurst_C_0] Hello
[2022.07.06-00.55.27:934][785]LogBlueprintUserMessages: [BP_WeaponBurst_C_0] Hello
[2022.07.06-00.55.28:022][799]LogBlueprintUserMessages: [BP_WeaponBurst_C_0] Hello
[2022.07.06-00.55.29:052][996]LogBlueprintUserMessages: [BP_WeaponBurst_C_0] Hello
[2022.07.06-00.55.29:153][ 14]LogBlueprintUserMessages: [BP_WeaponBurst_C_0] Hello
[2022.07.06-00.55.29:256][ 33]LogBlueprintUserMessages: [BP_WeaponBurst_C_0] Hello
[2022.07.06-00.55.30:812][228]LogBlueprintUserMessages: [BP_WeaponBurst_C_0] Hello
[2022.07.06-00.55.30:977][233]LogBlueprintUserMessages: [BP_WeaponBurst_C_0] Hello
[2022.07.06-00.55.31:078][236]LogBlueprintUserMessages: [BP_WeaponBurst_C_0] Hello
[2022.07.06-00.55.31:911][261]LogBlueprintUserMessages: [BP_WeaponBurst_C_0] Hello
[2022.07.06-00.55.32:077][266]LogBlueprintUserMessages: [BP_WeaponBurst_C_0] Hello
[2022.07.06-00.55.32:177][269]LogBlueprintUserMessages: [BP_WeaponBurst_C_0] Hello
[2022.07.06-00.55.33:676][314]LogBlueprintUserMessages: [BP_WeaponBurst_C_0] Hello
[2022.07.06-00.55.33:843][319]LogBlueprintUserMessages: [BP_WeaponBurst_C_0] Hello
[2022.07.06-00.55.33:943][322]LogBlueprintUserMessages: [BP_WeaponBurst_C_0] Hello
[2022.07.06-00.55.35:172][393]LogBlueprintUserMessages: [BP_WeaponBurst_C_0] Hello
[2022.07.06-00.55.35:300][416]LogBlueprintUserMessages: [BP_WeaponBurst_C_0] Hello
[2022.07.06-00.55.35:395][435]LogBlueprintUserMessages: [BP_WeaponBurst_C_0] Hello
[2022.07.06-00.55.46:828][465]LogBlueprintUserMessages: [BP_WeaponOnce_C_1] Hello
[2022.07.06-00.55.48:500][ 39]LogBlueprintUserMessages: [BP_WeaponOnce_C_1] Hello
[2022.07.06-00.55.49:169][263]LogBlueprintUserMessages: [BP_WeaponOnce_C_1] Hello
[2022.07.06-00.55.51:177][950]LogBlueprintUserMessages: [BP_WeaponOnce_C_1] Hello
[2022.07.06-00.55.52:184][296]LogBlueprintUserMessages: [BP_WeaponOnce_C_1] Hello
[2022.07.06-00.55.53:524][758]LogBlueprintUserMessages: [BP_WeaponOnce_C_1] Hello
[2022.07.06-00.55.55:535][456]LogBlueprintUserMessages: [BP_WeaponOnce_C_1] Hello
[2022.07.06-00.55.56:548][788]LogBlueprintUserMessages: [BP_WeaponOnce_C_1] Hello
[2022.07.06-00.55.57:226][  8]LogBlueprintUserMessages: [BP_WeaponOnce_C_1] Hello
[2022.07.06-00.56.13:670][446]LogBlueprintUserMessages: [BP_WeaponBurst_C_0] Hello
[2022.07.06-00.56.13:773][479]LogBlueprintUserMessages: [BP_WeaponBurst_C_0] Hello
[2022.07.06-00.56.13:875][511]LogBlueprintUserMessages: [BP_WeaponBurst_C_0] Hello
[2022.07.06-00.56.14:673][763]LogBlueprintUserMessages: [BP_WeaponBurst_C_0] Hello
[2022.07.06-00.56.14:780][797]LogBlueprintUserMessages: [BP_WeaponBurst_C_0] Hello
[2022.07.06-00.56.14:880][828]LogBlueprintUserMessages: [BP_WeaponBurst_C_0] Hello
[2022.07.06-00.56.16:688][408]LogBlueprintUserMessages: [BP_WeaponBurst_C_0] Hello
[2022.07.06-00.56.16:792][441]LogBlueprintUserMessages: [BP_WeaponBurst_C_0] Hello
[2022.07.06-00.56.16:893][473]LogBlueprintUserMessages: [BP_WeaponBurst_C_0] Hello
[2022.07.06-00.56.17:696][727]LogBlueprintUserMessages: [BP_WeaponBurst_C_0] Hello
[2022.07.06-00.56.17:798][760]LogBlueprintUserMessages: [BP_WeaponBurst_C_0] Hello
[2022.07.06-00.56.17:900][792]LogBlueprintUserMessages: [BP_WeaponBurst_C_0] Hello
[2022.07.06-00.56.20:387][595]LogBlueprintUserMessages: [BP_WeaponBurst_C_0] Hello
[2022.07.06-00.56.20:492][628]LogBlueprintUserMessages: [BP_WeaponBurst_C_0] Hello
[2022.07.06-00.56.20:594][659]LogBlueprintUserMessages: [BP_WeaponBurst_C_0] Hello
[2022.07.06-00.56.27:446][879]LogBlueprintUserMessages: [BP_WeaponOnce_C_2] Hello
[2022.07.06-00.56.29:462][525]LogBlueprintUserMessages: [BP_WeaponOnce_C_2] Hello
[2022.07.06-00.56.30:799][959]LogBlueprintUserMessages: [BP_WeaponOnce_C_2] Hello
[2022.07.06-00.56.31:475][176]LogBlueprintUserMessages: [BP_WeaponOnce_C_2] Hello
[2022.07.06-00.56.32:145][389]LogBlueprintUserMessages: [BP_WeaponOnce_C_2] Hello
[2022.07.06-00.56.32:479][495]LogBlueprintUserMessages: [BP_WeaponOnce_C_2] Hello
[2022.07.06-00.56.32:817][602]LogBlueprintUserMessages: [BP_WeaponOnce_C_2] Hello
[2022.07.06-00.56.33:150][707]LogBlueprintUserMessages: [BP_WeaponOnce_C_2] Hello
[2022.07.06-00.56.33:491][814]LogBlueprintUserMessages: [BP_WeaponOnce_C_2] Hello
[2022.07.06-00.56.33:826][919]LogBlueprintUserMessages: [BP_WeaponOnce_C_2] Hello
[2022.07.06-00.56.34:166][ 26]LogBlueprintUserMessages: [BP_WeaponOnce_C_2] Hello
[2022.07.06-00.56.34:503][132]LogBlueprintUserMessages: [BP_WeaponOnce_C_2] Hello
[2022.07.06-00.56.34:841][238]LogBlueprintUserMessages: [BP_WeaponOnce_C_2] Hello
[2022.07.06-00.56.35:177][343]LogBlueprintUserMessages: [BP_WeaponOnce_C_2] Hello
[2022.07.06-00.56.35:510][447]LogBlueprintUserMessages: [BP_WeaponOnce_C_2] Hello
[2022.07.06-00.56.35:846][552]LogBlueprintUserMessages: [BP_WeaponOnce_C_2] Hello
[2022.07.06-00.56.36:185][659]LogBlueprintUserMessages: [BP_WeaponOnce_C_2] Hello
[2022.07.06-00.56.36:525][764]LogBlueprintUserMessages: [BP_WeaponOnce_C_2] Hello
[2022.07.06-00.56.36:864][869]LogBlueprintUserMessages: [BP_WeaponOnce_C_2] Hello
[2022.07.06-00.56.37:202][975]LogBlueprintUserMessages: [BP_WeaponOnce_C_2] Hello
[2022.07.06-00.56.37:542][ 83]LogBlueprintUserMessages: [BP_WeaponOnce_C_2] Hello
[2022.07.06-00.56.37:875][188]LogBlueprintUserMessages: [BP_WeaponOnce_C_2] Hello
[2022.07.06-00.56.38:212][294]LogBlueprintUserMessages: [BP_WeaponOnce_C_2] Hello
[2022.07.06-00.56.38:543][399]LogBlueprintUserMessages: [BP_WeaponOnce_C_2] Hello
[2022.07.06-00.56.38:884][507]LogBlueprintUserMessages: [BP_WeaponOnce_C_2] Hello
[2022.07.06-00.56.39:221][612]LogBlueprintUserMessages: [BP_WeaponOnce_C_2] Hello
[2022.07.06-00.56.39:559][716]LogBlueprintUserMessages: [BP_WeaponOnce_C_2] Hello
[2022.07.06-00.56.39:895][823]LogBlueprintUserMessages: [BP_WeaponOnce_C_2] Hello
[2022.07.06-00.56.40:230][929]LogBlueprintUserMessages: [BP_WeaponOnce_C_2] Hello
[2022.07.06-00.56.40:562][ 34]LogBlueprintUserMessages: [BP_WeaponOnce_C_2] Hello
[2022.07.06-00.56.40:900][141]LogBlueprintUserMessages: [BP_WeaponOnce_C_2] Hello
[2022.07.06-00.56.41:239][248]LogBlueprintUserMessages: [BP_WeaponOnce_C_2] Hello
[2022.07.06-00.56.41:573][354]LogBlueprintUserMessages: [BP_WeaponOnce_C_2] Hello
[2022.07.06-00.56.41:909][447]LogBlueprintUserMessages: [BP_WeaponOnce_C_2] Hello
[2022.07.06-00.56.42:242][547]LogBlueprintUserMessages: [BP_WeaponOnce_C_2] Hello
[2022.07.06-00.56.42:582][652]LogBlueprintUserMessages: [BP_WeaponOnce_C_2] Hello
[2022.07.06-00.56.43:253][864]LogBlueprintUserMessages: [BP_WeaponOnce_C_2] Hello
[2022.07.06-00.56.43:586][969]LogBlueprintUserMessages: [BP_WeaponOnce_C_2] Hello
[2022.07.06-00.56.43:925][ 73]LogBlueprintUserMessages: [BP_WeaponOnce_C_2] Hello
[2022.07.06-00.56.44:261][177]LogBlueprintUserMessages: [BP_WeaponOnce_C_2] Hello
[2022.07.06-00.56.47:991][254]LogBlueprintUserMessages: [BP_WeaponOnce_C_2] Hello
[2022.07.06-00.56.48:290][310]LogBlueprintUserMessages: [BP_WeaponOnce_C_2] Hello
[2022.07.06-00.56.48:630][417]LogBlueprintUserMessages: [BP_WeaponOnce_C_2] Hello
[2022.07.06-00.56.48:963][520]LogBlueprintUserMessages: [BP_WeaponOnce_C_2] Hello
[2022.07.06-00.56.49:304][625]LogBlueprintUserMessages: [BP_WeaponOnce_C_2] Hello
[2022.07.06-00.56.49:639][729]LogBlueprintUserMessages: [BP_WeaponOnce_C_2] Hello
[2022.07.06-00.56.49:975][833]LogBlueprintUserMessages: [BP_WeaponOnce_C_2] Hello
[2022.07.06-00.56.50:309][935]LogBlueprintUserMessages: [BP_WeaponOnce_C_2] Hello
[2022.07.06-00.56.50:646][ 40]LogBlueprintUserMessages: [BP_WeaponOnce_C_2] Hello
[2022.07.06-00.56.50:982][144]LogBlueprintUserMessages: [BP_WeaponOnce_C_2] Hello
[2022.07.06-00.56.53:980][ 51]LogSlate: Window 'ShootingGame (64-bit Development PCD3D_SM5) ' being destroyed
[2022.07.06-00.56.53:982][ 51]LogWindowsTextInputMethodSystem: Display: IME system activated using TSF (Microsoft 입력기).
[2022.07.06-00.56.53:984][ 51]LogSlate: Updating window title bar state: overlay mode, drag disabled, window buttons hidden, title bar hidden
[2022.07.06-00.56.53:984][ 51]LogEngine: All Windows Closed
[2022.07.06-00.56.53:984][ 51]LogWindows: FPlatformMisc::RequestExit(0)
[2022.07.06-00.56.53:984][ 51]LogWindows: FPlatformMisc::RequestExitWithStatus(0, 0)
[2022.07.06-00.56.53:984][ 51]LogCore: Engine exit requested (reason: Win RequestExit)
[2022.07.06-00.56.53:984][ 52]LogCore: Engine exit requested (reason: EngineExit() was called; note: exit was already requested)
[2022.07.06-00.56.53:984][ 52]LogInit: Display: PreExit Game.
[2022.07.06-00.56.53:998][ 52]LogWorld: BeginTearingDown for /Game/ThirdPersonBP/Maps/ThirdPersonExampleMap
[2022.07.06-00.56.53:998][ 52]LogNet: World NetDriver shutdown IpNetDriver_0 [GameNetDriver]
[2022.07.06-00.56.53:998][ 52]LogNet: DestroyNamedNetDriver IpNetDriver_0 [GameNetDriver]
[2022.07.06-00.56.53:998][ 52]LogNet: UNetConnection::Close: [UNetConnection] RemoteAddr: 127.0.0.1:17777, Name: IpConnection_0, Driver: GameNetDriver IpNetDriver_0, IsServer: NO, PC: PlayerController_1, Owner: PlayerController_1, UniqueId: NULL:DESKTOP-HME5P3N-C1D6F0104DC30C87F686A3864B944E65, Channels: 18, Time: 2022.07.06-00.56.53
[2022.07.06-00.56.53:998][ 52]LogNet: UChannel::Close: Sending CloseBunch. ChIndex == 0. Name: [UChannel] ChIndex: 0, Closing: 0 [UNetConnection] RemoteAddr: 127.0.0.1:17777, Name: IpConnection_0, Driver: GameNetDriver IpNetDriver_0, IsServer: NO, PC: PlayerController_1, Owner: PlayerController_1, UniqueId: NULL:DESKTOP-HME5P3N-C1D6F0104DC30C87F686A3864B944E65
[2022.07.06-00.56.53:998][ 52]LogExit: GameNetDriver IpNetDriver_0 shut down
[2022.07.06-00.56.53:998][ 52]LogWorld: UWorld::CleanupWorld for ThirdPersonExampleMap, bSessionEnded=true, bCleanupResources=true
[2022.07.06-00.56.53:999][ 52]LogSlate: InvalidateAllWidgets triggered.  All widgets were invalidated
[2022.07.06-00.56.54:178][ 52]LogAudio: Display: Beginning Audio Device Manager Shutdown (Module: AudioMixerXAudio2)...
[2022.07.06-00.56.54:179][ 52]LogAudio: Display: Destroying 1 Remaining Audio Device(s)...
[2022.07.06-00.56.54:179][ 52]LogAudio: Display: Audio Device unregistered from world 'ThirdPersonExampleMap'.
[2022.07.06-00.56.54:211][ 52]LogAudioMixer: FMixerPlatformXAudio2::StopAudioStream() called
[2022.07.06-00.56.54:212][ 52]LogAudioMixer: FMixerPlatformXAudio2::StopAudioStream() called
[2022.07.06-00.56.54:215][ 52]LogAudio: Display: Audio Device Manager Shutdown
[2022.07.06-00.56.54:217][ 52]LogExit: Preparing to exit.
