Log file open, 07/06/22 10:45:43
LogWindows: Failed to load 'aqProf.dll' (GetLastError=126)
LogWindows: File 'aqProf.dll' does not exist
LogWindows: Failed to load 'VtuneApi.dll' (GetLastError=126)
LogWindows: File 'VtuneApi.dll' does not exist
LogWindows: Failed to load 'VtuneApi32e.dll' (GetLastError=126)
LogWindows: File 'VtuneApi32e.dll' does not exist
LogConsoleResponse: Display: Failed to find resolution value strings in scalability ini. Falling back to default.
LogConsoleResponse: Display: Failed to find resolution value strings in scalability ini. Falling back to default.
LogInit: Display: Running engine for game: ShootingGame
LogPlatformFile: Not using cached read wrapper
LogTaskGraph: Started task graph with 5 named threads and 23 total threads with 3 sets of task threads.
LogStats: Stats thread started at 0.248993
LogICUInternationalization: ICU TimeZone Detection - Raw Offset: +9:00, Platform Override: ''
LogInit: Display: Loading text-based GConfig....
LogPluginManager: Mounting plugin MeshPainting
LogPluginManager: Mounting plugin XGEController
LogPluginManager: Mounting plugin Paper2D
LogPluginManager: Mounting plugin AISupport
LogPluginManager: Mounting plugin LiveLink
LogPluginManager: Mounting plugin LightPropagationVolume
LogPluginManager: Mounting plugin OodleData
LogPluginManager: Mounting plugin OodleNetwork
LogPluginManager: Mounting plugin AnimationSharing
LogPluginManager: Mounting plugin CLionSourceCodeAccess
LogPluginManager: Mounting plugin CodeLiteSourceCodeAccess
LogPluginManager: Mounting plugin GitSourceControl
LogPluginManager: Mounting plugin KDevelopSourceCodeAccess
LogPluginManager: Mounting plugin NullSourceCodeAccess
LogPluginManager: Mounting plugin EnvironmentQueryEditor
LogPluginManager: Mounting plugin PerforceSourceControl
LogPluginManager: Mounting plugin PixWinPlugin
LogPluginManager: Mounting plugin PlasticSourceControl
LogPluginManager: Mounting plugin PropertyAccessNode
LogPluginManager: Mounting plugin PluginUtils
LogPluginManager: Mounting plugin SubversionSourceControl
LogPluginManager: Mounting plugin RiderSourceCodeAccess
LogPluginManager: Mounting plugin TextureFormatOodle
LogPluginManager: Mounting plugin UObjectPlugin
LogPluginManager: Mounting plugin VisualStudioSourceCodeAccess
LogPluginManager: Mounting plugin XCodeSourceCodeAccess
LogPluginManager: Mounting plugin AssetManagerEditor
LogPluginManager: Mounting plugin VisualStudioCodeSourceCodeAccess
LogPluginManager: Mounting plugin CryptoKeys
LogPluginManager: Mounting plugin CurveEditorTools
LogPluginManager: Mounting plugin DataValidation
LogPluginManager: Mounting plugin FacialAnimation
LogPluginManager: Mounting plugin GameplayTagsEditor
LogPluginManager: Mounting plugin MacGraphicsSwitching
LogPluginManager: Mounting plugin GeometryMode
LogPluginManager: Mounting plugin MaterialAnalyzer
LogPluginManager: Mounting plugin MobileLauncherProfileWizard
LogPluginManager: Mounting plugin PluginBrowser
LogPluginManager: Mounting plugin CameraShakePreviewer
LogPluginManager: Mounting plugin GameplayCameras
LogPluginManager: Mounting plugin DatasmithContent
LogPluginManager: Mounting plugin SpeedTreeImporter
LogPluginManager: Mounting plugin VariantManagerContent
LogPluginManager: Mounting plugin AlembicImporter
LogPluginManager: Mounting plugin AutomationUtils
LogPluginManager: Mounting plugin BackChannel
LogPluginManager: Mounting plugin ChaosCloth
LogPluginManager: Mounting plugin ChaosClothEditor
LogPluginManager: Mounting plugin ChaosEditor
LogPluginManager: Mounting plugin ChaosNiagara
LogPluginManager: Mounting plugin ChaosSolverPlugin
LogPluginManager: Mounting plugin CharacterAI
LogPluginManager: Mounting plugin GeometryCache
LogPluginManager: Mounting plugin GeometryCollectionPlugin
LogPluginManager: Mounting plugin Niagara
LogPluginManager: Mounting plugin GeometryProcessing
LogPluginManager: Mounting plugin LuminPlatformFeatures
LogPluginManager: Mounting plugin MagicLeap
LogPluginManager: Mounting plugin MotoSynth
LogPluginManager: Mounting plugin OpenImageDenoise
LogPluginManager: Mounting plugin PlanarCut
LogPluginManager: Mounting plugin PlatformCrypto
LogPluginManager: Mounting plugin ProxyLODPlugin
LogPluginManager: Mounting plugin PythonScriptPlugin
LogPluginManager: Mounting plugin SkeletalReduction
LogPluginManager: Mounting plugin UdpMessaging
LogPluginManager: Mounting plugin TcpMessaging
LogPluginManager: Mounting plugin ActorSequence
LogPluginManager: Mounting plugin LevelSequenceEditor
LogPluginManager: Mounting plugin MatineeToLevelSequence
LogPluginManager: Mounting plugin TemplateSequence
LogPluginManager: Mounting plugin OnlineSubsystem
LogPluginManager: Mounting plugin OnlineSubsystemNull
LogPluginManager: Mounting plugin OnlineSubsystemUtils
LogPluginManager: Mounting plugin LauncherChunkInstaller
LogPluginManager: Mounting plugin MagicLeapLightEstimation
LogPluginManager: Mounting plugin MagicLeapMedia
LogPluginManager: Mounting plugin MagicLeapPassableWorld
LogPluginManager: Mounting plugin MLSDK
LogPluginManager: Mounting plugin ActorLayerUtilities
LogPluginManager: Mounting plugin AndroidMoviePlayer
LogPluginManager: Mounting plugin AndroidDeviceProfileSelector
LogPluginManager: Mounting plugin AndroidPermission
LogPluginManager: Mounting plugin ApexDestruction
LogPluginManager: Mounting plugin AppleImageUtils
LogPluginManager: Mounting plugin AppleMoviePlayer
LogPluginManager: Mounting plugin ArchVisCharacter
LogPluginManager: Mounting plugin AssetTags
LogPluginManager: Mounting plugin AudioCapture
LogPluginManager: Mounting plugin AudioSynesthesia
LogPluginManager: Mounting plugin CableComponent
LogPluginManager: Mounting plugin ChunkDownloader
LogPluginManager: Mounting plugin CustomMeshComponent
LogPluginManager: Mounting plugin EditableMesh
LogPluginManager: Mounting plugin ExampleDeviceProfileSelector
LogPluginManager: Mounting plugin GooglePAD
LogPluginManager: Mounting plugin GoogleCloudMessaging
LogPluginManager: Mounting plugin ScreenshotTools
LogPluginManager: Mounting plugin AndroidMedia
LogPluginManager: Mounting plugin AvfMedia
LogPluginManager: Mounting plugin ImgMedia
LogPluginManager: Mounting plugin MediaCompositing
LogPluginManager: Mounting plugin MediaPlayerEditor
LogPluginManager: Mounting plugin WebMMedia
LogPluginManager: Mounting plugin WmfMedia
LogPluginManager: Mounting plugin IOSDeviceProfileSelector
LogPluginManager: Mounting plugin LinuxDeviceProfileSelector
LogPluginManager: Mounting plugin LocationServicesBPLibrary
LogPluginManager: Mounting plugin MobilePatchingUtils
LogPluginManager: Mounting plugin OpenXR
LogPluginManager: Mounting plugin OpenXRHandTracking
LogPluginManager: Mounting plugin OpenXREyeTracker
LogPluginManager: Mounting plugin PhysXVehicles
LogPluginManager: Mounting plugin Takes
LogPluginManager: Mounting plugin PostSplashScreen
LogPluginManager: Mounting plugin PropertyAccessEditor
LogPluginManager: Mounting plugin ProceduralMeshComponent
LogPluginManager: Mounting plugin RuntimePhysXCooking
LogPluginManager: Mounting plugin SignificanceManager
LogPluginManager: Mounting plugin SoundFields
LogPluginManager: Mounting plugin Synthesis
LogPluginManager: Mounting plugin WebMMoviePlayer
LogPluginManager: Mounting plugin WindowsMoviePlayer
LogPluginManager: Mounting plugin ContentBrowserAssetDataSource
LogPluginManager: Mounting plugin ContentBrowserFileDataSource
LogPluginManager: Mounting plugin ContentBrowserClassDataSource
LogPluginManager: Mounting plugin OnlineSubsystemGooglePlay
LogPluginManager: Mounting plugin OnlineSubsystemIOS
LogPluginManager: Mounting plugin OculusVR
LogPluginManager: Mounting plugin SteamVR
PixWinPlugin: PIX capture plugin failed to initialize! Check that the process is launched from PIX.
LogInit: Using libcurl 7.55.1-DEV
LogInit:  - built for x86_64-pc-win32
LogInit:  - supports SSL with OpenSSL/1.1.1
LogInit:  - supports HTTP deflate (compression) using libz 1.2.8
LogInit:  - other features:
LogInit:      CURL_VERSION_SSL
LogInit:      CURL_VERSION_LIBZ
LogInit:      CURL_VERSION_IPV6
LogInit:      CURL_VERSION_ASYNCHDNS
LogInit:      CURL_VERSION_LARGEFILE
LogInit:      CURL_VERSION_IDN
LogInit:  CurlRequestOptions (configurable via config and command line):
LogInit:  - bVerifyPeer = true  - Libcurl will verify peer certificate
LogInit:  - bUseHttpProxy = false  - Libcurl will NOT use HTTP proxy
LogInit:  - bDontReuseConnections = false  - Libcurl will reuse connections
LogInit:  - MaxHostConnections = 16  - Libcurl will limit the number of connections to a host
LogInit:  - LocalHostAddr = Default
LogInit:  - BufferSize = 65536
LogOnline: OSS: Creating online subsystem instance for: NULL
LogInit: WinSock: version 1.1 (2.2), MaxSocks=32767, MaxUdp=65467
LogOnline: OSS: TryLoadSubsystemAndSetDefault: Loaded subsystem for module [NULL]
LogOculusPluginWrapper: OculusPlugin initialized successfully
LogHMD: Failed initializing OVRPlugin 1.59.0
LogInit: Build: ++UE4+Release-4.27-CL-18319896
LogInit: Engine Version: 4.27.2-18319896+++UE4+Release-4.27
LogInit: Compatible Engine Version: 4.27.0-17155196+++UE4+Release-4.27
LogInit: Net CL: 17155196
LogInit: OS: Windows 10 (Release 2009) (), CPU: Intel(R) Core(TM) i5-10300H CPU @ 2.50GHz, GPU: Intel(R) UHD Graphics
LogInit: Compiled (64-bit): Nov 30 2021 07:12:08
LogInit: Compiled with Visual C++: 19.24.28315.00
LogInit: Build Configuration: Development
LogInit: Branch Name: ++UE4+Release-4.27
LogInit: Command Line:  127.0.0.1:17777 -game -PIEVIACONSOLE -Multiprocess GameUserSettingsINI=C:/work/UnrealProject_C7/ShootingGame/Saved/Config/Windows/PIEGameUserSettings1.ini -MultiprocessSaveConfig -forcepassthrough -messaging -SessionName="Play in Standalone Game" -windowed -WinX=0 -WinY=30 SAVEWINPOS=1 -ResX=640 -ResY=480
LogInit: Base Directory: C:/Program Files/Epic Games/UE_4.27/Engine/Binaries/Win64/
LogInit: Allocator: TBB
LogInit: Installed Engine Build: 1
LogDevObjectVersion: Number of dev versions registered: 29
LogDevObjectVersion:   Dev-Blueprints (B0D832E4-1F89-4F0D-ACCF-7EB736FD4AA2): 10
LogDevObjectVersion:   Dev-Build (E1C64328-A22C-4D53-A36C-8E866417BD8C): 0
LogDevObjectVersion:   Dev-Core (375EC13C-06E4-48FB-B500-84F0262A717E): 4
LogDevObjectVersion:   Dev-Editor (E4B068ED-F494-42E9-A231-DA0B2E46BB41): 40
LogDevObjectVersion:   Dev-Framework (CFFC743F-43B0-4480-9391-14DF171D2073): 37
LogDevObjectVersion:   Dev-Mobile (B02B49B5-BB20-44E9-A304-32B752E40360): 3
LogDevObjectVersion:   Dev-Networking (A4E4105C-59A1-49B5-A7C5-40C4547EDFEE): 0
LogDevObjectVersion:   Dev-Online (39C831C9-5AE6-47DC-9A44-9C173E1C8E7C): 0
LogDevObjectVersion:   Dev-Physics (78F01B33-EBEA-4F98-B9B4-84EACCB95AA2): 14
LogDevObjectVersion:   Dev-Platform (6631380F-2D4D-43E0-8009-CF276956A95A): 0
LogDevObjectVersion:   Dev-Rendering (12F88B9F-8875-4AFC-A67C-D90C383ABD29): 45
LogDevObjectVersion:   Dev-Sequencer (7B5AE74C-D270-4C10-A958-57980B212A5A): 13
LogDevObjectVersion:   Dev-VR (D7296918-1DD6-4BDD-9DE2-64A83CC13884): 3
LogDevObjectVersion:   Dev-LoadTimes (C2A15278-BFE7-4AFE-6C17-90FF531DF755): 1
LogDevObjectVersion:   Private-Geometry (6EACA3D4-40EC-4CC1-B786-8BED09428FC5): 3
LogDevObjectVersion:   Dev-AnimPhys (29E575DD-E0A3-4627-9D10-D276232CDCEA): 17
LogDevObjectVersion:   Dev-Anim (AF43A65D-7FD3-4947-9873-3E8ED9C1BB05): 15
LogDevObjectVersion:   Dev-ReflectionCapture (6B266CEC-1EC7-4B8F-A30B-E4D90942FC07): 1
LogDevObjectVersion:   Dev-Automation (0DF73D61-A23F-47EA-B727-89E90C41499A): 1
LogDevObjectVersion:   FortniteMain (601D1886-AC64-4F84-AA16-D3DE0DEAC7D6): 47
LogDevObjectVersion:   FortniteRelease (E7086368-6B23-4C58-8439-1B7016265E91): 1
LogDevObjectVersion:   Dev-Enterprise (9DFFBCD6-494F-0158-E221-12823C92A888): 10
LogDevObjectVersion:   Dev-Niagara (F2AED0AC-9AFE-416F-8664-AA7FFA26D6FC): 1
LogDevObjectVersion:   Dev-Destruction (174F1F0B-B4C6-45A5-B13F-2EE8D0FB917D): 10
LogDevObjectVersion:   Dev-Physics-Ext (35F94A83-E258-406C-A318-09F59610247C): 41
LogDevObjectVersion:   Dev-PhysicsMaterial-Chaos (B68FC16E-8B1B-42E2-B453-215C058844FE): 1
LogDevObjectVersion:   Dev-CineCamera (B2E18506-4273-CFC2-A54E-F4BB758BBA07): 1
LogDevObjectVersion:   Dev-VirtualProduction (64F58936-FD1B-42BA-BA96-7289D5D0FA4E): 1
LogDevObjectVersion:   Dev-MediaFramework (6F0ED827-A609-4895-9C91-998D90180EA4): 2
LogInit: Presizing for max 25165824 objects, including 0 objects not considered by GC, pre-allocating 0 bytes for permanent pool.
LogConfig: Applying CVar settings from Section [/Script/Engine.StreamingSettings] File [C:/work/UnrealProject_C7/ShootingGame/Saved/Config/Windows/Engine.ini]
LogConfig: Setting CVar [[s.MinBulkDataSizeForAsyncLoading:131072]]
LogConfig: Setting CVar [[s.AsyncLoadingThreadEnabled:0]]
LogConfig: Setting CVar [[s.EventDrivenLoaderEnabled:1]]
LogConfig: Setting CVar [[s.WarnIfTimeLimitExceeded:0]]
LogConfig: Setting CVar [[s.TimeLimitExceededMultiplier:1.5]]
LogConfig: Setting CVar [[s.TimeLimitExceededMinTime:0.005]]
LogConfig: Setting CVar [[s.UseBackgroundLevelStreaming:1]]
LogConfig: Setting CVar [[s.PriorityAsyncLoadingExtraTime:15.0]]
LogConfig: Setting CVar [[s.LevelStreamingActorsUpdateTimeLimit:5.0]]
LogConfig: Setting CVar [[s.PriorityLevelStreamingActorsUpdateExtraTime:5.0]]
LogConfig: Setting CVar [[s.LevelStreamingComponentsRegistrationGranularity:10]]
LogConfig: Setting CVar [[s.UnregisterComponentsTimeLimit:1.0]]
LogConfig: Setting CVar [[s.LevelStreamingComponentsUnregistrationGranularity:5]]
LogConfig: Setting CVar [[s.FlushStreamingOnExit:1]]
LogInit: Object subsystem initialized
LogConfig: Setting CVar [[con.DebugEarlyDefault:1]]
LogConfig: Setting CVar [[r.setres:1280x720]]
[2022.07.06-01.45.43:734][  0]LogConfig: Setting CVar [[con.DebugEarlyDefault:1]]
[2022.07.06-01.45.43:734][  0]LogConfig: Setting CVar [[r.setres:1280x720]]
[2022.07.06-01.45.43:734][  0]LogConfig: Applying CVar settings from Section [/Script/Engine.RendererSettings] File [C:/work/UnrealProject_C7/ShootingGame/Saved/Config/Windows/Engine.ini]
[2022.07.06-01.45.43:734][  0]LogConfig: Setting CVar [[r.GPUCrashDebugging:0]]
[2022.07.06-01.45.43:734][  0]LogConfig: Applying CVar settings from Section [/Script/Engine.RendererOverrideSettings] File [C:/work/UnrealProject_C7/ShootingGame/Saved/Config/Windows/Engine.ini]
[2022.07.06-01.45.43:734][  0]LogConfig: Applying CVar settings from Section [/Script/Engine.StreamingSettings] File [C:/work/UnrealProject_C7/ShootingGame/Saved/Config/Windows/Engine.ini]
[2022.07.06-01.45.43:734][  0]LogConfig: Setting CVar [[s.MinBulkDataSizeForAsyncLoading:131072]]
[2022.07.06-01.45.43:734][  0]LogConfig: Setting CVar [[s.AsyncLoadingThreadEnabled:0]]
[2022.07.06-01.45.43:734][  0]LogConfig: Setting CVar [[s.EventDrivenLoaderEnabled:1]]
[2022.07.06-01.45.43:734][  0]LogConfig: Setting CVar [[s.WarnIfTimeLimitExceeded:0]]
[2022.07.06-01.45.43:734][  0]LogConfig: Setting CVar [[s.TimeLimitExceededMultiplier:1.5]]
[2022.07.06-01.45.43:734][  0]LogConfig: Setting CVar [[s.TimeLimitExceededMinTime:0.005]]
[2022.07.06-01.45.43:734][  0]LogConfig: Setting CVar [[s.UseBackgroundLevelStreaming:1]]
[2022.07.06-01.45.43:734][  0]LogConfig: Setting CVar [[s.PriorityAsyncLoadingExtraTime:15.0]]
[2022.07.06-01.45.43:734][  0]LogConfig: Setting CVar [[s.LevelStreamingActorsUpdateTimeLimit:5.0]]
[2022.07.06-01.45.43:734][  0]LogConfig: Setting CVar [[s.PriorityLevelStreamingActorsUpdateExtraTime:5.0]]
[2022.07.06-01.45.43:734][  0]LogConfig: Setting CVar [[s.LevelStreamingComponentsRegistrationGranularity:10]]
[2022.07.06-01.45.43:734][  0]LogConfig: Setting CVar [[s.UnregisterComponentsTimeLimit:1.0]]
[2022.07.06-01.45.43:734][  0]LogConfig: Setting CVar [[s.LevelStreamingComponentsUnregistrationGranularity:5]]
[2022.07.06-01.45.43:734][  0]LogConfig: Setting CVar [[s.FlushStreamingOnExit:1]]
[2022.07.06-01.45.43:734][  0]LogConfig: Applying CVar settings from Section [/Script/Engine.GarbageCollectionSettings] File [C:/work/UnrealProject_C7/ShootingGame/Saved/Config/Windows/Engine.ini]
[2022.07.06-01.45.43:734][  0]LogConfig: Setting CVar [[gc.MaxObjectsNotConsideredByGC:1]]
[2022.07.06-01.45.43:734][  0]LogConfig: Setting CVar [[gc.SizeOfPermanentObjectPool:0]]
[2022.07.06-01.45.43:734][  0]LogConfig: Setting CVar [[gc.FlushStreamingOnGC:0]]
[2022.07.06-01.45.43:734][  0]LogConfig: Setting CVar [[gc.NumRetriesBeforeForcingGC:10]]
[2022.07.06-01.45.43:734][  0]LogConfig: Setting CVar [[gc.AllowParallelGC:1]]
[2022.07.06-01.45.43:734][  0]LogConfig: Setting CVar [[gc.TimeBetweenPurgingPendingKillObjects:61.1]]
[2022.07.06-01.45.43:734][  0]LogConfig: Setting CVar [[gc.MaxObjectsInEditor:25165824]]
[2022.07.06-01.45.43:734][  0]LogConfig: Setting CVar [[gc.IncrementalBeginDestroyEnabled:1]]
[2022.07.06-01.45.43:734][  0]LogConfig: Setting CVar [[gc.CreateGCClusters:1]]
[2022.07.06-01.45.43:734][  0]LogConfig: Setting CVar [[gc.MinGCClusterSize:5]]
[2022.07.06-01.45.43:734][  0]LogConfig: Setting CVar [[gc.ActorClusteringEnabled:0]]
[2022.07.06-01.45.43:734][  0]LogConfig: Setting CVar [[gc.BlueprintClusteringEnabled:0]]
[2022.07.06-01.45.43:734][  0]LogConfig: Setting CVar [[gc.UseDisregardForGCOnDedicatedServers:0]]
[2022.07.06-01.45.43:734][  0]LogConfig: Setting CVar [[gc.MultithreadedDestructionEnabled:1]]
[2022.07.06-01.45.43:734][  0]LogConfig: Applying CVar settings from Section [/Script/Engine.NetworkSettings] File [C:/work/UnrealProject_C7/ShootingGame/Saved/Config/Windows/Engine.ini]
[2022.07.06-01.45.43:734][  0]LogConfig: Applying CVar settings from Section [/Script/UnrealEd.CookerSettings] File [C:/work/UnrealProject_C7/ShootingGame/Saved/Config/Windows/Engine.ini]
[2022.07.06-01.45.43:738][  0]LogConfig: Applying CVar settings from Section [ViewDistanceQuality@3] File [C:/work/UnrealProject_C7/ShootingGame/Saved/Config/Windows/Scalability.ini]
[2022.07.06-01.45.43:738][  0]LogConfig: Setting CVar [[r.SkeletalMeshLODBias:0]]
[2022.07.06-01.45.43:738][  0]LogConfig: Setting CVar [[r.ViewDistanceScale:1.0]]
[2022.07.06-01.45.43:738][  0]LogConfig: Applying CVar settings from Section [AntiAliasingQuality@3] File [C:/work/UnrealProject_C7/ShootingGame/Saved/Config/Windows/Scalability.ini]
[2022.07.06-01.45.43:738][  0]LogConfig: Setting CVar [[r.PostProcessAAQuality:4]]
[2022.07.06-01.45.43:738][  0]LogConfig: Applying CVar settings from Section [ShadowQuality@3] File [C:/work/UnrealProject_C7/ShootingGame/Saved/Config/Windows/Scalability.ini]
[2022.07.06-01.45.43:738][  0]LogConfig: Setting CVar [[r.LightFunctionQuality:1]]
[2022.07.06-01.45.43:738][  0]LogConfig: Setting CVar [[r.ShadowQuality:5]]
[2022.07.06-01.45.43:738][  0]LogConfig: Setting CVar [[r.Shadow.CSM.MaxCascades:10]]
[2022.07.06-01.45.43:738][  0]LogConfig: Setting CVar [[r.Shadow.MaxResolution:2048]]
[2022.07.06-01.45.43:738][  0]LogConfig: Setting CVar [[r.Shadow.MaxCSMResolution:2048]]
[2022.07.06-01.45.43:738][  0]LogConfig: Setting CVar [[r.Shadow.RadiusThreshold:0.01]]
[2022.07.06-01.45.43:738][  0]LogConfig: Setting CVar [[r.Shadow.DistanceScale:1.0]]
[2022.07.06-01.45.43:738][  0]LogConfig: Setting CVar [[r.Shadow.CSM.TransitionScale:1.0]]
[2022.07.06-01.45.43:738][  0]LogConfig: Setting CVar [[r.Shadow.PreShadowResolutionFactor:1.0]]
[2022.07.06-01.45.43:738][  0]LogConfig: Setting CVar [[r.DistanceFieldShadowing:1]]
[2022.07.06-01.45.43:738][  0]LogConfig: Setting CVar [[r.DistanceFieldAO:1]]
[2022.07.06-01.45.43:738][  0]LogConfig: Setting CVar [[r.AOQuality:2]]
[2022.07.06-01.45.43:738][  0]LogConfig: Setting CVar [[r.VolumetricFog:1]]
[2022.07.06-01.45.43:738][  0]LogConfig: Setting CVar [[r.VolumetricFog.GridPixelSize:8]]
[2022.07.06-01.45.43:738][  0]LogConfig: Setting CVar [[r.VolumetricFog.GridSizeZ:128]]
[2022.07.06-01.45.43:738][  0]LogConfig: Setting CVar [[r.VolumetricFog.HistoryMissSupersampleCount:4]]
[2022.07.06-01.45.43:738][  0]LogConfig: Setting CVar [[r.LightMaxDrawDistanceScale:1]]
[2022.07.06-01.45.43:738][  0]LogConfig: Setting CVar [[r.CapsuleShadows:1]]
[2022.07.06-01.45.43:738][  0]LogConfig: Applying CVar settings from Section [PostProcessQuality@3] File [C:/work/UnrealProject_C7/ShootingGame/Saved/Config/Windows/Scalability.ini]
[2022.07.06-01.45.43:738][  0]LogConfig: Setting CVar [[r.MotionBlurQuality:4]]
[2022.07.06-01.45.43:738][  0]LogConfig: Setting CVar [[r.AmbientOcclusionMipLevelFactor:0.4]]
[2022.07.06-01.45.43:738][  0]LogConfig: Setting CVar [[r.AmbientOcclusionMaxQuality:100]]
[2022.07.06-01.45.43:738][  0]LogConfig: Setting CVar [[r.AmbientOcclusionLevels:-1]]
[2022.07.06-01.45.43:738][  0]LogConfig: Setting CVar [[r.AmbientOcclusionRadiusScale:1.0]]
[2022.07.06-01.45.43:738][  0]LogConfig: Setting CVar [[r.DepthOfFieldQuality:2]]
[2022.07.06-01.45.43:738][  0]LogConfig: Setting CVar [[r.RenderTargetPoolMin:400]]
[2022.07.06-01.45.43:738][  0]LogConfig: Setting CVar [[r.LensFlareQuality:2]]
[2022.07.06-01.45.43:738][  0]LogConfig: Setting CVar [[r.SceneColorFringeQuality:1]]
[2022.07.06-01.45.43:738][  0]LogConfig: Setting CVar [[r.EyeAdaptationQuality:2]]
[2022.07.06-01.45.43:738][  0]LogConfig: Setting CVar [[r.BloomQuality:5]]
[2022.07.06-01.45.43:738][  0]LogConfig: Setting CVar [[r.FastBlurThreshold:100]]
[2022.07.06-01.45.43:738][  0]LogConfig: Setting CVar [[r.Upscale.Quality:3]]
[2022.07.06-01.45.43:738][  0]LogConfig: Setting CVar [[r.Tonemapper.GrainQuantization:1]]
[2022.07.06-01.45.43:738][  0]LogConfig: Setting CVar [[r.LightShaftQuality:1]]
[2022.07.06-01.45.43:738][  0]LogConfig: Setting CVar [[r.Filter.SizeScale:1]]
[2022.07.06-01.45.43:738][  0]LogConfig: Setting CVar [[r.Tonemapper.Quality:5]]
[2022.07.06-01.45.43:738][  0]LogConfig: Setting CVar [[r.DOF.Gather.AccumulatorQuality:1        ; higher gathering accumulator quality]]
[2022.07.06-01.45.43:738][  0]LogConfig: Setting CVar [[r.DOF.Gather.PostfilterMethod:1          ; Median3x3 postfilering method]]
[2022.07.06-01.45.43:738][  0]LogConfig: Setting CVar [[r.DOF.Gather.EnableBokehSettings:0       ; no bokeh simulation when gathering]]
[2022.07.06-01.45.43:738][  0]LogConfig: Setting CVar [[r.DOF.Gather.RingCount:4                 ; medium number of samples when gathering]]
[2022.07.06-01.45.43:738][  0]LogConfig: Setting CVar [[r.DOF.Scatter.ForegroundCompositing:1    ; additive foreground scattering]]
[2022.07.06-01.45.43:738][  0]LogConfig: Setting CVar [[r.DOF.Scatter.BackgroundCompositing:2    ; additive background scattering]]
[2022.07.06-01.45.43:738][  0]LogConfig: Setting CVar [[r.DOF.Scatter.EnableBokehSettings:1      ; bokeh simulation when scattering]]
[2022.07.06-01.45.43:738][  0]LogConfig: Setting CVar [[r.DOF.Scatter.MaxSpriteRatio:0.1         ; only a maximum of 10% of scattered bokeh]]
[2022.07.06-01.45.43:738][  0]LogConfig: Setting CVar [[r.DOF.Recombine.Quality:1                ; cheap slight out of focus]]
[2022.07.06-01.45.43:738][  0]LogConfig: Setting CVar [[r.DOF.Recombine.EnableBokehSettings:0    ; no bokeh simulation on slight out of focus]]
[2022.07.06-01.45.43:738][  0]LogConfig: Setting CVar [[r.DOF.TemporalAAQuality:1                ; more stable temporal accumulation]]
[2022.07.06-01.45.43:738][  0]LogConfig: Setting CVar [[r.DOF.Kernel.MaxForegroundRadius:0.025]]
[2022.07.06-01.45.43:738][  0]LogConfig: Setting CVar [[r.DOF.Kernel.MaxBackgroundRadius:0.025]]
[2022.07.06-01.45.43:738][  0]LogConfig: Applying CVar settings from Section [TextureQuality@3] File [C:/work/UnrealProject_C7/ShootingGame/Saved/Config/Windows/Scalability.ini]
[2022.07.06-01.45.43:738][  0]LogConfig: Setting CVar [[r.Streaming.MipBias:0]]
[2022.07.06-01.45.43:739][  0]LogConfig: Setting CVar [[r.Streaming.AmortizeCPUToGPUCopy:0]]
[2022.07.06-01.45.43:739][  0]LogConfig: Setting CVar [[r.Streaming.MaxNumTexturesToStreamPerFrame:0]]
[2022.07.06-01.45.43:739][  0]LogConfig: Setting CVar [[r.Streaming.Boost:1]]
[2022.07.06-01.45.43:739][  0]LogConfig: Setting CVar [[r.MaxAnisotropy:8]]
[2022.07.06-01.45.43:739][  0]LogConfig: Setting CVar [[r.VT.MaxAnisotropy:8]]
[2022.07.06-01.45.43:739][  0]LogConfig: Setting CVar [[r.Streaming.LimitPoolSizeToVRAM:0]]
[2022.07.06-01.45.43:739][  0]LogConfig: Setting CVar [[r.Streaming.PoolSize:1000]]
[2022.07.06-01.45.43:739][  0]LogConfig: Setting CVar [[r.Streaming.MaxEffectiveScreenSize:0]]
[2022.07.06-01.45.43:739][  0]LogConfig: Applying CVar settings from Section [EffectsQuality@3] File [C:/work/UnrealProject_C7/ShootingGame/Saved/Config/Windows/Scalability.ini]
[2022.07.06-01.45.43:739][  0]LogConfig: Setting CVar [[r.TranslucencyLightingVolumeDim:64]]
[2022.07.06-01.45.43:739][  0]LogConfig: Setting CVar [[r.RefractionQuality:2]]
[2022.07.06-01.45.43:739][  0]LogConfig: Setting CVar [[r.SSR.Quality:3]]
[2022.07.06-01.45.43:739][  0]LogConfig: Setting CVar [[r.SSR.HalfResSceneColor:0]]
[2022.07.06-01.45.43:739][  0]LogConfig: Setting CVar [[r.SceneColorFormat:4]]
[2022.07.06-01.45.43:739][  0]LogConfig: Setting CVar [[r.DetailMode:2]]
[2022.07.06-01.45.43:739][  0]LogConfig: Setting CVar [[r.TranslucencyVolumeBlur:1]]
[2022.07.06-01.45.43:739][  0]LogConfig: Setting CVar [[r.MaterialQualityLevel:1 ; High quality]]
[2022.07.06-01.45.43:739][  0]LogConfig: Setting CVar [[r.AnisotropicMaterials:1]]
[2022.07.06-01.45.43:739][  0]LogConfig: Setting CVar [[r.SSS.Scale:1]]
[2022.07.06-01.45.43:739][  0]LogConfig: Setting CVar [[r.SSS.SampleSet:2]]
[2022.07.06-01.45.43:739][  0]LogConfig: Setting CVar [[r.SSS.Quality:1]]
[2022.07.06-01.45.43:739][  0]LogConfig: Setting CVar [[r.SSS.HalfRes:0]]
[2022.07.06-01.45.43:739][  0]LogConfig: Setting CVar [[r.SSGI.Quality:3]]
[2022.07.06-01.45.43:739][  0]LogConfig: Setting CVar [[r.EmitterSpawnRateScale:1.0]]
[2022.07.06-01.45.43:739][  0]LogConfig: Setting CVar [[r.ParticleLightQuality:2]]
[2022.07.06-01.45.43:739][  0]LogConfig: Setting CVar [[r.SkyAtmosphere.AerialPerspectiveLUT.FastApplyOnOpaque:1 ; Always have FastSkyLUT 1 in this case to avoid wrong sky]]
[2022.07.06-01.45.43:739][  0]LogConfig: Setting CVar [[r.SkyAtmosphere.AerialPerspectiveLUT.SampleCountMaxPerSlice:4]]
[2022.07.06-01.45.43:739][  0]LogConfig: Setting CVar [[r.SkyAtmosphere.AerialPerspectiveLUT.DepthResolution:16.0]]
[2022.07.06-01.45.43:739][  0]LogConfig: Setting CVar [[r.SkyAtmosphere.FastSkyLUT:1]]
[2022.07.06-01.45.43:739][  0]LogConfig: Setting CVar [[r.SkyAtmosphere.FastSkyLUT.SampleCountMin:4.0]]
[2022.07.06-01.45.43:739][  0]LogConfig: Setting CVar [[r.SkyAtmosphere.FastSkyLUT.SampleCountMax:128.0]]
[2022.07.06-01.45.43:739][  0]LogConfig: Setting CVar [[r.SkyAtmosphere.SampleCountMin:4.0]]
[2022.07.06-01.45.43:739][  0]LogConfig: Setting CVar [[r.SkyAtmosphere.SampleCountMax:128.0]]
[2022.07.06-01.45.43:739][  0]LogConfig: Setting CVar [[r.SkyAtmosphere.TransmittanceLUT.UseSmallFormat:0]]
[2022.07.06-01.45.43:739][  0]LogConfig: Setting CVar [[r.SkyAtmosphere.TransmittanceLUT.SampleCount:10.0]]
[2022.07.06-01.45.43:739][  0]LogConfig: Setting CVar [[r.SkyAtmosphere.MultiScatteringLUT.SampleCount:15.0]]
[2022.07.06-01.45.43:739][  0]LogConfig: Setting CVar [[r.SkyLight.RealTimeReflectionCapture:1]]
[2022.07.06-01.45.43:739][  0]LogConfig: Applying CVar settings from Section [FoliageQuality@3] File [C:/work/UnrealProject_C7/ShootingGame/Saved/Config/Windows/Scalability.ini]
[2022.07.06-01.45.43:739][  0]LogConfig: Setting CVar [[foliage.DensityScale:1.0]]
[2022.07.06-01.45.43:739][  0]LogConfig: Setting CVar [[grass.DensityScale:1.0]]
[2022.07.06-01.45.43:739][  0]LogConfig: Applying CVar settings from Section [ShadingQuality@3] File [C:/work/UnrealProject_C7/ShootingGame/Saved/Config/Windows/Scalability.ini]
[2022.07.06-01.45.43:739][  0]LogConfig: Setting CVar [[r.HairStrands.SkyLighting.IntegrationType:2]]
[2022.07.06-01.45.43:739][  0]LogConfig: Setting CVar [[r.HairStrands.SkyAO.SampleCount:4]]
[2022.07.06-01.45.43:739][  0]LogConfig: Setting CVar [[r.HairStrands.Visibility.MSAA.SamplePerPixel:4]]
[2022.07.06-01.45.43:739][  0]LogInit: Selected Device Profile: [Windows]
[2022.07.06-01.45.43:739][  0]LogInit: Applying CVar settings loaded from the selected device profile: [Windows]
[2022.07.06-01.45.43:739][  0]LogHAL: Display: Platform has ~ 16 GB [16989282304 / 17179869184 / 16], which maps to Larger [LargestMinGB=32, LargerMinGB=12, DefaultMinGB=8, SmallerMinGB=6, SmallestMinGB=0)
[2022.07.06-01.45.43:739][  0]LogInit: Going up to parent DeviceProfile []
[2022.07.06-01.45.43:739][  0]LogConfig: Applying CVar settings from Section [ViewDistanceQuality@3] File [C:/work/UnrealProject_C7/ShootingGame/Saved/Config/Windows/Scalability.ini]
[2022.07.06-01.45.43:739][  0]LogConfig: Setting CVar [[r.SkeletalMeshLODBias:0]]
[2022.07.06-01.45.43:739][  0]LogConfig: Setting CVar [[r.ViewDistanceScale:1.0]]
[2022.07.06-01.45.43:739][  0]LogConfig: Applying CVar settings from Section [AntiAliasingQuality@3] File [C:/work/UnrealProject_C7/ShootingGame/Saved/Config/Windows/Scalability.ini]
[2022.07.06-01.45.43:739][  0]LogConfig: Setting CVar [[r.PostProcessAAQuality:4]]
[2022.07.06-01.45.43:739][  0]LogConfig: Applying CVar settings from Section [ShadowQuality@3] File [C:/work/UnrealProject_C7/ShootingGame/Saved/Config/Windows/Scalability.ini]
[2022.07.06-01.45.43:739][  0]LogConfig: Setting CVar [[r.LightFunctionQuality:1]]
[2022.07.06-01.45.43:739][  0]LogConfig: Setting CVar [[r.ShadowQuality:5]]
[2022.07.06-01.45.43:739][  0]LogConfig: Setting CVar [[r.Shadow.CSM.MaxCascades:10]]
[2022.07.06-01.45.43:739][  0]LogConfig: Setting CVar [[r.Shadow.MaxResolution:2048]]
[2022.07.06-01.45.43:739][  0]LogConfig: Setting CVar [[r.Shadow.MaxCSMResolution:2048]]
[2022.07.06-01.45.43:739][  0]LogConfig: Setting CVar [[r.Shadow.RadiusThreshold:0.01]]
[2022.07.06-01.45.43:739][  0]LogConfig: Setting CVar [[r.Shadow.DistanceScale:1.0]]
[2022.07.06-01.45.43:739][  0]LogConfig: Setting CVar [[r.Shadow.CSM.TransitionScale:1.0]]
[2022.07.06-01.45.43:739][  0]LogConfig: Setting CVar [[r.Shadow.PreShadowResolutionFactor:1.0]]
[2022.07.06-01.45.43:739][  0]LogConfig: Setting CVar [[r.DistanceFieldShadowing:1]]
[2022.07.06-01.45.43:739][  0]LogConfig: Setting CVar [[r.DistanceFieldAO:1]]
[2022.07.06-01.45.43:739][  0]LogConfig: Setting CVar [[r.AOQuality:2]]
[2022.07.06-01.45.43:739][  0]LogConfig: Setting CVar [[r.VolumetricFog:1]]
[2022.07.06-01.45.43:739][  0]LogConfig: Setting CVar [[r.VolumetricFog.GridPixelSize:8]]
[2022.07.06-01.45.43:739][  0]LogConfig: Setting CVar [[r.VolumetricFog.GridSizeZ:128]]
[2022.07.06-01.45.43:739][  0]LogConfig: Setting CVar [[r.VolumetricFog.HistoryMissSupersampleCount:4]]
[2022.07.06-01.45.43:739][  0]LogConfig: Setting CVar [[r.LightMaxDrawDistanceScale:1]]
[2022.07.06-01.45.43:739][  0]LogConfig: Setting CVar [[r.CapsuleShadows:1]]
[2022.07.06-01.45.43:739][  0]LogConfig: Applying CVar settings from Section [PostProcessQuality@3] File [C:/work/UnrealProject_C7/ShootingGame/Saved/Config/Windows/Scalability.ini]
[2022.07.06-01.45.43:739][  0]LogConfig: Setting CVar [[r.MotionBlurQuality:4]]
[2022.07.06-01.45.43:739][  0]LogConfig: Setting CVar [[r.AmbientOcclusionMipLevelFactor:0.4]]
[2022.07.06-01.45.43:739][  0]LogConfig: Setting CVar [[r.AmbientOcclusionMaxQuality:100]]
[2022.07.06-01.45.43:739][  0]LogConfig: Setting CVar [[r.AmbientOcclusionLevels:-1]]
[2022.07.06-01.45.43:739][  0]LogConfig: Setting CVar [[r.AmbientOcclusionRadiusScale:1.0]]
[2022.07.06-01.45.43:739][  0]LogConfig: Setting CVar [[r.DepthOfFieldQuality:2]]
[2022.07.06-01.45.43:739][  0]LogConfig: Setting CVar [[r.RenderTargetPoolMin:400]]
[2022.07.06-01.45.43:739][  0]LogConfig: Setting CVar [[r.LensFlareQuality:2]]
[2022.07.06-01.45.43:739][  0]LogConfig: Setting CVar [[r.SceneColorFringeQuality:1]]
[2022.07.06-01.45.43:739][  0]LogConfig: Setting CVar [[r.EyeAdaptationQuality:2]]
[2022.07.06-01.45.43:739][  0]LogConfig: Setting CVar [[r.BloomQuality:5]]
[2022.07.06-01.45.43:739][  0]LogConfig: Setting CVar [[r.FastBlurThreshold:100]]
[2022.07.06-01.45.43:739][  0]LogConfig: Setting CVar [[r.Upscale.Quality:3]]
[2022.07.06-01.45.43:739][  0]LogConfig: Setting CVar [[r.Tonemapper.GrainQuantization:1]]
[2022.07.06-01.45.43:739][  0]LogConfig: Setting CVar [[r.LightShaftQuality:1]]
[2022.07.06-01.45.43:740][  0]LogConfig: Setting CVar [[r.Filter.SizeScale:1]]
[2022.07.06-01.45.43:740][  0]LogConfig: Setting CVar [[r.Tonemapper.Quality:5]]
[2022.07.06-01.45.43:740][  0]LogConfig: Setting CVar [[r.DOF.Gather.AccumulatorQuality:1        ; higher gathering accumulator quality]]
[2022.07.06-01.45.43:740][  0]LogConfig: Setting CVar [[r.DOF.Gather.PostfilterMethod:1          ; Median3x3 postfilering method]]
[2022.07.06-01.45.43:740][  0]LogConfig: Setting CVar [[r.DOF.Gather.EnableBokehSettings:0       ; no bokeh simulation when gathering]]
[2022.07.06-01.45.43:740][  0]LogConfig: Setting CVar [[r.DOF.Gather.RingCount:4                 ; medium number of samples when gathering]]
[2022.07.06-01.45.43:740][  0]LogConfig: Setting CVar [[r.DOF.Scatter.ForegroundCompositing:1    ; additive foreground scattering]]
[2022.07.06-01.45.43:740][  0]LogConfig: Setting CVar [[r.DOF.Scatter.BackgroundCompositing:2    ; additive background scattering]]
[2022.07.06-01.45.43:740][  0]LogConfig: Setting CVar [[r.DOF.Scatter.EnableBokehSettings:1      ; bokeh simulation when scattering]]
[2022.07.06-01.45.43:740][  0]LogConfig: Setting CVar [[r.DOF.Scatter.MaxSpriteRatio:0.1         ; only a maximum of 10% of scattered bokeh]]
[2022.07.06-01.45.43:740][  0]LogConfig: Setting CVar [[r.DOF.Recombine.Quality:1                ; cheap slight out of focus]]
[2022.07.06-01.45.43:740][  0]LogConfig: Setting CVar [[r.DOF.Recombine.EnableBokehSettings:0    ; no bokeh simulation on slight out of focus]]
[2022.07.06-01.45.43:740][  0]LogConfig: Setting CVar [[r.DOF.TemporalAAQuality:1                ; more stable temporal accumulation]]
[2022.07.06-01.45.43:740][  0]LogConfig: Setting CVar [[r.DOF.Kernel.MaxForegroundRadius:0.025]]
[2022.07.06-01.45.43:740][  0]LogConfig: Setting CVar [[r.DOF.Kernel.MaxBackgroundRadius:0.025]]
[2022.07.06-01.45.43:740][  0]LogConfig: Applying CVar settings from Section [TextureQuality@3] File [C:/work/UnrealProject_C7/ShootingGame/Saved/Config/Windows/Scalability.ini]
[2022.07.06-01.45.43:740][  0]LogConfig: Setting CVar [[r.Streaming.MipBias:0]]
[2022.07.06-01.45.43:740][  0]LogConfig: Setting CVar [[r.Streaming.AmortizeCPUToGPUCopy:0]]
[2022.07.06-01.45.43:740][  0]LogConfig: Setting CVar [[r.Streaming.MaxNumTexturesToStreamPerFrame:0]]
[2022.07.06-01.45.43:740][  0]LogConfig: Setting CVar [[r.Streaming.Boost:1]]
[2022.07.06-01.45.43:740][  0]LogConfig: Setting CVar [[r.MaxAnisotropy:8]]
[2022.07.06-01.45.43:740][  0]LogConfig: Setting CVar [[r.VT.MaxAnisotropy:8]]
[2022.07.06-01.45.43:740][  0]LogConfig: Setting CVar [[r.Streaming.LimitPoolSizeToVRAM:0]]
[2022.07.06-01.45.43:740][  0]LogConfig: Setting CVar [[r.Streaming.PoolSize:1000]]
[2022.07.06-01.45.43:740][  0]LogConfig: Setting CVar [[r.Streaming.MaxEffectiveScreenSize:0]]
[2022.07.06-01.45.43:740][  0]LogConfig: Applying CVar settings from Section [EffectsQuality@3] File [C:/work/UnrealProject_C7/ShootingGame/Saved/Config/Windows/Scalability.ini]
[2022.07.06-01.45.43:740][  0]LogConfig: Setting CVar [[r.TranslucencyLightingVolumeDim:64]]
[2022.07.06-01.45.43:740][  0]LogConfig: Setting CVar [[r.RefractionQuality:2]]
[2022.07.06-01.45.43:740][  0]LogConfig: Setting CVar [[r.SSR.Quality:3]]
[2022.07.06-01.45.43:740][  0]LogConfig: Setting CVar [[r.SSR.HalfResSceneColor:0]]
[2022.07.06-01.45.43:740][  0]LogConfig: Setting CVar [[r.SceneColorFormat:4]]
[2022.07.06-01.45.43:740][  0]LogConfig: Setting CVar [[r.DetailMode:2]]
[2022.07.06-01.45.43:740][  0]LogConfig: Setting CVar [[r.TranslucencyVolumeBlur:1]]
[2022.07.06-01.45.43:740][  0]LogConfig: Setting CVar [[r.MaterialQualityLevel:1 ; High quality]]
[2022.07.06-01.45.43:740][  0]LogConfig: Setting CVar [[r.AnisotropicMaterials:1]]
[2022.07.06-01.45.43:740][  0]LogConfig: Setting CVar [[r.SSS.Scale:1]]
[2022.07.06-01.45.43:740][  0]LogConfig: Setting CVar [[r.SSS.SampleSet:2]]
[2022.07.06-01.45.43:740][  0]LogConfig: Setting CVar [[r.SSS.Quality:1]]
[2022.07.06-01.45.43:740][  0]LogConfig: Setting CVar [[r.SSS.HalfRes:0]]
[2022.07.06-01.45.43:740][  0]LogConfig: Setting CVar [[r.SSGI.Quality:3]]
[2022.07.06-01.45.43:740][  0]LogConfig: Setting CVar [[r.EmitterSpawnRateScale:1.0]]
[2022.07.06-01.45.43:740][  0]LogConfig: Setting CVar [[r.ParticleLightQuality:2]]
[2022.07.06-01.45.43:740][  0]LogConfig: Setting CVar [[r.SkyAtmosphere.AerialPerspectiveLUT.FastApplyOnOpaque:1 ; Always have FastSkyLUT 1 in this case to avoid wrong sky]]
[2022.07.06-01.45.43:740][  0]LogConfig: Setting CVar [[r.SkyAtmosphere.AerialPerspectiveLUT.SampleCountMaxPerSlice:4]]
[2022.07.06-01.45.43:740][  0]LogConfig: Setting CVar [[r.SkyAtmosphere.AerialPerspectiveLUT.DepthResolution:16.0]]
[2022.07.06-01.45.43:740][  0]LogConfig: Setting CVar [[r.SkyAtmosphere.FastSkyLUT:1]]
[2022.07.06-01.45.43:740][  0]LogConfig: Setting CVar [[r.SkyAtmosphere.FastSkyLUT.SampleCountMin:4.0]]
[2022.07.06-01.45.43:740][  0]LogConfig: Setting CVar [[r.SkyAtmosphere.FastSkyLUT.SampleCountMax:128.0]]
[2022.07.06-01.45.43:740][  0]LogConfig: Setting CVar [[r.SkyAtmosphere.SampleCountMin:4.0]]
[2022.07.06-01.45.43:740][  0]LogConfig: Setting CVar [[r.SkyAtmosphere.SampleCountMax:128.0]]
[2022.07.06-01.45.43:740][  0]LogConfig: Setting CVar [[r.SkyAtmosphere.TransmittanceLUT.UseSmallFormat:0]]
[2022.07.06-01.45.43:740][  0]LogConfig: Setting CVar [[r.SkyAtmosphere.TransmittanceLUT.SampleCount:10.0]]
[2022.07.06-01.45.43:740][  0]LogConfig: Setting CVar [[r.SkyAtmosphere.MultiScatteringLUT.SampleCount:15.0]]
[2022.07.06-01.45.43:740][  0]LogConfig: Setting CVar [[r.SkyLight.RealTimeReflectionCapture:1]]
[2022.07.06-01.45.43:740][  0]LogConfig: Applying CVar settings from Section [FoliageQuality@3] File [C:/work/UnrealProject_C7/ShootingGame/Saved/Config/Windows/Scalability.ini]
[2022.07.06-01.45.43:740][  0]LogConfig: Setting CVar [[foliage.DensityScale:1.0]]
[2022.07.06-01.45.43:740][  0]LogConfig: Setting CVar [[grass.DensityScale:1.0]]
[2022.07.06-01.45.43:740][  0]LogConfig: Applying CVar settings from Section [ShadingQuality@3] File [C:/work/UnrealProject_C7/ShootingGame/Saved/Config/Windows/Scalability.ini]
[2022.07.06-01.45.43:740][  0]LogConfig: Setting CVar [[r.HairStrands.SkyLighting.IntegrationType:2]]
[2022.07.06-01.45.43:740][  0]LogConfig: Setting CVar [[r.HairStrands.SkyAO.SampleCount:4]]
[2022.07.06-01.45.43:740][  0]LogConfig: Setting CVar [[r.HairStrands.Visibility.MSAA.SamplePerPixel:4]]
[2022.07.06-01.45.43:740][  0]LogConfig: Applying CVar settings from Section [Startup] File [../../../Engine/Config/ConsoleVariables.ini]
[2022.07.06-01.45.43:741][  0]LogConfig: Setting CVar [[net.UseAdaptiveNetUpdateFrequency:0]]
[2022.07.06-01.45.43:741][  0]LogConfig: Setting CVar [[p.chaos.AllowCreatePhysxBodies:1]]
[2022.07.06-01.45.43:741][  0]LogConfig: Setting CVar [[fx.SkipVectorVMBackendOptimizations:1]]
[2022.07.06-01.45.43:741][  0]LogConfig: Applying CVar settings from Section [ConsoleVariables] File [C:/work/UnrealProject_C7/ShootingGame/Saved/Config/Windows/Engine.ini]
[2022.07.06-01.45.43:741][  0]LogConfig: Applying CVar settings from Section [ConsoleVariables] File [C:/work/UnrealProject_C7/ShootingGame/Saved/Config/Windows/Editor.ini]
[2022.07.06-01.45.43:741][  0]LogInit: Computer: DESKTOP-HME5P3N
[2022.07.06-01.45.43:741][  0]LogInit: User: parkdoyoung
[2022.07.06-01.45.43:741][  0]LogInit: CPU Page size=4096, Cores=4
[2022.07.06-01.45.43:741][  0]LogInit: High frequency timer resolution =10.000000 MHz
[2022.07.06-01.45.43:741][  0]LogMemory: Memory total: Physical=15.8GB (16GB approx)
[2022.07.06-01.45.43:741][  0]LogMemory: Platform Memory Stats for Windows
[2022.07.06-01.45.43:741][  0]LogMemory: Process Physical Memory: 143.07 MB used, 143.08 MB peak
[2022.07.06-01.45.43:741][  0]LogMemory: Process Virtual Memory: 128.24 MB used, 128.24 MB peak
[2022.07.06-01.45.43:741][  0]LogMemory: Physical Memory: 7705.78 MB used,  8496.46 MB free, 16202.24 MB total
[2022.07.06-01.45.43:741][  0]LogMemory: Virtual Memory: 134203096.00 MB used,  14634.76 MB free, 134217728.00 MB total
[2022.07.06-01.45.43:745][  0]LogWindows: WindowsPlatformFeatures enabled
[2022.07.06-01.45.43:761][  0]LogInit: Physics initialised using underlying interface: PhysX
[2022.07.06-01.45.43:761][  0]LogInit: Using OS detected language (ko-KR).
[2022.07.06-01.45.43:761][  0]LogInit: Using OS detected locale (ko-KR).
[2022.07.06-01.45.43:764][  0]LogTextLocalizationManager: No specific localization for 'ko-KR' exists, so the 'ko' localization will be used.
[2022.07.06-01.45.43:886][  0]LogWindowsTextInputMethodSystem: Display: IME system deactivated.
[2022.07.06-01.45.43:898][  0]LogSlate: New Slate User Created.  User Index 0, Is Virtual User: 0
[2022.07.06-01.45.43:898][  0]LogSlate: Slate User Registered.  User Index 0, Is Virtual User: 0
[2022.07.06-01.45.43:908][  0]LogD3D11RHI: Loaded GFSDK_Aftermath_Lib.x64.dll
[2022.07.06-01.45.43:910][  0]LogHMD: Failed to initialize OpenVR with code 110
[2022.07.06-01.45.43:910][  0]LogD3D11RHI: D3D11 min allowed feature level: 11_0
[2022.07.06-01.45.43:910][  0]LogD3D11RHI: D3D11 max allowed feature level: 11_0
[2022.07.06-01.45.43:910][  0]LogD3D11RHI: D3D11 adapters:
[2022.07.06-01.45.44:001][  0]LogD3D11RHI:    0. 'NVIDIA GeForce GTX 1650 with Max-Q Design' (Feature Level 11_0)
[2022.07.06-01.45.44:001][  0]LogD3D11RHI:       3962/0/8101 MB DedicatedVideo/DedicatedSystem/SharedSystem, Outputs:1, VendorId:0x10de
[2022.07.06-01.45.44:015][  0]LogD3D11RHI:    1. 'Intel(R) UHD Graphics' (Feature Level 11_0)
[2022.07.06-01.45.44:015][  0]LogD3D11RHI:       128/0/8101 MB DedicatedVideo/DedicatedSystem/SharedSystem, Outputs:0, VendorId:0x8086
[2022.07.06-01.45.44:016][  0]LogD3D11RHI:    2. 'Microsoft Basic Render Driver' (Feature Level 11_0)
[2022.07.06-01.45.44:016][  0]LogD3D11RHI:       0/0/8101 MB DedicatedVideo/DedicatedSystem/SharedSystem, Outputs:0, VendorId:0x1414
[2022.07.06-01.45.44:016][  0]LogD3D11RHI: Chosen D3D11 Adapter:
[2022.07.06-01.45.44:016][  0]LogD3D11RHI:     Description : NVIDIA GeForce GTX 1650 with Max-Q Design
[2022.07.06-01.45.44:016][  0]LogD3D11RHI:     VendorId    : 10de
[2022.07.06-01.45.44:016][  0]LogD3D11RHI:     DeviceId    : 1f9d
[2022.07.06-01.45.44:016][  0]LogD3D11RHI:     SubSysId    : 12f41462
[2022.07.06-01.45.44:016][  0]LogD3D11RHI:     Revision    : 00a1
[2022.07.06-01.45.44:017][  0]LogD3D11RHI:     DedicatedVideoMemory : 4154458112 bytes
[2022.07.06-01.45.44:017][  0]LogD3D11RHI:     DedicatedSystemMemory : 0 bytes
[2022.07.06-01.45.44:017][  0]LogD3D11RHI:     SharedSystemMemory : 8494641152 bytes
[2022.07.06-01.45.44:017][  0]LogD3D11RHI:     AdapterLuid : 0 55500
[2022.07.06-01.45.44:020][  0]LogD3D11RHI: Creating new Direct3DDevice
[2022.07.06-01.45.44:020][  0]LogD3D11RHI:     GPU DeviceId: 0x1f9d (for the marketing name, search the web for "GPU Device Id")
[2022.07.06-01.45.44:020][  0]LogWindows: EnumDisplayDevices:
[2022.07.06-01.45.44:020][  0]LogWindows:    0. 'Intel(R) UHD Graphics' (P:1 D:1)
[2022.07.06-01.45.44:020][  0]LogWindows:    1. 'Intel(R) UHD Graphics' (P:0 D:0)
[2022.07.06-01.45.44:020][  0]LogWindows:    2. 'Intel(R) UHD Graphics' (P:0 D:0)
[2022.07.06-01.45.44:021][  0]LogWindows: DebugString: PrimaryIsNotTheChoosenAdapter PrimaryIsNotTheChoosenAdapter PrimaryIsNotTheChoosenAdapter FoundDriverCount:0 
[2022.07.06-01.45.44:021][  0]LogD3D11RHI:     Adapter Name: NVIDIA GeForce GTX 1650 with Max-Q Design
[2022.07.06-01.45.44:021][  0]LogD3D11RHI:   Driver Version: Unknown (internal:Unknown, unified:Unknown)
[2022.07.06-01.45.44:021][  0]LogD3D11RHI:      Driver Date: Unknown
[2022.07.06-01.45.44:021][  0]LogRHI: Texture pool is 2773 MB (70% of 3962 MB)
[2022.07.06-01.45.44:021][  0]LogD3D11RHI: Creating D3DDevice using adapter:
[2022.07.06-01.45.44:021][  0]LogD3D11RHI:     Description : NVIDIA GeForce GTX 1650 with Max-Q Design
[2022.07.06-01.45.44:021][  0]LogD3D11RHI:     VendorId    : 10de
[2022.07.06-01.45.44:021][  0]LogD3D11RHI:     DeviceId    : 1f9d
[2022.07.06-01.45.44:021][  0]LogD3D11RHI:     SubSysId    : 12f41462
[2022.07.06-01.45.44:021][  0]LogD3D11RHI:     Revision    : 00a1
[2022.07.06-01.45.44:021][  0]LogD3D11RHI:     DedicatedVideoMemory : 4154458112 bytes
[2022.07.06-01.45.44:021][  0]LogD3D11RHI:     DedicatedSystemMemory : 0 bytes
[2022.07.06-01.45.44:021][  0]LogD3D11RHI:     SharedSystemMemory : 8494641152 bytes
[2022.07.06-01.45.44:021][  0]LogD3D11RHI:     AdapterLuid : 0 55500
[2022.07.06-01.45.44:092][  0]LogD3D11RHI: RHI has support for 64 bit atomics
[2022.07.06-01.45.44:092][  0]LogD3D11RHI: Async texture creation enabled
[2022.07.06-01.45.44:092][  0]LogD3D11RHI: Array index from any shader is supported
[2022.07.06-01.45.44:105][  0]LogD3D11RHI: GPU Timing Frequency: 1000.000000 (Debug: 2 1)
[2022.07.06-01.45.44:135][  0]LogRHI: GeForceNow SDK initialized: 1
[2022.07.06-01.45.44:362][  0]LogTargetPlatformManager: Display: Loaded TargetPlatform 'WindowsNoEditor'
[2022.07.06-01.45.44:366][  0]LogTargetPlatformManager: Display: Loaded TargetPlatform 'Windows'
[2022.07.06-01.45.44:370][  0]LogTargetPlatformManager: Display: Loaded TargetPlatform 'WindowsClient'
[2022.07.06-01.45.44:373][  0]LogTargetPlatformManager: Display: Loaded TargetPlatform 'WindowsServer'
[2022.07.06-01.45.44:373][  0]LogTargetPlatformManager: Display: Building Assets For Windows
[2022.07.06-01.45.44:379][  0]LogAudioDebug: Display: Lib vorbis DLL was dynamically loaded.
[2022.07.06-01.45.44:401][  0]LogTextureFormatOodle: Display: Oodle Texture 2.9.0 init RDO Off
[2022.07.06-01.45.44:425][  0]LogRendererCore: Ray tracing is disabled. Reason: r.RayTracing=0.
[2022.07.06-01.45.44:425][  0]LogShaderCompilers: Guid format shader working directory is 0 characters bigger than the processId version (../../../../../../work/UnrealProject_C7/ShootingGame/Intermediate/Shaders/WorkingDirectory/2832/).
[2022.07.06-01.45.44:425][  0]LogShaderCompilers: Cleaned the shader compiler working directory 'C:/Users/parkdoyoung/AppData/Local/Temp/UnrealShaderWorkingDir/2618FF1B4538244A898E3E8AC458F4DB/'.
[2022.07.06-01.45.44:425][  0]LogXGEController: Cannot use XGE Controller as Incredibuild is not installed on this machine.
[2022.07.06-01.45.44:425][  0]LogShaderCompilers: Cannot use XGE Shader Compiler as Incredibuild is not installed on this machine.
[2022.07.06-01.45.44:425][  0]LogShaderCompilers: Display: Using Local Shader Compiler.
[2022.07.06-01.45.45:102][  0]LogDerivedDataCache: Display: Max Cache Size: 512 MB
[2022.07.06-01.45.45:148][  0]LogDerivedDataCache: Loaded boot cache 0.05s 94MB C:/Users/parkdoyoung/AppData/Local/UnrealEngine/4.27/DerivedDataCache/Boot.ddc.
[2022.07.06-01.45.45:148][  0]LogDerivedDataCache: Display: Loaded Boot cache: C:/Users/parkdoyoung/AppData/Local/UnrealEngine/4.27/DerivedDataCache/Boot.ddc
[2022.07.06-01.45.45:149][  0]LogDerivedDataCache: FDerivedDataBackendGraph:  Pak pak cache file ../../../../../../work/UnrealProject_C7/ShootingGame/DerivedDataCache/DDC.ddp not found, will not use a pak cache.
[2022.07.06-01.45.45:149][  0]LogDerivedDataCache: Unable to find inner node Pak for hierarchical cache Hierarchy.
[2022.07.06-01.45.45:149][  0]LogDerivedDataCache: FDerivedDataBackendGraph:  CompressedPak pak cache file ../../../../../../work/UnrealProject_C7/ShootingGame/DerivedDataCache/Compressed.ddp not found, will not use a pak cache.
[2022.07.06-01.45.45:149][  0]LogDerivedDataCache: Unable to find inner node CompressedPak for hierarchical cache Hierarchy.
[2022.07.06-01.45.45:163][  0]LogDerivedDataCache: Display: Pak cache opened for reading ../../../Engine/DerivedDataCache/Compressed.ddp.
[2022.07.06-01.45.45:163][  0]LogDerivedDataCache: FDerivedDataBackendGraph:  EnterprisePak pak cache file ../../../Enterprise/DerivedDataCache/Compressed.ddp not found, will not use a pak cache.
[2022.07.06-01.45.45:163][  0]LogDerivedDataCache: Unable to find inner node EnterprisePak for hierarchical cache Hierarchy.
[2022.07.06-01.45.45:170][  0]LogDerivedDataCache: Speed tests for C:/Users/parkdoyoung/AppData/Local/UnrealEngine/Common/DerivedDataCache took 0.01 seconds
[2022.07.06-01.45.45:170][  0]LogDerivedDataCache: Display: Performance to C:/Users/parkdoyoung/AppData/Local/UnrealEngine/Common/DerivedDataCache: Latency=0.02ms. RandomReadSpeed=281.30MBs, RandomWriteSpeed=266.01MBs. Assigned SpeedClass 'Local'
[2022.07.06-01.45.45:171][  0]LogDerivedDataCache: Using Local data cache path C:/Users/parkdoyoung/AppData/Local/UnrealEngine/Common/DerivedDataCache: Writable
[2022.07.06-01.45.45:171][  0]LogDerivedDataCache: Shared data cache path not found in *engine.ini, will not use an Shared cache.
[2022.07.06-01.45.45:171][  0]LogDerivedDataCache: Unable to find inner node Shared for hierarchical cache Hierarchy.
[2022.07.06-01.45.45:203][  0]LogSlate: Using FreeType 2.10.0
[2022.07.06-01.45.45:204][  0]LogSlate: SlateFontServices - WITH_FREETYPE: 1, WITH_HARFBUZZ: 1
[2022.07.06-01.45.45:280][  0]LogInit: Using OS detected language (ko-KR).
[2022.07.06-01.45.45:280][  0]LogInit: Using OS detected locale (ko-KR).
[2022.07.06-01.45.45:280][  0]LogTextLocalizationManager: No localization for 'ko-KR' exists, so 'en' will be used for the language.
[2022.07.06-01.45.45:280][  0]LogTextLocalizationManager: No localization for 'ko-KR' exists, so 'en' will be used for the locale.
[2022.07.06-01.45.45:280][  0]LogSlate: FontCache flush requested. Reason: Culture for localization was changed
[2022.07.06-01.45.45:280][  0]LogSlate: FontCache flush requested. Reason: Culture for localization was changed
[2022.07.06-01.45.45:282][  0]LogAssetRegistry: FAssetRegistry took 0.0017 seconds to start up
[2022.07.06-01.45.45:421][  0]LogTextLocalizationManager: Compacting localization data took   0.00ms
[2022.07.06-01.45.45:421][  0]LogPackageLocalizationCache: Processed 27 localized package path(s) for 1 prioritized culture(s) in 0.000870 seconds
[2022.07.06-01.45.45:475][  0]LogInit: Selected Device Profile: [Windows]
[2022.07.06-01.45.45:475][  0]LogInit: Active device profile: [00000154928C6C00][000001548B6BAA40 49] Windows
[2022.07.06-01.45.45:475][  0]LogInit: Profiles: [00000154928C6C00][000001548B6BAA40 49] Windows, [0000015492882F00][000001548B866BC0 49] WindowsNoEditor, [00000154928C7600][000001548B86AD40 49] WindowsServer, [0000015492880B00][000001548B86EEC0 49] WindowsClient, [00000154928C4B00][000001548B873040 49] IOS, [0000015492883700][000001548B8771C0 49] iPadAir, [00000154928C7B00][000001548B87B340 49] iPadAir2, [0000015492826600][000001548B5F7600 49] IPadPro, [0000015492826700][000001548B5F3640 49] iPadAir3, [00000154928C4500][000001548B6BF780 49] iPadAir4, [0000015492824100][000001548B5FB8C0 49] iPadMini2, [00000154928C7700][000001548B5FFA00 49] iPadMini3, [0000015492826F00][000001548B603B40 49] iPadMini4, [00000154928C5800][000001548B60A140 49] iPadMini5, [0000015492851F00][000001548B612400 49] iPhone6, [0000015492852000][000001548B60E440 49] iPodTouch6, [0000015492827200][000001548B61A700 49] iPhone7, [0000015492825B00][000001548B616740 49] iPodTouch7, [0000015492852E00][000001548B61E8C0 49] iPhone5S, [0000015492824800][000001548B622A40 49] iPhone6Plus, [0000015492852A00][000001548B626BC0 49] iPhone6S, [0000015492827700][000001548B62AD40 49] iPhone6SPlus, [0000015492851100][000001548B62EEC0 49] iPhone7Plus, [0000015492824C00][000001548B633040 49] iPhoneSE, [0000015492853500][000001548B6371C0 49] iPhone8, [0000015492825700][000001548B63B340 49] iPhone8Plus, [0000015492853600][0000015491D254C0 49] iPhoneX, [0000015492825900][0000015491D29640 49] iPhoneXS, [0000015492852C00][0000015491D2D7C0 49] iPhoneXSMax, [0000015492825100][000001548B607900 49] iPhoneXR, [0000015492851B00][0000015491D31A40 49] iPhone11, [0000015492826C00][0000015491D35B80 49] iPhone11Pro, [0000015492853300][0000015491D38140 49] iPhone11ProMax, [0000015492825000][0000015491D402C0 49] iPhoneSE2, [0000015492851300][0000015491D44440 49] iPhone12Mini, [0000015492826300][0000015491D485C0 49] iPhone12, [0000015492852F00][0000015491D4C740 49] iPhone12Pro, [0000015492827800][0000015491D508C0 49] iPhone12ProMax, [0000015492850400][0000015491D54A40 49] iPadPro105, [0000015492826900][0000015491D58BC0 49] iPadPro129, [0000015492852900][0000015491D5CD40 49] iPadPro97, [0000015492825C00][0000015491D60EC0 49] iPadPro2_129, [0000015492850A00][0000015491D65040 49] iPad5, [0000015492827E00][0000015491D691C0 49] iPad6, [0000015492853900][0000015491D6D340 49] iPad7, [0000015492826A00][0000015491D714C0 49] iPad8, [0000015492851C00][0000015491D75640 49] iPadPro11, [0000015492826000][0000015491D797C0 49] iPadPro2_11, [0000015492883000][0000015491D7D940 49] iPadPro3_129, [0000015492908100][0000015491D81AC0 49] iPadPro4_129, [0000015492882C00][0000015491D3DC00 49] AppleTV, [0000015492908C00][0000015491D841C0 49] AppleTV4K, [0000015492880100][0000015491D88300 49] TVOS, [0000015492909900][0000015491D90480 49] Mac, [0000015492882B00][0000015491D94600 49] MacClient, [0000015492908E00][0000015491D98780 49] MacNoEditor, [0000015492882800][0000015491D9C900 49] MacServer, [0000015492908B00][0000015491DA0A80 49] Linux, [0000015492882000][0000015491DA4C00 49] LinuxAArch64, [0000015492909700][0000015491DA8D80 49] LinuxNoEditor, [0000015492881400][0000015491DACF00 49] LinuxAArch64NoEditor, [0000015492908F00][0000015491DB1080 49] LinuxClient, [0000015492882700][0000015491DB5200 49] LinuxAArch64Client, [0000015492908200][0000015491DB9380 49] LinuxServer, [0000015492824300][0000015491DBD500 49] LinuxAArch64Server, [0000015492852800][0000015491DC1680 49] Android, [0000015492827000][0000015491DC5800 49] Android_Low, [0000015492852D00][0000015491DC9980 49] Android_Mid, [0000015492824500][0000015491DCDB00 49] Android_High, [0000015492853C00][0000015491DD0100 49] Android_Default, [0000015492826B00][0000015491D8C240 49] Android_Adreno4xx, [0000015492853F00][0000015491DD4380 49] Android_Adreno5xx_Low, [0000015492824600][0000015491DD84C0 49] Android_Adreno5xx, [0000015492853A00][0000015491DE0640 49] Android_Adreno6xx, [0000015492825600][0000015491DE47C0 49] Android_Adreno6xx_Vulkan, [0000015492853E00][0000015491DE8940 49] Android_Mali_T6xx, [0000015492827A00][0000015491DECAC0 49] Android_Mali_T7xx, [0000015492909C00][0000015491DF0C40 49] Android_Mali_T8xx, [0000015492827B00][0000015491DF4DC0 49] Android_Mali_G71, [000001549290A300][0000015491DF8F40 49] Android_Mali_G72, [0000015492825400][0000015491DFD0C0 49] Android_Mali_G72_Vulkan, [0000015492909300][0000015491E01240 49] Android_Mali_G76, [0000015492824900][0000015491E053C0 49] Android_Mali_G76_Vulkan, [0000015492909600][0000015491E09540 49] Android_Mali_G77, [0000015492827500][0000015491E0D6C0 49] Android_Mali_G77_Vulkan, [0000015492909000][0000015491E11840 49] Android_Mali_G78, [0000015492826200][0000015491E159C0 49] Android_Mali_G78_Vulkan, [0000015492851200][0000015491E19B40 49] Android_Mali_G710, [0000015492825200][0000015491E1C140 49] Android_Mali_G710_Vulkan, [0000015492851A00][000001548B63E2C0 49] Android_Vulkan_SM5, [0000015492825500][0000015491DDC400 49] Android_PowerVR_G6xxx, [0000015492850C00][000001548B642540 49] Android_PowerVR_GT7xxx, [0000015492824F00][000001548B646680 49] Android_PowerVR_GE8xxx, [0000015492851000][000001548B64A7C0 49] Android_PowerVR_GM9xxx, [0000015492827900][000001548B652940 49] Android_PowerVR_GM9xxx_Vulkan, [0000015492851600][000001548B656AC0 49] Android_TegraK1, [0000015492824700][000001548B65AC40 49] Android_Unknown_Vulkan, [0000015492852400][000001548B65EDC0 49] Lumin, [0000015492825300][000001548B662F40 49] Lumin_Desktop, [0000015492850900][000001548BA8B0C0 49] HoloLens, 
[2022.07.06-01.45.45:506][  0]LogMeshReduction: Using QuadricMeshReduction for automatic static mesh reduction
[2022.07.06-01.45.45:506][  0]LogMeshReduction: Using SimplygonMeshReduction for automatic skeletal mesh reduction
[2022.07.06-01.45.45:506][  0]LogMeshReduction: Using ProxyLODMeshReduction for automatic mesh merging
[2022.07.06-01.45.45:506][  0]LogMeshReduction: No distributed automatic mesh merging module available
[2022.07.06-01.45.45:506][  0]LogMeshMerging: No distributed automatic mesh merging module available
[2022.07.06-01.45.45:600][  0]LogNetVersion: ShootingGame 1.0.0, NetCL: 17155196, EngineNetVer: 17, GameNetVer: 0 (Checksum: 1120234365)
[2022.07.06-01.45.45:791][  0]LogTexture: Default maximum texture size for cubemaps generated from long-lat sources has been changed from 512 to unlimited. In order to preserve old behaiour for '/Engine/MapTemplates/Sky/DaylightAmbientCubemap.DaylightAmbientCubemap', its maximum texture size has been explicitly set to 512.
[2022.07.06-01.45.45:838][  0]LogHMD: PokeAHoleMaterial loaded successfully
[2022.07.06-01.45.45:916][  0]LogMoviePlayer: Initializing movie player
[2022.07.06-01.45.46:019][  0]LogNiagaraDebuggerClient: Niagara Debugger Client Initialized | Session: 4AE6F4A24B1CCD812C504FA3B8A5D3F4 | Instance: 27A29DAE4221D08A7634A2A461CB6343 (DESKTOP-HME5P3N-2832).
[2022.07.06-01.45.46:035][  0]LogCollectionManager: Loaded 0 collections in 0.001179 seconds
[2022.07.06-01.45.46:037][  0]LogFileCache: Scanning file cache for directory 'C:/work/UnrealProject_C7/ShootingGame/Saved/Collections/' took 0.00s
[2022.07.06-01.45.46:037][  0]LogFileCache: Scanning file cache for directory 'C:/work/UnrealProject_C7/ShootingGame/Content/Developers/parkdoyoung/Collections/' took 0.00s
[2022.07.06-01.45.46:037][  0]LogFileCache: Scanning file cache for directory 'C:/work/UnrealProject_C7/ShootingGame/Content/Collections/' took 0.00s
[2022.07.06-01.45.46:037][  0]LogCollectionManager: Fixed up redirectors for 0 collections in 0.000001 seconds (updated 0 objects)
[2022.07.06-01.45.46:113][  0]LogPython: Using Python 3.7.7
[2022.07.06-01.45.46:493][  0]LogUdpMessaging: Initializing bridge on interface 0.0.0.0:0 to multicast group 230.0.0.1:6666.
[2022.07.06-01.45.46:498][  0]LogTcpMessaging: Initializing TcpMessaging bridge
[2022.07.06-01.45.46:577][  0]SourceControl: Source control is disabled
[2022.07.06-01.45.46:577][  0]SourceControl: Source control is disabled
[2022.07.06-01.45.46:579][  0]SourceControl: Source control is disabled
[2022.07.06-01.45.46:585][  0]LogUProjectInfo: Found projects:
[2022.07.06-01.45.46:645][  0]LogOpenImageDenoise: OIDN starting up
[2022.07.06-01.45.46:653][  0]LogAndroidPermission: UAndroidPermissionCallbackProxy::GetInstance
[2022.07.06-01.45.46:669][  0]LogAudioCaptureCore: Display: No Audio Capture implementations found. Audio input will be silent.
[2022.07.06-01.45.46:669][  0]LogAudioCaptureCore: Display: No Audio Capture implementations found. Audio input will be silent.
[2022.07.06-01.45.46:735][  0]LogOcInput: OculusInput pre-init called
[2022.07.06-01.45.46:743][  0]LogUObjectArray: 22167 objects as part of root set at end of initial load.
[2022.07.06-01.45.46:743][  0]LogUObjectAllocator: 5995280 out of 0 bytes used by permanent object pool.
[2022.07.06-01.45.46:743][  0]LogUObjectArray: CloseDisregardForGC: 0/0 objects in disregard for GC pool
[2022.07.06-01.45.46:778][  0]LogEngine: Initializing Engine...
[2022.07.06-01.45.46:780][  0]LogHMD: Failed to enumerate extensions. Please check that you have a valid OpenXR runtime installed.
[2022.07.06-01.45.46:780][  0]LogHMD: Failed to initialize OpenVR with code 110
[2022.07.06-01.45.46:780][  0]LogMagicLeap: Warning: VR disabled because ZI is not enabled.  To enable, in the editor, Edit -> Project Settings -> Plugins -> Magic Leap Plugin -> Enable Zero Iteration
[2022.07.06-01.45.46:782][  0]LogStats: UGameplayTagsManager::InitializeManager -  0.000 s
[2022.07.06-01.45.46:862][  0]LogInit: Initializing FReadOnlyCVARCache
[2022.07.06-01.45.46:862][  0]LogAudio: Display: Initializing Audio Device Manager...
[2022.07.06-01.45.46:865][  0]LogAudio: Display: Loading Default Audio Settings Objects...
[2022.07.06-01.45.46:865][  0]LogAudio: Display: No default SoundConcurrencyObject specified (or failed to load).
[2022.07.06-01.45.46:865][  0]LogAudio: Display: Audio Device Manager Initialized
[2022.07.06-01.45.46:865][  0]LogAudio: Display: Creating Audio Device:                 Id: 1, Scope: Shared, Realtime: True
[2022.07.06-01.45.46:866][  0]LogAudioMixer: Display: Audio Mixer Platform Settings:
[2022.07.06-01.45.46:866][  0]LogAudioMixer: Display: 	Sample Rate:						  48000
[2022.07.06-01.45.46:866][  0]LogAudioMixer: Display: 	Callback Buffer Frame Size Requested: 1024
[2022.07.06-01.45.46:866][  0]LogAudioMixer: Display: 	Callback Buffer Frame Size To Use:	  1024
[2022.07.06-01.45.46:866][  0]LogAudioMixer: Display: 	Number of buffers to queue:			  2
[2022.07.06-01.45.46:866][  0]LogAudioMixer: Display: 	Max Channels (voices):				  32
[2022.07.06-01.45.46:866][  0]LogAudioMixer: Display: 	Number of Async Source Workers:		  0
[2022.07.06-01.45.46:866][  0]LogAudio: Display: AudioDevice MaxSources: 32
[2022.07.06-01.45.46:866][  0]LogAudio: Display: Audio Spatialization Plugin: None (built-in).
[2022.07.06-01.45.46:866][  0]LogAudio: Display: Audio Reverb Plugin: None (built-in).
[2022.07.06-01.45.46:866][  0]LogAudio: Display: Audio Occlusion Plugin: None (built-in).
[2022.07.06-01.45.46:866][  0]LogAudioMixer: Display: Initializing audio mixer.
[2022.07.06-01.45.46:879][  0]LogAudioMixer: Display: 0: FrontLeft
[2022.07.06-01.45.46:879][  0]LogAudioMixer: Display: 1: FrontRight
[2022.07.06-01.45.46:912][  0]LogAudioMixer: Display: Using Audio Device 스피커(Realtek(R) Audio)
[2022.07.06-01.45.46:918][  0]LogAudioMixer: Display: Initializing Sound Submixes...
[2022.07.06-01.45.46:919][  0]LogAudioMixer: Display: Creating Master Submix 'MasterSubmixDefault'
[2022.07.06-01.45.46:919][  0]LogAudioMixer: Display: Creating Master Submix 'MasterReverbSubmixDefault'
[2022.07.06-01.45.46:921][  0]LogAudioMixer: Display: Creating Master Submix 'MasterEQSubmixDefault'
[2022.07.06-01.45.46:921][  0]LogAudioMixer: FMixerPlatformXAudio2::StartAudioStream() called
[2022.07.06-01.45.46:922][  0]LogAudioMixer: Display: Output buffers initialized: Frames=1024, Channels=2, Samples=2048
[2022.07.06-01.45.46:922][  0]LogAudioMixer: Display: Starting AudioMixerPlatformInterface::RunInternal()
[2022.07.06-01.45.46:922][  0]LogAudioMixer: Display: FMixerPlatformXAudio2::SubmitBuffer() called for the first time
[2022.07.06-01.45.46:922][  0]LogInit: FAudioDevice initialized.
[2022.07.06-01.45.46:924][  0]LogNetVersion: Set ProjectVersion to 1.0.0.0. Version Checksum will be recalculated on next use.
[2022.07.06-01.45.46:925][  0]LogInit: Texture streaming: Enabled
[2022.07.06-01.45.46:979][  0]LogAudio: Display: Audio Device (ID: 1) registered with world 'Untitled'.
[2022.07.06-01.45.46:979][  0]LogSlate: Updating window title bar state: overlay mode, drag disabled, window buttons hidden, title bar hidden
[2022.07.06-01.45.46:980][  0]LogInit: Display: Game Engine Initialized.
[2022.07.06-01.45.46:980][  0]LogNiagaraEditor: GEditor isn't valid! Particle reset commands will not work for Niagara components!
[2022.07.06-01.45.47:079][  0]LogInit: Display: Starting Game.
[2022.07.06-01.45.47:079][  0]LogNet: Browse: 127.0.0.1:17777/Game/ThirdPersonBP/Maps/ThirdPersonExampleMap?Name=Player
[2022.07.06-01.45.47:079][  0]LogInit: WinSock: Socket queue. Rx: 32768 (config 32768) Tx: 32768 (config 32768)
[2022.07.06-01.45.47:079][  0]LogNet: Created socket for bind address: 0.0.0.0 on port 0
[2022.07.06-01.45.47:079][  0]PacketHandlerLog: Loaded PacketHandler component: Engine.EngineHandlerComponentFactory (StatelessConnectHandlerComponent)
[2022.07.06-01.45.47:079][  0]LogNet: Game client on port 17777, rate 100000
[2022.07.06-01.45.47:113][  0]LogInit: Display: Engine is initialized. Leaving FEngineLoop::Init()
[2022.07.06-01.45.47:113][  0]LogLoad: (Engine Initialization) Total time: 4.42 seconds
[2022.07.06-01.45.47:113][  0]LogLoad: (Engine Initialization) Total Blueprint compile time: 0.00 seconds
[2022.07.06-01.45.47:117][  0]LogContentStreaming: Texture pool size now 1000 MB
[2022.07.06-01.45.47:119][  0]LogSlate: InvalidateAllWidgets triggered.  All widgets were invalidated
[2022.07.06-01.45.48:227][640]LogHandshake: SendChallengeResponse. Timestamp: 5.894814, Cookie: 131168144017083050067023022073104180035199131254101195067005
[2022.07.06-01.45.48:561][ 12]LogNetVersion: ShootingGame 1.0.0.0, NetCL: 17155196, EngineNetVer: 17, GameNetVer: 0 (Checksum: 4194817616)
[2022.07.06-01.45.48:561][ 12]LogNet: UPendingNetGame::SendInitialJoin: Sending hello. [UNetConnection] RemoteAddr: 127.0.0.1:17777, Name: IpConnection_0, Driver: PendingNetDriver IpNetDriver_0, IsServer: NO, PC: NULL, Owner: NULL, UniqueId: INVALID
[2022.07.06-01.45.49:227][771]LogNet: Welcomed by server (Level: /Game/ThirdPersonBP/Maps/UEDPIE_0_ThirdPersonExampleMap, Game: /Game/ShootingGame/GameMode/BP_ShootingGameMode.BP_ShootingGameMode_C)
[2022.07.06-01.45.49:228][771]LogLoad: LoadMap: 127.0.0.1:17777/Game/ThirdPersonBP/Maps/ThirdPersonExampleMap?Name=Player?game=/Game/ShootingGame/GameMode/BP_ShootingGameMode.BP_ShootingGameMode_C
[2022.07.06-01.45.49:228][771]LogWorld: BeginTearingDown for /Temp/Untitled_0
[2022.07.06-01.45.49:228][771]LogWorld: UWorld::CleanupWorld for Untitled, bSessionEnded=true, bCleanupResources=true
[2022.07.06-01.45.49:228][771]LogSlate: InvalidateAllWidgets triggered.  All widgets were invalidated
[2022.07.06-01.45.49:232][771]LogAudio: Display: Audio Device unregistered from world 'None'.
[2022.07.06-01.45.49:234][771]LogUObjectHash: Compacting FUObjectHashTables data took   0.70ms
[2022.07.06-01.45.49:743][771]LogAudio: Display: Audio Device (ID: 1) registered with world 'ThirdPersonExampleMap'.
[2022.07.06-01.45.49:750][771]LogWorld: Bringing World /Game/ThirdPersonBP/Maps/ThirdPersonExampleMap.ThirdPersonExampleMap up for play (max tick rate 0) at 2022.07.06-10.45.49
[2022.07.06-01.45.49:750][771]LogWorld: Bringing up level for play took: 0.005493
[2022.07.06-01.45.49:751][771]LogSlate: Took 0.000144 seconds to synchronously load lazily loaded font '../../../Engine/Content/Slate/Fonts/Roboto-Regular.ttf' (155K)
[2022.07.06-01.45.49:753][771]LogRenderer: Reallocating scene render targets to support 640x480 Format 10 NumSamples 1 (Frame:1).
[2022.07.06-01.45.49:753][771]LogLoad: Took 0.525528 seconds to LoadMap(/Game/ThirdPersonBP/Maps/ThirdPersonExampleMap)
[2022.07.06-01.45.49:754][771]LogNavigation: Warning: NavData RegistrationFailed_DataPendingKill.
[2022.07.06-01.45.50:252][847]LogScript: Warning: Script Msg: BP_ShootingHud_C_0 BindPlayerStats SetTimer passed a negative or zero time. The associated timer may fail to be created/fire! If using InitialStartDelayVariance, be sure it is smaller than (Time + InitialStartDelay).
[2022.07.06-01.45.50:252][847]LogBlueprintUserMessages: [BP_ShootingCharacter_C_0] BP_ShootingCharacterBind Player Stats cast Fail
[2022.07.06-01.45.50:252][847]LogBlueprintUserMessages: [BP_ShootingCharacter_C_1] BP_ShootingCharacter1Bind Player Stats cast Fail
[2022.07.06-01.45.50:253][847]LogOnlineSession: Warning: OSS: No game present to join for session (GameSession)
[2022.07.06-01.45.50:253][847]LogBlueprintUserMessages: [BP_ShootingPlayerState_C_0] BP_ShootingPlayerState
[2022.07.06-01.45.50:253][847]LogOnlineSession: Warning: OSS: No game present to join for session (GameSession)
[2022.07.06-01.45.50:253][847]LogBlueprintUserMessages: [BP_ShootingPlayerState_C_1] BP_ShootingPlayerState1
[2022.07.06-01.45.55:315][403]LogBlueprintUserMessages: [BP_WeaponOnce_C_0] Hello
[2022.07.06-01.45.56:587][832]LogBlueprintUserMessages: [BP_ShootingPlayerState_C_0] OnRep_HP50.0
[2022.07.06-01.45.57:320][ 76]LogBlueprintUserMessages: [BP_WeaponOnce_C_0] Hello
[2022.07.06-01.45.57:924][175]LogBlueprintUserMessages: [BP_ShootingPlayerState_C_0] OnRep_HP0.0
[2022.07.06-01.46.09:335][788]LogBlueprintUserMessages: [BP_WeaponOnce_C_0] Hello
[2022.07.06-01.46.09:671][892]LogBlueprintUserMessages: [BP_WeaponOnce_C_0] Hello
[2022.07.06-01.46.09:939][976]LogBlueprintUserMessages: [BP_ShootingPlayerState_C_0] OnRep_HP-100.0
[2022.07.06-01.46.23:056][142]LogBlueprintUserMessages: [BP_WeaponOnce_C_0] Hello
[2022.07.06-01.46.23:312][186]LogBlueprintUserMessages: [BP_ShootingPlayerState_C_0] OnRep_HP-150.0
[2022.07.06-01.46.23:379][206]LogBlueprintUserMessages: [BP_WeaponOnce_C_0] Hello
[2022.07.06-01.46.24:654][616]LogBlueprintUserMessages: [BP_ShootingPlayerState_C_0] OnRep_HP-200.0
[2022.07.06-01.46.44:444][369]LogBlueprintUserMessages: [BP_WeaponOnce_C_0] Hello
[2022.07.06-01.46.44:775][434]LogBlueprintUserMessages: [BP_WeaponOnce_C_0] Hello
[2022.07.06-01.46.45:716][729]LogBlueprintUserMessages: [BP_ShootingPlayerState_C_0] OnRep_HP-300.0
[2022.07.06-01.46.45:780][748]LogBlueprintUserMessages: [BP_WeaponOnce_C_0] Hello
[2022.07.06-01.46.47:058][143]LogBlueprintUserMessages: [BP_ShootingPlayerState_C_0] OnRep_HP-350.0
[2022.07.06-01.46.57:146][142]LogBlueprintUserMessages: [BP_WeaponOnce_C_0] Hello
[2022.07.06-01.46.58:152][453]LogBlueprintUserMessages: [BP_WeaponOnce_C_0] Hello
[2022.07.06-01.46.59:504][724]LogBlueprintUserMessages: [BP_WeaponOnce_C_0] Hello
[2022.07.06-01.47.00:520][908]LogBlueprintUserMessages: [BP_WeaponOnce_C_0] Hello
[2022.07.06-01.47.01:169][ 51]LogBlueprintUserMessages: [BP_WeaponOnce_C_0] Hello
[2022.07.06-01.47.01:502][106]LogBlueprintUserMessages: [BP_WeaponOnce_C_0] Hello
[2022.07.06-01.47.07:440][558]LogBlueprintUserMessages: [BP_ShootingCharacter_C_0] Hello
[2022.07.06-01.47.07:774][666]LogBlueprintUserMessages: [BP_ShootingCharacter_C_0] Hello
[2022.07.06-01.47.10:788][569]LogBlueprintUserMessages: [BP_ShootingCharacter_C_0] Hello
[2022.07.06-01.47.11:125][675]LogBlueprintUserMessages: [BP_ShootingCharacter_C_0] Hello
[2022.07.06-01.47.14:464][737]LogBlueprintUserMessages: [BP_ShootingCharacter_C_0] Hello
