Log file open, 07/06/22 10:41:28
LogWindows: Failed to load 'aqProf.dll' (GetLastError=126)
LogWindows: File 'aqProf.dll' does not exist
LogWindows: Failed to load 'VtuneApi.dll' (GetLastError=126)
LogWindows: File 'VtuneApi.dll' does not exist
LogWindows: Failed to load 'VtuneApi32e.dll' (GetLastError=126)
LogWindows: File 'VtuneApi32e.dll' does not exist
LogConsoleResponse: Display: Failed to find resolution value strings in scalability ini. Falling back to default.
LogConsoleResponse: Display: Failed to find resolution value strings in scalability ini. Falling back to default.
LogInit: Display: Running engine for game: ShootingGame
LogPlatformFile: Not using cached read wrapper
LogTaskGraph: Started task graph with 5 named threads and 23 total threads with 3 sets of task threads.
LogStats: Stats thread started at 0.252338
LogICUInternationalization: ICU TimeZone Detection - Raw Offset: +9:00, Platform Override: ''
LogInit: Display: Loading text-based GConfig....
LogPluginManager: Mounting plugin MeshPainting
LogPluginManager: Mounting plugin XGEController
LogPluginManager: Mounting plugin Paper2D
LogPluginManager: Mounting plugin LiveLink
LogPluginManager: Mounting plugin AISupport
LogPluginManager: Mounting plugin EnvironmentQueryEditor
LogPluginManager: Mounting plugin LightPropagationVolume
LogPluginManager: Mounting plugin OodleData
LogPluginManager: Mounting plugin CameraShakePreviewer
LogPluginManager: Mounting plugin GameplayCameras
LogPluginManager: Mounting plugin AssetManagerEditor
LogPluginManager: Mounting plugin CurveEditorTools
LogPluginManager: Mounting plugin DataValidation
LogPluginManager: Mounting plugin FacialAnimation
LogPluginManager: Mounting plugin GameplayTagsEditor
LogPluginManager: Mounting plugin GeometryMode
LogPluginManager: Mounting plugin MacGraphicsSwitching
LogPluginManager: Mounting plugin MaterialAnalyzer
LogPluginManager: Mounting plugin MobileLauncherProfileWizard
LogPluginManager: Mounting plugin PluginBrowser
LogPluginManager: Mounting plugin SpeedTreeImporter
LogPluginManager: Mounting plugin AnimationSharing
LogPluginManager: Mounting plugin AlembicImporter
LogPluginManager: Mounting plugin OodleNetwork
LogPluginManager: Mounting plugin BackChannel
LogPluginManager: Mounting plugin ChaosCloth
LogPluginManager: Mounting plugin CLionSourceCodeAccess
LogPluginManager: Mounting plugin ChaosClothEditor
LogPluginManager: Mounting plugin AutomationUtils
LogPluginManager: Mounting plugin Niagara
LogPluginManager: Mounting plugin ChaosNiagara
LogPluginManager: Mounting plugin ChaosEditor
LogPluginManager: Mounting plugin ChaosSolverPlugin
LogPluginManager: Mounting plugin CodeLiteSourceCodeAccess
LogPluginManager: Mounting plugin GitSourceControl
LogPluginManager: Mounting plugin LuminPlatformFeatures
LogPluginManager: Mounting plugin CharacterAI
LogPluginManager: Mounting plugin KDevelopSourceCodeAccess
LogPluginManager: Mounting plugin NullSourceCodeAccess
LogPluginManager: Mounting plugin PerforceSourceControl
LogPluginManager: Mounting plugin PixWinPlugin
LogPluginManager: Mounting plugin PlasticSourceControl
LogPluginManager: Mounting plugin PropertyAccessNode
LogPluginManager: Mounting plugin CryptoKeys
LogPluginManager: Mounting plugin PluginUtils
LogPluginManager: Mounting plugin RiderSourceCodeAccess
LogPluginManager: Mounting plugin SubversionSourceControl
LogPluginManager: Mounting plugin TextureFormatOodle
LogPluginManager: Mounting plugin UObjectPlugin
LogPluginManager: Mounting plugin GeometryCollectionPlugin
LogPluginManager: Mounting plugin VisualStudioSourceCodeAccess
LogPluginManager: Mounting plugin XCodeSourceCodeAccess
LogPluginManager: Mounting plugin VisualStudioCodeSourceCodeAccess
LogPluginManager: Mounting plugin MagicLeapLightEstimation
LogPluginManager: Mounting plugin MagicLeapMedia
LogPluginManager: Mounting plugin MagicLeapPassableWorld
LogPluginManager: Mounting plugin MLSDK
LogPluginManager: Mounting plugin GeometryProcessing
LogPluginManager: Mounting plugin MotoSynth
LogPluginManager: Mounting plugin PlanarCut
LogPluginManager: Mounting plugin OpenImageDenoise
LogPluginManager: Mounting plugin PythonScriptPlugin
LogPluginManager: Mounting plugin GeometryCache
LogPluginManager: Mounting plugin SkeletalReduction
LogPluginManager: Mounting plugin ProxyLODPlugin
LogPluginManager: Mounting plugin PlatformCrypto
LogPluginManager: Mounting plugin MagicLeap
LogPluginManager: Mounting plugin DatasmithContent
LogPluginManager: Mounting plugin VariantManagerContent
LogPluginManager: Mounting plugin TcpMessaging
LogPluginManager: Mounting plugin UdpMessaging
LogPluginManager: Mounting plugin ActorSequence
LogPluginManager: Mounting plugin LevelSequenceEditor
LogPluginManager: Mounting plugin MatineeToLevelSequence
LogPluginManager: Mounting plugin TemplateSequence
LogPluginManager: Mounting plugin OnlineSubsystem
LogPluginManager: Mounting plugin OnlineSubsystemNull
LogPluginManager: Mounting plugin OnlineSubsystemUtils
LogPluginManager: Mounting plugin LauncherChunkInstaller
LogPluginManager: Mounting plugin ActorLayerUtilities
LogPluginManager: Mounting plugin AndroidDeviceProfileSelector
LogPluginManager: Mounting plugin AndroidPermission
LogPluginManager: Mounting plugin ApexDestruction
LogPluginManager: Mounting plugin AppleImageUtils
LogPluginManager: Mounting plugin AppleMoviePlayer
LogPluginManager: Mounting plugin ArchVisCharacter
LogPluginManager: Mounting plugin AssetTags
LogPluginManager: Mounting plugin AndroidMoviePlayer
LogPluginManager: Mounting plugin AudioCapture
LogPluginManager: Mounting plugin AudioSynesthesia
LogPluginManager: Mounting plugin CableComponent
LogPluginManager: Mounting plugin ChunkDownloader
LogPluginManager: Mounting plugin CustomMeshComponent
LogPluginManager: Mounting plugin EditableMesh
LogPluginManager: Mounting plugin ExampleDeviceProfileSelector
LogPluginManager: Mounting plugin GooglePAD
LogPluginManager: Mounting plugin ScreenshotTools
LogPluginManager: Mounting plugin IOSDeviceProfileSelector
LogPluginManager: Mounting plugin LinuxDeviceProfileSelector
LogPluginManager: Mounting plugin LocationServicesBPLibrary
LogPluginManager: Mounting plugin MobilePatchingUtils
LogPluginManager: Mounting plugin OpenXR
LogPluginManager: Mounting plugin OpenXREyeTracker
LogPluginManager: Mounting plugin OpenXRHandTracking
LogPluginManager: Mounting plugin PhysXVehicles
LogPluginManager: Mounting plugin GoogleCloudMessaging
LogPluginManager: Mounting plugin Takes
LogPluginManager: Mounting plugin PostSplashScreen
LogPluginManager: Mounting plugin ProceduralMeshComponent
LogPluginManager: Mounting plugin PropertyAccessEditor
LogPluginManager: Mounting plugin RuntimePhysXCooking
LogPluginManager: Mounting plugin SignificanceManager
LogPluginManager: Mounting plugin SoundFields
LogPluginManager: Mounting plugin Synthesis
LogPluginManager: Mounting plugin WebMMoviePlayer
LogPluginManager: Mounting plugin AndroidMedia
LogPluginManager: Mounting plugin WindowsMoviePlayer
LogPluginManager: Mounting plugin ImgMedia
LogPluginManager: Mounting plugin AvfMedia
LogPluginManager: Mounting plugin MediaCompositing
LogPluginManager: Mounting plugin MediaPlayerEditor
LogPluginManager: Mounting plugin WmfMedia
LogPluginManager: Mounting plugin WebMMedia
LogPluginManager: Mounting plugin ContentBrowserAssetDataSource
LogPluginManager: Mounting plugin ContentBrowserClassDataSource
LogPluginManager: Mounting plugin ContentBrowserFileDataSource
LogPluginManager: Mounting plugin OnlineSubsystemGooglePlay
LogPluginManager: Mounting plugin OnlineSubsystemIOS
LogPluginManager: Mounting plugin OculusVR
LogPluginManager: Mounting plugin SteamVR
PixWinPlugin: PIX capture plugin failed to initialize! Check that the process is launched from PIX.
LogInit: Using libcurl 7.55.1-DEV
LogInit:  - built for x86_64-pc-win32
LogInit:  - supports SSL with OpenSSL/1.1.1
LogInit:  - supports HTTP deflate (compression) using libz 1.2.8
LogInit:  - other features:
LogInit:      CURL_VERSION_SSL
LogInit:      CURL_VERSION_LIBZ
LogInit:      CURL_VERSION_IPV6
LogInit:      CURL_VERSION_ASYNCHDNS
LogInit:      CURL_VERSION_LARGEFILE
LogInit:      CURL_VERSION_IDN
LogInit:  CurlRequestOptions (configurable via config and command line):
LogInit:  - bVerifyPeer = true  - Libcurl will verify peer certificate
LogInit:  - bUseHttpProxy = false  - Libcurl will NOT use HTTP proxy
LogInit:  - bDontReuseConnections = false  - Libcurl will reuse connections
LogInit:  - MaxHostConnections = 16  - Libcurl will limit the number of connections to a host
LogInit:  - LocalHostAddr = Default
LogInit:  - BufferSize = 65536
LogOnline: OSS: Creating online subsystem instance for: NULL
LogInit: WinSock: version 1.1 (2.2), MaxSocks=32767, MaxUdp=65467
LogOnline: OSS: TryLoadSubsystemAndSetDefault: Loaded subsystem for module [NULL]
LogOculusPluginWrapper: OculusPlugin initialized successfully
LogHMD: Failed initializing OVRPlugin 1.59.0
LogInit: Build: ++UE4+Release-4.27-CL-18319896
LogInit: Engine Version: 4.27.2-18319896+++UE4+Release-4.27
LogInit: Compatible Engine Version: 4.27.0-17155196+++UE4+Release-4.27
LogInit: Net CL: 17155196
LogInit: OS: Windows 10 (Release 2009) (), CPU: Intel(R) Core(TM) i5-10300H CPU @ 2.50GHz, GPU: Intel(R) UHD Graphics
LogInit: Compiled (64-bit): Nov 30 2021 07:12:08
LogInit: Compiled with Visual C++: 19.24.28315.00
LogInit: Build Configuration: Development
LogInit: Branch Name: ++UE4+Release-4.27
LogInit: Command Line:  127.0.0.1:17777 -game -PIEVIACONSOLE -Multiprocess GameUserSettingsINI=C:/work/UnrealProject_C7/ShootingGame/Saved/Config/Windows/PIEGameUserSettings1.ini -MultiprocessSaveConfig -forcepassthrough -messaging -SessionName="Play in Standalone Game" -windowed -WinX=0 -WinY=30 SAVEWINPOS=1 -ResX=640 -ResY=480
LogInit: Base Directory: C:/Program Files/Epic Games/UE_4.27/Engine/Binaries/Win64/
LogInit: Allocator: TBB
LogInit: Installed Engine Build: 1
LogDevObjectVersion: Number of dev versions registered: 29
LogDevObjectVersion:   Dev-Blueprints (B0D832E4-1F89-4F0D-ACCF-7EB736FD4AA2): 10
LogDevObjectVersion:   Dev-Build (E1C64328-A22C-4D53-A36C-8E866417BD8C): 0
LogDevObjectVersion:   Dev-Core (375EC13C-06E4-48FB-B500-84F0262A717E): 4
LogDevObjectVersion:   Dev-Editor (E4B068ED-F494-42E9-A231-DA0B2E46BB41): 40
LogDevObjectVersion:   Dev-Framework (CFFC743F-43B0-4480-9391-14DF171D2073): 37
LogDevObjectVersion:   Dev-Mobile (B02B49B5-BB20-44E9-A304-32B752E40360): 3
LogDevObjectVersion:   Dev-Networking (A4E4105C-59A1-49B5-A7C5-40C4547EDFEE): 0
LogDevObjectVersion:   Dev-Online (39C831C9-5AE6-47DC-9A44-9C173E1C8E7C): 0
LogDevObjectVersion:   Dev-Physics (78F01B33-EBEA-4F98-B9B4-84EACCB95AA2): 14
LogDevObjectVersion:   Dev-Platform (6631380F-2D4D-43E0-8009-CF276956A95A): 0
LogDevObjectVersion:   Dev-Rendering (12F88B9F-8875-4AFC-A67C-D90C383ABD29): 45
LogDevObjectVersion:   Dev-Sequencer (7B5AE74C-D270-4C10-A958-57980B212A5A): 13
LogDevObjectVersion:   Dev-VR (D7296918-1DD6-4BDD-9DE2-64A83CC13884): 3
LogDevObjectVersion:   Dev-LoadTimes (C2A15278-BFE7-4AFE-6C17-90FF531DF755): 1
LogDevObjectVersion:   Private-Geometry (6EACA3D4-40EC-4CC1-B786-8BED09428FC5): 3
LogDevObjectVersion:   Dev-AnimPhys (29E575DD-E0A3-4627-9D10-D276232CDCEA): 17
LogDevObjectVersion:   Dev-Anim (AF43A65D-7FD3-4947-9873-3E8ED9C1BB05): 15
LogDevObjectVersion:   Dev-ReflectionCapture (6B266CEC-1EC7-4B8F-A30B-E4D90942FC07): 1
LogDevObjectVersion:   Dev-Automation (0DF73D61-A23F-47EA-B727-89E90C41499A): 1
LogDevObjectVersion:   FortniteMain (601D1886-AC64-4F84-AA16-D3DE0DEAC7D6): 47
LogDevObjectVersion:   FortniteRelease (E7086368-6B23-4C58-8439-1B7016265E91): 1
LogDevObjectVersion:   Dev-Enterprise (9DFFBCD6-494F-0158-E221-12823C92A888): 10
LogDevObjectVersion:   Dev-Niagara (F2AED0AC-9AFE-416F-8664-AA7FFA26D6FC): 1
LogDevObjectVersion:   Dev-Destruction (174F1F0B-B4C6-45A5-B13F-2EE8D0FB917D): 10
LogDevObjectVersion:   Dev-Physics-Ext (35F94A83-E258-406C-A318-09F59610247C): 41
LogDevObjectVersion:   Dev-PhysicsMaterial-Chaos (B68FC16E-8B1B-42E2-B453-215C058844FE): 1
LogDevObjectVersion:   Dev-CineCamera (B2E18506-4273-CFC2-A54E-F4BB758BBA07): 1
LogDevObjectVersion:   Dev-VirtualProduction (64F58936-FD1B-42BA-BA96-7289D5D0FA4E): 1
LogDevObjectVersion:   Dev-MediaFramework (6F0ED827-A609-4895-9C91-998D90180EA4): 2
LogInit: Presizing for max 25165824 objects, including 0 objects not considered by GC, pre-allocating 0 bytes for permanent pool.
LogConfig: Applying CVar settings from Section [/Script/Engine.StreamingSettings] File [C:/work/UnrealProject_C7/ShootingGame/Saved/Config/Windows/Engine.ini]
LogConfig: Setting CVar [[s.MinBulkDataSizeForAsyncLoading:131072]]
LogConfig: Setting CVar [[s.AsyncLoadingThreadEnabled:0]]
LogConfig: Setting CVar [[s.EventDrivenLoaderEnabled:1]]
LogConfig: Setting CVar [[s.WarnIfTimeLimitExceeded:0]]
LogConfig: Setting CVar [[s.TimeLimitExceededMultiplier:1.5]]
LogConfig: Setting CVar [[s.TimeLimitExceededMinTime:0.005]]
LogConfig: Setting CVar [[s.UseBackgroundLevelStreaming:1]]
LogConfig: Setting CVar [[s.PriorityAsyncLoadingExtraTime:15.0]]
LogConfig: Setting CVar [[s.LevelStreamingActorsUpdateTimeLimit:5.0]]
LogConfig: Setting CVar [[s.PriorityLevelStreamingActorsUpdateExtraTime:5.0]]
LogConfig: Setting CVar [[s.LevelStreamingComponentsRegistrationGranularity:10]]
LogConfig: Setting CVar [[s.UnregisterComponentsTimeLimit:1.0]]
LogConfig: Setting CVar [[s.LevelStreamingComponentsUnregistrationGranularity:5]]
LogConfig: Setting CVar [[s.FlushStreamingOnExit:1]]
LogInit: Object subsystem initialized
LogConfig: Setting CVar [[con.DebugEarlyDefault:1]]
LogConfig: Setting CVar [[r.setres:1280x720]]
[2022.07.06-01.41.29:293][  0]LogConfig: Setting CVar [[con.DebugEarlyDefault:1]]
[2022.07.06-01.41.29:293][  0]LogConfig: Setting CVar [[r.setres:1280x720]]
[2022.07.06-01.41.29:293][  0]LogConfig: Applying CVar settings from Section [/Script/Engine.RendererSettings] File [C:/work/UnrealProject_C7/ShootingGame/Saved/Config/Windows/Engine.ini]
[2022.07.06-01.41.29:293][  0]LogConfig: Setting CVar [[r.GPUCrashDebugging:0]]
[2022.07.06-01.41.29:293][  0]LogConfig: Applying CVar settings from Section [/Script/Engine.RendererOverrideSettings] File [C:/work/UnrealProject_C7/ShootingGame/Saved/Config/Windows/Engine.ini]
[2022.07.06-01.41.29:293][  0]LogConfig: Applying CVar settings from Section [/Script/Engine.StreamingSettings] File [C:/work/UnrealProject_C7/ShootingGame/Saved/Config/Windows/Engine.ini]
[2022.07.06-01.41.29:293][  0]LogConfig: Setting CVar [[s.MinBulkDataSizeForAsyncLoading:131072]]
[2022.07.06-01.41.29:293][  0]LogConfig: Setting CVar [[s.AsyncLoadingThreadEnabled:0]]
[2022.07.06-01.41.29:293][  0]LogConfig: Setting CVar [[s.EventDrivenLoaderEnabled:1]]
[2022.07.06-01.41.29:293][  0]LogConfig: Setting CVar [[s.WarnIfTimeLimitExceeded:0]]
[2022.07.06-01.41.29:293][  0]LogConfig: Setting CVar [[s.TimeLimitExceededMultiplier:1.5]]
[2022.07.06-01.41.29:293][  0]LogConfig: Setting CVar [[s.TimeLimitExceededMinTime:0.005]]
[2022.07.06-01.41.29:293][  0]LogConfig: Setting CVar [[s.UseBackgroundLevelStreaming:1]]
[2022.07.06-01.41.29:293][  0]LogConfig: Setting CVar [[s.PriorityAsyncLoadingExtraTime:15.0]]
[2022.07.06-01.41.29:293][  0]LogConfig: Setting CVar [[s.LevelStreamingActorsUpdateTimeLimit:5.0]]
[2022.07.06-01.41.29:293][  0]LogConfig: Setting CVar [[s.PriorityLevelStreamingActorsUpdateExtraTime:5.0]]
[2022.07.06-01.41.29:293][  0]LogConfig: Setting CVar [[s.LevelStreamingComponentsRegistrationGranularity:10]]
[2022.07.06-01.41.29:293][  0]LogConfig: Setting CVar [[s.UnregisterComponentsTimeLimit:1.0]]
[2022.07.06-01.41.29:293][  0]LogConfig: Setting CVar [[s.LevelStreamingComponentsUnregistrationGranularity:5]]
[2022.07.06-01.41.29:293][  0]LogConfig: Setting CVar [[s.FlushStreamingOnExit:1]]
[2022.07.06-01.41.29:293][  0]LogConfig: Applying CVar settings from Section [/Script/Engine.GarbageCollectionSettings] File [C:/work/UnrealProject_C7/ShootingGame/Saved/Config/Windows/Engine.ini]
[2022.07.06-01.41.29:293][  0]LogConfig: Setting CVar [[gc.MaxObjectsNotConsideredByGC:1]]
[2022.07.06-01.41.29:293][  0]LogConfig: Setting CVar [[gc.SizeOfPermanentObjectPool:0]]
[2022.07.06-01.41.29:293][  0]LogConfig: Setting CVar [[gc.FlushStreamingOnGC:0]]
[2022.07.06-01.41.29:293][  0]LogConfig: Setting CVar [[gc.NumRetriesBeforeForcingGC:10]]
[2022.07.06-01.41.29:293][  0]LogConfig: Setting CVar [[gc.AllowParallelGC:1]]
[2022.07.06-01.41.29:293][  0]LogConfig: Setting CVar [[gc.TimeBetweenPurgingPendingKillObjects:61.1]]
[2022.07.06-01.41.29:293][  0]LogConfig: Setting CVar [[gc.MaxObjectsInEditor:25165824]]
[2022.07.06-01.41.29:293][  0]LogConfig: Setting CVar [[gc.IncrementalBeginDestroyEnabled:1]]
[2022.07.06-01.41.29:293][  0]LogConfig: Setting CVar [[gc.CreateGCClusters:1]]
[2022.07.06-01.41.29:293][  0]LogConfig: Setting CVar [[gc.MinGCClusterSize:5]]
[2022.07.06-01.41.29:293][  0]LogConfig: Setting CVar [[gc.ActorClusteringEnabled:0]]
[2022.07.06-01.41.29:293][  0]LogConfig: Setting CVar [[gc.BlueprintClusteringEnabled:0]]
[2022.07.06-01.41.29:293][  0]LogConfig: Setting CVar [[gc.UseDisregardForGCOnDedicatedServers:0]]
[2022.07.06-01.41.29:293][  0]LogConfig: Setting CVar [[gc.MultithreadedDestructionEnabled:1]]
[2022.07.06-01.41.29:293][  0]LogConfig: Applying CVar settings from Section [/Script/Engine.NetworkSettings] File [C:/work/UnrealProject_C7/ShootingGame/Saved/Config/Windows/Engine.ini]
[2022.07.06-01.41.29:293][  0]LogConfig: Applying CVar settings from Section [/Script/UnrealEd.CookerSettings] File [C:/work/UnrealProject_C7/ShootingGame/Saved/Config/Windows/Engine.ini]
[2022.07.06-01.41.29:297][  0]LogConfig: Applying CVar settings from Section [ViewDistanceQuality@3] File [C:/work/UnrealProject_C7/ShootingGame/Saved/Config/Windows/Scalability.ini]
[2022.07.06-01.41.29:297][  0]LogConfig: Setting CVar [[r.SkeletalMeshLODBias:0]]
[2022.07.06-01.41.29:297][  0]LogConfig: Setting CVar [[r.ViewDistanceScale:1.0]]
[2022.07.06-01.41.29:297][  0]LogConfig: Applying CVar settings from Section [AntiAliasingQuality@3] File [C:/work/UnrealProject_C7/ShootingGame/Saved/Config/Windows/Scalability.ini]
[2022.07.06-01.41.29:297][  0]LogConfig: Setting CVar [[r.PostProcessAAQuality:4]]
[2022.07.06-01.41.29:297][  0]LogConfig: Applying CVar settings from Section [ShadowQuality@3] File [C:/work/UnrealProject_C7/ShootingGame/Saved/Config/Windows/Scalability.ini]
[2022.07.06-01.41.29:298][  0]LogConfig: Setting CVar [[r.LightFunctionQuality:1]]
[2022.07.06-01.41.29:298][  0]LogConfig: Setting CVar [[r.ShadowQuality:5]]
[2022.07.06-01.41.29:298][  0]LogConfig: Setting CVar [[r.Shadow.CSM.MaxCascades:10]]
[2022.07.06-01.41.29:298][  0]LogConfig: Setting CVar [[r.Shadow.MaxResolution:2048]]
[2022.07.06-01.41.29:298][  0]LogConfig: Setting CVar [[r.Shadow.MaxCSMResolution:2048]]
[2022.07.06-01.41.29:298][  0]LogConfig: Setting CVar [[r.Shadow.RadiusThreshold:0.01]]
[2022.07.06-01.41.29:298][  0]LogConfig: Setting CVar [[r.Shadow.DistanceScale:1.0]]
[2022.07.06-01.41.29:298][  0]LogConfig: Setting CVar [[r.Shadow.CSM.TransitionScale:1.0]]
[2022.07.06-01.41.29:298][  0]LogConfig: Setting CVar [[r.Shadow.PreShadowResolutionFactor:1.0]]
[2022.07.06-01.41.29:298][  0]LogConfig: Setting CVar [[r.DistanceFieldShadowing:1]]
[2022.07.06-01.41.29:298][  0]LogConfig: Setting CVar [[r.DistanceFieldAO:1]]
[2022.07.06-01.41.29:298][  0]LogConfig: Setting CVar [[r.AOQuality:2]]
[2022.07.06-01.41.29:298][  0]LogConfig: Setting CVar [[r.VolumetricFog:1]]
[2022.07.06-01.41.29:298][  0]LogConfig: Setting CVar [[r.VolumetricFog.GridPixelSize:8]]
[2022.07.06-01.41.29:298][  0]LogConfig: Setting CVar [[r.VolumetricFog.GridSizeZ:128]]
[2022.07.06-01.41.29:298][  0]LogConfig: Setting CVar [[r.VolumetricFog.HistoryMissSupersampleCount:4]]
[2022.07.06-01.41.29:298][  0]LogConfig: Setting CVar [[r.LightMaxDrawDistanceScale:1]]
[2022.07.06-01.41.29:298][  0]LogConfig: Setting CVar [[r.CapsuleShadows:1]]
[2022.07.06-01.41.29:298][  0]LogConfig: Applying CVar settings from Section [PostProcessQuality@3] File [C:/work/UnrealProject_C7/ShootingGame/Saved/Config/Windows/Scalability.ini]
[2022.07.06-01.41.29:298][  0]LogConfig: Setting CVar [[r.MotionBlurQuality:4]]
[2022.07.06-01.41.29:298][  0]LogConfig: Setting CVar [[r.AmbientOcclusionMipLevelFactor:0.4]]
[2022.07.06-01.41.29:298][  0]LogConfig: Setting CVar [[r.AmbientOcclusionMaxQuality:100]]
[2022.07.06-01.41.29:298][  0]LogConfig: Setting CVar [[r.AmbientOcclusionLevels:-1]]
[2022.07.06-01.41.29:298][  0]LogConfig: Setting CVar [[r.AmbientOcclusionRadiusScale:1.0]]
[2022.07.06-01.41.29:298][  0]LogConfig: Setting CVar [[r.DepthOfFieldQuality:2]]
[2022.07.06-01.41.29:298][  0]LogConfig: Setting CVar [[r.RenderTargetPoolMin:400]]
[2022.07.06-01.41.29:298][  0]LogConfig: Setting CVar [[r.LensFlareQuality:2]]
[2022.07.06-01.41.29:298][  0]LogConfig: Setting CVar [[r.SceneColorFringeQuality:1]]
[2022.07.06-01.41.29:298][  0]LogConfig: Setting CVar [[r.EyeAdaptationQuality:2]]
[2022.07.06-01.41.29:298][  0]LogConfig: Setting CVar [[r.BloomQuality:5]]
[2022.07.06-01.41.29:298][  0]LogConfig: Setting CVar [[r.FastBlurThreshold:100]]
[2022.07.06-01.41.29:298][  0]LogConfig: Setting CVar [[r.Upscale.Quality:3]]
[2022.07.06-01.41.29:298][  0]LogConfig: Setting CVar [[r.Tonemapper.GrainQuantization:1]]
[2022.07.06-01.41.29:298][  0]LogConfig: Setting CVar [[r.LightShaftQuality:1]]
[2022.07.06-01.41.29:298][  0]LogConfig: Setting CVar [[r.Filter.SizeScale:1]]
[2022.07.06-01.41.29:298][  0]LogConfig: Setting CVar [[r.Tonemapper.Quality:5]]
[2022.07.06-01.41.29:298][  0]LogConfig: Setting CVar [[r.DOF.Gather.AccumulatorQuality:1        ; higher gathering accumulator quality]]
[2022.07.06-01.41.29:298][  0]LogConfig: Setting CVar [[r.DOF.Gather.PostfilterMethod:1          ; Median3x3 postfilering method]]
[2022.07.06-01.41.29:298][  0]LogConfig: Setting CVar [[r.DOF.Gather.EnableBokehSettings:0       ; no bokeh simulation when gathering]]
[2022.07.06-01.41.29:298][  0]LogConfig: Setting CVar [[r.DOF.Gather.RingCount:4                 ; medium number of samples when gathering]]
[2022.07.06-01.41.29:298][  0]LogConfig: Setting CVar [[r.DOF.Scatter.ForegroundCompositing:1    ; additive foreground scattering]]
[2022.07.06-01.41.29:298][  0]LogConfig: Setting CVar [[r.DOF.Scatter.BackgroundCompositing:2    ; additive background scattering]]
[2022.07.06-01.41.29:298][  0]LogConfig: Setting CVar [[r.DOF.Scatter.EnableBokehSettings:1      ; bokeh simulation when scattering]]
[2022.07.06-01.41.29:298][  0]LogConfig: Setting CVar [[r.DOF.Scatter.MaxSpriteRatio:0.1         ; only a maximum of 10% of scattered bokeh]]
[2022.07.06-01.41.29:298][  0]LogConfig: Setting CVar [[r.DOF.Recombine.Quality:1                ; cheap slight out of focus]]
[2022.07.06-01.41.29:298][  0]LogConfig: Setting CVar [[r.DOF.Recombine.EnableBokehSettings:0    ; no bokeh simulation on slight out of focus]]
[2022.07.06-01.41.29:298][  0]LogConfig: Setting CVar [[r.DOF.TemporalAAQuality:1                ; more stable temporal accumulation]]
[2022.07.06-01.41.29:298][  0]LogConfig: Setting CVar [[r.DOF.Kernel.MaxForegroundRadius:0.025]]
[2022.07.06-01.41.29:298][  0]LogConfig: Setting CVar [[r.DOF.Kernel.MaxBackgroundRadius:0.025]]
[2022.07.06-01.41.29:298][  0]LogConfig: Applying CVar settings from Section [TextureQuality@3] File [C:/work/UnrealProject_C7/ShootingGame/Saved/Config/Windows/Scalability.ini]
[2022.07.06-01.41.29:298][  0]LogConfig: Setting CVar [[r.Streaming.MipBias:0]]
[2022.07.06-01.41.29:298][  0]LogConfig: Setting CVar [[r.Streaming.AmortizeCPUToGPUCopy:0]]
[2022.07.06-01.41.29:298][  0]LogConfig: Setting CVar [[r.Streaming.MaxNumTexturesToStreamPerFrame:0]]
[2022.07.06-01.41.29:298][  0]LogConfig: Setting CVar [[r.Streaming.Boost:1]]
[2022.07.06-01.41.29:298][  0]LogConfig: Setting CVar [[r.MaxAnisotropy:8]]
[2022.07.06-01.41.29:298][  0]LogConfig: Setting CVar [[r.VT.MaxAnisotropy:8]]
[2022.07.06-01.41.29:298][  0]LogConfig: Setting CVar [[r.Streaming.LimitPoolSizeToVRAM:0]]
[2022.07.06-01.41.29:298][  0]LogConfig: Setting CVar [[r.Streaming.PoolSize:1000]]
[2022.07.06-01.41.29:298][  0]LogConfig: Setting CVar [[r.Streaming.MaxEffectiveScreenSize:0]]
[2022.07.06-01.41.29:298][  0]LogConfig: Applying CVar settings from Section [EffectsQuality@3] File [C:/work/UnrealProject_C7/ShootingGame/Saved/Config/Windows/Scalability.ini]
[2022.07.06-01.41.29:298][  0]LogConfig: Setting CVar [[r.TranslucencyLightingVolumeDim:64]]
[2022.07.06-01.41.29:298][  0]LogConfig: Setting CVar [[r.RefractionQuality:2]]
[2022.07.06-01.41.29:298][  0]LogConfig: Setting CVar [[r.SSR.Quality:3]]
[2022.07.06-01.41.29:298][  0]LogConfig: Setting CVar [[r.SSR.HalfResSceneColor:0]]
[2022.07.06-01.41.29:298][  0]LogConfig: Setting CVar [[r.SceneColorFormat:4]]
[2022.07.06-01.41.29:298][  0]LogConfig: Setting CVar [[r.DetailMode:2]]
[2022.07.06-01.41.29:298][  0]LogConfig: Setting CVar [[r.TranslucencyVolumeBlur:1]]
[2022.07.06-01.41.29:298][  0]LogConfig: Setting CVar [[r.MaterialQualityLevel:1 ; High quality]]
[2022.07.06-01.41.29:298][  0]LogConfig: Setting CVar [[r.AnisotropicMaterials:1]]
[2022.07.06-01.41.29:298][  0]LogConfig: Setting CVar [[r.SSS.Scale:1]]
[2022.07.06-01.41.29:298][  0]LogConfig: Setting CVar [[r.SSS.SampleSet:2]]
[2022.07.06-01.41.29:298][  0]LogConfig: Setting CVar [[r.SSS.Quality:1]]
[2022.07.06-01.41.29:298][  0]LogConfig: Setting CVar [[r.SSS.HalfRes:0]]
[2022.07.06-01.41.29:298][  0]LogConfig: Setting CVar [[r.SSGI.Quality:3]]
[2022.07.06-01.41.29:298][  0]LogConfig: Setting CVar [[r.EmitterSpawnRateScale:1.0]]
[2022.07.06-01.41.29:298][  0]LogConfig: Setting CVar [[r.ParticleLightQuality:2]]
[2022.07.06-01.41.29:298][  0]LogConfig: Setting CVar [[r.SkyAtmosphere.AerialPerspectiveLUT.FastApplyOnOpaque:1 ; Always have FastSkyLUT 1 in this case to avoid wrong sky]]
[2022.07.06-01.41.29:298][  0]LogConfig: Setting CVar [[r.SkyAtmosphere.AerialPerspectiveLUT.SampleCountMaxPerSlice:4]]
[2022.07.06-01.41.29:298][  0]LogConfig: Setting CVar [[r.SkyAtmosphere.AerialPerspectiveLUT.DepthResolution:16.0]]
[2022.07.06-01.41.29:298][  0]LogConfig: Setting CVar [[r.SkyAtmosphere.FastSkyLUT:1]]
[2022.07.06-01.41.29:298][  0]LogConfig: Setting CVar [[r.SkyAtmosphere.FastSkyLUT.SampleCountMin:4.0]]
[2022.07.06-01.41.29:298][  0]LogConfig: Setting CVar [[r.SkyAtmosphere.FastSkyLUT.SampleCountMax:128.0]]
[2022.07.06-01.41.29:298][  0]LogConfig: Setting CVar [[r.SkyAtmosphere.SampleCountMin:4.0]]
[2022.07.06-01.41.29:298][  0]LogConfig: Setting CVar [[r.SkyAtmosphere.SampleCountMax:128.0]]
[2022.07.06-01.41.29:298][  0]LogConfig: Setting CVar [[r.SkyAtmosphere.TransmittanceLUT.UseSmallFormat:0]]
[2022.07.06-01.41.29:298][  0]LogConfig: Setting CVar [[r.SkyAtmosphere.TransmittanceLUT.SampleCount:10.0]]
[2022.07.06-01.41.29:298][  0]LogConfig: Setting CVar [[r.SkyAtmosphere.MultiScatteringLUT.SampleCount:15.0]]
[2022.07.06-01.41.29:298][  0]LogConfig: Setting CVar [[r.SkyLight.RealTimeReflectionCapture:1]]
[2022.07.06-01.41.29:298][  0]LogConfig: Applying CVar settings from Section [FoliageQuality@3] File [C:/work/UnrealProject_C7/ShootingGame/Saved/Config/Windows/Scalability.ini]
[2022.07.06-01.41.29:298][  0]LogConfig: Setting CVar [[foliage.DensityScale:1.0]]
[2022.07.06-01.41.29:298][  0]LogConfig: Setting CVar [[grass.DensityScale:1.0]]
[2022.07.06-01.41.29:298][  0]LogConfig: Applying CVar settings from Section [ShadingQuality@3] File [C:/work/UnrealProject_C7/ShootingGame/Saved/Config/Windows/Scalability.ini]
[2022.07.06-01.41.29:298][  0]LogConfig: Setting CVar [[r.HairStrands.SkyLighting.IntegrationType:2]]
[2022.07.06-01.41.29:298][  0]LogConfig: Setting CVar [[r.HairStrands.SkyAO.SampleCount:4]]
[2022.07.06-01.41.29:298][  0]LogConfig: Setting CVar [[r.HairStrands.Visibility.MSAA.SamplePerPixel:4]]
[2022.07.06-01.41.29:298][  0]LogInit: Selected Device Profile: [Windows]
[2022.07.06-01.41.29:298][  0]LogInit: Applying CVar settings loaded from the selected device profile: [Windows]
[2022.07.06-01.41.29:299][  0]LogHAL: Display: Platform has ~ 16 GB [16989282304 / 17179869184 / 16], which maps to Larger [LargestMinGB=32, LargerMinGB=12, DefaultMinGB=8, SmallerMinGB=6, SmallestMinGB=0)
[2022.07.06-01.41.29:299][  0]LogInit: Going up to parent DeviceProfile []
[2022.07.06-01.41.29:299][  0]LogConfig: Applying CVar settings from Section [ViewDistanceQuality@3] File [C:/work/UnrealProject_C7/ShootingGame/Saved/Config/Windows/Scalability.ini]
[2022.07.06-01.41.29:299][  0]LogConfig: Setting CVar [[r.SkeletalMeshLODBias:0]]
[2022.07.06-01.41.29:299][  0]LogConfig: Setting CVar [[r.ViewDistanceScale:1.0]]
[2022.07.06-01.41.29:299][  0]LogConfig: Applying CVar settings from Section [AntiAliasingQuality@3] File [C:/work/UnrealProject_C7/ShootingGame/Saved/Config/Windows/Scalability.ini]
[2022.07.06-01.41.29:299][  0]LogConfig: Setting CVar [[r.PostProcessAAQuality:4]]
[2022.07.06-01.41.29:299][  0]LogConfig: Applying CVar settings from Section [ShadowQuality@3] File [C:/work/UnrealProject_C7/ShootingGame/Saved/Config/Windows/Scalability.ini]
[2022.07.06-01.41.29:299][  0]LogConfig: Setting CVar [[r.LightFunctionQuality:1]]
[2022.07.06-01.41.29:299][  0]LogConfig: Setting CVar [[r.ShadowQuality:5]]
[2022.07.06-01.41.29:299][  0]LogConfig: Setting CVar [[r.Shadow.CSM.MaxCascades:10]]
[2022.07.06-01.41.29:299][  0]LogConfig: Setting CVar [[r.Shadow.MaxResolution:2048]]
[2022.07.06-01.41.29:299][  0]LogConfig: Setting CVar [[r.Shadow.MaxCSMResolution:2048]]
[2022.07.06-01.41.29:299][  0]LogConfig: Setting CVar [[r.Shadow.RadiusThreshold:0.01]]
[2022.07.06-01.41.29:299][  0]LogConfig: Setting CVar [[r.Shadow.DistanceScale:1.0]]
[2022.07.06-01.41.29:299][  0]LogConfig: Setting CVar [[r.Shadow.CSM.TransitionScale:1.0]]
[2022.07.06-01.41.29:299][  0]LogConfig: Setting CVar [[r.Shadow.PreShadowResolutionFactor:1.0]]
[2022.07.06-01.41.29:299][  0]LogConfig: Setting CVar [[r.DistanceFieldShadowing:1]]
[2022.07.06-01.41.29:299][  0]LogConfig: Setting CVar [[r.DistanceFieldAO:1]]
[2022.07.06-01.41.29:299][  0]LogConfig: Setting CVar [[r.AOQuality:2]]
[2022.07.06-01.41.29:299][  0]LogConfig: Setting CVar [[r.VolumetricFog:1]]
[2022.07.06-01.41.29:299][  0]LogConfig: Setting CVar [[r.VolumetricFog.GridPixelSize:8]]
[2022.07.06-01.41.29:299][  0]LogConfig: Setting CVar [[r.VolumetricFog.GridSizeZ:128]]
[2022.07.06-01.41.29:299][  0]LogConfig: Setting CVar [[r.VolumetricFog.HistoryMissSupersampleCount:4]]
[2022.07.06-01.41.29:299][  0]LogConfig: Setting CVar [[r.LightMaxDrawDistanceScale:1]]
[2022.07.06-01.41.29:299][  0]LogConfig: Setting CVar [[r.CapsuleShadows:1]]
[2022.07.06-01.41.29:299][  0]LogConfig: Applying CVar settings from Section [PostProcessQuality@3] File [C:/work/UnrealProject_C7/ShootingGame/Saved/Config/Windows/Scalability.ini]
[2022.07.06-01.41.29:299][  0]LogConfig: Setting CVar [[r.MotionBlurQuality:4]]
[2022.07.06-01.41.29:299][  0]LogConfig: Setting CVar [[r.AmbientOcclusionMipLevelFactor:0.4]]
[2022.07.06-01.41.29:299][  0]LogConfig: Setting CVar [[r.AmbientOcclusionMaxQuality:100]]
[2022.07.06-01.41.29:299][  0]LogConfig: Setting CVar [[r.AmbientOcclusionLevels:-1]]
[2022.07.06-01.41.29:299][  0]LogConfig: Setting CVar [[r.AmbientOcclusionRadiusScale:1.0]]
[2022.07.06-01.41.29:299][  0]LogConfig: Setting CVar [[r.DepthOfFieldQuality:2]]
[2022.07.06-01.41.29:299][  0]LogConfig: Setting CVar [[r.RenderTargetPoolMin:400]]
[2022.07.06-01.41.29:299][  0]LogConfig: Setting CVar [[r.LensFlareQuality:2]]
[2022.07.06-01.41.29:299][  0]LogConfig: Setting CVar [[r.SceneColorFringeQuality:1]]
[2022.07.06-01.41.29:299][  0]LogConfig: Setting CVar [[r.EyeAdaptationQuality:2]]
[2022.07.06-01.41.29:299][  0]LogConfig: Setting CVar [[r.BloomQuality:5]]
[2022.07.06-01.41.29:299][  0]LogConfig: Setting CVar [[r.FastBlurThreshold:100]]
[2022.07.06-01.41.29:299][  0]LogConfig: Setting CVar [[r.Upscale.Quality:3]]
[2022.07.06-01.41.29:299][  0]LogConfig: Setting CVar [[r.Tonemapper.GrainQuantization:1]]
[2022.07.06-01.41.29:299][  0]LogConfig: Setting CVar [[r.LightShaftQuality:1]]
[2022.07.06-01.41.29:299][  0]LogConfig: Setting CVar [[r.Filter.SizeScale:1]]
[2022.07.06-01.41.29:299][  0]LogConfig: Setting CVar [[r.Tonemapper.Quality:5]]
[2022.07.06-01.41.29:299][  0]LogConfig: Setting CVar [[r.DOF.Gather.AccumulatorQuality:1        ; higher gathering accumulator quality]]
[2022.07.06-01.41.29:299][  0]LogConfig: Setting CVar [[r.DOF.Gather.PostfilterMethod:1          ; Median3x3 postfilering method]]
[2022.07.06-01.41.29:299][  0]LogConfig: Setting CVar [[r.DOF.Gather.EnableBokehSettings:0       ; no bokeh simulation when gathering]]
[2022.07.06-01.41.29:299][  0]LogConfig: Setting CVar [[r.DOF.Gather.RingCount:4                 ; medium number of samples when gathering]]
[2022.07.06-01.41.29:299][  0]LogConfig: Setting CVar [[r.DOF.Scatter.ForegroundCompositing:1    ; additive foreground scattering]]
[2022.07.06-01.41.29:299][  0]LogConfig: Setting CVar [[r.DOF.Scatter.BackgroundCompositing:2    ; additive background scattering]]
[2022.07.06-01.41.29:299][  0]LogConfig: Setting CVar [[r.DOF.Scatter.EnableBokehSettings:1      ; bokeh simulation when scattering]]
[2022.07.06-01.41.29:299][  0]LogConfig: Setting CVar [[r.DOF.Scatter.MaxSpriteRatio:0.1         ; only a maximum of 10% of scattered bokeh]]
[2022.07.06-01.41.29:299][  0]LogConfig: Setting CVar [[r.DOF.Recombine.Quality:1                ; cheap slight out of focus]]
[2022.07.06-01.41.29:299][  0]LogConfig: Setting CVar [[r.DOF.Recombine.EnableBokehSettings:0    ; no bokeh simulation on slight out of focus]]
[2022.07.06-01.41.29:299][  0]LogConfig: Setting CVar [[r.DOF.TemporalAAQuality:1                ; more stable temporal accumulation]]
[2022.07.06-01.41.29:299][  0]LogConfig: Setting CVar [[r.DOF.Kernel.MaxForegroundRadius:0.025]]
[2022.07.06-01.41.29:299][  0]LogConfig: Setting CVar [[r.DOF.Kernel.MaxBackgroundRadius:0.025]]
[2022.07.06-01.41.29:299][  0]LogConfig: Applying CVar settings from Section [TextureQuality@3] File [C:/work/UnrealProject_C7/ShootingGame/Saved/Config/Windows/Scalability.ini]
[2022.07.06-01.41.29:299][  0]LogConfig: Setting CVar [[r.Streaming.MipBias:0]]
[2022.07.06-01.41.29:299][  0]LogConfig: Setting CVar [[r.Streaming.AmortizeCPUToGPUCopy:0]]
[2022.07.06-01.41.29:299][  0]LogConfig: Setting CVar [[r.Streaming.MaxNumTexturesToStreamPerFrame:0]]
[2022.07.06-01.41.29:299][  0]LogConfig: Setting CVar [[r.Streaming.Boost:1]]
[2022.07.06-01.41.29:299][  0]LogConfig: Setting CVar [[r.MaxAnisotropy:8]]
[2022.07.06-01.41.29:299][  0]LogConfig: Setting CVar [[r.VT.MaxAnisotropy:8]]
[2022.07.06-01.41.29:299][  0]LogConfig: Setting CVar [[r.Streaming.LimitPoolSizeToVRAM:0]]
[2022.07.06-01.41.29:299][  0]LogConfig: Setting CVar [[r.Streaming.PoolSize:1000]]
[2022.07.06-01.41.29:299][  0]LogConfig: Setting CVar [[r.Streaming.MaxEffectiveScreenSize:0]]
[2022.07.06-01.41.29:299][  0]LogConfig: Applying CVar settings from Section [EffectsQuality@3] File [C:/work/UnrealProject_C7/ShootingGame/Saved/Config/Windows/Scalability.ini]
[2022.07.06-01.41.29:299][  0]LogConfig: Setting CVar [[r.TranslucencyLightingVolumeDim:64]]
[2022.07.06-01.41.29:299][  0]LogConfig: Setting CVar [[r.RefractionQuality:2]]
[2022.07.06-01.41.29:299][  0]LogConfig: Setting CVar [[r.SSR.Quality:3]]
[2022.07.06-01.41.29:299][  0]LogConfig: Setting CVar [[r.SSR.HalfResSceneColor:0]]
[2022.07.06-01.41.29:299][  0]LogConfig: Setting CVar [[r.SceneColorFormat:4]]
[2022.07.06-01.41.29:299][  0]LogConfig: Setting CVar [[r.DetailMode:2]]
[2022.07.06-01.41.29:299][  0]LogConfig: Setting CVar [[r.TranslucencyVolumeBlur:1]]
[2022.07.06-01.41.29:300][  0]LogConfig: Setting CVar [[r.MaterialQualityLevel:1 ; High quality]]
[2022.07.06-01.41.29:300][  0]LogConfig: Setting CVar [[r.AnisotropicMaterials:1]]
[2022.07.06-01.41.29:300][  0]LogConfig: Setting CVar [[r.SSS.Scale:1]]
[2022.07.06-01.41.29:300][  0]LogConfig: Setting CVar [[r.SSS.SampleSet:2]]
[2022.07.06-01.41.29:300][  0]LogConfig: Setting CVar [[r.SSS.Quality:1]]
[2022.07.06-01.41.29:300][  0]LogConfig: Setting CVar [[r.SSS.HalfRes:0]]
[2022.07.06-01.41.29:300][  0]LogConfig: Setting CVar [[r.SSGI.Quality:3]]
[2022.07.06-01.41.29:300][  0]LogConfig: Setting CVar [[r.EmitterSpawnRateScale:1.0]]
[2022.07.06-01.41.29:300][  0]LogConfig: Setting CVar [[r.ParticleLightQuality:2]]
[2022.07.06-01.41.29:300][  0]LogConfig: Setting CVar [[r.SkyAtmosphere.AerialPerspectiveLUT.FastApplyOnOpaque:1 ; Always have FastSkyLUT 1 in this case to avoid wrong sky]]
[2022.07.06-01.41.29:300][  0]LogConfig: Setting CVar [[r.SkyAtmosphere.AerialPerspectiveLUT.SampleCountMaxPerSlice:4]]
[2022.07.06-01.41.29:300][  0]LogConfig: Setting CVar [[r.SkyAtmosphere.AerialPerspectiveLUT.DepthResolution:16.0]]
[2022.07.06-01.41.29:300][  0]LogConfig: Setting CVar [[r.SkyAtmosphere.FastSkyLUT:1]]
[2022.07.06-01.41.29:300][  0]LogConfig: Setting CVar [[r.SkyAtmosphere.FastSkyLUT.SampleCountMin:4.0]]
[2022.07.06-01.41.29:300][  0]LogConfig: Setting CVar [[r.SkyAtmosphere.FastSkyLUT.SampleCountMax:128.0]]
[2022.07.06-01.41.29:300][  0]LogConfig: Setting CVar [[r.SkyAtmosphere.SampleCountMin:4.0]]
[2022.07.06-01.41.29:300][  0]LogConfig: Setting CVar [[r.SkyAtmosphere.SampleCountMax:128.0]]
[2022.07.06-01.41.29:300][  0]LogConfig: Setting CVar [[r.SkyAtmosphere.TransmittanceLUT.UseSmallFormat:0]]
[2022.07.06-01.41.29:300][  0]LogConfig: Setting CVar [[r.SkyAtmosphere.TransmittanceLUT.SampleCount:10.0]]
[2022.07.06-01.41.29:300][  0]LogConfig: Setting CVar [[r.SkyAtmosphere.MultiScatteringLUT.SampleCount:15.0]]
[2022.07.06-01.41.29:300][  0]LogConfig: Setting CVar [[r.SkyLight.RealTimeReflectionCapture:1]]
[2022.07.06-01.41.29:300][  0]LogConfig: Applying CVar settings from Section [FoliageQuality@3] File [C:/work/UnrealProject_C7/ShootingGame/Saved/Config/Windows/Scalability.ini]
[2022.07.06-01.41.29:300][  0]LogConfig: Setting CVar [[foliage.DensityScale:1.0]]
[2022.07.06-01.41.29:300][  0]LogConfig: Setting CVar [[grass.DensityScale:1.0]]
[2022.07.06-01.41.29:300][  0]LogConfig: Applying CVar settings from Section [ShadingQuality@3] File [C:/work/UnrealProject_C7/ShootingGame/Saved/Config/Windows/Scalability.ini]
[2022.07.06-01.41.29:300][  0]LogConfig: Setting CVar [[r.HairStrands.SkyLighting.IntegrationType:2]]
[2022.07.06-01.41.29:300][  0]LogConfig: Setting CVar [[r.HairStrands.SkyAO.SampleCount:4]]
[2022.07.06-01.41.29:300][  0]LogConfig: Setting CVar [[r.HairStrands.Visibility.MSAA.SamplePerPixel:4]]
[2022.07.06-01.41.29:300][  0]LogConfig: Applying CVar settings from Section [Startup] File [../../../Engine/Config/ConsoleVariables.ini]
[2022.07.06-01.41.29:301][  0]LogConfig: Setting CVar [[net.UseAdaptiveNetUpdateFrequency:0]]
[2022.07.06-01.41.29:301][  0]LogConfig: Setting CVar [[p.chaos.AllowCreatePhysxBodies:1]]
[2022.07.06-01.41.29:301][  0]LogConfig: Setting CVar [[fx.SkipVectorVMBackendOptimizations:1]]
[2022.07.06-01.41.29:301][  0]LogConfig: Applying CVar settings from Section [ConsoleVariables] File [C:/work/UnrealProject_C7/ShootingGame/Saved/Config/Windows/Engine.ini]
[2022.07.06-01.41.29:301][  0]LogConfig: Applying CVar settings from Section [ConsoleVariables] File [C:/work/UnrealProject_C7/ShootingGame/Saved/Config/Windows/Editor.ini]
[2022.07.06-01.41.29:301][  0]LogInit: Computer: DESKTOP-HME5P3N
[2022.07.06-01.41.29:301][  0]LogInit: User: parkdoyoung
[2022.07.06-01.41.29:301][  0]LogInit: CPU Page size=4096, Cores=4
[2022.07.06-01.41.29:301][  0]LogInit: High frequency timer resolution =10.000000 MHz
[2022.07.06-01.41.29:301][  0]LogMemory: Memory total: Physical=15.8GB (16GB approx)
[2022.07.06-01.41.29:301][  0]LogMemory: Platform Memory Stats for Windows
[2022.07.06-01.41.29:301][  0]LogMemory: Process Physical Memory: 143.03 MB used, 143.04 MB peak
[2022.07.06-01.41.29:301][  0]LogMemory: Process Virtual Memory: 120.29 MB used, 120.29 MB peak
[2022.07.06-01.41.29:301][  0]LogMemory: Physical Memory: 7572.88 MB used,  8629.37 MB free, 16202.24 MB total
[2022.07.06-01.41.29:301][  0]LogMemory: Virtual Memory: 134202792.00 MB used,  14938.59 MB free, 134217728.00 MB total
[2022.07.06-01.41.29:306][  0]LogWindows: WindowsPlatformFeatures enabled
[2022.07.06-01.41.29:325][  0]LogInit: Physics initialised using underlying interface: PhysX
[2022.07.06-01.41.29:325][  0]LogInit: Using OS detected language (ko-KR).
[2022.07.06-01.41.29:325][  0]LogInit: Using OS detected locale (ko-KR).
[2022.07.06-01.41.29:327][  0]LogTextLocalizationManager: No specific localization for 'ko-KR' exists, so the 'ko' localization will be used.
[2022.07.06-01.41.29:458][  0]LogWindowsTextInputMethodSystem: Display: IME system deactivated.
[2022.07.06-01.41.29:472][  0]LogSlate: New Slate User Created.  User Index 0, Is Virtual User: 0
[2022.07.06-01.41.29:472][  0]LogSlate: Slate User Registered.  User Index 0, Is Virtual User: 0
[2022.07.06-01.41.29:485][  0]LogD3D11RHI: Loaded GFSDK_Aftermath_Lib.x64.dll
[2022.07.06-01.41.29:487][  0]LogHMD: Failed to initialize OpenVR with code 110
[2022.07.06-01.41.29:487][  0]LogD3D11RHI: D3D11 min allowed feature level: 11_0
[2022.07.06-01.41.29:487][  0]LogD3D11RHI: D3D11 max allowed feature level: 11_0
[2022.07.06-01.41.29:487][  0]LogD3D11RHI: D3D11 adapters:
[2022.07.06-01.41.29:581][  0]LogD3D11RHI:    0. 'NVIDIA GeForce GTX 1650 with Max-Q Design' (Feature Level 11_0)
[2022.07.06-01.41.29:581][  0]LogD3D11RHI:       3962/0/8101 MB DedicatedVideo/DedicatedSystem/SharedSystem, Outputs:1, VendorId:0x10de
[2022.07.06-01.41.29:596][  0]LogD3D11RHI:    1. 'Intel(R) UHD Graphics' (Feature Level 11_0)
[2022.07.06-01.41.29:596][  0]LogD3D11RHI:       128/0/8101 MB DedicatedVideo/DedicatedSystem/SharedSystem, Outputs:0, VendorId:0x8086
[2022.07.06-01.41.29:598][  0]LogD3D11RHI:    2. 'Microsoft Basic Render Driver' (Feature Level 11_0)
[2022.07.06-01.41.29:598][  0]LogD3D11RHI:       0/0/8101 MB DedicatedVideo/DedicatedSystem/SharedSystem, Outputs:0, VendorId:0x1414
[2022.07.06-01.41.29:598][  0]LogD3D11RHI: Chosen D3D11 Adapter:
[2022.07.06-01.41.29:598][  0]LogD3D11RHI:     Description : NVIDIA GeForce GTX 1650 with Max-Q Design
[2022.07.06-01.41.29:598][  0]LogD3D11RHI:     VendorId    : 10de
[2022.07.06-01.41.29:598][  0]LogD3D11RHI:     DeviceId    : 1f9d
[2022.07.06-01.41.29:598][  0]LogD3D11RHI:     SubSysId    : 12f41462
[2022.07.06-01.41.29:598][  0]LogD3D11RHI:     Revision    : 00a1
[2022.07.06-01.41.29:598][  0]LogD3D11RHI:     DedicatedVideoMemory : 4154458112 bytes
[2022.07.06-01.41.29:598][  0]LogD3D11RHI:     DedicatedSystemMemory : 0 bytes
[2022.07.06-01.41.29:598][  0]LogD3D11RHI:     SharedSystemMemory : 8494641152 bytes
[2022.07.06-01.41.29:598][  0]LogD3D11RHI:     AdapterLuid : 0 55500
[2022.07.06-01.41.29:603][  0]LogD3D11RHI: Creating new Direct3DDevice
[2022.07.06-01.41.29:603][  0]LogD3D11RHI:     GPU DeviceId: 0x1f9d (for the marketing name, search the web for "GPU Device Id")
[2022.07.06-01.41.29:603][  0]LogWindows: EnumDisplayDevices:
[2022.07.06-01.41.29:603][  0]LogWindows:    0. 'Intel(R) UHD Graphics' (P:1 D:1)
[2022.07.06-01.41.29:603][  0]LogWindows:    1. 'Intel(R) UHD Graphics' (P:0 D:0)
[2022.07.06-01.41.29:603][  0]LogWindows:    2. 'Intel(R) UHD Graphics' (P:0 D:0)
[2022.07.06-01.41.29:603][  0]LogWindows: DebugString: PrimaryIsNotTheChoosenAdapter PrimaryIsNotTheChoosenAdapter PrimaryIsNotTheChoosenAdapter FoundDriverCount:0 
[2022.07.06-01.41.29:603][  0]LogD3D11RHI:     Adapter Name: NVIDIA GeForce GTX 1650 with Max-Q Design
[2022.07.06-01.41.29:603][  0]LogD3D11RHI:   Driver Version: Unknown (internal:Unknown, unified:Unknown)
[2022.07.06-01.41.29:603][  0]LogD3D11RHI:      Driver Date: Unknown
[2022.07.06-01.41.29:603][  0]LogRHI: Texture pool is 2773 MB (70% of 3962 MB)
[2022.07.06-01.41.29:604][  0]LogD3D11RHI: Creating D3DDevice using adapter:
[2022.07.06-01.41.29:604][  0]LogD3D11RHI:     Description : NVIDIA GeForce GTX 1650 with Max-Q Design
[2022.07.06-01.41.29:604][  0]LogD3D11RHI:     VendorId    : 10de
[2022.07.06-01.41.29:604][  0]LogD3D11RHI:     DeviceId    : 1f9d
[2022.07.06-01.41.29:604][  0]LogD3D11RHI:     SubSysId    : 12f41462
[2022.07.06-01.41.29:604][  0]LogD3D11RHI:     Revision    : 00a1
[2022.07.06-01.41.29:604][  0]LogD3D11RHI:     DedicatedVideoMemory : 4154458112 bytes
[2022.07.06-01.41.29:604][  0]LogD3D11RHI:     DedicatedSystemMemory : 0 bytes
[2022.07.06-01.41.29:604][  0]LogD3D11RHI:     SharedSystemMemory : 8494641152 bytes
[2022.07.06-01.41.29:604][  0]LogD3D11RHI:     AdapterLuid : 0 55500
[2022.07.06-01.41.29:684][  0]LogD3D11RHI: RHI has support for 64 bit atomics
[2022.07.06-01.41.29:684][  0]LogD3D11RHI: Async texture creation enabled
[2022.07.06-01.41.29:684][  0]LogD3D11RHI: Array index from any shader is supported
[2022.07.06-01.41.29:702][  0]LogD3D11RHI: GPU Timing Frequency: 1000.000000 (Debug: 2 2)
[2022.07.06-01.41.29:738][  0]LogRHI: GeForceNow SDK initialized: 1
[2022.07.06-01.41.30:001][  0]LogTargetPlatformManager: Display: Loaded TargetPlatform 'WindowsNoEditor'
[2022.07.06-01.41.30:005][  0]LogTargetPlatformManager: Display: Loaded TargetPlatform 'Windows'
[2022.07.06-01.41.30:010][  0]LogTargetPlatformManager: Display: Loaded TargetPlatform 'WindowsClient'
[2022.07.06-01.41.30:014][  0]LogTargetPlatformManager: Display: Loaded TargetPlatform 'WindowsServer'
[2022.07.06-01.41.30:014][  0]LogTargetPlatformManager: Display: Building Assets For Windows
[2022.07.06-01.41.30:020][  0]LogAudioDebug: Display: Lib vorbis DLL was dynamically loaded.
[2022.07.06-01.41.30:046][  0]LogTextureFormatOodle: Display: Oodle Texture 2.9.0 init RDO Off
[2022.07.06-01.41.30:075][  0]LogRendererCore: Ray tracing is disabled. Reason: r.RayTracing=0.
[2022.07.06-01.41.30:075][  0]LogShaderCompilers: Guid format shader working directory is 0 characters bigger than the processId version (../../../../../../work/UnrealProject_C7/ShootingGame/Intermediate/Shaders/WorkingDirectory/5984/).
[2022.07.06-01.41.30:075][  0]LogShaderCompilers: Cleaned the shader compiler working directory 'C:/Users/parkdoyoung/AppData/Local/Temp/UnrealShaderWorkingDir/14100DF44CE643B55C7EF0BBDCF8C52B/'.
[2022.07.06-01.41.30:075][  0]LogXGEController: Cannot use XGE Controller as Incredibuild is not installed on this machine.
[2022.07.06-01.41.30:075][  0]LogShaderCompilers: Cannot use XGE Shader Compiler as Incredibuild is not installed on this machine.
[2022.07.06-01.41.30:076][  0]LogShaderCompilers: Display: Using Local Shader Compiler.
[2022.07.06-01.41.30:903][  0]LogDerivedDataCache: Display: Max Cache Size: 512 MB
[2022.07.06-01.41.30:973][  0]LogDerivedDataCache: Loaded boot cache 0.07s 94MB C:/Users/parkdoyoung/AppData/Local/UnrealEngine/4.27/DerivedDataCache/Boot.ddc.
[2022.07.06-01.41.30:974][  0]LogDerivedDataCache: Display: Loaded Boot cache: C:/Users/parkdoyoung/AppData/Local/UnrealEngine/4.27/DerivedDataCache/Boot.ddc
[2022.07.06-01.41.30:974][  0]LogDerivedDataCache: FDerivedDataBackendGraph:  Pak pak cache file ../../../../../../work/UnrealProject_C7/ShootingGame/DerivedDataCache/DDC.ddp not found, will not use a pak cache.
[2022.07.06-01.41.30:974][  0]LogDerivedDataCache: Unable to find inner node Pak for hierarchical cache Hierarchy.
[2022.07.06-01.41.30:974][  0]LogDerivedDataCache: FDerivedDataBackendGraph:  CompressedPak pak cache file ../../../../../../work/UnrealProject_C7/ShootingGame/DerivedDataCache/Compressed.ddp not found, will not use a pak cache.
[2022.07.06-01.41.30:974][  0]LogDerivedDataCache: Unable to find inner node CompressedPak for hierarchical cache Hierarchy.
[2022.07.06-01.41.30:991][  0]LogDerivedDataCache: Display: Pak cache opened for reading ../../../Engine/DerivedDataCache/Compressed.ddp.
[2022.07.06-01.41.30:992][  0]LogDerivedDataCache: FDerivedDataBackendGraph:  EnterprisePak pak cache file ../../../Enterprise/DerivedDataCache/Compressed.ddp not found, will not use a pak cache.
[2022.07.06-01.41.30:992][  0]LogDerivedDataCache: Unable to find inner node EnterprisePak for hierarchical cache Hierarchy.
[2022.07.06-01.41.31:011][  0]LogDerivedDataCache: Speed tests for C:/Users/parkdoyoung/AppData/Local/UnrealEngine/Common/DerivedDataCache took 0.02 seconds
[2022.07.06-01.41.31:011][  0]LogDerivedDataCache: Display: Performance to C:/Users/parkdoyoung/AppData/Local/UnrealEngine/Common/DerivedDataCache: Latency=0.02ms. RandomReadSpeed=255.78MBs, RandomWriteSpeed=60.38MBs. Assigned SpeedClass 'Local'
[2022.07.06-01.41.31:012][  0]LogDerivedDataCache: Using Local data cache path C:/Users/parkdoyoung/AppData/Local/UnrealEngine/Common/DerivedDataCache: Writable
[2022.07.06-01.41.31:012][  0]LogDerivedDataCache: Shared data cache path not found in *engine.ini, will not use an Shared cache.
[2022.07.06-01.41.31:012][  0]LogDerivedDataCache: Unable to find inner node Shared for hierarchical cache Hierarchy.
[2022.07.06-01.41.31:055][  0]LogSlate: Using FreeType 2.10.0
[2022.07.06-01.41.31:056][  0]LogSlate: SlateFontServices - WITH_FREETYPE: 1, WITH_HARFBUZZ: 1
[2022.07.06-01.41.31:152][  0]LogInit: Using OS detected language (ko-KR).
[2022.07.06-01.41.31:152][  0]LogInit: Using OS detected locale (ko-KR).
[2022.07.06-01.41.31:152][  0]LogTextLocalizationManager: No localization for 'ko-KR' exists, so 'en' will be used for the language.
[2022.07.06-01.41.31:152][  0]LogTextLocalizationManager: No localization for 'ko-KR' exists, so 'en' will be used for the locale.
[2022.07.06-01.41.31:152][  0]LogSlate: FontCache flush requested. Reason: Culture for localization was changed
[2022.07.06-01.41.31:152][  0]LogSlate: FontCache flush requested. Reason: Culture for localization was changed
[2022.07.06-01.41.31:155][  0]LogAssetRegistry: FAssetRegistry took 0.0020 seconds to start up
[2022.07.06-01.41.31:352][  0]LogTextLocalizationManager: Compacting localization data took   0.01ms
[2022.07.06-01.41.31:352][  0]LogPackageLocalizationCache: Processed 27 localized package path(s) for 1 prioritized culture(s) in 0.001416 seconds
[2022.07.06-01.41.31:437][  0]LogInit: Selected Device Profile: [Windows]
[2022.07.06-01.41.31:437][  0]LogInit: Active device profile: [000001AA49752C00][000001AA3EA92E80 49] Windows
[2022.07.06-01.41.31:437][  0]LogInit: Profiles: [000001AA49752C00][000001AA3EA92E80 49] Windows, [000001AA4975AF00][000001AA3EE6B000 49] WindowsNoEditor, [000001AA49753600][000001AA3EE6F180 49] WindowsServer, [000001AA49758B00][000001AA3EE73300 49] WindowsClient, [000001AA49750B00][000001AA3EE77480 49] IOS, [000001AA4975B700][000001AA3EE7B600 49] iPadAir, [000001AA49753B00][000001AA3EE67740 49] iPadAir2, [000001AA496FE600][000001AA3EE83980 49] IPadPro, [000001AA496FE700][000001AA3EE7F9C0 49] iPadAir3, [000001AA49750500][000001AA3EE87B00 49] iPadAir4, [000001AA496FC100][000001AA3EE8E100 49] iPadMini2, [000001AA49753700][000001AA3EE92280 49] iPadMini3, [000001AA496FEF00][000001AA3E978400 49] iPadMini4, [000001AA49751800][000001AA3E97C580 49] iPadMini5, [000001AA49711F00][000001AA3E984840 49] iPhone6, [000001AA49712000][000001AA3E980880 49] iPodTouch6, [000001AA496FF200][000001AA3E98CB40 49] iPhone7, [000001AA496FDB00][000001AA3E988B80 49] iPodTouch7, [000001AA49712E00][000001AA3E990D00 49] iPhone5S, [000001AA496FC800][000001AA3E994E80 49] iPhone6Plus, [000001AA49712A00][000001AA3E999000 49] iPhone6S, [000001AA496FF700][000001AA3E99D180 49] iPhone6SPlus, [000001AA49711100][000001AA3E9A1300 49] iPhone7Plus, [000001AA496FCC00][000001AA3E9A5480 49] iPhoneSE, [000001AA49713500][000001AA3E9A9600 49] iPhone8, [000001AA496FD700][000001AA3E9AD780 49] iPhone8Plus, [000001AA49713600][000001AA3EE8B8C0 49] iPhoneX, [000001AA496FD900][000001AA3E9B1A00 49] iPhoneXS, [000001AA49712C00][000001AA3E9B5B40 49] iPhoneXSMax, [000001AA496FD100][000001AA3E9B8100 49] iPhoneXR, [000001AA49711B00][000001AA3E9C0280 49] iPhone11, [000001AA496FEC00][000001AA42C54400 49] iPhone11Pro, [000001AA49713300][000001AA42C58580 49] iPhone11ProMax, [000001AA496FD000][000001AA42C5C700 49] iPhoneSE2, [000001AA49711300][000001AA42C60880 49] iPhone12Mini, [000001AA496FE300][000001AA42C64A00 49] iPhone12, [000001AA49712F00][000001AA42C68B80 49] iPhone12Pro, [000001AA496FF800][000001AA42C6CD00 49] iPhone12ProMax, [000001AA49710400][000001AA42C70E80 49] iPadPro105, [000001AA496FE900][000001AA42C75000 49] iPadPro129, [000001AA49712900][000001AA42C79180 49] iPadPro97, [000001AA496FDC00][000001AA42C7D300 49] iPadPro2_129, [000001AA49710A00][000001AA42C81480 49] iPad5, [000001AA496FFE00][000001AA42C85600 49] iPad6, [000001AA49713900][000001AA42C89780 49] iPad7, [000001AA496FEA00][000001AA42C8D900 49] iPad8, [000001AA49711C00][000001AA42C91A80 49] iPadPro11, [000001AA496FE000][000001AA3E9BDBC0 49] iPadPro2_11, [000001AA4975B000][000001AA42C94180 49] iPadPro3_129, [000001AA497D8100][000001AA42C982C0 49] iPadPro4_129, [000001AA4975AC00][000001AA42CA0440 49] AppleTV, [000001AA497D8C00][000001AA42CA45C0 49] AppleTV4K, [000001AA49758100][000001AA42CA8740 49] TVOS, [000001AA497D9900][000001AA42CAC8C0 49] Mac, [000001AA4975AB00][000001AA42CB0A40 49] MacClient, [000001AA497D8E00][000001AA42CB4BC0 49] MacNoEditor, [000001AA4975A800][000001AA42CB8D40 49] MacServer, [000001AA497D8B00][000001AA42CBCEC0 49] Linux, [000001AA4975A000][000001AA42703040 49] LinuxAArch64, [000001AA497D9700][000001AA427071C0 49] LinuxNoEditor, [000001AA49759400][000001AA4270B340 49] LinuxAArch64NoEditor, [000001AA497D8F00][000001AA4270F4C0 49] LinuxClient, [000001AA4975A700][000001AA42713640 49] LinuxAArch64Client, [000001AA497D8200][000001AA427177C0 49] LinuxServer, [000001AA496FC300][000001AA4271B940 49] LinuxAArch64Server, [000001AA49712800][000001AA4271FAC0 49] Android, [000001AA496FF000][000001AA427220C0 49] Android_Low, [000001AA49712D00][000001AA42C9C200 49] Android_Mid, [000001AA496FC500][000001AA42726340 49] Android_High, [000001AA49713C00][000001AA4272A480 49] Android_Default, [000001AA496FEB00][000001AA4272E5C0 49] Android_Adreno4xx, [000001AA49713F00][000001AA42736740 49] Android_Adreno5xx_Low, [000001AA496FC600][000001AA4273A8C0 49] Android_Adreno5xx, [000001AA49713A00][000001AA4273EA40 49] Android_Adreno6xx, [000001AA496FD600][000001AA42742BC0 49] Android_Adreno6xx_Vulkan, [000001AA49713E00][000001AA42746D40 49] Android_Mali_T6xx, [000001AA496FFA00][000001AA4274AEC0 49] Android_Mali_T7xx, [000001AA497D9C00][000001AA4274F040 49] Android_Mali_T8xx, [000001AA496FFB00][000001AA427531C0 49] Android_Mali_G71, [000001AA497DA300][000001AA42757340 49] Android_Mali_G72, [000001AA496FD400][000001AA4275B4C0 49] Android_Mali_G72_Vulkan, [000001AA497D9300][000001AA4275F640 49] Android_Mali_G76, [000001AA496FC900][000001AA427637C0 49] Android_Mali_G76_Vulkan, [000001AA497D9600][000001AA42767940 49] Android_Mali_G77, [000001AA496FF500][000001AA4276BAC0 49] Android_Mali_G77_Vulkan, [000001AA497D9000][000001AA4276E0C0 49] Android_Mali_G78, [000001AA496FE200][000001AA42772240 49] Android_Mali_G78_Vulkan, [000001AA49711200][000001AA42732380 49] Android_Mali_G710, [000001AA496FD200][000001AA427764C0 49] Android_Mali_G710_Vulkan, [000001AA49711A00][000001AA4277A600 49] Android_Vulkan_SM5, [000001AA496FD500][000001AA4277E740 49] Android_PowerVR_G6xxx, [000001AA49710C00][000001AA427868C0 49] Android_PowerVR_GT7xxx, [000001AA496FCF00][000001AA4278AA40 49] Android_PowerVR_GE8xxx, [000001AA49711000][000001AA4278EBC0 49] Android_PowerVR_GM9xxx, [000001AA496FF900][000001AA42792D40 49] Android_PowerVR_GM9xxx_Vulkan, [000001AA49711600][000001AA42796EC0 49] Android_TegraK1, [000001AA496FC700][000001AA4279B040 49] Android_Unknown_Vulkan, [000001AA49712400][000001AA4279F1C0 49] Lumin, [000001AA496FD300][000001AA427A3340 49] Lumin_Desktop, [000001AA49710900][000001AA427A74C0 49] HoloLens, 
[2022.07.06-01.41.31:478][  0]LogMeshReduction: Using QuadricMeshReduction for automatic static mesh reduction
[2022.07.06-01.41.31:478][  0]LogMeshReduction: Using SimplygonMeshReduction for automatic skeletal mesh reduction
[2022.07.06-01.41.31:478][  0]LogMeshReduction: Using ProxyLODMeshReduction for automatic mesh merging
[2022.07.06-01.41.31:478][  0]LogMeshReduction: No distributed automatic mesh merging module available
[2022.07.06-01.41.31:478][  0]LogMeshMerging: No distributed automatic mesh merging module available
[2022.07.06-01.41.31:593][  0]LogNetVersion: ShootingGame 1.0.0, NetCL: 17155196, EngineNetVer: 17, GameNetVer: 0 (Checksum: 1120234365)
[2022.07.06-01.41.31:842][  0]LogTexture: Default maximum texture size for cubemaps generated from long-lat sources has been changed from 512 to unlimited. In order to preserve old behaiour for '/Engine/MapTemplates/Sky/DaylightAmbientCubemap.DaylightAmbientCubemap', its maximum texture size has been explicitly set to 512.
[2022.07.06-01.41.31:903][  0]LogHMD: PokeAHoleMaterial loaded successfully
[2022.07.06-01.41.32:021][  0]LogMoviePlayer: Initializing movie player
[2022.07.06-01.41.32:127][  0]LogNiagaraDebuggerClient: Niagara Debugger Client Initialized | Session: 0ADB578947262DB2691A25A8D497422D | Instance: B9B170A94FC0980A6DC397AA9024160E (DESKTOP-HME5P3N-5984).
[2022.07.06-01.41.32:148][  0]LogCollectionManager: Loaded 0 collections in 0.001493 seconds
[2022.07.06-01.41.32:151][  0]LogFileCache: Scanning file cache for directory 'C:/work/UnrealProject_C7/ShootingGame/Saved/Collections/' took 0.00s
[2022.07.06-01.41.32:151][  0]LogFileCache: Scanning file cache for directory 'C:/work/UnrealProject_C7/ShootingGame/Content/Developers/parkdoyoung/Collections/' took 0.00s
[2022.07.06-01.41.32:151][  0]LogFileCache: Scanning file cache for directory 'C:/work/UnrealProject_C7/ShootingGame/Content/Collections/' took 0.00s
[2022.07.06-01.41.32:151][  0]LogCollectionManager: Fixed up redirectors for 0 collections in 0.000002 seconds (updated 0 objects)
[2022.07.06-01.41.32:202][  0]LogPython: Using Python 3.7.7
[2022.07.06-01.41.32:733][  0]LogTcpMessaging: Initializing TcpMessaging bridge
[2022.07.06-01.41.32:737][  0]LogUdpMessaging: Initializing bridge on interface 0.0.0.0:0 to multicast group 230.0.0.1:6666.
[2022.07.06-01.41.32:866][  0]SourceControl: Source control is disabled
[2022.07.06-01.41.32:866][  0]SourceControl: Source control is disabled
[2022.07.06-01.41.32:869][  0]SourceControl: Source control is disabled
[2022.07.06-01.41.32:892][  0]LogUProjectInfo: Found projects:
[2022.07.06-01.41.32:921][  0]LogOpenImageDenoise: OIDN starting up
[2022.07.06-01.41.32:950][  0]LogAndroidPermission: UAndroidPermissionCallbackProxy::GetInstance
[2022.07.06-01.41.32:970][  0]LogAudioCaptureCore: Display: No Audio Capture implementations found. Audio input will be silent.
[2022.07.06-01.41.32:970][  0]LogAudioCaptureCore: Display: No Audio Capture implementations found. Audio input will be silent.
[2022.07.06-01.41.33:071][  0]LogOcInput: OculusInput pre-init called
[2022.07.06-01.41.33:083][  0]LogUObjectArray: 22167 objects as part of root set at end of initial load.
[2022.07.06-01.41.33:083][  0]LogUObjectAllocator: 5995280 out of 0 bytes used by permanent object pool.
[2022.07.06-01.41.33:083][  0]LogUObjectArray: CloseDisregardForGC: 0/0 objects in disregard for GC pool
[2022.07.06-01.41.33:139][  0]LogEngine: Initializing Engine...
[2022.07.06-01.41.33:141][  0]LogHMD: Failed to enumerate extensions. Please check that you have a valid OpenXR runtime installed.
[2022.07.06-01.41.33:141][  0]LogHMD: Failed to initialize OpenVR with code 110
[2022.07.06-01.41.33:141][  0]LogMagicLeap: Warning: VR disabled because ZI is not enabled.  To enable, in the editor, Edit -> Project Settings -> Plugins -> Magic Leap Plugin -> Enable Zero Iteration
[2022.07.06-01.41.33:142][  0]LogStats: UGameplayTagsManager::InitializeManager -  0.000 s
[2022.07.06-01.41.33:249][  0]LogInit: Initializing FReadOnlyCVARCache
[2022.07.06-01.41.33:249][  0]LogAudio: Display: Initializing Audio Device Manager...
[2022.07.06-01.41.33:254][  0]LogAudio: Display: Loading Default Audio Settings Objects...
[2022.07.06-01.41.33:254][  0]LogAudio: Display: No default SoundConcurrencyObject specified (or failed to load).
[2022.07.06-01.41.33:255][  0]LogAudio: Display: Audio Device Manager Initialized
[2022.07.06-01.41.33:255][  0]LogAudio: Display: Creating Audio Device:                 Id: 1, Scope: Shared, Realtime: True
[2022.07.06-01.41.33:255][  0]LogAudioMixer: Display: Audio Mixer Platform Settings:
[2022.07.06-01.41.33:255][  0]LogAudioMixer: Display: 	Sample Rate:						  48000
[2022.07.06-01.41.33:255][  0]LogAudioMixer: Display: 	Callback Buffer Frame Size Requested: 1024
[2022.07.06-01.41.33:255][  0]LogAudioMixer: Display: 	Callback Buffer Frame Size To Use:	  1024
[2022.07.06-01.41.33:255][  0]LogAudioMixer: Display: 	Number of buffers to queue:			  2
[2022.07.06-01.41.33:255][  0]LogAudioMixer: Display: 	Max Channels (voices):				  32
[2022.07.06-01.41.33:255][  0]LogAudioMixer: Display: 	Number of Async Source Workers:		  0
[2022.07.06-01.41.33:255][  0]LogAudio: Display: AudioDevice MaxSources: 32
[2022.07.06-01.41.33:255][  0]LogAudio: Display: Audio Spatialization Plugin: None (built-in).
[2022.07.06-01.41.33:255][  0]LogAudio: Display: Audio Reverb Plugin: None (built-in).
[2022.07.06-01.41.33:255][  0]LogAudio: Display: Audio Occlusion Plugin: None (built-in).
[2022.07.06-01.41.33:255][  0]LogAudioMixer: Display: Initializing audio mixer.
[2022.07.06-01.41.33:269][  0]LogAudioMixer: Display: 0: FrontLeft
[2022.07.06-01.41.33:269][  0]LogAudioMixer: Display: 1: FrontRight
[2022.07.06-01.41.33:304][  0]LogAudioMixer: Display: Using Audio Device 스피커(Realtek(R) Audio)
[2022.07.06-01.41.33:309][  0]LogAudioMixer: Display: Initializing Sound Submixes...
[2022.07.06-01.41.33:311][  0]LogAudioMixer: Display: Creating Master Submix 'MasterSubmixDefault'
[2022.07.06-01.41.33:311][  0]LogAudioMixer: Display: Creating Master Submix 'MasterReverbSubmixDefault'
[2022.07.06-01.41.33:312][  0]LogAudioMixer: Display: Creating Master Submix 'MasterEQSubmixDefault'
[2022.07.06-01.41.33:312][  0]LogAudioMixer: FMixerPlatformXAudio2::StartAudioStream() called
[2022.07.06-01.41.33:312][  0]LogAudioMixer: Display: Output buffers initialized: Frames=1024, Channels=2, Samples=2048
[2022.07.06-01.41.33:313][  0]LogAudioMixer: Display: Starting AudioMixerPlatformInterface::RunInternal()
[2022.07.06-01.41.33:313][  0]LogAudioMixer: Display: FMixerPlatformXAudio2::SubmitBuffer() called for the first time
[2022.07.06-01.41.33:313][  0]LogInit: FAudioDevice initialized.
[2022.07.06-01.41.33:315][  0]LogNetVersion: Set ProjectVersion to 1.0.0.0. Version Checksum will be recalculated on next use.
[2022.07.06-01.41.33:317][  0]LogInit: Texture streaming: Enabled
[2022.07.06-01.41.33:386][  0]LogAudio: Display: Audio Device (ID: 1) registered with world 'Untitled'.
[2022.07.06-01.41.33:386][  0]LogSlate: Updating window title bar state: overlay mode, drag disabled, window buttons hidden, title bar hidden
[2022.07.06-01.41.33:387][  0]LogInit: Display: Game Engine Initialized.
[2022.07.06-01.41.33:387][  0]LogNiagaraEditor: GEditor isn't valid! Particle reset commands will not work for Niagara components!
[2022.07.06-01.41.33:514][  0]LogInit: Display: Starting Game.
[2022.07.06-01.41.33:514][  0]LogNet: Browse: 127.0.0.1:17777/Game/ThirdPersonBP/Maps/ThirdPersonExampleMap?Name=Player
[2022.07.06-01.41.33:515][  0]LogInit: WinSock: Socket queue. Rx: 32768 (config 32768) Tx: 32768 (config 32768)
[2022.07.06-01.41.33:515][  0]LogNet: Created socket for bind address: 0.0.0.0 on port 0
[2022.07.06-01.41.33:515][  0]PacketHandlerLog: Loaded PacketHandler component: Engine.EngineHandlerComponentFactory (StatelessConnectHandlerComponent)
[2022.07.06-01.41.33:515][  0]LogNet: Game client on port 17777, rate 100000
[2022.07.06-01.41.33:558][  0]LogInit: Display: Engine is initialized. Leaving FEngineLoop::Init()
[2022.07.06-01.41.33:558][  0]LogLoad: (Engine Initialization) Total time: 5.38 seconds
[2022.07.06-01.41.33:559][  0]LogLoad: (Engine Initialization) Total Blueprint compile time: 0.00 seconds
[2022.07.06-01.41.33:563][  0]LogContentStreaming: Texture pool size now 1000 MB
[2022.07.06-01.41.33:566][  0]LogSlate: InvalidateAllWidgets triggered.  All widgets were invalidated
[2022.07.06-01.41.34:538][978]LogHandshake: SendChallengeResponse. Timestamp: 6.698613, Cookie: 160018224124211065224190218071186157128144045138013100168103
[2022.07.06-01.41.34:555][998]LogNetVersion: ShootingGame 1.0.0.0, NetCL: 17155196, EngineNetVer: 17, GameNetVer: 0 (Checksum: 4194817616)
[2022.07.06-01.41.34:555][998]LogNet: UPendingNetGame::SendInitialJoin: Sending hello. [UNetConnection] RemoteAddr: 127.0.0.1:17777, Name: IpConnection_0, Driver: PendingNetDriver IpNetDriver_0, IsServer: NO, PC: NULL, Owner: NULL, UniqueId: INVALID
[2022.07.06-01.41.34:571][ 18]LogNet: Welcomed by server (Level: /Game/ThirdPersonBP/Maps/UEDPIE_0_ThirdPersonExampleMap, Game: /Game/ShootingGame/GameMode/BP_ShootingGameMode.BP_ShootingGameMode_C)
[2022.07.06-01.41.34:572][ 18]LogLoad: LoadMap: 127.0.0.1:17777/Game/ThirdPersonBP/Maps/ThirdPersonExampleMap?Name=Player?game=/Game/ShootingGame/GameMode/BP_ShootingGameMode.BP_ShootingGameMode_C
[2022.07.06-01.41.34:572][ 18]LogWorld: BeginTearingDown for /Temp/Untitled_0
[2022.07.06-01.41.34:572][ 18]LogWorld: UWorld::CleanupWorld for Untitled, bSessionEnded=true, bCleanupResources=true
[2022.07.06-01.41.34:572][ 18]LogSlate: InvalidateAllWidgets triggered.  All widgets were invalidated
[2022.07.06-01.41.34:576][ 18]LogAudio: Display: Audio Device unregistered from world 'None'.
[2022.07.06-01.41.34:578][ 18]LogUObjectHash: Compacting FUObjectHashTables data took   0.89ms
[2022.07.06-01.41.35:204][ 18]LogAudio: Display: Audio Device (ID: 1) registered with world 'ThirdPersonExampleMap'.
[2022.07.06-01.41.35:213][ 18]LogWorld: Bringing World /Game/ThirdPersonBP/Maps/ThirdPersonExampleMap.ThirdPersonExampleMap up for play (max tick rate 0) at 2022.07.06-10.41.35
[2022.07.06-01.41.35:214][ 18]LogWorld: Bringing up level for play took: 0.006075
[2022.07.06-01.41.35:215][ 18]LogSlate: Took 0.000458 seconds to synchronously load lazily loaded font '../../../Engine/Content/Slate/Fonts/Roboto-Regular.ttf' (155K)
[2022.07.06-01.41.35:218][ 18]LogRenderer: Reallocating scene render targets to support 640x480 Format 10 NumSamples 1 (Frame:1).
[2022.07.06-01.41.35:218][ 18]LogLoad: Took 0.647039 seconds to LoadMap(/Game/ThirdPersonBP/Maps/ThirdPersonExampleMap)
[2022.07.06-01.41.35:219][ 18]LogNavigation: Warning: NavData RegistrationFailed_DataPendingKill.
[2022.07.06-01.41.35:284][ 20]LogScript: Warning: Script Msg: BP_ShootingHud_C_0 BindPlayerStats SetTimer passed a negative or zero time. The associated timer may fail to be created/fire! If using InitialStartDelayVariance, be sure it is smaller than (Time + InitialStartDelay).
[2022.07.06-01.41.35:284][ 20]LogBlueprintUserMessages: [BP_ShootingCharacter_C_0] BP_ShootingCharacterBind Player Stats cast Fail
[2022.07.06-01.41.35:284][ 20]LogBlueprintUserMessages: [BP_ShootingCharacter_C_1] BP_ShootingCharacter1Bind Player Stats cast Fail
[2022.07.06-01.41.35:285][ 20]LogOnlineSession: Warning: OSS: No game present to join for session (GameSession)
[2022.07.06-01.41.35:285][ 20]LogBlueprintUserMessages: [BP_ShootingPlayerState_C_0] BP_ShootingPlayerState
[2022.07.06-01.41.35:285][ 20]LogOnlineSession: Warning: OSS: No game present to join for session (GameSession)
[2022.07.06-01.41.35:285][ 20]LogBlueprintUserMessages: [BP_ShootingPlayerState_C_1] BP_ShootingPlayerState1
[2022.07.06-01.41.37:342][441]LogBlueprintUserMessages: [BP_WeaponOnce_C_0] Hello
[2022.07.06-01.41.38:174][610]LogBlueprintUserMessages: [BP_WeaponOnce_C_0] Hello
[2022.07.06-01.41.38:276][631]LogBlueprintUserMessages: [BP_ShootingPlayerState_C_1] OnRep_HP80.0
[2022.07.06-01.41.38:327][639]LogBlueprintUserMessages: [BP_WeaponOnce_C_0] Hello
[2022.07.06-01.41.38:482][668]LogBlueprintUserMessages: [BP_WeaponOnce_C_0] Hello
[2022.07.06-01.41.38:628][697]LogBlueprintUserMessages: [BP_WeaponOnce_C_0] Hello
[2022.07.06-01.41.38:764][723]LogBlueprintUserMessages: [BP_WeaponOnce_C_0] Hello
[2022.07.06-01.41.38:916][751]LogBlueprintUserMessages: [BP_WeaponOnce_C_0] Hello
[2022.07.06-01.41.39:294][825]LogBlueprintUserMessages: [BP_ShootingPlayerState_C_1] OnRep_HP30.0
[2022.07.06-01.41.39:398][846]LogBlueprintUserMessages: [BP_WeaponOnce_C_0] Hello
[2022.07.06-01.41.39:898][944]LogBlueprintUserMessages: [BP_WeaponOnce_C_0] Hello
[2022.07.06-01.41.40:312][ 26]LogBlueprintUserMessages: [BP_ShootingPlayerState_C_1] OnRep_HP10.0
[2022.07.06-01.41.40:414][ 46]LogBlueprintUserMessages: [BP_WeaponOnce_C_0] Hello
[2022.07.06-01.41.40:944][149]LogBlueprintUserMessages: [BP_WeaponOnce_C_0] Hello
[2022.07.06-01.41.41:328][221]LogBlueprintUserMessages: [BP_ShootingPlayerState_C_1] OnRep_HP-10.0
[2022.07.06-01.42.01:679][861]LogBlueprintUserMessages: [BP_Weapon_C_0] Hello
[2022.07.06-01.42.02:706][ 19]LogBlueprintUserMessages: [BP_ShootingPlayerState_C_0] OnRep_HP97.0
[2022.07.06-01.42.06:265][766]LogBlueprintUserMessages: [BP_Weapon_C_0] Hello
[2022.07.06-01.42.06:398][770]LogBlueprintUserMessages: [BP_Weapon_C_0] Hello
[2022.07.06-01.42.06:466][791]LogBlueprintUserMessages: [BP_Weapon_C_0] Hello
[2022.07.06-01.42.06:522][808]LogBlueprintUserMessages: [BP_ShootingPlayerState_C_0] OnRep_HP88.0
[2022.07.06-01.42.06:554][816]LogBlueprintUserMessages: [BP_Weapon_C_0] Hello
[2022.07.06-01.42.07:598][987]LogBlueprintUserMessages: [BP_Weapon_C_0] Hello
[2022.07.06-01.42.07:731][991]LogBlueprintUserMessages: [BP_Weapon_C_0] Hello
[2022.07.06-01.42.07:799][ 11]LogBlueprintUserMessages: [BP_Weapon_C_0] Hello
[2022.07.06-01.42.07:860][ 29]LogBlueprintUserMessages: [BP_ShootingPlayerState_C_0] OnRep_HP76.0
[2022.07.06-01.42.07:893][ 38]LogBlueprintUserMessages: [BP_Weapon_C_0] Hello
[2022.07.06-01.42.07:994][ 68]LogBlueprintUserMessages: [BP_Weapon_C_0] Hello
[2022.07.06-01.42.08:093][ 97]LogBlueprintUserMessages: [BP_Weapon_C_0] Hello
[2022.07.06-01.42.08:190][125]LogBlueprintUserMessages: [BP_Weapon_C_0] Hello
[2022.07.06-01.42.08:294][152]LogBlueprintUserMessages: [BP_Weapon_C_0] Hello
[2022.07.06-01.42.08:393][181]LogBlueprintUserMessages: [BP_Weapon_C_0] Hello
[2022.07.06-01.42.08:491][210]LogBlueprintUserMessages: [BP_Weapon_C_0] Hello
[2022.07.06-01.42.08:594][238]LogBlueprintUserMessages: [BP_Weapon_C_0] Hello
[2022.07.06-01.42.08:697][253]LogBlueprintUserMessages: [BP_Weapon_C_0] Hello
[2022.07.06-01.42.08:802][257]LogBlueprintUserMessages: [BP_Weapon_C_0] Hello
[2022.07.06-01.42.08:892][282]LogBlueprintUserMessages: [BP_Weapon_C_0] Hello
[2022.07.06-01.42.08:989][311]LogBlueprintUserMessages: [BP_Weapon_C_0] Hello
[2022.07.06-01.42.09:093][342]LogBlueprintUserMessages: [BP_Weapon_C_0] Hello
[2022.07.06-01.42.09:191][370]LogBlueprintUserMessages: [BP_Weapon_C_0] Hello
[2022.07.06-01.42.09:194][371]LogBlueprintUserMessages: [BP_ShootingPlayerState_C_0] OnRep_HP37.0
[2022.07.06-01.42.09:293][398]LogBlueprintUserMessages: [BP_Weapon_C_0] Hello
[2022.07.06-01.42.09:393][427]LogBlueprintUserMessages: [BP_Weapon_C_0] Hello
[2022.07.06-01.42.09:490][455]LogBlueprintUserMessages: [BP_Weapon_C_0] Hello
[2022.07.06-01.42.09:595][483]LogBlueprintUserMessages: [BP_Weapon_C_0] Hello
[2022.07.06-01.42.09:692][510]LogBlueprintUserMessages: [BP_Weapon_C_0] Hello
[2022.07.06-01.42.09:792][538]LogBlueprintUserMessages: [BP_Weapon_C_0] Hello
[2022.07.06-01.42.09:893][566]LogBlueprintUserMessages: [BP_Weapon_C_0] Hello
[2022.07.06-01.42.09:992][594]LogBlueprintUserMessages: [BP_Weapon_C_0] Hello
[2022.07.06-01.42.10:094][623]LogBlueprintUserMessages: [BP_Weapon_C_0] Hello
[2022.07.06-01.42.10:192][651]LogBlueprintUserMessages: [BP_Weapon_C_0] Hello
[2022.07.06-01.42.10:291][678]LogBlueprintUserMessages: [BP_Weapon_C_0] Hello
[2022.07.06-01.42.10:392][707]LogBlueprintUserMessages: [BP_Weapon_C_0] Hello
[2022.07.06-01.42.10:493][736]LogBlueprintUserMessages: [BP_Weapon_C_0] Hello
[2022.07.06-01.42.10:543][750]LogBlueprintUserMessages: [BP_ShootingPlayerState_C_0] OnRep_HP-5.0
[2022.07.06-01.42.10:594][763]LogBlueprintUserMessages: [BP_Weapon_C_0] Hello
[2022.07.06-01.42.10:694][791]LogBlueprintUserMessages: [BP_Weapon_C_0] Hello
[2022.07.06-01.42.10:793][819]LogBlueprintUserMessages: [BP_Weapon_C_0] Hello
[2022.07.06-01.42.10:893][846]LogBlueprintUserMessages: [BP_Weapon_C_0] Hello
[2022.07.06-01.42.10:991][873]LogBlueprintUserMessages: [BP_Weapon_C_0] Hello
[2022.07.06-01.42.11:092][902]LogBlueprintUserMessages: [BP_Weapon_C_0] Hello
[2022.07.06-01.42.11:192][930]LogBlueprintUserMessages: [BP_Weapon_C_0] Hello
[2022.07.06-01.42.11:296][958]LogBlueprintUserMessages: [BP_Weapon_C_0] Hello
[2022.07.06-01.42.11:395][986]LogBlueprintUserMessages: [BP_Weapon_C_0] Hello
[2022.07.06-01.42.11:492][ 13]LogBlueprintUserMessages: [BP_Weapon_C_0] Hello
[2022.07.06-01.42.11:592][ 40]LogBlueprintUserMessages: [BP_Weapon_C_0] Hello
[2022.07.06-01.42.11:880][123]LogBlueprintUserMessages: [BP_ShootingPlayerState_C_0] OnRep_HP-38.0
