Log file open, 07/06/22 10:20:08
LogWindows: Failed to load 'aqProf.dll' (GetLastError=126)
LogWindows: File 'aqProf.dll' does not exist
LogWindows: Failed to load 'VtuneApi.dll' (GetLastError=126)
LogWindows: File 'VtuneApi.dll' does not exist
LogWindows: Failed to load 'VtuneApi32e.dll' (GetLastError=126)
LogWindows: File 'VtuneApi32e.dll' does not exist
LogConsoleResponse: Display: Failed to find resolution value strings in scalability ini. Falling back to default.
LogConsoleResponse: Display: Failed to find resolution value strings in scalability ini. Falling back to default.
LogInit: Display: Running engine for game: ShootingGame
LogPlatformFile: Not using cached read wrapper
LogTaskGraph: Started task graph with 5 named threads and 23 total threads with 3 sets of task threads.
LogStats: Stats thread started at 0.259989
LogICUInternationalization: ICU TimeZone Detection - Raw Offset: +9:00, Platform Override: ''
LogInit: Display: Loading text-based GConfig....
LogPluginManager: Mounting plugin MeshPainting
LogPluginManager: Mounting plugin XGEController
LogPluginManager: Mounting plugin Paper2D
LogPluginManager: Mounting plugin LiveLink
LogPluginManager: Mounting plugin AISupport
LogPluginManager: Mounting plugin EnvironmentQueryEditor
LogPluginManager: Mounting plugin LightPropagationVolume
LogPluginManager: Mounting plugin CameraShakePreviewer
LogPluginManager: Mounting plugin GameplayCameras
LogPluginManager: Mounting plugin OodleNetwork
LogPluginManager: Mounting plugin OodleData
LogPluginManager: Mounting plugin DatasmithContent
LogPluginManager: Mounting plugin VariantManagerContent
LogPluginManager: Mounting plugin AnimationSharing
LogPluginManager: Mounting plugin CLionSourceCodeAccess
LogPluginManager: Mounting plugin AssetManagerEditor
LogPluginManager: Mounting plugin CodeLiteSourceCodeAccess
LogPluginManager: Mounting plugin GitSourceControl
LogPluginManager: Mounting plugin KDevelopSourceCodeAccess
LogPluginManager: Mounting plugin NullSourceCodeAccess
LogPluginManager: Mounting plugin PerforceSourceControl
LogPluginManager: Mounting plugin PixWinPlugin
LogPluginManager: Mounting plugin PluginUtils
LogPluginManager: Mounting plugin PropertyAccessNode
LogPluginManager: Mounting plugin PlasticSourceControl
LogPluginManager: Mounting plugin RiderSourceCodeAccess
LogPluginManager: Mounting plugin SubversionSourceControl
LogPluginManager: Mounting plugin TextureFormatOodle
LogPluginManager: Mounting plugin VisualStudioSourceCodeAccess
LogPluginManager: Mounting plugin UObjectPlugin
LogPluginManager: Mounting plugin XCodeSourceCodeAccess
LogPluginManager: Mounting plugin VisualStudioCodeSourceCodeAccess
LogPluginManager: Mounting plugin DataValidation
LogPluginManager: Mounting plugin CryptoKeys
LogPluginManager: Mounting plugin CurveEditorTools
LogPluginManager: Mounting plugin FacialAnimation
LogPluginManager: Mounting plugin GameplayTagsEditor
LogPluginManager: Mounting plugin GeometryMode
LogPluginManager: Mounting plugin MacGraphicsSwitching
LogPluginManager: Mounting plugin MaterialAnalyzer
LogPluginManager: Mounting plugin MobileLauncherProfileWizard
LogPluginManager: Mounting plugin PluginBrowser
LogPluginManager: Mounting plugin SpeedTreeImporter
LogPluginManager: Mounting plugin Niagara
LogPluginManager: Mounting plugin LuminPlatformFeatures
LogPluginManager: Mounting plugin MagicLeap
LogPluginManager: Mounting plugin MagicLeapLightEstimation
LogPluginManager: Mounting plugin MagicLeapMedia
LogPluginManager: Mounting plugin MagicLeapPassableWorld
LogPluginManager: Mounting plugin MLSDK
LogPluginManager: Mounting plugin AlembicImporter
LogPluginManager: Mounting plugin AutomationUtils
LogPluginManager: Mounting plugin BackChannel
LogPluginManager: Mounting plugin ChaosCloth
LogPluginManager: Mounting plugin ChaosClothEditor
LogPluginManager: Mounting plugin ChaosEditor
LogPluginManager: Mounting plugin ChaosNiagara
LogPluginManager: Mounting plugin ChaosSolverPlugin
LogPluginManager: Mounting plugin CharacterAI
LogPluginManager: Mounting plugin GeometryCache
LogPluginManager: Mounting plugin GeometryCollectionPlugin
LogPluginManager: Mounting plugin AndroidMedia
LogPluginManager: Mounting plugin AvfMedia
LogPluginManager: Mounting plugin ImgMedia
LogPluginManager: Mounting plugin MediaCompositing
LogPluginManager: Mounting plugin MediaPlayerEditor
LogPluginManager: Mounting plugin WebMMedia
LogPluginManager: Mounting plugin WmfMedia
LogPluginManager: Mounting plugin GeometryProcessing
LogPluginManager: Mounting plugin MotoSynth
LogPluginManager: Mounting plugin OpenImageDenoise
LogPluginManager: Mounting plugin PlatformCrypto
LogPluginManager: Mounting plugin PlanarCut
LogPluginManager: Mounting plugin ProxyLODPlugin
LogPluginManager: Mounting plugin SkeletalReduction
LogPluginManager: Mounting plugin TcpMessaging
LogPluginManager: Mounting plugin UdpMessaging
LogPluginManager: Mounting plugin PythonScriptPlugin
LogPluginManager: Mounting plugin LevelSequenceEditor
LogPluginManager: Mounting plugin MatineeToLevelSequence
LogPluginManager: Mounting plugin TemplateSequence
LogPluginManager: Mounting plugin ActorSequence
LogPluginManager: Mounting plugin OnlineSubsystem
LogPluginManager: Mounting plugin OnlineSubsystemNull
LogPluginManager: Mounting plugin OnlineSubsystemUtils
LogPluginManager: Mounting plugin LauncherChunkInstaller
LogPluginManager: Mounting plugin ActorLayerUtilities
LogPluginManager: Mounting plugin AndroidDeviceProfileSelector
LogPluginManager: Mounting plugin AndroidMoviePlayer
LogPluginManager: Mounting plugin ApexDestruction
LogPluginManager: Mounting plugin AppleImageUtils
LogPluginManager: Mounting plugin AppleMoviePlayer
LogPluginManager: Mounting plugin ArchVisCharacter
LogPluginManager: Mounting plugin AssetTags
LogPluginManager: Mounting plugin AndroidPermission
LogPluginManager: Mounting plugin AudioSynesthesia
LogPluginManager: Mounting plugin CableComponent
LogPluginManager: Mounting plugin ChunkDownloader
LogPluginManager: Mounting plugin CustomMeshComponent
LogPluginManager: Mounting plugin EditableMesh
LogPluginManager: Mounting plugin ExampleDeviceProfileSelector
LogPluginManager: Mounting plugin GoogleCloudMessaging
LogPluginManager: Mounting plugin GooglePAD
LogPluginManager: Mounting plugin ScreenshotTools
LogPluginManager: Mounting plugin IOSDeviceProfileSelector
LogPluginManager: Mounting plugin LinuxDeviceProfileSelector
LogPluginManager: Mounting plugin LocationServicesBPLibrary
LogPluginManager: Mounting plugin MobilePatchingUtils
LogPluginManager: Mounting plugin Takes
LogPluginManager: Mounting plugin OpenXR
LogPluginManager: Mounting plugin OpenXREyeTracker
LogPluginManager: Mounting plugin OpenXRHandTracking
LogPluginManager: Mounting plugin AudioCapture
LogPluginManager: Mounting plugin PhysXVehicles
LogPluginManager: Mounting plugin PostSplashScreen
LogPluginManager: Mounting plugin ProceduralMeshComponent
LogPluginManager: Mounting plugin PropertyAccessEditor
LogPluginManager: Mounting plugin RuntimePhysXCooking
LogPluginManager: Mounting plugin SignificanceManager
LogPluginManager: Mounting plugin SoundFields
LogPluginManager: Mounting plugin Synthesis
LogPluginManager: Mounting plugin WebMMoviePlayer
LogPluginManager: Mounting plugin WindowsMoviePlayer
LogPluginManager: Mounting plugin ContentBrowserAssetDataSource
LogPluginManager: Mounting plugin ContentBrowserClassDataSource
LogPluginManager: Mounting plugin ContentBrowserFileDataSource
LogPluginManager: Mounting plugin OnlineSubsystemGooglePlay
LogPluginManager: Mounting plugin OnlineSubsystemIOS
LogPluginManager: Mounting plugin OculusVR
LogPluginManager: Mounting plugin SteamVR
PixWinPlugin: PIX capture plugin failed to initialize! Check that the process is launched from PIX.
LogInit: Using libcurl 7.55.1-DEV
LogInit:  - built for x86_64-pc-win32
LogInit:  - supports SSL with OpenSSL/1.1.1
LogInit:  - supports HTTP deflate (compression) using libz 1.2.8
LogInit:  - other features:
LogInit:      CURL_VERSION_SSL
LogInit:      CURL_VERSION_LIBZ
LogInit:      CURL_VERSION_IPV6
LogInit:      CURL_VERSION_ASYNCHDNS
LogInit:      CURL_VERSION_LARGEFILE
LogInit:      CURL_VERSION_IDN
LogInit:  CurlRequestOptions (configurable via config and command line):
LogInit:  - bVerifyPeer = true  - Libcurl will verify peer certificate
LogInit:  - bUseHttpProxy = false  - Libcurl will NOT use HTTP proxy
LogInit:  - bDontReuseConnections = false  - Libcurl will reuse connections
LogInit:  - MaxHostConnections = 16  - Libcurl will limit the number of connections to a host
LogInit:  - LocalHostAddr = Default
LogInit:  - BufferSize = 65536
LogOnline: OSS: Creating online subsystem instance for: NULL
LogInit: WinSock: version 1.1 (2.2), MaxSocks=32767, MaxUdp=65467
LogOnline: OSS: TryLoadSubsystemAndSetDefault: Loaded subsystem for module [NULL]
LogOculusPluginWrapper: OculusPlugin initialized successfully
LogHMD: Failed initializing OVRPlugin 1.59.0
LogInit: Build: ++UE4+Release-4.27-CL-18319896
LogInit: Engine Version: 4.27.2-18319896+++UE4+Release-4.27
LogInit: Compatible Engine Version: 4.27.0-17155196+++UE4+Release-4.27
LogInit: Net CL: 17155196
LogInit: OS: Windows 10 (Release 2009) (), CPU: Intel(R) Core(TM) i5-10300H CPU @ 2.50GHz, GPU: Intel(R) UHD Graphics
LogInit: Compiled (64-bit): Nov 30 2021 07:12:08
LogInit: Compiled with Visual C++: 19.24.28315.00
LogInit: Build Configuration: Development
LogInit: Branch Name: ++UE4+Release-4.27
LogInit: Command Line:  127.0.0.1:17777 -game -PIEVIACONSOLE -Multiprocess GameUserSettingsINI=C:/work/UnrealProject_C7/ShootingGame/Saved/Config/Windows/PIEGameUserSettings1.ini -MultiprocessSaveConfig -forcepassthrough -messaging -SessionName="Play in Standalone Game" -windowed -WinX=0 -WinY=30 SAVEWINPOS=1 -ResX=640 -ResY=480
LogInit: Base Directory: C:/Program Files/Epic Games/UE_4.27/Engine/Binaries/Win64/
LogInit: Allocator: TBB
LogInit: Installed Engine Build: 1
LogDevObjectVersion: Number of dev versions registered: 29
LogDevObjectVersion:   Dev-Blueprints (B0D832E4-1F89-4F0D-ACCF-7EB736FD4AA2): 10
LogDevObjectVersion:   Dev-Build (E1C64328-A22C-4D53-A36C-8E866417BD8C): 0
LogDevObjectVersion:   Dev-Core (375EC13C-06E4-48FB-B500-84F0262A717E): 4
LogDevObjectVersion:   Dev-Editor (E4B068ED-F494-42E9-A231-DA0B2E46BB41): 40
LogDevObjectVersion:   Dev-Framework (CFFC743F-43B0-4480-9391-14DF171D2073): 37
LogDevObjectVersion:   Dev-Mobile (B02B49B5-BB20-44E9-A304-32B752E40360): 3
LogDevObjectVersion:   Dev-Networking (A4E4105C-59A1-49B5-A7C5-40C4547EDFEE): 0
LogDevObjectVersion:   Dev-Online (39C831C9-5AE6-47DC-9A44-9C173E1C8E7C): 0
LogDevObjectVersion:   Dev-Physics (78F01B33-EBEA-4F98-B9B4-84EACCB95AA2): 14
LogDevObjectVersion:   Dev-Platform (6631380F-2D4D-43E0-8009-CF276956A95A): 0
LogDevObjectVersion:   Dev-Rendering (12F88B9F-8875-4AFC-A67C-D90C383ABD29): 45
LogDevObjectVersion:   Dev-Sequencer (7B5AE74C-D270-4C10-A958-57980B212A5A): 13
LogDevObjectVersion:   Dev-VR (D7296918-1DD6-4BDD-9DE2-64A83CC13884): 3
LogDevObjectVersion:   Dev-LoadTimes (C2A15278-BFE7-4AFE-6C17-90FF531DF755): 1
LogDevObjectVersion:   Private-Geometry (6EACA3D4-40EC-4CC1-B786-8BED09428FC5): 3
LogDevObjectVersion:   Dev-AnimPhys (29E575DD-E0A3-4627-9D10-D276232CDCEA): 17
LogDevObjectVersion:   Dev-Anim (AF43A65D-7FD3-4947-9873-3E8ED9C1BB05): 15
LogDevObjectVersion:   Dev-ReflectionCapture (6B266CEC-1EC7-4B8F-A30B-E4D90942FC07): 1
LogDevObjectVersion:   Dev-Automation (0DF73D61-A23F-47EA-B727-89E90C41499A): 1
LogDevObjectVersion:   FortniteMain (601D1886-AC64-4F84-AA16-D3DE0DEAC7D6): 47
LogDevObjectVersion:   FortniteRelease (E7086368-6B23-4C58-8439-1B7016265E91): 1
LogDevObjectVersion:   Dev-Enterprise (9DFFBCD6-494F-0158-E221-12823C92A888): 10
LogDevObjectVersion:   Dev-Niagara (F2AED0AC-9AFE-416F-8664-AA7FFA26D6FC): 1
LogDevObjectVersion:   Dev-Destruction (174F1F0B-B4C6-45A5-B13F-2EE8D0FB917D): 10
LogDevObjectVersion:   Dev-Physics-Ext (35F94A83-E258-406C-A318-09F59610247C): 41
LogDevObjectVersion:   Dev-PhysicsMaterial-Chaos (B68FC16E-8B1B-42E2-B453-215C058844FE): 1
LogDevObjectVersion:   Dev-CineCamera (B2E18506-4273-CFC2-A54E-F4BB758BBA07): 1
LogDevObjectVersion:   Dev-VirtualProduction (64F58936-FD1B-42BA-BA96-7289D5D0FA4E): 1
LogDevObjectVersion:   Dev-MediaFramework (6F0ED827-A609-4895-9C91-998D90180EA4): 2
LogInit: Presizing for max 25165824 objects, including 0 objects not considered by GC, pre-allocating 0 bytes for permanent pool.
LogConfig: Applying CVar settings from Section [/Script/Engine.StreamingSettings] File [C:/work/UnrealProject_C7/ShootingGame/Saved/Config/Windows/Engine.ini]
LogConfig: Setting CVar [[s.MinBulkDataSizeForAsyncLoading:131072]]
LogConfig: Setting CVar [[s.AsyncLoadingThreadEnabled:0]]
LogConfig: Setting CVar [[s.EventDrivenLoaderEnabled:1]]
LogConfig: Setting CVar [[s.WarnIfTimeLimitExceeded:0]]
LogConfig: Setting CVar [[s.TimeLimitExceededMultiplier:1.5]]
LogConfig: Setting CVar [[s.TimeLimitExceededMinTime:0.005]]
LogConfig: Setting CVar [[s.UseBackgroundLevelStreaming:1]]
LogConfig: Setting CVar [[s.PriorityAsyncLoadingExtraTime:15.0]]
LogConfig: Setting CVar [[s.LevelStreamingActorsUpdateTimeLimit:5.0]]
LogConfig: Setting CVar [[s.PriorityLevelStreamingActorsUpdateExtraTime:5.0]]
LogConfig: Setting CVar [[s.LevelStreamingComponentsRegistrationGranularity:10]]
LogConfig: Setting CVar [[s.UnregisterComponentsTimeLimit:1.0]]
LogConfig: Setting CVar [[s.LevelStreamingComponentsUnregistrationGranularity:5]]
LogConfig: Setting CVar [[s.FlushStreamingOnExit:1]]
LogInit: Object subsystem initialized
LogConfig: Setting CVar [[con.DebugEarlyDefault:1]]
LogConfig: Setting CVar [[r.setres:1280x720]]
[2022.07.06-01.20.09:080][  0]LogConfig: Setting CVar [[con.DebugEarlyDefault:1]]
[2022.07.06-01.20.09:080][  0]LogConfig: Setting CVar [[r.setres:1280x720]]
[2022.07.06-01.20.09:080][  0]LogConfig: Applying CVar settings from Section [/Script/Engine.RendererSettings] File [C:/work/UnrealProject_C7/ShootingGame/Saved/Config/Windows/Engine.ini]
[2022.07.06-01.20.09:080][  0]LogConfig: Setting CVar [[r.GPUCrashDebugging:0]]
[2022.07.06-01.20.09:080][  0]LogConfig: Applying CVar settings from Section [/Script/Engine.RendererOverrideSettings] File [C:/work/UnrealProject_C7/ShootingGame/Saved/Config/Windows/Engine.ini]
[2022.07.06-01.20.09:080][  0]LogConfig: Applying CVar settings from Section [/Script/Engine.StreamingSettings] File [C:/work/UnrealProject_C7/ShootingGame/Saved/Config/Windows/Engine.ini]
[2022.07.06-01.20.09:080][  0]LogConfig: Setting CVar [[s.MinBulkDataSizeForAsyncLoading:131072]]
[2022.07.06-01.20.09:080][  0]LogConfig: Setting CVar [[s.AsyncLoadingThreadEnabled:0]]
[2022.07.06-01.20.09:080][  0]LogConfig: Setting CVar [[s.EventDrivenLoaderEnabled:1]]
[2022.07.06-01.20.09:080][  0]LogConfig: Setting CVar [[s.WarnIfTimeLimitExceeded:0]]
[2022.07.06-01.20.09:080][  0]LogConfig: Setting CVar [[s.TimeLimitExceededMultiplier:1.5]]
[2022.07.06-01.20.09:080][  0]LogConfig: Setting CVar [[s.TimeLimitExceededMinTime:0.005]]
[2022.07.06-01.20.09:080][  0]LogConfig: Setting CVar [[s.UseBackgroundLevelStreaming:1]]
[2022.07.06-01.20.09:080][  0]LogConfig: Setting CVar [[s.PriorityAsyncLoadingExtraTime:15.0]]
[2022.07.06-01.20.09:080][  0]LogConfig: Setting CVar [[s.LevelStreamingActorsUpdateTimeLimit:5.0]]
[2022.07.06-01.20.09:080][  0]LogConfig: Setting CVar [[s.PriorityLevelStreamingActorsUpdateExtraTime:5.0]]
[2022.07.06-01.20.09:080][  0]LogConfig: Setting CVar [[s.LevelStreamingComponentsRegistrationGranularity:10]]
[2022.07.06-01.20.09:080][  0]LogConfig: Setting CVar [[s.UnregisterComponentsTimeLimit:1.0]]
[2022.07.06-01.20.09:080][  0]LogConfig: Setting CVar [[s.LevelStreamingComponentsUnregistrationGranularity:5]]
[2022.07.06-01.20.09:080][  0]LogConfig: Setting CVar [[s.FlushStreamingOnExit:1]]
[2022.07.06-01.20.09:080][  0]LogConfig: Applying CVar settings from Section [/Script/Engine.GarbageCollectionSettings] File [C:/work/UnrealProject_C7/ShootingGame/Saved/Config/Windows/Engine.ini]
[2022.07.06-01.20.09:080][  0]LogConfig: Setting CVar [[gc.MaxObjectsNotConsideredByGC:1]]
[2022.07.06-01.20.09:080][  0]LogConfig: Setting CVar [[gc.SizeOfPermanentObjectPool:0]]
[2022.07.06-01.20.09:080][  0]LogConfig: Setting CVar [[gc.FlushStreamingOnGC:0]]
[2022.07.06-01.20.09:080][  0]LogConfig: Setting CVar [[gc.NumRetriesBeforeForcingGC:10]]
[2022.07.06-01.20.09:080][  0]LogConfig: Setting CVar [[gc.AllowParallelGC:1]]
[2022.07.06-01.20.09:080][  0]LogConfig: Setting CVar [[gc.TimeBetweenPurgingPendingKillObjects:61.1]]
[2022.07.06-01.20.09:080][  0]LogConfig: Setting CVar [[gc.MaxObjectsInEditor:25165824]]
[2022.07.06-01.20.09:081][  0]LogConfig: Setting CVar [[gc.IncrementalBeginDestroyEnabled:1]]
[2022.07.06-01.20.09:081][  0]LogConfig: Setting CVar [[gc.CreateGCClusters:1]]
[2022.07.06-01.20.09:081][  0]LogConfig: Setting CVar [[gc.MinGCClusterSize:5]]
[2022.07.06-01.20.09:081][  0]LogConfig: Setting CVar [[gc.ActorClusteringEnabled:0]]
[2022.07.06-01.20.09:081][  0]LogConfig: Setting CVar [[gc.BlueprintClusteringEnabled:0]]
[2022.07.06-01.20.09:081][  0]LogConfig: Setting CVar [[gc.UseDisregardForGCOnDedicatedServers:0]]
[2022.07.06-01.20.09:081][  0]LogConfig: Setting CVar [[gc.MultithreadedDestructionEnabled:1]]
[2022.07.06-01.20.09:081][  0]LogConfig: Applying CVar settings from Section [/Script/Engine.NetworkSettings] File [C:/work/UnrealProject_C7/ShootingGame/Saved/Config/Windows/Engine.ini]
[2022.07.06-01.20.09:081][  0]LogConfig: Applying CVar settings from Section [/Script/UnrealEd.CookerSettings] File [C:/work/UnrealProject_C7/ShootingGame/Saved/Config/Windows/Engine.ini]
[2022.07.06-01.20.09:086][  0]LogConfig: Applying CVar settings from Section [ViewDistanceQuality@3] File [C:/work/UnrealProject_C7/ShootingGame/Saved/Config/Windows/Scalability.ini]
[2022.07.06-01.20.09:086][  0]LogConfig: Setting CVar [[r.SkeletalMeshLODBias:0]]
[2022.07.06-01.20.09:086][  0]LogConfig: Setting CVar [[r.ViewDistanceScale:1.0]]
[2022.07.06-01.20.09:086][  0]LogConfig: Applying CVar settings from Section [AntiAliasingQuality@3] File [C:/work/UnrealProject_C7/ShootingGame/Saved/Config/Windows/Scalability.ini]
[2022.07.06-01.20.09:086][  0]LogConfig: Setting CVar [[r.PostProcessAAQuality:4]]
[2022.07.06-01.20.09:086][  0]LogConfig: Applying CVar settings from Section [ShadowQuality@3] File [C:/work/UnrealProject_C7/ShootingGame/Saved/Config/Windows/Scalability.ini]
[2022.07.06-01.20.09:086][  0]LogConfig: Setting CVar [[r.LightFunctionQuality:1]]
[2022.07.06-01.20.09:086][  0]LogConfig: Setting CVar [[r.ShadowQuality:5]]
[2022.07.06-01.20.09:086][  0]LogConfig: Setting CVar [[r.Shadow.CSM.MaxCascades:10]]
[2022.07.06-01.20.09:086][  0]LogConfig: Setting CVar [[r.Shadow.MaxResolution:2048]]
[2022.07.06-01.20.09:086][  0]LogConfig: Setting CVar [[r.Shadow.MaxCSMResolution:2048]]
[2022.07.06-01.20.09:086][  0]LogConfig: Setting CVar [[r.Shadow.RadiusThreshold:0.01]]
[2022.07.06-01.20.09:086][  0]LogConfig: Setting CVar [[r.Shadow.DistanceScale:1.0]]
[2022.07.06-01.20.09:086][  0]LogConfig: Setting CVar [[r.Shadow.CSM.TransitionScale:1.0]]
[2022.07.06-01.20.09:086][  0]LogConfig: Setting CVar [[r.Shadow.PreShadowResolutionFactor:1.0]]
[2022.07.06-01.20.09:086][  0]LogConfig: Setting CVar [[r.DistanceFieldShadowing:1]]
[2022.07.06-01.20.09:086][  0]LogConfig: Setting CVar [[r.DistanceFieldAO:1]]
[2022.07.06-01.20.09:086][  0]LogConfig: Setting CVar [[r.AOQuality:2]]
[2022.07.06-01.20.09:086][  0]LogConfig: Setting CVar [[r.VolumetricFog:1]]
[2022.07.06-01.20.09:086][  0]LogConfig: Setting CVar [[r.VolumetricFog.GridPixelSize:8]]
[2022.07.06-01.20.09:086][  0]LogConfig: Setting CVar [[r.VolumetricFog.GridSizeZ:128]]
[2022.07.06-01.20.09:086][  0]LogConfig: Setting CVar [[r.VolumetricFog.HistoryMissSupersampleCount:4]]
[2022.07.06-01.20.09:086][  0]LogConfig: Setting CVar [[r.LightMaxDrawDistanceScale:1]]
[2022.07.06-01.20.09:086][  0]LogConfig: Setting CVar [[r.CapsuleShadows:1]]
[2022.07.06-01.20.09:086][  0]LogConfig: Applying CVar settings from Section [PostProcessQuality@3] File [C:/work/UnrealProject_C7/ShootingGame/Saved/Config/Windows/Scalability.ini]
[2022.07.06-01.20.09:086][  0]LogConfig: Setting CVar [[r.MotionBlurQuality:4]]
[2022.07.06-01.20.09:086][  0]LogConfig: Setting CVar [[r.AmbientOcclusionMipLevelFactor:0.4]]
[2022.07.06-01.20.09:086][  0]LogConfig: Setting CVar [[r.AmbientOcclusionMaxQuality:100]]
[2022.07.06-01.20.09:086][  0]LogConfig: Setting CVar [[r.AmbientOcclusionLevels:-1]]
[2022.07.06-01.20.09:086][  0]LogConfig: Setting CVar [[r.AmbientOcclusionRadiusScale:1.0]]
[2022.07.06-01.20.09:086][  0]LogConfig: Setting CVar [[r.DepthOfFieldQuality:2]]
[2022.07.06-01.20.09:086][  0]LogConfig: Setting CVar [[r.RenderTargetPoolMin:400]]
[2022.07.06-01.20.09:086][  0]LogConfig: Setting CVar [[r.LensFlareQuality:2]]
[2022.07.06-01.20.09:086][  0]LogConfig: Setting CVar [[r.SceneColorFringeQuality:1]]
[2022.07.06-01.20.09:086][  0]LogConfig: Setting CVar [[r.EyeAdaptationQuality:2]]
[2022.07.06-01.20.09:086][  0]LogConfig: Setting CVar [[r.BloomQuality:5]]
[2022.07.06-01.20.09:086][  0]LogConfig: Setting CVar [[r.FastBlurThreshold:100]]
[2022.07.06-01.20.09:086][  0]LogConfig: Setting CVar [[r.Upscale.Quality:3]]
[2022.07.06-01.20.09:086][  0]LogConfig: Setting CVar [[r.Tonemapper.GrainQuantization:1]]
[2022.07.06-01.20.09:086][  0]LogConfig: Setting CVar [[r.LightShaftQuality:1]]
[2022.07.06-01.20.09:086][  0]LogConfig: Setting CVar [[r.Filter.SizeScale:1]]
[2022.07.06-01.20.09:086][  0]LogConfig: Setting CVar [[r.Tonemapper.Quality:5]]
[2022.07.06-01.20.09:086][  0]LogConfig: Setting CVar [[r.DOF.Gather.AccumulatorQuality:1        ; higher gathering accumulator quality]]
[2022.07.06-01.20.09:086][  0]LogConfig: Setting CVar [[r.DOF.Gather.PostfilterMethod:1          ; Median3x3 postfilering method]]
[2022.07.06-01.20.09:086][  0]LogConfig: Setting CVar [[r.DOF.Gather.EnableBokehSettings:0       ; no bokeh simulation when gathering]]
[2022.07.06-01.20.09:086][  0]LogConfig: Setting CVar [[r.DOF.Gather.RingCount:4                 ; medium number of samples when gathering]]
[2022.07.06-01.20.09:086][  0]LogConfig: Setting CVar [[r.DOF.Scatter.ForegroundCompositing:1    ; additive foreground scattering]]
[2022.07.06-01.20.09:086][  0]LogConfig: Setting CVar [[r.DOF.Scatter.BackgroundCompositing:2    ; additive background scattering]]
[2022.07.06-01.20.09:086][  0]LogConfig: Setting CVar [[r.DOF.Scatter.EnableBokehSettings:1      ; bokeh simulation when scattering]]
[2022.07.06-01.20.09:086][  0]LogConfig: Setting CVar [[r.DOF.Scatter.MaxSpriteRatio:0.1         ; only a maximum of 10% of scattered bokeh]]
[2022.07.06-01.20.09:086][  0]LogConfig: Setting CVar [[r.DOF.Recombine.Quality:1                ; cheap slight out of focus]]
[2022.07.06-01.20.09:086][  0]LogConfig: Setting CVar [[r.DOF.Recombine.EnableBokehSettings:0    ; no bokeh simulation on slight out of focus]]
[2022.07.06-01.20.09:086][  0]LogConfig: Setting CVar [[r.DOF.TemporalAAQuality:1                ; more stable temporal accumulation]]
[2022.07.06-01.20.09:086][  0]LogConfig: Setting CVar [[r.DOF.Kernel.MaxForegroundRadius:0.025]]
[2022.07.06-01.20.09:086][  0]LogConfig: Setting CVar [[r.DOF.Kernel.MaxBackgroundRadius:0.025]]
[2022.07.06-01.20.09:086][  0]LogConfig: Applying CVar settings from Section [TextureQuality@3] File [C:/work/UnrealProject_C7/ShootingGame/Saved/Config/Windows/Scalability.ini]
[2022.07.06-01.20.09:086][  0]LogConfig: Setting CVar [[r.Streaming.MipBias:0]]
[2022.07.06-01.20.09:086][  0]LogConfig: Setting CVar [[r.Streaming.AmortizeCPUToGPUCopy:0]]
[2022.07.06-01.20.09:086][  0]LogConfig: Setting CVar [[r.Streaming.MaxNumTexturesToStreamPerFrame:0]]
[2022.07.06-01.20.09:086][  0]LogConfig: Setting CVar [[r.Streaming.Boost:1]]
[2022.07.06-01.20.09:086][  0]LogConfig: Setting CVar [[r.MaxAnisotropy:8]]
[2022.07.06-01.20.09:086][  0]LogConfig: Setting CVar [[r.VT.MaxAnisotropy:8]]
[2022.07.06-01.20.09:086][  0]LogConfig: Setting CVar [[r.Streaming.LimitPoolSizeToVRAM:0]]
[2022.07.06-01.20.09:086][  0]LogConfig: Setting CVar [[r.Streaming.PoolSize:1000]]
[2022.07.06-01.20.09:086][  0]LogConfig: Setting CVar [[r.Streaming.MaxEffectiveScreenSize:0]]
[2022.07.06-01.20.09:086][  0]LogConfig: Applying CVar settings from Section [EffectsQuality@3] File [C:/work/UnrealProject_C7/ShootingGame/Saved/Config/Windows/Scalability.ini]
[2022.07.06-01.20.09:086][  0]LogConfig: Setting CVar [[r.TranslucencyLightingVolumeDim:64]]
[2022.07.06-01.20.09:086][  0]LogConfig: Setting CVar [[r.RefractionQuality:2]]
[2022.07.06-01.20.09:086][  0]LogConfig: Setting CVar [[r.SSR.Quality:3]]
[2022.07.06-01.20.09:086][  0]LogConfig: Setting CVar [[r.SSR.HalfResSceneColor:0]]
[2022.07.06-01.20.09:086][  0]LogConfig: Setting CVar [[r.SceneColorFormat:4]]
[2022.07.06-01.20.09:086][  0]LogConfig: Setting CVar [[r.DetailMode:2]]
[2022.07.06-01.20.09:086][  0]LogConfig: Setting CVar [[r.TranslucencyVolumeBlur:1]]
[2022.07.06-01.20.09:086][  0]LogConfig: Setting CVar [[r.MaterialQualityLevel:1 ; High quality]]
[2022.07.06-01.20.09:086][  0]LogConfig: Setting CVar [[r.AnisotropicMaterials:1]]
[2022.07.06-01.20.09:086][  0]LogConfig: Setting CVar [[r.SSS.Scale:1]]
[2022.07.06-01.20.09:086][  0]LogConfig: Setting CVar [[r.SSS.SampleSet:2]]
[2022.07.06-01.20.09:086][  0]LogConfig: Setting CVar [[r.SSS.Quality:1]]
[2022.07.06-01.20.09:086][  0]LogConfig: Setting CVar [[r.SSS.HalfRes:0]]
[2022.07.06-01.20.09:086][  0]LogConfig: Setting CVar [[r.SSGI.Quality:3]]
[2022.07.06-01.20.09:086][  0]LogConfig: Setting CVar [[r.EmitterSpawnRateScale:1.0]]
[2022.07.06-01.20.09:086][  0]LogConfig: Setting CVar [[r.ParticleLightQuality:2]]
[2022.07.06-01.20.09:086][  0]LogConfig: Setting CVar [[r.SkyAtmosphere.AerialPerspectiveLUT.FastApplyOnOpaque:1 ; Always have FastSkyLUT 1 in this case to avoid wrong sky]]
[2022.07.06-01.20.09:087][  0]LogConfig: Setting CVar [[r.SkyAtmosphere.AerialPerspectiveLUT.SampleCountMaxPerSlice:4]]
[2022.07.06-01.20.09:087][  0]LogConfig: Setting CVar [[r.SkyAtmosphere.AerialPerspectiveLUT.DepthResolution:16.0]]
[2022.07.06-01.20.09:087][  0]LogConfig: Setting CVar [[r.SkyAtmosphere.FastSkyLUT:1]]
[2022.07.06-01.20.09:087][  0]LogConfig: Setting CVar [[r.SkyAtmosphere.FastSkyLUT.SampleCountMin:4.0]]
[2022.07.06-01.20.09:087][  0]LogConfig: Setting CVar [[r.SkyAtmosphere.FastSkyLUT.SampleCountMax:128.0]]
[2022.07.06-01.20.09:087][  0]LogConfig: Setting CVar [[r.SkyAtmosphere.SampleCountMin:4.0]]
[2022.07.06-01.20.09:087][  0]LogConfig: Setting CVar [[r.SkyAtmosphere.SampleCountMax:128.0]]
[2022.07.06-01.20.09:087][  0]LogConfig: Setting CVar [[r.SkyAtmosphere.TransmittanceLUT.UseSmallFormat:0]]
[2022.07.06-01.20.09:087][  0]LogConfig: Setting CVar [[r.SkyAtmosphere.TransmittanceLUT.SampleCount:10.0]]
[2022.07.06-01.20.09:087][  0]LogConfig: Setting CVar [[r.SkyAtmosphere.MultiScatteringLUT.SampleCount:15.0]]
[2022.07.06-01.20.09:087][  0]LogConfig: Setting CVar [[r.SkyLight.RealTimeReflectionCapture:1]]
[2022.07.06-01.20.09:087][  0]LogConfig: Applying CVar settings from Section [FoliageQuality@3] File [C:/work/UnrealProject_C7/ShootingGame/Saved/Config/Windows/Scalability.ini]
[2022.07.06-01.20.09:087][  0]LogConfig: Setting CVar [[foliage.DensityScale:1.0]]
[2022.07.06-01.20.09:087][  0]LogConfig: Setting CVar [[grass.DensityScale:1.0]]
[2022.07.06-01.20.09:087][  0]LogConfig: Applying CVar settings from Section [ShadingQuality@3] File [C:/work/UnrealProject_C7/ShootingGame/Saved/Config/Windows/Scalability.ini]
[2022.07.06-01.20.09:087][  0]LogConfig: Setting CVar [[r.HairStrands.SkyLighting.IntegrationType:2]]
[2022.07.06-01.20.09:087][  0]LogConfig: Setting CVar [[r.HairStrands.SkyAO.SampleCount:4]]
[2022.07.06-01.20.09:087][  0]LogConfig: Setting CVar [[r.HairStrands.Visibility.MSAA.SamplePerPixel:4]]
[2022.07.06-01.20.09:087][  0]LogInit: Selected Device Profile: [Windows]
[2022.07.06-01.20.09:087][  0]LogInit: Applying CVar settings loaded from the selected device profile: [Windows]
[2022.07.06-01.20.09:087][  0]LogHAL: Display: Platform has ~ 16 GB [16989282304 / 17179869184 / 16], which maps to Larger [LargestMinGB=32, LargerMinGB=12, DefaultMinGB=8, SmallerMinGB=6, SmallestMinGB=0)
[2022.07.06-01.20.09:087][  0]LogInit: Going up to parent DeviceProfile []
[2022.07.06-01.20.09:087][  0]LogConfig: Applying CVar settings from Section [ViewDistanceQuality@3] File [C:/work/UnrealProject_C7/ShootingGame/Saved/Config/Windows/Scalability.ini]
[2022.07.06-01.20.09:087][  0]LogConfig: Setting CVar [[r.SkeletalMeshLODBias:0]]
[2022.07.06-01.20.09:087][  0]LogConfig: Setting CVar [[r.ViewDistanceScale:1.0]]
[2022.07.06-01.20.09:087][  0]LogConfig: Applying CVar settings from Section [AntiAliasingQuality@3] File [C:/work/UnrealProject_C7/ShootingGame/Saved/Config/Windows/Scalability.ini]
[2022.07.06-01.20.09:087][  0]LogConfig: Setting CVar [[r.PostProcessAAQuality:4]]
[2022.07.06-01.20.09:087][  0]LogConfig: Applying CVar settings from Section [ShadowQuality@3] File [C:/work/UnrealProject_C7/ShootingGame/Saved/Config/Windows/Scalability.ini]
[2022.07.06-01.20.09:087][  0]LogConfig: Setting CVar [[r.LightFunctionQuality:1]]
[2022.07.06-01.20.09:087][  0]LogConfig: Setting CVar [[r.ShadowQuality:5]]
[2022.07.06-01.20.09:087][  0]LogConfig: Setting CVar [[r.Shadow.CSM.MaxCascades:10]]
[2022.07.06-01.20.09:087][  0]LogConfig: Setting CVar [[r.Shadow.MaxResolution:2048]]
[2022.07.06-01.20.09:087][  0]LogConfig: Setting CVar [[r.Shadow.MaxCSMResolution:2048]]
[2022.07.06-01.20.09:087][  0]LogConfig: Setting CVar [[r.Shadow.RadiusThreshold:0.01]]
[2022.07.06-01.20.09:087][  0]LogConfig: Setting CVar [[r.Shadow.DistanceScale:1.0]]
[2022.07.06-01.20.09:087][  0]LogConfig: Setting CVar [[r.Shadow.CSM.TransitionScale:1.0]]
[2022.07.06-01.20.09:087][  0]LogConfig: Setting CVar [[r.Shadow.PreShadowResolutionFactor:1.0]]
[2022.07.06-01.20.09:087][  0]LogConfig: Setting CVar [[r.DistanceFieldShadowing:1]]
[2022.07.06-01.20.09:087][  0]LogConfig: Setting CVar [[r.DistanceFieldAO:1]]
[2022.07.06-01.20.09:087][  0]LogConfig: Setting CVar [[r.AOQuality:2]]
[2022.07.06-01.20.09:087][  0]LogConfig: Setting CVar [[r.VolumetricFog:1]]
[2022.07.06-01.20.09:087][  0]LogConfig: Setting CVar [[r.VolumetricFog.GridPixelSize:8]]
[2022.07.06-01.20.09:087][  0]LogConfig: Setting CVar [[r.VolumetricFog.GridSizeZ:128]]
[2022.07.06-01.20.09:087][  0]LogConfig: Setting CVar [[r.VolumetricFog.HistoryMissSupersampleCount:4]]
[2022.07.06-01.20.09:087][  0]LogConfig: Setting CVar [[r.LightMaxDrawDistanceScale:1]]
[2022.07.06-01.20.09:087][  0]LogConfig: Setting CVar [[r.CapsuleShadows:1]]
[2022.07.06-01.20.09:087][  0]LogConfig: Applying CVar settings from Section [PostProcessQuality@3] File [C:/work/UnrealProject_C7/ShootingGame/Saved/Config/Windows/Scalability.ini]
[2022.07.06-01.20.09:087][  0]LogConfig: Setting CVar [[r.MotionBlurQuality:4]]
[2022.07.06-01.20.09:087][  0]LogConfig: Setting CVar [[r.AmbientOcclusionMipLevelFactor:0.4]]
[2022.07.06-01.20.09:087][  0]LogConfig: Setting CVar [[r.AmbientOcclusionMaxQuality:100]]
[2022.07.06-01.20.09:087][  0]LogConfig: Setting CVar [[r.AmbientOcclusionLevels:-1]]
[2022.07.06-01.20.09:087][  0]LogConfig: Setting CVar [[r.AmbientOcclusionRadiusScale:1.0]]
[2022.07.06-01.20.09:087][  0]LogConfig: Setting CVar [[r.DepthOfFieldQuality:2]]
[2022.07.06-01.20.09:087][  0]LogConfig: Setting CVar [[r.RenderTargetPoolMin:400]]
[2022.07.06-01.20.09:087][  0]LogConfig: Setting CVar [[r.LensFlareQuality:2]]
[2022.07.06-01.20.09:087][  0]LogConfig: Setting CVar [[r.SceneColorFringeQuality:1]]
[2022.07.06-01.20.09:087][  0]LogConfig: Setting CVar [[r.EyeAdaptationQuality:2]]
[2022.07.06-01.20.09:087][  0]LogConfig: Setting CVar [[r.BloomQuality:5]]
[2022.07.06-01.20.09:087][  0]LogConfig: Setting CVar [[r.FastBlurThreshold:100]]
[2022.07.06-01.20.09:087][  0]LogConfig: Setting CVar [[r.Upscale.Quality:3]]
[2022.07.06-01.20.09:087][  0]LogConfig: Setting CVar [[r.Tonemapper.GrainQuantization:1]]
[2022.07.06-01.20.09:087][  0]LogConfig: Setting CVar [[r.LightShaftQuality:1]]
[2022.07.06-01.20.09:087][  0]LogConfig: Setting CVar [[r.Filter.SizeScale:1]]
[2022.07.06-01.20.09:087][  0]LogConfig: Setting CVar [[r.Tonemapper.Quality:5]]
[2022.07.06-01.20.09:087][  0]LogConfig: Setting CVar [[r.DOF.Gather.AccumulatorQuality:1        ; higher gathering accumulator quality]]
[2022.07.06-01.20.09:087][  0]LogConfig: Setting CVar [[r.DOF.Gather.PostfilterMethod:1          ; Median3x3 postfilering method]]
[2022.07.06-01.20.09:087][  0]LogConfig: Setting CVar [[r.DOF.Gather.EnableBokehSettings:0       ; no bokeh simulation when gathering]]
[2022.07.06-01.20.09:087][  0]LogConfig: Setting CVar [[r.DOF.Gather.RingCount:4                 ; medium number of samples when gathering]]
[2022.07.06-01.20.09:087][  0]LogConfig: Setting CVar [[r.DOF.Scatter.ForegroundCompositing:1    ; additive foreground scattering]]
[2022.07.06-01.20.09:087][  0]LogConfig: Setting CVar [[r.DOF.Scatter.BackgroundCompositing:2    ; additive background scattering]]
[2022.07.06-01.20.09:087][  0]LogConfig: Setting CVar [[r.DOF.Scatter.EnableBokehSettings:1      ; bokeh simulation when scattering]]
[2022.07.06-01.20.09:087][  0]LogConfig: Setting CVar [[r.DOF.Scatter.MaxSpriteRatio:0.1         ; only a maximum of 10% of scattered bokeh]]
[2022.07.06-01.20.09:087][  0]LogConfig: Setting CVar [[r.DOF.Recombine.Quality:1                ; cheap slight out of focus]]
[2022.07.06-01.20.09:087][  0]LogConfig: Setting CVar [[r.DOF.Recombine.EnableBokehSettings:0    ; no bokeh simulation on slight out of focus]]
[2022.07.06-01.20.09:087][  0]LogConfig: Setting CVar [[r.DOF.TemporalAAQuality:1                ; more stable temporal accumulation]]
[2022.07.06-01.20.09:087][  0]LogConfig: Setting CVar [[r.DOF.Kernel.MaxForegroundRadius:0.025]]
[2022.07.06-01.20.09:087][  0]LogConfig: Setting CVar [[r.DOF.Kernel.MaxBackgroundRadius:0.025]]
[2022.07.06-01.20.09:087][  0]LogConfig: Applying CVar settings from Section [TextureQuality@3] File [C:/work/UnrealProject_C7/ShootingGame/Saved/Config/Windows/Scalability.ini]
[2022.07.06-01.20.09:087][  0]LogConfig: Setting CVar [[r.Streaming.MipBias:0]]
[2022.07.06-01.20.09:087][  0]LogConfig: Setting CVar [[r.Streaming.AmortizeCPUToGPUCopy:0]]
[2022.07.06-01.20.09:087][  0]LogConfig: Setting CVar [[r.Streaming.MaxNumTexturesToStreamPerFrame:0]]
[2022.07.06-01.20.09:087][  0]LogConfig: Setting CVar [[r.Streaming.Boost:1]]
[2022.07.06-01.20.09:087][  0]LogConfig: Setting CVar [[r.MaxAnisotropy:8]]
[2022.07.06-01.20.09:087][  0]LogConfig: Setting CVar [[r.VT.MaxAnisotropy:8]]
[2022.07.06-01.20.09:087][  0]LogConfig: Setting CVar [[r.Streaming.LimitPoolSizeToVRAM:0]]
[2022.07.06-01.20.09:087][  0]LogConfig: Setting CVar [[r.Streaming.PoolSize:1000]]
[2022.07.06-01.20.09:087][  0]LogConfig: Setting CVar [[r.Streaming.MaxEffectiveScreenSize:0]]
[2022.07.06-01.20.09:087][  0]LogConfig: Applying CVar settings from Section [EffectsQuality@3] File [C:/work/UnrealProject_C7/ShootingGame/Saved/Config/Windows/Scalability.ini]
[2022.07.06-01.20.09:087][  0]LogConfig: Setting CVar [[r.TranslucencyLightingVolumeDim:64]]
[2022.07.06-01.20.09:088][  0]LogConfig: Setting CVar [[r.RefractionQuality:2]]
[2022.07.06-01.20.09:088][  0]LogConfig: Setting CVar [[r.SSR.Quality:3]]
[2022.07.06-01.20.09:088][  0]LogConfig: Setting CVar [[r.SSR.HalfResSceneColor:0]]
[2022.07.06-01.20.09:088][  0]LogConfig: Setting CVar [[r.SceneColorFormat:4]]
[2022.07.06-01.20.09:088][  0]LogConfig: Setting CVar [[r.DetailMode:2]]
[2022.07.06-01.20.09:088][  0]LogConfig: Setting CVar [[r.TranslucencyVolumeBlur:1]]
[2022.07.06-01.20.09:088][  0]LogConfig: Setting CVar [[r.MaterialQualityLevel:1 ; High quality]]
[2022.07.06-01.20.09:088][  0]LogConfig: Setting CVar [[r.AnisotropicMaterials:1]]
[2022.07.06-01.20.09:088][  0]LogConfig: Setting CVar [[r.SSS.Scale:1]]
[2022.07.06-01.20.09:088][  0]LogConfig: Setting CVar [[r.SSS.SampleSet:2]]
[2022.07.06-01.20.09:088][  0]LogConfig: Setting CVar [[r.SSS.Quality:1]]
[2022.07.06-01.20.09:088][  0]LogConfig: Setting CVar [[r.SSS.HalfRes:0]]
[2022.07.06-01.20.09:088][  0]LogConfig: Setting CVar [[r.SSGI.Quality:3]]
[2022.07.06-01.20.09:088][  0]LogConfig: Setting CVar [[r.EmitterSpawnRateScale:1.0]]
[2022.07.06-01.20.09:088][  0]LogConfig: Setting CVar [[r.ParticleLightQuality:2]]
[2022.07.06-01.20.09:088][  0]LogConfig: Setting CVar [[r.SkyAtmosphere.AerialPerspectiveLUT.FastApplyOnOpaque:1 ; Always have FastSkyLUT 1 in this case to avoid wrong sky]]
[2022.07.06-01.20.09:088][  0]LogConfig: Setting CVar [[r.SkyAtmosphere.AerialPerspectiveLUT.SampleCountMaxPerSlice:4]]
[2022.07.06-01.20.09:088][  0]LogConfig: Setting CVar [[r.SkyAtmosphere.AerialPerspectiveLUT.DepthResolution:16.0]]
[2022.07.06-01.20.09:088][  0]LogConfig: Setting CVar [[r.SkyAtmosphere.FastSkyLUT:1]]
[2022.07.06-01.20.09:088][  0]LogConfig: Setting CVar [[r.SkyAtmosphere.FastSkyLUT.SampleCountMin:4.0]]
[2022.07.06-01.20.09:088][  0]LogConfig: Setting CVar [[r.SkyAtmosphere.FastSkyLUT.SampleCountMax:128.0]]
[2022.07.06-01.20.09:088][  0]LogConfig: Setting CVar [[r.SkyAtmosphere.SampleCountMin:4.0]]
[2022.07.06-01.20.09:088][  0]LogConfig: Setting CVar [[r.SkyAtmosphere.SampleCountMax:128.0]]
[2022.07.06-01.20.09:088][  0]LogConfig: Setting CVar [[r.SkyAtmosphere.TransmittanceLUT.UseSmallFormat:0]]
[2022.07.06-01.20.09:088][  0]LogConfig: Setting CVar [[r.SkyAtmosphere.TransmittanceLUT.SampleCount:10.0]]
[2022.07.06-01.20.09:088][  0]LogConfig: Setting CVar [[r.SkyAtmosphere.MultiScatteringLUT.SampleCount:15.0]]
[2022.07.06-01.20.09:088][  0]LogConfig: Setting CVar [[r.SkyLight.RealTimeReflectionCapture:1]]
[2022.07.06-01.20.09:088][  0]LogConfig: Applying CVar settings from Section [FoliageQuality@3] File [C:/work/UnrealProject_C7/ShootingGame/Saved/Config/Windows/Scalability.ini]
[2022.07.06-01.20.09:088][  0]LogConfig: Setting CVar [[foliage.DensityScale:1.0]]
[2022.07.06-01.20.09:088][  0]LogConfig: Setting CVar [[grass.DensityScale:1.0]]
[2022.07.06-01.20.09:088][  0]LogConfig: Applying CVar settings from Section [ShadingQuality@3] File [C:/work/UnrealProject_C7/ShootingGame/Saved/Config/Windows/Scalability.ini]
[2022.07.06-01.20.09:088][  0]LogConfig: Setting CVar [[r.HairStrands.SkyLighting.IntegrationType:2]]
[2022.07.06-01.20.09:088][  0]LogConfig: Setting CVar [[r.HairStrands.SkyAO.SampleCount:4]]
[2022.07.06-01.20.09:088][  0]LogConfig: Setting CVar [[r.HairStrands.Visibility.MSAA.SamplePerPixel:4]]
[2022.07.06-01.20.09:088][  0]LogConfig: Applying CVar settings from Section [Startup] File [../../../Engine/Config/ConsoleVariables.ini]
[2022.07.06-01.20.09:089][  0]LogConfig: Setting CVar [[net.UseAdaptiveNetUpdateFrequency:0]]
[2022.07.06-01.20.09:089][  0]LogConfig: Setting CVar [[p.chaos.AllowCreatePhysxBodies:1]]
[2022.07.06-01.20.09:089][  0]LogConfig: Setting CVar [[fx.SkipVectorVMBackendOptimizations:1]]
[2022.07.06-01.20.09:089][  0]LogConfig: Applying CVar settings from Section [ConsoleVariables] File [C:/work/UnrealProject_C7/ShootingGame/Saved/Config/Windows/Engine.ini]
[2022.07.06-01.20.09:089][  0]LogConfig: Applying CVar settings from Section [ConsoleVariables] File [C:/work/UnrealProject_C7/ShootingGame/Saved/Config/Windows/Editor.ini]
[2022.07.06-01.20.09:089][  0]LogInit: Computer: DESKTOP-HME5P3N
[2022.07.06-01.20.09:089][  0]LogInit: User: parkdoyoung
[2022.07.06-01.20.09:089][  0]LogInit: CPU Page size=4096, Cores=4
[2022.07.06-01.20.09:089][  0]LogInit: High frequency timer resolution =10.000000 MHz
[2022.07.06-01.20.09:089][  0]LogMemory: Memory total: Physical=15.8GB (16GB approx)
[2022.07.06-01.20.09:089][  0]LogMemory: Platform Memory Stats for Windows
[2022.07.06-01.20.09:089][  0]LogMemory: Process Physical Memory: 141.05 MB used, 141.06 MB peak
[2022.07.06-01.20.09:089][  0]LogMemory: Process Virtual Memory: 126.23 MB used, 126.23 MB peak
[2022.07.06-01.20.09:089][  0]LogMemory: Physical Memory: 8150.96 MB used,  8051.29 MB free, 16202.24 MB total
[2022.07.06-01.20.09:089][  0]LogMemory: Virtual Memory: 134205992.00 MB used,  11739.39 MB free, 134217728.00 MB total
[2022.07.06-01.20.09:094][  0]LogWindows: WindowsPlatformFeatures enabled
[2022.07.06-01.20.09:115][  0]LogInit: Physics initialised using underlying interface: PhysX
[2022.07.06-01.20.09:115][  0]LogInit: Using OS detected language (ko-KR).
[2022.07.06-01.20.09:115][  0]LogInit: Using OS detected locale (ko-KR).
[2022.07.06-01.20.09:118][  0]LogTextLocalizationManager: No specific localization for 'ko-KR' exists, so the 'ko' localization will be used.
[2022.07.06-01.20.09:263][  0]LogWindowsTextInputMethodSystem: Display: IME system deactivated.
[2022.07.06-01.20.09:275][  0]LogSlate: New Slate User Created.  User Index 0, Is Virtual User: 0
[2022.07.06-01.20.09:275][  0]LogSlate: Slate User Registered.  User Index 0, Is Virtual User: 0
[2022.07.06-01.20.09:289][  0]LogD3D11RHI: Loaded GFSDK_Aftermath_Lib.x64.dll
[2022.07.06-01.20.09:292][  0]LogHMD: Failed to initialize OpenVR with code 110
[2022.07.06-01.20.09:292][  0]LogD3D11RHI: D3D11 min allowed feature level: 11_0
[2022.07.06-01.20.09:292][  0]LogD3D11RHI: D3D11 max allowed feature level: 11_0
[2022.07.06-01.20.09:292][  0]LogD3D11RHI: D3D11 adapters:
[2022.07.06-01.20.09:380][  0]LogD3D11RHI:    0. 'NVIDIA GeForce GTX 1650 with Max-Q Design' (Feature Level 11_0)
[2022.07.06-01.20.09:380][  0]LogD3D11RHI:       3962/0/8101 MB DedicatedVideo/DedicatedSystem/SharedSystem, Outputs:1, VendorId:0x10de
[2022.07.06-01.20.09:397][  0]LogD3D11RHI:    1. 'Intel(R) UHD Graphics' (Feature Level 11_0)
[2022.07.06-01.20.09:397][  0]LogD3D11RHI:       128/0/8101 MB DedicatedVideo/DedicatedSystem/SharedSystem, Outputs:0, VendorId:0x8086
[2022.07.06-01.20.09:400][  0]LogD3D11RHI:    2. 'Microsoft Basic Render Driver' (Feature Level 11_0)
[2022.07.06-01.20.09:400][  0]LogD3D11RHI:       0/0/8101 MB DedicatedVideo/DedicatedSystem/SharedSystem, Outputs:0, VendorId:0x1414
[2022.07.06-01.20.09:400][  0]LogD3D11RHI: Chosen D3D11 Adapter:
[2022.07.06-01.20.09:400][  0]LogD3D11RHI:     Description : NVIDIA GeForce GTX 1650 with Max-Q Design
[2022.07.06-01.20.09:400][  0]LogD3D11RHI:     VendorId    : 10de
[2022.07.06-01.20.09:400][  0]LogD3D11RHI:     DeviceId    : 1f9d
[2022.07.06-01.20.09:400][  0]LogD3D11RHI:     SubSysId    : 12f41462
[2022.07.06-01.20.09:400][  0]LogD3D11RHI:     Revision    : 00a1
[2022.07.06-01.20.09:400][  0]LogD3D11RHI:     DedicatedVideoMemory : 4154458112 bytes
[2022.07.06-01.20.09:400][  0]LogD3D11RHI:     DedicatedSystemMemory : 0 bytes
[2022.07.06-01.20.09:400][  0]LogD3D11RHI:     SharedSystemMemory : 8494641152 bytes
[2022.07.06-01.20.09:400][  0]LogD3D11RHI:     AdapterLuid : 0 55500
[2022.07.06-01.20.09:410][  0]LogD3D11RHI: Creating new Direct3DDevice
[2022.07.06-01.20.09:410][  0]LogD3D11RHI:     GPU DeviceId: 0x1f9d (for the marketing name, search the web for "GPU Device Id")
[2022.07.06-01.20.09:410][  0]LogWindows: EnumDisplayDevices:
[2022.07.06-01.20.09:410][  0]LogWindows:    0. 'Intel(R) UHD Graphics' (P:1 D:1)
[2022.07.06-01.20.09:410][  0]LogWindows:    1. 'Intel(R) UHD Graphics' (P:0 D:0)
[2022.07.06-01.20.09:410][  0]LogWindows:    2. 'Intel(R) UHD Graphics' (P:0 D:0)
[2022.07.06-01.20.09:411][  0]LogWindows: DebugString: PrimaryIsNotTheChoosenAdapter PrimaryIsNotTheChoosenAdapter PrimaryIsNotTheChoosenAdapter FoundDriverCount:0 
[2022.07.06-01.20.09:411][  0]LogD3D11RHI:     Adapter Name: NVIDIA GeForce GTX 1650 with Max-Q Design
[2022.07.06-01.20.09:411][  0]LogD3D11RHI:   Driver Version: Unknown (internal:Unknown, unified:Unknown)
[2022.07.06-01.20.09:411][  0]LogD3D11RHI:      Driver Date: Unknown
[2022.07.06-01.20.09:411][  0]LogRHI: Texture pool is 2773 MB (70% of 3962 MB)
[2022.07.06-01.20.09:411][  0]LogD3D11RHI: Creating D3DDevice using adapter:
[2022.07.06-01.20.09:411][  0]LogD3D11RHI:     Description : NVIDIA GeForce GTX 1650 with Max-Q Design
[2022.07.06-01.20.09:411][  0]LogD3D11RHI:     VendorId    : 10de
[2022.07.06-01.20.09:411][  0]LogD3D11RHI:     DeviceId    : 1f9d
[2022.07.06-01.20.09:411][  0]LogD3D11RHI:     SubSysId    : 12f41462
[2022.07.06-01.20.09:411][  0]LogD3D11RHI:     Revision    : 00a1
[2022.07.06-01.20.09:411][  0]LogD3D11RHI:     DedicatedVideoMemory : 4154458112 bytes
[2022.07.06-01.20.09:411][  0]LogD3D11RHI:     DedicatedSystemMemory : 0 bytes
[2022.07.06-01.20.09:411][  0]LogD3D11RHI:     SharedSystemMemory : 8494641152 bytes
[2022.07.06-01.20.09:411][  0]LogD3D11RHI:     AdapterLuid : 0 55500
[2022.07.06-01.20.09:499][  0]LogD3D11RHI: RHI has support for 64 bit atomics
[2022.07.06-01.20.09:499][  0]LogD3D11RHI: Async texture creation enabled
[2022.07.06-01.20.09:499][  0]LogD3D11RHI: Array index from any shader is supported
[2022.07.06-01.20.09:512][  0]LogD3D11RHI: GPU Timing Frequency: 1000.000000 (Debug: 2 1)
[2022.07.06-01.20.09:544][  0]LogRHI: GeForceNow SDK initialized: 1
[2022.07.06-01.20.09:829][  0]LogTargetPlatformManager: Display: Loaded TargetPlatform 'WindowsNoEditor'
[2022.07.06-01.20.09:833][  0]LogTargetPlatformManager: Display: Loaded TargetPlatform 'Windows'
[2022.07.06-01.20.09:836][  0]LogTargetPlatformManager: Display: Loaded TargetPlatform 'WindowsClient'
[2022.07.06-01.20.09:840][  0]LogTargetPlatformManager: Display: Loaded TargetPlatform 'WindowsServer'
[2022.07.06-01.20.09:840][  0]LogTargetPlatformManager: Display: Building Assets For Windows
[2022.07.06-01.20.09:846][  0]LogAudioDebug: Display: Lib vorbis DLL was dynamically loaded.
[2022.07.06-01.20.09:872][  0]LogTextureFormatOodle: Display: Oodle Texture 2.9.0 init RDO Off
[2022.07.06-01.20.09:895][  0]LogRendererCore: Ray tracing is disabled. Reason: r.RayTracing=0.
[2022.07.06-01.20.09:895][  0]LogShaderCompilers: Guid format shader working directory is 0 characters bigger than the processId version (../../../../../../work/UnrealProject_C7/ShootingGame/Intermediate/Shaders/WorkingDirectory/7420/).
[2022.07.06-01.20.09:895][  0]LogShaderCompilers: Cleaned the shader compiler working directory 'C:/Users/parkdoyoung/AppData/Local/Temp/UnrealShaderWorkingDir/FF2406D04B47DDD473542487700BB244/'.
[2022.07.06-01.20.09:895][  0]LogXGEController: Cannot use XGE Controller as Incredibuild is not installed on this machine.
[2022.07.06-01.20.09:895][  0]LogShaderCompilers: Cannot use XGE Shader Compiler as Incredibuild is not installed on this machine.
[2022.07.06-01.20.09:896][  0]LogShaderCompilers: Display: Using Local Shader Compiler.
[2022.07.06-01.20.10:598][  0]LogDerivedDataCache: Display: Max Cache Size: 512 MB
[2022.07.06-01.20.10:664][  0]LogDerivedDataCache: Loaded boot cache 0.06s 94MB C:/Users/parkdoyoung/AppData/Local/UnrealEngine/4.27/DerivedDataCache/Boot.ddc.
[2022.07.06-01.20.10:664][  0]LogDerivedDataCache: Display: Loaded Boot cache: C:/Users/parkdoyoung/AppData/Local/UnrealEngine/4.27/DerivedDataCache/Boot.ddc
[2022.07.06-01.20.10:664][  0]LogDerivedDataCache: FDerivedDataBackendGraph:  Pak pak cache file ../../../../../../work/UnrealProject_C7/ShootingGame/DerivedDataCache/DDC.ddp not found, will not use a pak cache.
[2022.07.06-01.20.10:664][  0]LogDerivedDataCache: Unable to find inner node Pak for hierarchical cache Hierarchy.
[2022.07.06-01.20.10:664][  0]LogDerivedDataCache: FDerivedDataBackendGraph:  CompressedPak pak cache file ../../../../../../work/UnrealProject_C7/ShootingGame/DerivedDataCache/Compressed.ddp not found, will not use a pak cache.
[2022.07.06-01.20.10:664][  0]LogDerivedDataCache: Unable to find inner node CompressedPak for hierarchical cache Hierarchy.
[2022.07.06-01.20.10:679][  0]LogDerivedDataCache: Display: Pak cache opened for reading ../../../Engine/DerivedDataCache/Compressed.ddp.
[2022.07.06-01.20.10:679][  0]LogDerivedDataCache: FDerivedDataBackendGraph:  EnterprisePak pak cache file ../../../Enterprise/DerivedDataCache/Compressed.ddp not found, will not use a pak cache.
[2022.07.06-01.20.10:679][  0]LogDerivedDataCache: Unable to find inner node EnterprisePak for hierarchical cache Hierarchy.
[2022.07.06-01.20.10:687][  0]LogDerivedDataCache: Speed tests for C:/Users/parkdoyoung/AppData/Local/UnrealEngine/Common/DerivedDataCache took 0.01 seconds
[2022.07.06-01.20.10:687][  0]LogDerivedDataCache: Display: Performance to C:/Users/parkdoyoung/AppData/Local/UnrealEngine/Common/DerivedDataCache: Latency=0.02ms. RandomReadSpeed=224.86MBs, RandomWriteSpeed=240.51MBs. Assigned SpeedClass 'Local'
[2022.07.06-01.20.10:688][  0]LogDerivedDataCache: Using Local data cache path C:/Users/parkdoyoung/AppData/Local/UnrealEngine/Common/DerivedDataCache: Writable
[2022.07.06-01.20.10:688][  0]LogDerivedDataCache: Shared data cache path not found in *engine.ini, will not use an Shared cache.
[2022.07.06-01.20.10:688][  0]LogDerivedDataCache: Unable to find inner node Shared for hierarchical cache Hierarchy.
[2022.07.06-01.20.10:721][  0]LogSlate: Using FreeType 2.10.0
[2022.07.06-01.20.10:721][  0]LogSlate: SlateFontServices - WITH_FREETYPE: 1, WITH_HARFBUZZ: 1
[2022.07.06-01.20.10:800][  0]LogInit: Using OS detected language (ko-KR).
[2022.07.06-01.20.10:800][  0]LogInit: Using OS detected locale (ko-KR).
[2022.07.06-01.20.10:800][  0]LogTextLocalizationManager: No localization for 'ko-KR' exists, so 'en' will be used for the language.
[2022.07.06-01.20.10:800][  0]LogTextLocalizationManager: No localization for 'ko-KR' exists, so 'en' will be used for the locale.
[2022.07.06-01.20.10:801][  0]LogSlate: FontCache flush requested. Reason: Culture for localization was changed
[2022.07.06-01.20.10:801][  0]LogSlate: FontCache flush requested. Reason: Culture for localization was changed
[2022.07.06-01.20.10:804][  0]LogAssetRegistry: FAssetRegistry took 0.0024 seconds to start up
[2022.07.06-01.20.10:961][  0]LogTextLocalizationManager: Compacting localization data took   0.00ms
[2022.07.06-01.20.10:961][  0]LogPackageLocalizationCache: Processed 27 localized package path(s) for 1 prioritized culture(s) in 0.000904 seconds
[2022.07.06-01.20.11:031][  0]LogInit: Selected Device Profile: [Windows]
[2022.07.06-01.20.11:031][  0]LogInit: Active device profile: [000001BCFB98AC00][000001BCF4A95140 49] Windows
[2022.07.06-01.20.11:031][  0]LogInit: Profiles: [000001BCFB98AC00][000001BCF4A95140 49] Windows, [000001BCFB932F00][000001BCFB08D2C0 49] WindowsNoEditor, [000001BCFB98B600][000001BCFC0A1440 49] WindowsServer, [000001BCFB930B00][000001BCFB089580 49] WindowsClient, [000001BCFB988B00][000001BCFC0A56C0 49] IOS, [000001BCFB933700][000001BCFC0A9800 49] iPadAir, [000001BCFB98BB00][000001BCFC0AD940 49] iPadAir2, [000001BCFB8DE600][000001BCFC0B9C00 49] IPadPro, [000001BCFB8DE700][000001BCFC0B40C0 49] iPadAir3, [000001BCFB988500][000001BCFC0BC240 49] iPadAir4, [000001BCFB8DC100][000001BCFC0C03C0 49] iPadMini2, [000001BCFB98B700][000001BCFC0C4540 49] iPadMini3, [000001BCFB8DEF00][000001BCFC0C86C0 49] iPadMini4, [000001BCFB989800][000001BCFC0CC840 49] iPadMini5, [000001BCFB911F00][000001BCFC0D4B00 49] iPhone6, [000001BCFB912000][000001BCFC0D0B40 49] iPodTouch6, [000001BCFB8DF200][000001BCFC0DCE00 49] iPhone7, [000001BCFB8DDB00][000001BCFC0D8E40 49] iPodTouch7, [000001BCFB912E00][000001BCFC0E0FC0 49] iPhone5S, [000001BCFB8DC800][000001BCFC0E5140 49] iPhone6Plus, [000001BCFB912A00][000001BCFC0E92C0 49] iPhone6S, [000001BCFB8DF700][000001BCFC0ED440 49] iPhone6SPlus, [000001BCFB911100][000001BCFC0F15C0 49] iPhone7Plus, [000001BCFB8DCC00][000001BCFC0B1700 49] iPhoneSE, [000001BCFB913500][000001BCFC0F5840 49] iPhone8, [000001BCFB8DD700][000001BCFC0F9980 49] iPhone8Plus, [000001BCFB913600][000001BCFC0FDAC0 49] iPhoneX, [000001BCFB8DD900][000001BCFC1040C0 49] iPhoneXS, [000001BCFB912C00][000001BCFC108240 49] iPhoneXSMax, [000001BCFB8DD100][000001BCFC10C3C0 49] iPhoneXR, [000001BCFB911B00][000001BCFC110540 49] iPhone11, [000001BCFB8DEC00][000001BCFC1146C0 49] iPhone11Pro, [000001BCFB913300][000001BCFC118840 49] iPhone11ProMax, [000001BCFB8DD000][000001BCFC11C9C0 49] iPhoneSE2, [000001BCFB911300][000001BCFC120B40 49] iPhone12Mini, [000001BCFB8DE300][000001BCFC124CC0 49] iPhone12, [000001BCFB912F00][000001BCFC128E40 49] iPhone12Pro, [000001BCFB8DF800][000001BCFC12CFC0 49] iPhone12ProMax, [000001BCFB910400][000001BCFC131140 49] iPadPro105, [000001BCFB8DE900][000001BCFC1352C0 49] iPadPro129, [000001BCFB912900][000001BCFC139440 49] iPadPro97, [000001BCFB8DDC00][000001BCFC13D5C0 49] iPadPro2_129, [000001BCFB910A00][000001BCFC141740 49] iPad5, [000001BCFB8DFE00][000001BCFC1458C0 49] iPad6, [000001BCFB913900][000001BCFC101A00 49] iPad7, [000001BCFB8DEA00][000001BCFC149B40 49] iPad8, [000001BCFB911C00][000001BCFC14C100 49] iPadPro11, [000001BCFB8DE000][000001BCFC154280 49] iPadPro2_11, [000001BCFB933000][000001BCFC158400 49] iPadPro3_129, [000001BCFB9BC100][000001BCFC15C580 49] iPadPro4_129, [000001BCFB932C00][000001BCFC160700 49] AppleTV, [000001BCFB9BCC00][000001BCFC164880 49] AppleTV4K, [000001BCFB930100][000001BCFC168A00 49] TVOS, [000001BCFB9BD900][000001BCFC16CB80 49] Mac, [000001BCFB932B00][000001BCFC170D00 49] MacClient, [000001BCFB9BCE00][000001BCFC174E80 49] MacNoEditor, [000001BCFB932800][000001BCFC179000 49] MacServer, [000001BCFB9BCB00][000001BCFC17D180 49] Linux, [000001BCFB932000][000001BCFC181300 49] LinuxAArch64, [000001BCFB9BD700][000001BCFC185480 49] LinuxNoEditor, [000001BCFB931400][000001BCFC189600 49] LinuxAArch64NoEditor, [000001BCFB9BCF00][000001BCFC18D780 49] LinuxClient, [000001BCFB932700][000001BCFC191900 49] LinuxAArch64Client, [000001BCFB9BC200][000001BCFC195A80 49] LinuxServer, [000001BCFB8DC300][000001BCFC151BC0 49] LinuxAArch64Server, [000001BCFB912800][000001BCFC198180 49] Android, [000001BCFB8DF000][000001BCFC19C2C0 49] Android_Low, [000001BCFB912D00][000001BCFC1A4440 49] Android_Mid, [000001BCFB8DC500][000001BCFC1A85C0 49] Android_High, [000001BCFB913C00][000001BCFC1AC740 49] Android_Default, [000001BCFB8DEB00][000001BCFC1B08C0 49] Android_Adreno4xx, [000001BCFB913F00][000001BCFC1B4A40 49] Android_Adreno5xx_Low, [000001BCFB8DC600][000001BCFC1B8BC0 49] Android_Adreno5xx, [000001BCFB913A00][000001BCFC1BCD40 49] Android_Adreno6xx, [000001BCFB8DD600][000001BCFC1C0EC0 49] Android_Adreno6xx_Vulkan, [000001BCFB913E00][000001BCFC1C5040 49] Android_Mali_T6xx, [000001BCFB8DFA00][000001BCFC1C91C0 49] Android_Mali_T7xx, [000001BCFB9BDC00][000001BCFC1CD340 49] Android_Mali_T8xx, [000001BCFB8DFB00][000001BCFC1D14C0 49] Android_Mali_G71, [000001BCFB9BE300][000001BCFC1D5640 49] Android_Mali_G72, [000001BCFB8DD400][000001BCFC1D97C0 49] Android_Mali_G72_Vulkan, [000001BCFB9BD300][000001BCFC1DD940 49] Android_Mali_G76, [000001BCFB8DC900][000001BCFC1E1AC0 49] Android_Mali_G76_Vulkan, [000001BCFB9BD600][000001BCFC1E40C0 49] Android_Mali_G77, [000001BCFB8DF500][000001BCFC1A0200 49] Android_Mali_G77_Vulkan, [000001BCFB9BD000][000001BCFC1E8340 49] Android_Mali_G78, [000001BCFB8DE200][000001BCFC1EC480 49] Android_Mali_G78_Vulkan, [000001BCFB911200][000001BCFC1F05C0 49] Android_Mali_G710, [000001BCFB8DD200][000001BCFC1F8740 49] Android_Mali_G710_Vulkan, [000001BCFB911A00][000001BCFC1FC8C0 49] Android_Vulkan_SM5, [000001BCFB8DD500][000001BCFC200A40 49] Android_PowerVR_G6xxx, [000001BCFB910C00][000001BCFC204BC0 49] Android_PowerVR_GT7xxx, [000001BCFB8DCF00][000001BCFC208D40 49] Android_PowerVR_GE8xxx, [000001BCFB911000][000001BCFC20CEC0 49] Android_PowerVR_GM9xxx, [000001BCFB8DF900][000001BCFC211040 49] Android_PowerVR_GM9xxx_Vulkan, [000001BCFB911600][000001BCFC2151C0 49] Android_TegraK1, [000001BCFB8DC700][000001BCFC219340 49] Android_Unknown_Vulkan, [000001BCFB912400][000001BCFC21D4C0 49] Lumin, [000001BCFB8DD300][000001BCFC221640 49] Lumin_Desktop, [000001BCFB910900][000001BCFC2257C0 49] HoloLens, 
[2022.07.06-01.20.11:071][  0]LogMeshReduction: Using QuadricMeshReduction for automatic static mesh reduction
[2022.07.06-01.20.11:071][  0]LogMeshReduction: Using SimplygonMeshReduction for automatic skeletal mesh reduction
[2022.07.06-01.20.11:071][  0]LogMeshReduction: Using ProxyLODMeshReduction for automatic mesh merging
[2022.07.06-01.20.11:071][  0]LogMeshReduction: No distributed automatic mesh merging module available
[2022.07.06-01.20.11:071][  0]LogMeshMerging: No distributed automatic mesh merging module available
[2022.07.06-01.20.11:168][  0]LogNetVersion: ShootingGame 1.0.0, NetCL: 17155196, EngineNetVer: 17, GameNetVer: 0 (Checksum: 1120234365)
[2022.07.06-01.20.11:398][  0]LogTexture: Default maximum texture size for cubemaps generated from long-lat sources has been changed from 512 to unlimited. In order to preserve old behaiour for '/Engine/MapTemplates/Sky/DaylightAmbientCubemap.DaylightAmbientCubemap', its maximum texture size has been explicitly set to 512.
[2022.07.06-01.20.11:448][  0]LogHMD: PokeAHoleMaterial loaded successfully
[2022.07.06-01.20.11:528][  0]LogMoviePlayer: Initializing movie player
[2022.07.06-01.20.11:628][  0]LogNiagaraDebuggerClient: Niagara Debugger Client Initialized | Session: CB4C23DE45E7894B51E7D0B2BEB84964 | Instance: 332EB6D6407FDE5334CD988D55FAD9E0 (DESKTOP-HME5P3N-7420).
[2022.07.06-01.20.11:646][  0]LogCollectionManager: Loaded 0 collections in 0.001382 seconds
[2022.07.06-01.20.11:650][  0]LogFileCache: Scanning file cache for directory 'C:/work/UnrealProject_C7/ShootingGame/Saved/Collections/' took 0.00s
[2022.07.06-01.20.11:650][  0]LogFileCache: Scanning file cache for directory 'C:/work/UnrealProject_C7/ShootingGame/Content/Developers/parkdoyoung/Collections/' took 0.00s
[2022.07.06-01.20.11:650][  0]LogFileCache: Scanning file cache for directory 'C:/work/UnrealProject_C7/ShootingGame/Content/Collections/' took 0.00s
[2022.07.06-01.20.11:650][  0]LogCollectionManager: Fixed up redirectors for 0 collections in 0.000002 seconds (updated 0 objects)
[2022.07.06-01.20.11:731][  0]LogTcpMessaging: Initializing TcpMessaging bridge
[2022.07.06-01.20.11:734][  0]LogUdpMessaging: Initializing bridge on interface 0.0.0.0:0 to multicast group 230.0.0.1:6666.
[2022.07.06-01.20.11:743][  0]LogPython: Using Python 3.7.7
[2022.07.06-01.20.12:207][  0]SourceControl: Source control is disabled
[2022.07.06-01.20.12:207][  0]SourceControl: Source control is disabled
[2022.07.06-01.20.12:210][  0]SourceControl: Source control is disabled
[2022.07.06-01.20.12:214][  0]LogUProjectInfo: Found projects:
[2022.07.06-01.20.12:301][  0]LogOpenImageDenoise: OIDN starting up
[2022.07.06-01.20.12:317][  0]LogAndroidPermission: UAndroidPermissionCallbackProxy::GetInstance
[2022.07.06-01.20.12:343][  0]LogAudioCaptureCore: Display: No Audio Capture implementations found. Audio input will be silent.
[2022.07.06-01.20.12:343][  0]LogAudioCaptureCore: Display: No Audio Capture implementations found. Audio input will be silent.
[2022.07.06-01.20.12:376][  0]LogOcInput: OculusInput pre-init called
[2022.07.06-01.20.12:384][  0]LogUObjectArray: 22167 objects as part of root set at end of initial load.
[2022.07.06-01.20.12:384][  0]LogUObjectAllocator: 5995280 out of 0 bytes used by permanent object pool.
[2022.07.06-01.20.12:384][  0]LogUObjectArray: CloseDisregardForGC: 0/0 objects in disregard for GC pool
[2022.07.06-01.20.12:421][  0]LogEngine: Initializing Engine...
[2022.07.06-01.20.12:423][  0]LogHMD: Failed to enumerate extensions. Please check that you have a valid OpenXR runtime installed.
[2022.07.06-01.20.12:423][  0]LogHMD: Failed to initialize OpenVR with code 110
[2022.07.06-01.20.12:423][  0]LogMagicLeap: Warning: VR disabled because ZI is not enabled.  To enable, in the editor, Edit -> Project Settings -> Plugins -> Magic Leap Plugin -> Enable Zero Iteration
[2022.07.06-01.20.12:424][  0]LogStats: UGameplayTagsManager::InitializeManager -  0.000 s
[2022.07.06-01.20.12:518][  0]LogInit: Initializing FReadOnlyCVARCache
[2022.07.06-01.20.12:518][  0]LogAudio: Display: Initializing Audio Device Manager...
[2022.07.06-01.20.12:522][  0]LogAudio: Display: Loading Default Audio Settings Objects...
[2022.07.06-01.20.12:522][  0]LogAudio: Display: No default SoundConcurrencyObject specified (or failed to load).
[2022.07.06-01.20.12:523][  0]LogAudio: Display: Audio Device Manager Initialized
[2022.07.06-01.20.12:523][  0]LogAudio: Display: Creating Audio Device:                 Id: 1, Scope: Shared, Realtime: True
[2022.07.06-01.20.12:523][  0]LogAudioMixer: Display: Audio Mixer Platform Settings:
[2022.07.06-01.20.12:523][  0]LogAudioMixer: Display: 	Sample Rate:						  48000
[2022.07.06-01.20.12:523][  0]LogAudioMixer: Display: 	Callback Buffer Frame Size Requested: 1024
[2022.07.06-01.20.12:523][  0]LogAudioMixer: Display: 	Callback Buffer Frame Size To Use:	  1024
[2022.07.06-01.20.12:523][  0]LogAudioMixer: Display: 	Number of buffers to queue:			  2
[2022.07.06-01.20.12:523][  0]LogAudioMixer: Display: 	Max Channels (voices):				  32
[2022.07.06-01.20.12:523][  0]LogAudioMixer: Display: 	Number of Async Source Workers:		  0
[2022.07.06-01.20.12:523][  0]LogAudio: Display: AudioDevice MaxSources: 32
[2022.07.06-01.20.12:524][  0]LogAudio: Display: Audio Spatialization Plugin: None (built-in).
[2022.07.06-01.20.12:524][  0]LogAudio: Display: Audio Reverb Plugin: None (built-in).
[2022.07.06-01.20.12:524][  0]LogAudio: Display: Audio Occlusion Plugin: None (built-in).
[2022.07.06-01.20.12:524][  0]LogAudioMixer: Display: Initializing audio mixer.
[2022.07.06-01.20.12:540][  0]LogAudioMixer: Display: 0: FrontLeft
[2022.07.06-01.20.12:540][  0]LogAudioMixer: Display: 1: FrontRight
[2022.07.06-01.20.12:574][  0]LogAudioMixer: Display: Using Audio Device 스피커(Realtek(R) Audio)
[2022.07.06-01.20.12:580][  0]LogAudioMixer: Display: Initializing Sound Submixes...
[2022.07.06-01.20.12:581][  0]LogAudioMixer: Display: Creating Master Submix 'MasterSubmixDefault'
[2022.07.06-01.20.12:581][  0]LogAudioMixer: Display: Creating Master Submix 'MasterReverbSubmixDefault'
[2022.07.06-01.20.12:582][  0]LogAudioMixer: Display: Creating Master Submix 'MasterEQSubmixDefault'
[2022.07.06-01.20.12:582][  0]LogAudioMixer: FMixerPlatformXAudio2::StartAudioStream() called
[2022.07.06-01.20.12:582][  0]LogAudioMixer: Display: Output buffers initialized: Frames=1024, Channels=2, Samples=2048
[2022.07.06-01.20.12:583][  0]LogAudioMixer: Display: Starting AudioMixerPlatformInterface::RunInternal()
[2022.07.06-01.20.12:583][  0]LogAudioMixer: Display: FMixerPlatformXAudio2::SubmitBuffer() called for the first time
[2022.07.06-01.20.12:583][  0]LogInit: FAudioDevice initialized.
[2022.07.06-01.20.12:583][  0]LogNetVersion: Set ProjectVersion to 1.0.0.0. Version Checksum will be recalculated on next use.
[2022.07.06-01.20.12:586][  0]LogInit: Texture streaming: Enabled
[2022.07.06-01.20.12:641][  0]LogAudio: Display: Audio Device (ID: 1) registered with world 'Untitled'.
[2022.07.06-01.20.12:641][  0]LogSlate: Updating window title bar state: overlay mode, drag disabled, window buttons hidden, title bar hidden
[2022.07.06-01.20.12:642][  0]LogInit: Display: Game Engine Initialized.
[2022.07.06-01.20.12:643][  0]LogNiagaraEditor: GEditor isn't valid! Particle reset commands will not work for Niagara components!
[2022.07.06-01.20.12:741][  0]LogInit: Display: Starting Game.
[2022.07.06-01.20.12:741][  0]LogNet: Browse: 127.0.0.1:17777/Game/ThirdPersonBP/Maps/ThirdPersonExampleMap?Name=Player
[2022.07.06-01.20.12:742][  0]LogInit: WinSock: Socket queue. Rx: 32768 (config 32768) Tx: 32768 (config 32768)
[2022.07.06-01.20.12:742][  0]LogNet: Created socket for bind address: 0.0.0.0 on port 0
[2022.07.06-01.20.12:742][  0]PacketHandlerLog: Loaded PacketHandler component: Engine.EngineHandlerComponentFactory (StatelessConnectHandlerComponent)
[2022.07.06-01.20.12:742][  0]LogNet: Game client on port 17777, rate 100000
[2022.07.06-01.20.12:787][  0]LogInit: Display: Engine is initialized. Leaving FEngineLoop::Init()
[2022.07.06-01.20.12:787][  0]LogLoad: (Engine Initialization) Total time: 5.05 seconds
[2022.07.06-01.20.12:787][  0]LogLoad: (Engine Initialization) Total Blueprint compile time: 0.00 seconds
[2022.07.06-01.20.12:794][  0]LogContentStreaming: Texture pool size now 1000 MB
[2022.07.06-01.20.12:798][  0]LogSlate: InvalidateAllWidgets triggered.  All widgets were invalidated
[2022.07.06-01.20.13:806][658]LogHandshake: SendChallengeResponse. Timestamp: 6.425150, Cookie: 098013243040193102158081054044076167147179028018016074161161
[2022.07.06-01.20.13:825][671]LogNetVersion: ShootingGame 1.0.0.0, NetCL: 17155196, EngineNetVer: 17, GameNetVer: 0 (Checksum: 4194817616)
[2022.07.06-01.20.13:825][671]LogNet: UPendingNetGame::SendInitialJoin: Sending hello. [UNetConnection] RemoteAddr: 127.0.0.1:17777, Name: IpConnection_0, Driver: PendingNetDriver IpNetDriver_0, IsServer: NO, PC: NULL, Owner: NULL, UniqueId: INVALID
[2022.07.06-01.20.13:882][685]LogNet: Welcomed by server (Level: /Game/ThirdPersonBP/Maps/UEDPIE_0_ThirdPersonExampleMap, Game: /Game/ShootingGame/GameMode/BP_ShootingGameMode.BP_ShootingGameMode_C)
[2022.07.06-01.20.13:883][685]LogLoad: LoadMap: 127.0.0.1:17777/Game/ThirdPersonBP/Maps/ThirdPersonExampleMap?Name=Player?game=/Game/ShootingGame/GameMode/BP_ShootingGameMode.BP_ShootingGameMode_C
[2022.07.06-01.20.13:883][685]LogWorld: BeginTearingDown for /Temp/Untitled_0
[2022.07.06-01.20.13:883][685]LogWorld: UWorld::CleanupWorld for Untitled, bSessionEnded=true, bCleanupResources=true
[2022.07.06-01.20.13:884][685]LogSlate: InvalidateAllWidgets triggered.  All widgets were invalidated
[2022.07.06-01.20.13:888][685]LogAudio: Display: Audio Device unregistered from world 'None'.
[2022.07.06-01.20.13:891][685]LogUObjectHash: Compacting FUObjectHashTables data took   0.83ms
[2022.07.06-01.20.14:133][685]LogBlueprint: Error: [AssetLog] C:\work\UnrealProject_C7\ShootingGame\Content\RifleAnimsetPro\Animations\ShootingAnimBP.uasset: [Compiler] 사용 중인  NewParam  핀은 더 이상  Get Controll Pitch  노드에 존재하지 않습니다. 노드를 새로 고치거나 링크를 끊어 핀을 제거하세요.
[2022.07.06-01.20.14:153][685]LogBlueprint: Error: [AssetLog] C:\work\UnrealProject_C7\ShootingGame\Content\RifleAnimsetPro\Animations\ShootingAnimBP.uasset: [Compiler] 사용 중인  NewParam  핀은 더 이상  Get Controll Pitch  노드에 존재하지 않습니다. 노드를 새로 고치거나 링크를 끊어 핀을 제거하세요.
[2022.07.06-01.20.14:662][685]LogAudio: Display: Audio Device (ID: 1) registered with world 'ThirdPersonExampleMap'.
[2022.07.06-01.20.14:672][685]LogWorld: Bringing World /Game/ThirdPersonBP/Maps/ThirdPersonExampleMap.ThirdPersonExampleMap up for play (max tick rate 0) at 2022.07.06-10.20.14
[2022.07.06-01.20.14:672][685]LogWorld: Bringing up level for play took: 0.008025
[2022.07.06-01.20.14:674][685]LogSlate: Took 0.000305 seconds to synchronously load lazily loaded font '../../../Engine/Content/Slate/Fonts/Roboto-Regular.ttf' (155K)
[2022.07.06-01.20.14:676][685]LogRenderer: Reallocating scene render targets to support 640x480 Format 10 NumSamples 1 (Frame:1).
[2022.07.06-01.20.14:676][685]LogLoad: Took 0.793921 seconds to LoadMap(/Game/ThirdPersonBP/Maps/ThirdPersonExampleMap)
[2022.07.06-01.20.14:677][685]LogNavigation: Warning: NavData RegistrationFailed_DataPendingKill.
[2022.07.06-01.20.14:749][687]LogOnlineSession: Warning: OSS: No game present to join for session (GameSession)
[2022.07.06-01.20.14:750][687]LogOnlineSession: Warning: OSS: No game present to join for session (GameSession)
[2022.07.06-01.20.14:754][687]LogScript: Warning: Script Msg: BP_ShootingHud_C_0 BindPlayerStats SetTimer passed a negative or zero time. The associated timer may fail to be created/fire! If using InitialStartDelayVariance, be sure it is smaller than (Time + InitialStartDelay).
[2022.07.06-01.20.14:754][687]LogBlueprintUserMessages: [BP_ShootingCharacter_C_0] BP_ShootingCharacterBind Player Stats cast Fail
[2022.07.06-01.20.14:754][687]LogBlueprintUserMessages: [BP_ShootingCharacter_C_1] BP_ShootingCharacter1Bind Player Stats cast Fail
[2022.07.06-01.20.14:754][687]LogBlueprintUserMessages: [BP_ShootingPlayerState_C_0] BP_ShootingPlayerState
[2022.07.06-01.20.14:754][687]LogBlueprintUserMessages: [BP_ShootingPlayerState_C_1] BP_ShootingPlayerState1
[2022.07.06-01.20.33:033][364]LogSlate: Window 'ShootingGame (64-bit Development PCD3D_SM5) ' being destroyed
[2022.07.06-01.20.33:035][364]LogWindowsTextInputMethodSystem: Display: IME system activated using TSF (Microsoft 입력기).
[2022.07.06-01.20.33:040][364]LogSlate: Updating window title bar state: overlay mode, drag disabled, window buttons hidden, title bar hidden
[2022.07.06-01.20.33:040][364]LogEngine: All Windows Closed
[2022.07.06-01.20.33:040][364]LogWindows: FPlatformMisc::RequestExit(0)
[2022.07.06-01.20.33:040][364]LogWindows: FPlatformMisc::RequestExitWithStatus(0, 0)
[2022.07.06-01.20.33:040][364]LogCore: Engine exit requested (reason: Win RequestExit)
[2022.07.06-01.20.33:040][365]LogCore: Engine exit requested (reason: EngineExit() was called; note: exit was already requested)
[2022.07.06-01.20.33:041][365]LogInit: Display: PreExit Game.
[2022.07.06-01.20.33:054][365]LogWorld: BeginTearingDown for /Game/ThirdPersonBP/Maps/ThirdPersonExampleMap
[2022.07.06-01.20.33:054][365]LogNet: World NetDriver shutdown IpNetDriver_0 [GameNetDriver]
[2022.07.06-01.20.33:054][365]LogNet: DestroyNamedNetDriver IpNetDriver_0 [GameNetDriver]
[2022.07.06-01.20.33:054][365]LogNet: UNetConnection::Close: [UNetConnection] RemoteAddr: 127.0.0.1:17777, Name: IpConnection_0, Driver: GameNetDriver IpNetDriver_0, IsServer: NO, PC: PlayerController_1, Owner: PlayerController_1, UniqueId: NULL:DESKTOP-HME5P3N-FB96AC1A4A35A2ADBEF7B3BDFD62BA98, Channels: 18, Time: 2022.07.06-01.20.33
[2022.07.06-01.20.33:054][365]LogNet: UChannel::Close: Sending CloseBunch. ChIndex == 0. Name: [UChannel] ChIndex: 0, Closing: 0 [UNetConnection] RemoteAddr: 127.0.0.1:17777, Name: IpConnection_0, Driver: GameNetDriver IpNetDriver_0, IsServer: NO, PC: PlayerController_1, Owner: PlayerController_1, UniqueId: NULL:DESKTOP-HME5P3N-FB96AC1A4A35A2ADBEF7B3BDFD62BA98
[2022.07.06-01.20.33:054][365]LogExit: GameNetDriver IpNetDriver_0 shut down
[2022.07.06-01.20.33:054][365]LogWorld: UWorld::CleanupWorld for ThirdPersonExampleMap, bSessionEnded=true, bCleanupResources=true
[2022.07.06-01.20.33:055][365]LogSlate: InvalidateAllWidgets triggered.  All widgets were invalidated
[2022.07.06-01.20.33:435][365]LogAudio: Display: Beginning Audio Device Manager Shutdown (Module: AudioMixerXAudio2)...
[2022.07.06-01.20.33:435][365]LogAudio: Display: Destroying 1 Remaining Audio Device(s)...
[2022.07.06-01.20.33:435][365]LogAudio: Display: Audio Device unregistered from world 'ThirdPersonExampleMap'.
[2022.07.06-01.20.33:469][365]LogAudioMixer: FMixerPlatformXAudio2::StopAudioStream() called
[2022.07.06-01.20.33:471][365]LogAudioMixer: FMixerPlatformXAudio2::StopAudioStream() called
[2022.07.06-01.20.33:474][365]LogAudio: Display: Audio Device Manager Shutdown
[2022.07.06-01.20.33:476][365]LogExit: Preparing to exit.
[2022.07.06-01.20.33:483][365]LogSlate: Updating window title bar state: overlay mode, drag disabled, window buttons hidden, title bar hidden
[2022.07.06-01.20.33:489][365]LogUObjectHash: Compacting FUObjectHashTables data took   0.91ms
[2022.07.06-01.20.33:747][365]LogMoviePlayer: Shutting down movie player
[2022.07.06-01.20.33:870][365]LogDemo: Cleaned up 0 splitscreen connections with owner deletion
[2022.07.06-01.20.33:872][365]LogExit: Game engine shut down
[2022.07.06-01.20.33:927][365]LogExit: Object subsystem successfully closed.
[2022.07.06-01.20.33:940][365]LogShaderCompilers: Display: === FShaderJobCache stats ===
[2022.07.06-01.20.33:940][365]LogShaderCompilers: Display: Total job queries 0, among them cache hits 0 (0.00%)
[2022.07.06-01.20.33:940][365]LogShaderCompilers: Display: Tracking 0 distinct input hashes that result in 0 distinct outputs (0.00%)
[2022.07.06-01.20.33:940][365]LogShaderCompilers: Display: RAM used: 0.00 MB (0.00 GB) of 819.20 MB (0.80 GB) budget. Usage: 0.00%
[2022.07.06-01.20.33:940][365]LogShaderCompilers: Display: ================================================
[2022.07.06-01.20.33:954][365]LogShaderCompilers: Display: Shaders left to compile 0
[2022.07.06-01.20.33:971][365]LogModuleManager: Shutting down and abandoning module GameplayDebugger (560)
[2022.07.06-01.20.33:971][365]LogModuleManager: Shutting down and abandoning module Voice (558)
[2022.07.06-01.20.33:971][365]LogModuleManager: Shutting down and abandoning module AnimGraph (554)
[2022.07.06-01.20.33:971][365]LogModuleManager: Shutting down and abandoning module SequenceRecorderSections (552)
[2022.07.06-01.20.33:971][365]LogModuleManager: Shutting down and abandoning module SequenceRecorder (550)
[2022.07.06-01.20.33:972][365]LogModuleManager: Shutting down and abandoning module AutomationController (548)
[2022.07.06-01.20.33:972][365]LogModuleManager: Shutting down and abandoning module AutomationWorker (546)
[2022.07.06-01.20.33:972][365]LogModuleManager: Shutting down and abandoning module SteamVREditor (544)
[2022.07.06-01.20.33:972][365]LogModuleManager: Shutting down and abandoning module ToolMenus (543)
[2022.07.06-01.20.33:972][365]LogModuleManager: Shutting down and abandoning module OculusMR (540)
[2022.07.06-01.20.33:972][365]LogModuleManager: Shutting down and abandoning module OpenXRInput (538)
[2022.07.06-01.20.33:972][365]LogModuleManager: Shutting down and abandoning module TakeRecorderSources (536)
[2022.07.06-01.20.33:972][365]LogModuleManager: Shutting down and abandoning module TakeRecorder (535)
[2022.07.06-01.20.33:972][365]LogModuleManager: Shutting down and abandoning module TakeTrackRecorders (532)
[2022.07.06-01.20.33:972][365]LogModuleManager: Shutting down and abandoning module TakesCore (530)
[2022.07.06-01.20.33:972][365]LogModuleManager: Shutting down and abandoning module PlanarCut (528)
[2022.07.06-01.20.33:972][365]LogModuleManager: Shutting down and abandoning module WmfMediaFactory (526)
[2022.07.06-01.20.33:972][365]LogModuleManager: Shutting down and abandoning module WebMMediaFactory (524)
[2022.07.06-01.20.33:972][365]LogModuleManager: Shutting down and abandoning module WebMMedia (522)
[2022.07.06-01.20.33:972][365]LogModuleManager: Shutting down and abandoning module OpenExrWrapper (520)
[2022.07.06-01.20.33:972][365]LogModuleManager: Shutting down and abandoning module ImgMediaFactory (518)
[2022.07.06-01.20.33:972][365]LogModuleManager: Shutting down and abandoning module AvfMediaFactory (516)
[2022.07.06-01.20.33:972][365]LogModuleManager: Shutting down and abandoning module CharacterAI (514)
[2022.07.06-01.20.33:972][365]LogModuleManager: Shutting down and abandoning module MagicLeapMediaCodecFactory (512)
[2022.07.06-01.20.33:972][365]LogModuleManager: Shutting down and abandoning module MagicLeapMediaFactory (510)
[2022.07.06-01.20.33:972][365]LogModuleManager: Shutting down and abandoning module SessionServices (508)
[2022.07.06-01.20.33:972][365]LogModuleManager: Shutting down and abandoning module MovieSceneCapture (506)
[2022.07.06-01.20.33:972][365]LogModuleManager: Shutting down and abandoning module LiveCoding (504)
[2022.07.06-01.20.33:972][365]LogModuleManager: Shutting down and abandoning module LevelSequence (502)
[2022.07.06-01.20.33:972][365]LogModuleManager: Shutting down and abandoning module MovieSceneTracks (500)
[2022.07.06-01.20.33:972][365]LogModuleManager: Shutting down and abandoning module MovieScene (498)
[2022.07.06-01.20.33:972][365]LogModuleManager: Shutting down and abandoning module StreamingPauseRendering (496)
[2022.07.06-01.20.33:972][365]LogModuleManager: Shutting down and abandoning module PortalServices (494)
[2022.07.06-01.20.33:972][365]LogModuleManager: Shutting down and abandoning module PortalRpc (492)
[2022.07.06-01.20.33:972][365]LogModuleManager: Shutting down and abandoning module MessagingRpc (490)
[2022.07.06-01.20.33:972][365]LogModuleManager: Shutting down and abandoning module AudioMixerXAudio2 (488)
[2022.07.06-01.20.33:972][365]LogModuleManager: Shutting down and abandoning module AudioMixerCore (487)
[2022.07.06-01.20.33:972][365]LogModuleManager: Shutting down and abandoning module ImageWriteQueue (484)
[2022.07.06-01.20.33:972][365]LogModuleManager: Shutting down and abandoning module ProfilerService (482)
