Log file open, 07/06/22 10:48:17
LogWindows: Failed to load 'aqProf.dll' (GetLastError=126)
LogWindows: File 'aqProf.dll' does not exist
LogWindows: Failed to load 'VtuneApi.dll' (GetLastError=126)
LogWindows: File 'VtuneApi.dll' does not exist
LogWindows: Failed to load 'VtuneApi32e.dll' (GetLastError=126)
LogWindows: File 'VtuneApi32e.dll' does not exist
LogConsoleResponse: Display: Failed to find resolution value strings in scalability ini. Falling back to default.
LogConsoleResponse: Display: Failed to find resolution value strings in scalability ini. Falling back to default.
LogInit: Display: Running engine for game: ShootingGame
LogPlatformFile: Not using cached read wrapper
LogTaskGraph: Started task graph with 5 named threads and 23 total threads with 3 sets of task threads.
LogStats: Stats thread started at 0.236717
LogICUInternationalization: ICU TimeZone Detection - Raw Offset: +9:00, Platform Override: ''
LogInit: Display: Loading text-based GConfig....
LogPluginManager: Mounting plugin MeshPainting
LogPluginManager: Mounting plugin XGEController
LogPluginManager: Mounting plugin Paper2D
LogPluginManager: Mounting plugin LiveLink
LogPluginManager: Mounting plugin AISupport
LogPluginManager: Mounting plugin EnvironmentQueryEditor
LogPluginManager: Mounting plugin LightPropagationVolume
LogPluginManager: Mounting plugin GameplayCameras
LogPluginManager: Mounting plugin CameraShakePreviewer
LogPluginManager: Mounting plugin AssetManagerEditor
LogPluginManager: Mounting plugin CurveEditorTools
LogPluginManager: Mounting plugin CryptoKeys
LogPluginManager: Mounting plugin AnimationSharing
LogPluginManager: Mounting plugin FacialAnimation
LogPluginManager: Mounting plugin GeometryMode
LogPluginManager: Mounting plugin GameplayTagsEditor
LogPluginManager: Mounting plugin MacGraphicsSwitching
LogPluginManager: Mounting plugin MaterialAnalyzer
LogPluginManager: Mounting plugin MobileLauncherProfileWizard
LogPluginManager: Mounting plugin PluginBrowser
LogPluginManager: Mounting plugin SpeedTreeImporter
LogPluginManager: Mounting plugin DataValidation
LogPluginManager: Mounting plugin CLionSourceCodeAccess
LogPluginManager: Mounting plugin CodeLiteSourceCodeAccess
LogPluginManager: Mounting plugin KDevelopSourceCodeAccess
LogPluginManager: Mounting plugin GitSourceControl
LogPluginManager: Mounting plugin PixWinPlugin
LogPluginManager: Mounting plugin PerforceSourceControl
LogPluginManager: Mounting plugin NullSourceCodeAccess
LogPluginManager: Mounting plugin PlasticSourceControl
LogPluginManager: Mounting plugin PluginUtils
LogPluginManager: Mounting plugin PropertyAccessNode
LogPluginManager: Mounting plugin RiderSourceCodeAccess
LogPluginManager: Mounting plugin SubversionSourceControl
LogPluginManager: Mounting plugin TextureFormatOodle
LogPluginManager: Mounting plugin UObjectPlugin
LogPluginManager: Mounting plugin AlembicImporter
LogPluginManager: Mounting plugin AutomationUtils
LogPluginManager: Mounting plugin BackChannel
LogPluginManager: Mounting plugin ChaosCloth
LogPluginManager: Mounting plugin ChaosClothEditor
LogPluginManager: Mounting plugin ChaosEditor
LogPluginManager: Mounting plugin ChaosNiagara
LogPluginManager: Mounting plugin ChaosSolverPlugin
LogPluginManager: Mounting plugin CharacterAI
LogPluginManager: Mounting plugin GeometryCache
LogPluginManager: Mounting plugin GeometryCollectionPlugin
LogPluginManager: Mounting plugin Niagara
LogPluginManager: Mounting plugin VisualStudioCodeSourceCodeAccess
LogPluginManager: Mounting plugin VisualStudioSourceCodeAccess
LogPluginManager: Mounting plugin XCodeSourceCodeAccess
LogPluginManager: Mounting plugin GeometryProcessing
LogPluginManager: Mounting plugin OpenImageDenoise
LogPluginManager: Mounting plugin MotoSynth
LogPluginManager: Mounting plugin PlatformCrypto
LogPluginManager: Mounting plugin PlanarCut
LogPluginManager: Mounting plugin ProxyLODPlugin
LogPluginManager: Mounting plugin PythonScriptPlugin
LogPluginManager: Mounting plugin SkeletalReduction
LogPluginManager: Mounting plugin LuminPlatformFeatures
LogPluginManager: Mounting plugin MagicLeap
LogPluginManager: Mounting plugin MagicLeapLightEstimation
LogPluginManager: Mounting plugin MagicLeapMedia
LogPluginManager: Mounting plugin MagicLeapPassableWorld
LogPluginManager: Mounting plugin MLSDK
LogPluginManager: Mounting plugin AndroidMedia
LogPluginManager: Mounting plugin AvfMedia
LogPluginManager: Mounting plugin ImgMedia
LogPluginManager: Mounting plugin MediaCompositing
LogPluginManager: Mounting plugin MediaPlayerEditor
LogPluginManager: Mounting plugin WebMMedia
LogPluginManager: Mounting plugin WmfMedia
LogPluginManager: Mounting plugin TcpMessaging
LogPluginManager: Mounting plugin UdpMessaging
LogPluginManager: Mounting plugin ActorSequence
LogPluginManager: Mounting plugin LevelSequenceEditor
LogPluginManager: Mounting plugin MatineeToLevelSequence
LogPluginManager: Mounting plugin TemplateSequence
LogPluginManager: Mounting plugin OnlineSubsystem
LogPluginManager: Mounting plugin OnlineSubsystemNull
LogPluginManager: Mounting plugin OnlineSubsystemUtils
LogPluginManager: Mounting plugin LauncherChunkInstaller
LogPluginManager: Mounting plugin ActorLayerUtilities
LogPluginManager: Mounting plugin AndroidDeviceProfileSelector
LogPluginManager: Mounting plugin AndroidMoviePlayer
LogPluginManager: Mounting plugin AndroidPermission
LogPluginManager: Mounting plugin ApexDestruction
LogPluginManager: Mounting plugin AppleMoviePlayer
LogPluginManager: Mounting plugin ArchVisCharacter
LogPluginManager: Mounting plugin AssetTags
LogPluginManager: Mounting plugin AudioCapture
LogPluginManager: Mounting plugin AudioSynesthesia
LogPluginManager: Mounting plugin CableComponent
LogPluginManager: Mounting plugin ChunkDownloader
LogPluginManager: Mounting plugin AppleImageUtils
LogPluginManager: Mounting plugin CustomMeshComponent
LogPluginManager: Mounting plugin ExampleDeviceProfileSelector
LogPluginManager: Mounting plugin GoogleCloudMessaging
LogPluginManager: Mounting plugin GooglePAD
LogPluginManager: Mounting plugin EditableMesh
LogPluginManager: Mounting plugin ScreenshotTools
LogPluginManager: Mounting plugin LinuxDeviceProfileSelector
LogPluginManager: Mounting plugin IOSDeviceProfileSelector
LogPluginManager: Mounting plugin MobilePatchingUtils
LogPluginManager: Mounting plugin OpenXR
LogPluginManager: Mounting plugin OpenXREyeTracker
LogPluginManager: Mounting plugin OpenXRHandTracking
LogPluginManager: Mounting plugin PhysXVehicles
LogPluginManager: Mounting plugin LocationServicesBPLibrary
LogPluginManager: Mounting plugin PostSplashScreen
LogPluginManager: Mounting plugin ProceduralMeshComponent
LogPluginManager: Mounting plugin PropertyAccessEditor
LogPluginManager: Mounting plugin RuntimePhysXCooking
LogPluginManager: Mounting plugin SignificanceManager
LogPluginManager: Mounting plugin SoundFields
LogPluginManager: Mounting plugin Synthesis
LogPluginManager: Mounting plugin WebMMoviePlayer
LogPluginManager: Mounting plugin WindowsMoviePlayer
LogPluginManager: Mounting plugin Takes
LogPluginManager: Mounting plugin OodleData
LogPluginManager: Mounting plugin OodleNetwork
LogPluginManager: Mounting plugin DatasmithContent
LogPluginManager: Mounting plugin VariantManagerContent
LogPluginManager: Mounting plugin ContentBrowserAssetDataSource
LogPluginManager: Mounting plugin ContentBrowserClassDataSource
LogPluginManager: Mounting plugin ContentBrowserFileDataSource
LogPluginManager: Mounting plugin OnlineSubsystemGooglePlay
LogPluginManager: Mounting plugin OnlineSubsystemIOS
LogPluginManager: Mounting plugin OculusVR
LogPluginManager: Mounting plugin SteamVR
PixWinPlugin: PIX capture plugin failed to initialize! Check that the process is launched from PIX.
LogInit: Using libcurl 7.55.1-DEV
LogInit:  - built for x86_64-pc-win32
LogInit:  - supports SSL with OpenSSL/1.1.1
LogInit:  - supports HTTP deflate (compression) using libz 1.2.8
LogInit:  - other features:
LogInit:      CURL_VERSION_SSL
LogInit:      CURL_VERSION_LIBZ
LogInit:      CURL_VERSION_IPV6
LogInit:      CURL_VERSION_ASYNCHDNS
LogInit:      CURL_VERSION_LARGEFILE
LogInit:      CURL_VERSION_IDN
LogInit:  CurlRequestOptions (configurable via config and command line):
LogInit:  - bVerifyPeer = true  - Libcurl will verify peer certificate
LogInit:  - bUseHttpProxy = false  - Libcurl will NOT use HTTP proxy
LogInit:  - bDontReuseConnections = false  - Libcurl will reuse connections
LogInit:  - MaxHostConnections = 16  - Libcurl will limit the number of connections to a host
LogInit:  - LocalHostAddr = Default
LogInit:  - BufferSize = 65536
LogOnline: OSS: Creating online subsystem instance for: NULL
LogInit: WinSock: version 1.1 (2.2), MaxSocks=32767, MaxUdp=65467
LogOnline: OSS: TryLoadSubsystemAndSetDefault: Loaded subsystem for module [NULL]
LogOculusPluginWrapper: OculusPlugin initialized successfully
LogHMD: Failed initializing OVRPlugin 1.59.0
LogInit: Build: ++UE4+Release-4.27-CL-18319896
LogInit: Engine Version: 4.27.2-18319896+++UE4+Release-4.27
LogInit: Compatible Engine Version: 4.27.0-17155196+++UE4+Release-4.27
LogInit: Net CL: 17155196
LogInit: OS: Windows 10 (Release 2009) (), CPU: Intel(R) Core(TM) i5-10300H CPU @ 2.50GHz, GPU: Intel(R) UHD Graphics
LogInit: Compiled (64-bit): Nov 30 2021 07:12:08
LogInit: Compiled with Visual C++: 19.24.28315.00
LogInit: Build Configuration: Development
LogInit: Branch Name: ++UE4+Release-4.27
LogInit: Command Line:  127.0.0.1:17777 -game -PIEVIACONSOLE -Multiprocess GameUserSettingsINI=C:/work/UnrealProject_C7/ShootingGame/Saved/Config/Windows/PIEGameUserSettings1.ini -MultiprocessSaveConfig -forcepassthrough -messaging -SessionName="Play in Standalone Game" -windowed -WinX=0 -WinY=30 SAVEWINPOS=1 -ResX=640 -ResY=480
LogInit: Base Directory: C:/Program Files/Epic Games/UE_4.27/Engine/Binaries/Win64/
LogInit: Allocator: TBB
LogInit: Installed Engine Build: 1
LogDevObjectVersion: Number of dev versions registered: 29
LogDevObjectVersion:   Dev-Blueprints (B0D832E4-1F89-4F0D-ACCF-7EB736FD4AA2): 10
LogDevObjectVersion:   Dev-Build (E1C64328-A22C-4D53-A36C-8E866417BD8C): 0
LogDevObjectVersion:   Dev-Core (375EC13C-06E4-48FB-B500-84F0262A717E): 4
LogDevObjectVersion:   Dev-Editor (E4B068ED-F494-42E9-A231-DA0B2E46BB41): 40
LogDevObjectVersion:   Dev-Framework (CFFC743F-43B0-4480-9391-14DF171D2073): 37
LogDevObjectVersion:   Dev-Mobile (B02B49B5-BB20-44E9-A304-32B752E40360): 3
LogDevObjectVersion:   Dev-Networking (A4E4105C-59A1-49B5-A7C5-40C4547EDFEE): 0
LogDevObjectVersion:   Dev-Online (39C831C9-5AE6-47DC-9A44-9C173E1C8E7C): 0
LogDevObjectVersion:   Dev-Physics (78F01B33-EBEA-4F98-B9B4-84EACCB95AA2): 14
LogDevObjectVersion:   Dev-Platform (6631380F-2D4D-43E0-8009-CF276956A95A): 0
LogDevObjectVersion:   Dev-Rendering (12F88B9F-8875-4AFC-A67C-D90C383ABD29): 45
LogDevObjectVersion:   Dev-Sequencer (7B5AE74C-D270-4C10-A958-57980B212A5A): 13
LogDevObjectVersion:   Dev-VR (D7296918-1DD6-4BDD-9DE2-64A83CC13884): 3
LogDevObjectVersion:   Dev-LoadTimes (C2A15278-BFE7-4AFE-6C17-90FF531DF755): 1
LogDevObjectVersion:   Private-Geometry (6EACA3D4-40EC-4CC1-B786-8BED09428FC5): 3
LogDevObjectVersion:   Dev-AnimPhys (29E575DD-E0A3-4627-9D10-D276232CDCEA): 17
LogDevObjectVersion:   Dev-Anim (AF43A65D-7FD3-4947-9873-3E8ED9C1BB05): 15
LogDevObjectVersion:   Dev-ReflectionCapture (6B266CEC-1EC7-4B8F-A30B-E4D90942FC07): 1
LogDevObjectVersion:   Dev-Automation (0DF73D61-A23F-47EA-B727-89E90C41499A): 1
LogDevObjectVersion:   FortniteMain (601D1886-AC64-4F84-AA16-D3DE0DEAC7D6): 47
LogDevObjectVersion:   FortniteRelease (E7086368-6B23-4C58-8439-1B7016265E91): 1
LogDevObjectVersion:   Dev-Enterprise (9DFFBCD6-494F-0158-E221-12823C92A888): 10
LogDevObjectVersion:   Dev-Niagara (F2AED0AC-9AFE-416F-8664-AA7FFA26D6FC): 1
LogDevObjectVersion:   Dev-Destruction (174F1F0B-B4C6-45A5-B13F-2EE8D0FB917D): 10
LogDevObjectVersion:   Dev-Physics-Ext (35F94A83-E258-406C-A318-09F59610247C): 41
LogDevObjectVersion:   Dev-PhysicsMaterial-Chaos (B68FC16E-8B1B-42E2-B453-215C058844FE): 1
LogDevObjectVersion:   Dev-CineCamera (B2E18506-4273-CFC2-A54E-F4BB758BBA07): 1
LogDevObjectVersion:   Dev-VirtualProduction (64F58936-FD1B-42BA-BA96-7289D5D0FA4E): 1
LogDevObjectVersion:   Dev-MediaFramework (6F0ED827-A609-4895-9C91-998D90180EA4): 2
LogInit: Presizing for max 25165824 objects, including 0 objects not considered by GC, pre-allocating 0 bytes for permanent pool.
LogConfig: Applying CVar settings from Section [/Script/Engine.StreamingSettings] File [C:/work/UnrealProject_C7/ShootingGame/Saved/Config/Windows/Engine.ini]
LogConfig: Setting CVar [[s.MinBulkDataSizeForAsyncLoading:131072]]
LogConfig: Setting CVar [[s.AsyncLoadingThreadEnabled:0]]
LogConfig: Setting CVar [[s.EventDrivenLoaderEnabled:1]]
LogConfig: Setting CVar [[s.WarnIfTimeLimitExceeded:0]]
LogConfig: Setting CVar [[s.TimeLimitExceededMultiplier:1.5]]
LogConfig: Setting CVar [[s.TimeLimitExceededMinTime:0.005]]
LogConfig: Setting CVar [[s.UseBackgroundLevelStreaming:1]]
LogConfig: Setting CVar [[s.PriorityAsyncLoadingExtraTime:15.0]]
LogConfig: Setting CVar [[s.LevelStreamingActorsUpdateTimeLimit:5.0]]
LogConfig: Setting CVar [[s.PriorityLevelStreamingActorsUpdateExtraTime:5.0]]
LogConfig: Setting CVar [[s.LevelStreamingComponentsRegistrationGranularity:10]]
LogConfig: Setting CVar [[s.UnregisterComponentsTimeLimit:1.0]]
LogConfig: Setting CVar [[s.LevelStreamingComponentsUnregistrationGranularity:5]]
LogConfig: Setting CVar [[s.FlushStreamingOnExit:1]]
LogInit: Object subsystem initialized
LogConfig: Setting CVar [[con.DebugEarlyDefault:1]]
LogConfig: Setting CVar [[r.setres:1280x720]]
[2022.07.06-01.48.18:146][  0]LogConfig: Setting CVar [[con.DebugEarlyDefault:1]]
[2022.07.06-01.48.18:146][  0]LogConfig: Setting CVar [[r.setres:1280x720]]
[2022.07.06-01.48.18:146][  0]LogConfig: Applying CVar settings from Section [/Script/Engine.RendererSettings] File [C:/work/UnrealProject_C7/ShootingGame/Saved/Config/Windows/Engine.ini]
[2022.07.06-01.48.18:146][  0]LogConfig: Setting CVar [[r.GPUCrashDebugging:0]]
[2022.07.06-01.48.18:146][  0]LogConfig: Applying CVar settings from Section [/Script/Engine.RendererOverrideSettings] File [C:/work/UnrealProject_C7/ShootingGame/Saved/Config/Windows/Engine.ini]
[2022.07.06-01.48.18:146][  0]LogConfig: Applying CVar settings from Section [/Script/Engine.StreamingSettings] File [C:/work/UnrealProject_C7/ShootingGame/Saved/Config/Windows/Engine.ini]
[2022.07.06-01.48.18:146][  0]LogConfig: Setting CVar [[s.MinBulkDataSizeForAsyncLoading:131072]]
[2022.07.06-01.48.18:146][  0]LogConfig: Setting CVar [[s.AsyncLoadingThreadEnabled:0]]
[2022.07.06-01.48.18:146][  0]LogConfig: Setting CVar [[s.EventDrivenLoaderEnabled:1]]
[2022.07.06-01.48.18:146][  0]LogConfig: Setting CVar [[s.WarnIfTimeLimitExceeded:0]]
[2022.07.06-01.48.18:146][  0]LogConfig: Setting CVar [[s.TimeLimitExceededMultiplier:1.5]]
[2022.07.06-01.48.18:146][  0]LogConfig: Setting CVar [[s.TimeLimitExceededMinTime:0.005]]
[2022.07.06-01.48.18:146][  0]LogConfig: Setting CVar [[s.UseBackgroundLevelStreaming:1]]
[2022.07.06-01.48.18:146][  0]LogConfig: Setting CVar [[s.PriorityAsyncLoadingExtraTime:15.0]]
[2022.07.06-01.48.18:146][  0]LogConfig: Setting CVar [[s.LevelStreamingActorsUpdateTimeLimit:5.0]]
[2022.07.06-01.48.18:146][  0]LogConfig: Setting CVar [[s.PriorityLevelStreamingActorsUpdateExtraTime:5.0]]
[2022.07.06-01.48.18:146][  0]LogConfig: Setting CVar [[s.LevelStreamingComponentsRegistrationGranularity:10]]
[2022.07.06-01.48.18:146][  0]LogConfig: Setting CVar [[s.UnregisterComponentsTimeLimit:1.0]]
[2022.07.06-01.48.18:146][  0]LogConfig: Setting CVar [[s.LevelStreamingComponentsUnregistrationGranularity:5]]
[2022.07.06-01.48.18:146][  0]LogConfig: Setting CVar [[s.FlushStreamingOnExit:1]]
[2022.07.06-01.48.18:146][  0]LogConfig: Applying CVar settings from Section [/Script/Engine.GarbageCollectionSettings] File [C:/work/UnrealProject_C7/ShootingGame/Saved/Config/Windows/Engine.ini]
[2022.07.06-01.48.18:146][  0]LogConfig: Setting CVar [[gc.MaxObjectsNotConsideredByGC:1]]
[2022.07.06-01.48.18:146][  0]LogConfig: Setting CVar [[gc.SizeOfPermanentObjectPool:0]]
[2022.07.06-01.48.18:146][  0]LogConfig: Setting CVar [[gc.FlushStreamingOnGC:0]]
[2022.07.06-01.48.18:146][  0]LogConfig: Setting CVar [[gc.NumRetriesBeforeForcingGC:10]]
[2022.07.06-01.48.18:146][  0]LogConfig: Setting CVar [[gc.AllowParallelGC:1]]
[2022.07.06-01.48.18:146][  0]LogConfig: Setting CVar [[gc.TimeBetweenPurgingPendingKillObjects:61.1]]
[2022.07.06-01.48.18:146][  0]LogConfig: Setting CVar [[gc.MaxObjectsInEditor:25165824]]
[2022.07.06-01.48.18:146][  0]LogConfig: Setting CVar [[gc.IncrementalBeginDestroyEnabled:1]]
[2022.07.06-01.48.18:146][  0]LogConfig: Setting CVar [[gc.CreateGCClusters:1]]
[2022.07.06-01.48.18:146][  0]LogConfig: Setting CVar [[gc.MinGCClusterSize:5]]
[2022.07.06-01.48.18:146][  0]LogConfig: Setting CVar [[gc.ActorClusteringEnabled:0]]
[2022.07.06-01.48.18:146][  0]LogConfig: Setting CVar [[gc.BlueprintClusteringEnabled:0]]
[2022.07.06-01.48.18:146][  0]LogConfig: Setting CVar [[gc.UseDisregardForGCOnDedicatedServers:0]]
[2022.07.06-01.48.18:146][  0]LogConfig: Setting CVar [[gc.MultithreadedDestructionEnabled:1]]
[2022.07.06-01.48.18:146][  0]LogConfig: Applying CVar settings from Section [/Script/Engine.NetworkSettings] File [C:/work/UnrealProject_C7/ShootingGame/Saved/Config/Windows/Engine.ini]
[2022.07.06-01.48.18:146][  0]LogConfig: Applying CVar settings from Section [/Script/UnrealEd.CookerSettings] File [C:/work/UnrealProject_C7/ShootingGame/Saved/Config/Windows/Engine.ini]
[2022.07.06-01.48.18:151][  0]LogConfig: Applying CVar settings from Section [ViewDistanceQuality@3] File [C:/work/UnrealProject_C7/ShootingGame/Saved/Config/Windows/Scalability.ini]
[2022.07.06-01.48.18:151][  0]LogConfig: Setting CVar [[r.SkeletalMeshLODBias:0]]
[2022.07.06-01.48.18:151][  0]LogConfig: Setting CVar [[r.ViewDistanceScale:1.0]]
[2022.07.06-01.48.18:151][  0]LogConfig: Applying CVar settings from Section [AntiAliasingQuality@3] File [C:/work/UnrealProject_C7/ShootingGame/Saved/Config/Windows/Scalability.ini]
[2022.07.06-01.48.18:151][  0]LogConfig: Setting CVar [[r.PostProcessAAQuality:4]]
[2022.07.06-01.48.18:151][  0]LogConfig: Applying CVar settings from Section [ShadowQuality@3] File [C:/work/UnrealProject_C7/ShootingGame/Saved/Config/Windows/Scalability.ini]
[2022.07.06-01.48.18:151][  0]LogConfig: Setting CVar [[r.LightFunctionQuality:1]]
[2022.07.06-01.48.18:151][  0]LogConfig: Setting CVar [[r.ShadowQuality:5]]
[2022.07.06-01.48.18:151][  0]LogConfig: Setting CVar [[r.Shadow.CSM.MaxCascades:10]]
[2022.07.06-01.48.18:151][  0]LogConfig: Setting CVar [[r.Shadow.MaxResolution:2048]]
[2022.07.06-01.48.18:151][  0]LogConfig: Setting CVar [[r.Shadow.MaxCSMResolution:2048]]
[2022.07.06-01.48.18:151][  0]LogConfig: Setting CVar [[r.Shadow.RadiusThreshold:0.01]]
[2022.07.06-01.48.18:151][  0]LogConfig: Setting CVar [[r.Shadow.DistanceScale:1.0]]
[2022.07.06-01.48.18:151][  0]LogConfig: Setting CVar [[r.Shadow.CSM.TransitionScale:1.0]]
[2022.07.06-01.48.18:151][  0]LogConfig: Setting CVar [[r.Shadow.PreShadowResolutionFactor:1.0]]
[2022.07.06-01.48.18:151][  0]LogConfig: Setting CVar [[r.DistanceFieldShadowing:1]]
[2022.07.06-01.48.18:151][  0]LogConfig: Setting CVar [[r.DistanceFieldAO:1]]
[2022.07.06-01.48.18:151][  0]LogConfig: Setting CVar [[r.AOQuality:2]]
[2022.07.06-01.48.18:151][  0]LogConfig: Setting CVar [[r.VolumetricFog:1]]
[2022.07.06-01.48.18:152][  0]LogConfig: Setting CVar [[r.VolumetricFog.GridPixelSize:8]]
[2022.07.06-01.48.18:152][  0]LogConfig: Setting CVar [[r.VolumetricFog.GridSizeZ:128]]
[2022.07.06-01.48.18:152][  0]LogConfig: Setting CVar [[r.VolumetricFog.HistoryMissSupersampleCount:4]]
[2022.07.06-01.48.18:152][  0]LogConfig: Setting CVar [[r.LightMaxDrawDistanceScale:1]]
[2022.07.06-01.48.18:152][  0]LogConfig: Setting CVar [[r.CapsuleShadows:1]]
[2022.07.06-01.48.18:152][  0]LogConfig: Applying CVar settings from Section [PostProcessQuality@3] File [C:/work/UnrealProject_C7/ShootingGame/Saved/Config/Windows/Scalability.ini]
[2022.07.06-01.48.18:152][  0]LogConfig: Setting CVar [[r.MotionBlurQuality:4]]
[2022.07.06-01.48.18:152][  0]LogConfig: Setting CVar [[r.AmbientOcclusionMipLevelFactor:0.4]]
[2022.07.06-01.48.18:152][  0]LogConfig: Setting CVar [[r.AmbientOcclusionMaxQuality:100]]
[2022.07.06-01.48.18:152][  0]LogConfig: Setting CVar [[r.AmbientOcclusionLevels:-1]]
[2022.07.06-01.48.18:152][  0]LogConfig: Setting CVar [[r.AmbientOcclusionRadiusScale:1.0]]
[2022.07.06-01.48.18:152][  0]LogConfig: Setting CVar [[r.DepthOfFieldQuality:2]]
[2022.07.06-01.48.18:152][  0]LogConfig: Setting CVar [[r.RenderTargetPoolMin:400]]
[2022.07.06-01.48.18:152][  0]LogConfig: Setting CVar [[r.LensFlareQuality:2]]
[2022.07.06-01.48.18:152][  0]LogConfig: Setting CVar [[r.SceneColorFringeQuality:1]]
[2022.07.06-01.48.18:152][  0]LogConfig: Setting CVar [[r.EyeAdaptationQuality:2]]
[2022.07.06-01.48.18:152][  0]LogConfig: Setting CVar [[r.BloomQuality:5]]
[2022.07.06-01.48.18:152][  0]LogConfig: Setting CVar [[r.FastBlurThreshold:100]]
[2022.07.06-01.48.18:152][  0]LogConfig: Setting CVar [[r.Upscale.Quality:3]]
[2022.07.06-01.48.18:152][  0]LogConfig: Setting CVar [[r.Tonemapper.GrainQuantization:1]]
[2022.07.06-01.48.18:152][  0]LogConfig: Setting CVar [[r.LightShaftQuality:1]]
[2022.07.06-01.48.18:152][  0]LogConfig: Setting CVar [[r.Filter.SizeScale:1]]
[2022.07.06-01.48.18:152][  0]LogConfig: Setting CVar [[r.Tonemapper.Quality:5]]
[2022.07.06-01.48.18:152][  0]LogConfig: Setting CVar [[r.DOF.Gather.AccumulatorQuality:1        ; higher gathering accumulator quality]]
[2022.07.06-01.48.18:152][  0]LogConfig: Setting CVar [[r.DOF.Gather.PostfilterMethod:1          ; Median3x3 postfilering method]]
[2022.07.06-01.48.18:152][  0]LogConfig: Setting CVar [[r.DOF.Gather.EnableBokehSettings:0       ; no bokeh simulation when gathering]]
[2022.07.06-01.48.18:152][  0]LogConfig: Setting CVar [[r.DOF.Gather.RingCount:4                 ; medium number of samples when gathering]]
[2022.07.06-01.48.18:152][  0]LogConfig: Setting CVar [[r.DOF.Scatter.ForegroundCompositing:1    ; additive foreground scattering]]
[2022.07.06-01.48.18:152][  0]LogConfig: Setting CVar [[r.DOF.Scatter.BackgroundCompositing:2    ; additive background scattering]]
[2022.07.06-01.48.18:152][  0]LogConfig: Setting CVar [[r.DOF.Scatter.EnableBokehSettings:1      ; bokeh simulation when scattering]]
[2022.07.06-01.48.18:152][  0]LogConfig: Setting CVar [[r.DOF.Scatter.MaxSpriteRatio:0.1         ; only a maximum of 10% of scattered bokeh]]
[2022.07.06-01.48.18:152][  0]LogConfig: Setting CVar [[r.DOF.Recombine.Quality:1                ; cheap slight out of focus]]
[2022.07.06-01.48.18:152][  0]LogConfig: Setting CVar [[r.DOF.Recombine.EnableBokehSettings:0    ; no bokeh simulation on slight out of focus]]
[2022.07.06-01.48.18:152][  0]LogConfig: Setting CVar [[r.DOF.TemporalAAQuality:1                ; more stable temporal accumulation]]
[2022.07.06-01.48.18:152][  0]LogConfig: Setting CVar [[r.DOF.Kernel.MaxForegroundRadius:0.025]]
[2022.07.06-01.48.18:152][  0]LogConfig: Setting CVar [[r.DOF.Kernel.MaxBackgroundRadius:0.025]]
[2022.07.06-01.48.18:152][  0]LogConfig: Applying CVar settings from Section [TextureQuality@3] File [C:/work/UnrealProject_C7/ShootingGame/Saved/Config/Windows/Scalability.ini]
[2022.07.06-01.48.18:152][  0]LogConfig: Setting CVar [[r.Streaming.MipBias:0]]
[2022.07.06-01.48.18:152][  0]LogConfig: Setting CVar [[r.Streaming.AmortizeCPUToGPUCopy:0]]
[2022.07.06-01.48.18:152][  0]LogConfig: Setting CVar [[r.Streaming.MaxNumTexturesToStreamPerFrame:0]]
[2022.07.06-01.48.18:152][  0]LogConfig: Setting CVar [[r.Streaming.Boost:1]]
[2022.07.06-01.48.18:152][  0]LogConfig: Setting CVar [[r.MaxAnisotropy:8]]
[2022.07.06-01.48.18:152][  0]LogConfig: Setting CVar [[r.VT.MaxAnisotropy:8]]
[2022.07.06-01.48.18:152][  0]LogConfig: Setting CVar [[r.Streaming.LimitPoolSizeToVRAM:0]]
[2022.07.06-01.48.18:152][  0]LogConfig: Setting CVar [[r.Streaming.PoolSize:1000]]
[2022.07.06-01.48.18:152][  0]LogConfig: Setting CVar [[r.Streaming.MaxEffectiveScreenSize:0]]
[2022.07.06-01.48.18:152][  0]LogConfig: Applying CVar settings from Section [EffectsQuality@3] File [C:/work/UnrealProject_C7/ShootingGame/Saved/Config/Windows/Scalability.ini]
[2022.07.06-01.48.18:152][  0]LogConfig: Setting CVar [[r.TranslucencyLightingVolumeDim:64]]
[2022.07.06-01.48.18:152][  0]LogConfig: Setting CVar [[r.RefractionQuality:2]]
[2022.07.06-01.48.18:152][  0]LogConfig: Setting CVar [[r.SSR.Quality:3]]
[2022.07.06-01.48.18:152][  0]LogConfig: Setting CVar [[r.SSR.HalfResSceneColor:0]]
[2022.07.06-01.48.18:152][  0]LogConfig: Setting CVar [[r.SceneColorFormat:4]]
[2022.07.06-01.48.18:152][  0]LogConfig: Setting CVar [[r.DetailMode:2]]
[2022.07.06-01.48.18:152][  0]LogConfig: Setting CVar [[r.TranslucencyVolumeBlur:1]]
[2022.07.06-01.48.18:152][  0]LogConfig: Setting CVar [[r.MaterialQualityLevel:1 ; High quality]]
[2022.07.06-01.48.18:152][  0]LogConfig: Setting CVar [[r.AnisotropicMaterials:1]]
[2022.07.06-01.48.18:152][  0]LogConfig: Setting CVar [[r.SSS.Scale:1]]
[2022.07.06-01.48.18:152][  0]LogConfig: Setting CVar [[r.SSS.SampleSet:2]]
[2022.07.06-01.48.18:152][  0]LogConfig: Setting CVar [[r.SSS.Quality:1]]
[2022.07.06-01.48.18:152][  0]LogConfig: Setting CVar [[r.SSS.HalfRes:0]]
[2022.07.06-01.48.18:152][  0]LogConfig: Setting CVar [[r.SSGI.Quality:3]]
[2022.07.06-01.48.18:152][  0]LogConfig: Setting CVar [[r.EmitterSpawnRateScale:1.0]]
[2022.07.06-01.48.18:152][  0]LogConfig: Setting CVar [[r.ParticleLightQuality:2]]
[2022.07.06-01.48.18:152][  0]LogConfig: Setting CVar [[r.SkyAtmosphere.AerialPerspectiveLUT.FastApplyOnOpaque:1 ; Always have FastSkyLUT 1 in this case to avoid wrong sky]]
[2022.07.06-01.48.18:152][  0]LogConfig: Setting CVar [[r.SkyAtmosphere.AerialPerspectiveLUT.SampleCountMaxPerSlice:4]]
[2022.07.06-01.48.18:152][  0]LogConfig: Setting CVar [[r.SkyAtmosphere.AerialPerspectiveLUT.DepthResolution:16.0]]
[2022.07.06-01.48.18:152][  0]LogConfig: Setting CVar [[r.SkyAtmosphere.FastSkyLUT:1]]
[2022.07.06-01.48.18:152][  0]LogConfig: Setting CVar [[r.SkyAtmosphere.FastSkyLUT.SampleCountMin:4.0]]
[2022.07.06-01.48.18:152][  0]LogConfig: Setting CVar [[r.SkyAtmosphere.FastSkyLUT.SampleCountMax:128.0]]
[2022.07.06-01.48.18:152][  0]LogConfig: Setting CVar [[r.SkyAtmosphere.SampleCountMin:4.0]]
[2022.07.06-01.48.18:152][  0]LogConfig: Setting CVar [[r.SkyAtmosphere.SampleCountMax:128.0]]
[2022.07.06-01.48.18:152][  0]LogConfig: Setting CVar [[r.SkyAtmosphere.TransmittanceLUT.UseSmallFormat:0]]
[2022.07.06-01.48.18:152][  0]LogConfig: Setting CVar [[r.SkyAtmosphere.TransmittanceLUT.SampleCount:10.0]]
[2022.07.06-01.48.18:152][  0]LogConfig: Setting CVar [[r.SkyAtmosphere.MultiScatteringLUT.SampleCount:15.0]]
[2022.07.06-01.48.18:152][  0]LogConfig: Setting CVar [[r.SkyLight.RealTimeReflectionCapture:1]]
[2022.07.06-01.48.18:152][  0]LogConfig: Applying CVar settings from Section [FoliageQuality@3] File [C:/work/UnrealProject_C7/ShootingGame/Saved/Config/Windows/Scalability.ini]
[2022.07.06-01.48.18:152][  0]LogConfig: Setting CVar [[foliage.DensityScale:1.0]]
[2022.07.06-01.48.18:152][  0]LogConfig: Setting CVar [[grass.DensityScale:1.0]]
[2022.07.06-01.48.18:152][  0]LogConfig: Applying CVar settings from Section [ShadingQuality@3] File [C:/work/UnrealProject_C7/ShootingGame/Saved/Config/Windows/Scalability.ini]
[2022.07.06-01.48.18:152][  0]LogConfig: Setting CVar [[r.HairStrands.SkyLighting.IntegrationType:2]]
[2022.07.06-01.48.18:152][  0]LogConfig: Setting CVar [[r.HairStrands.SkyAO.SampleCount:4]]
[2022.07.06-01.48.18:152][  0]LogConfig: Setting CVar [[r.HairStrands.Visibility.MSAA.SamplePerPixel:4]]
[2022.07.06-01.48.18:152][  0]LogInit: Selected Device Profile: [Windows]
[2022.07.06-01.48.18:152][  0]LogInit: Applying CVar settings loaded from the selected device profile: [Windows]
[2022.07.06-01.48.18:152][  0]LogHAL: Display: Platform has ~ 16 GB [16989282304 / 17179869184 / 16], which maps to Larger [LargestMinGB=32, LargerMinGB=12, DefaultMinGB=8, SmallerMinGB=6, SmallestMinGB=0)
[2022.07.06-01.48.18:152][  0]LogInit: Going up to parent DeviceProfile []
[2022.07.06-01.48.18:152][  0]LogConfig: Applying CVar settings from Section [ViewDistanceQuality@3] File [C:/work/UnrealProject_C7/ShootingGame/Saved/Config/Windows/Scalability.ini]
[2022.07.06-01.48.18:152][  0]LogConfig: Setting CVar [[r.SkeletalMeshLODBias:0]]
[2022.07.06-01.48.18:152][  0]LogConfig: Setting CVar [[r.ViewDistanceScale:1.0]]
[2022.07.06-01.48.18:152][  0]LogConfig: Applying CVar settings from Section [AntiAliasingQuality@3] File [C:/work/UnrealProject_C7/ShootingGame/Saved/Config/Windows/Scalability.ini]
[2022.07.06-01.48.18:152][  0]LogConfig: Setting CVar [[r.PostProcessAAQuality:4]]
[2022.07.06-01.48.18:152][  0]LogConfig: Applying CVar settings from Section [ShadowQuality@3] File [C:/work/UnrealProject_C7/ShootingGame/Saved/Config/Windows/Scalability.ini]
[2022.07.06-01.48.18:153][  0]LogConfig: Setting CVar [[r.LightFunctionQuality:1]]
[2022.07.06-01.48.18:153][  0]LogConfig: Setting CVar [[r.ShadowQuality:5]]
[2022.07.06-01.48.18:153][  0]LogConfig: Setting CVar [[r.Shadow.CSM.MaxCascades:10]]
[2022.07.06-01.48.18:153][  0]LogConfig: Setting CVar [[r.Shadow.MaxResolution:2048]]
[2022.07.06-01.48.18:153][  0]LogConfig: Setting CVar [[r.Shadow.MaxCSMResolution:2048]]
[2022.07.06-01.48.18:153][  0]LogConfig: Setting CVar [[r.Shadow.RadiusThreshold:0.01]]
[2022.07.06-01.48.18:153][  0]LogConfig: Setting CVar [[r.Shadow.DistanceScale:1.0]]
[2022.07.06-01.48.18:153][  0]LogConfig: Setting CVar [[r.Shadow.CSM.TransitionScale:1.0]]
[2022.07.06-01.48.18:153][  0]LogConfig: Setting CVar [[r.Shadow.PreShadowResolutionFactor:1.0]]
[2022.07.06-01.48.18:153][  0]LogConfig: Setting CVar [[r.DistanceFieldShadowing:1]]
[2022.07.06-01.48.18:153][  0]LogConfig: Setting CVar [[r.DistanceFieldAO:1]]
[2022.07.06-01.48.18:153][  0]LogConfig: Setting CVar [[r.AOQuality:2]]
[2022.07.06-01.48.18:153][  0]LogConfig: Setting CVar [[r.VolumetricFog:1]]
[2022.07.06-01.48.18:153][  0]LogConfig: Setting CVar [[r.VolumetricFog.GridPixelSize:8]]
[2022.07.06-01.48.18:153][  0]LogConfig: Setting CVar [[r.VolumetricFog.GridSizeZ:128]]
[2022.07.06-01.48.18:153][  0]LogConfig: Setting CVar [[r.VolumetricFog.HistoryMissSupersampleCount:4]]
[2022.07.06-01.48.18:153][  0]LogConfig: Setting CVar [[r.LightMaxDrawDistanceScale:1]]
[2022.07.06-01.48.18:153][  0]LogConfig: Setting CVar [[r.CapsuleShadows:1]]
[2022.07.06-01.48.18:153][  0]LogConfig: Applying CVar settings from Section [PostProcessQuality@3] File [C:/work/UnrealProject_C7/ShootingGame/Saved/Config/Windows/Scalability.ini]
[2022.07.06-01.48.18:153][  0]LogConfig: Setting CVar [[r.MotionBlurQuality:4]]
[2022.07.06-01.48.18:153][  0]LogConfig: Setting CVar [[r.AmbientOcclusionMipLevelFactor:0.4]]
[2022.07.06-01.48.18:153][  0]LogConfig: Setting CVar [[r.AmbientOcclusionMaxQuality:100]]
[2022.07.06-01.48.18:153][  0]LogConfig: Setting CVar [[r.AmbientOcclusionLevels:-1]]
[2022.07.06-01.48.18:153][  0]LogConfig: Setting CVar [[r.AmbientOcclusionRadiusScale:1.0]]
[2022.07.06-01.48.18:153][  0]LogConfig: Setting CVar [[r.DepthOfFieldQuality:2]]
[2022.07.06-01.48.18:153][  0]LogConfig: Setting CVar [[r.RenderTargetPoolMin:400]]
[2022.07.06-01.48.18:153][  0]LogConfig: Setting CVar [[r.LensFlareQuality:2]]
[2022.07.06-01.48.18:153][  0]LogConfig: Setting CVar [[r.SceneColorFringeQuality:1]]
[2022.07.06-01.48.18:153][  0]LogConfig: Setting CVar [[r.EyeAdaptationQuality:2]]
[2022.07.06-01.48.18:153][  0]LogConfig: Setting CVar [[r.BloomQuality:5]]
[2022.07.06-01.48.18:153][  0]LogConfig: Setting CVar [[r.FastBlurThreshold:100]]
[2022.07.06-01.48.18:153][  0]LogConfig: Setting CVar [[r.Upscale.Quality:3]]
[2022.07.06-01.48.18:153][  0]LogConfig: Setting CVar [[r.Tonemapper.GrainQuantization:1]]
[2022.07.06-01.48.18:153][  0]LogConfig: Setting CVar [[r.LightShaftQuality:1]]
[2022.07.06-01.48.18:153][  0]LogConfig: Setting CVar [[r.Filter.SizeScale:1]]
[2022.07.06-01.48.18:153][  0]LogConfig: Setting CVar [[r.Tonemapper.Quality:5]]
[2022.07.06-01.48.18:153][  0]LogConfig: Setting CVar [[r.DOF.Gather.AccumulatorQuality:1        ; higher gathering accumulator quality]]
[2022.07.06-01.48.18:153][  0]LogConfig: Setting CVar [[r.DOF.Gather.PostfilterMethod:1          ; Median3x3 postfilering method]]
[2022.07.06-01.48.18:153][  0]LogConfig: Setting CVar [[r.DOF.Gather.EnableBokehSettings:0       ; no bokeh simulation when gathering]]
[2022.07.06-01.48.18:153][  0]LogConfig: Setting CVar [[r.DOF.Gather.RingCount:4                 ; medium number of samples when gathering]]
[2022.07.06-01.48.18:153][  0]LogConfig: Setting CVar [[r.DOF.Scatter.ForegroundCompositing:1    ; additive foreground scattering]]
[2022.07.06-01.48.18:153][  0]LogConfig: Setting CVar [[r.DOF.Scatter.BackgroundCompositing:2    ; additive background scattering]]
[2022.07.06-01.48.18:153][  0]LogConfig: Setting CVar [[r.DOF.Scatter.EnableBokehSettings:1      ; bokeh simulation when scattering]]
[2022.07.06-01.48.18:153][  0]LogConfig: Setting CVar [[r.DOF.Scatter.MaxSpriteRatio:0.1         ; only a maximum of 10% of scattered bokeh]]
[2022.07.06-01.48.18:153][  0]LogConfig: Setting CVar [[r.DOF.Recombine.Quality:1                ; cheap slight out of focus]]
[2022.07.06-01.48.18:153][  0]LogConfig: Setting CVar [[r.DOF.Recombine.EnableBokehSettings:0    ; no bokeh simulation on slight out of focus]]
[2022.07.06-01.48.18:153][  0]LogConfig: Setting CVar [[r.DOF.TemporalAAQuality:1                ; more stable temporal accumulation]]
[2022.07.06-01.48.18:153][  0]LogConfig: Setting CVar [[r.DOF.Kernel.MaxForegroundRadius:0.025]]
[2022.07.06-01.48.18:153][  0]LogConfig: Setting CVar [[r.DOF.Kernel.MaxBackgroundRadius:0.025]]
[2022.07.06-01.48.18:153][  0]LogConfig: Applying CVar settings from Section [TextureQuality@3] File [C:/work/UnrealProject_C7/ShootingGame/Saved/Config/Windows/Scalability.ini]
[2022.07.06-01.48.18:153][  0]LogConfig: Setting CVar [[r.Streaming.MipBias:0]]
[2022.07.06-01.48.18:153][  0]LogConfig: Setting CVar [[r.Streaming.AmortizeCPUToGPUCopy:0]]
[2022.07.06-01.48.18:153][  0]LogConfig: Setting CVar [[r.Streaming.MaxNumTexturesToStreamPerFrame:0]]
[2022.07.06-01.48.18:153][  0]LogConfig: Setting CVar [[r.Streaming.Boost:1]]
[2022.07.06-01.48.18:153][  0]LogConfig: Setting CVar [[r.MaxAnisotropy:8]]
[2022.07.06-01.48.18:153][  0]LogConfig: Setting CVar [[r.VT.MaxAnisotropy:8]]
[2022.07.06-01.48.18:153][  0]LogConfig: Setting CVar [[r.Streaming.LimitPoolSizeToVRAM:0]]
[2022.07.06-01.48.18:153][  0]LogConfig: Setting CVar [[r.Streaming.PoolSize:1000]]
[2022.07.06-01.48.18:153][  0]LogConfig: Setting CVar [[r.Streaming.MaxEffectiveScreenSize:0]]
[2022.07.06-01.48.18:153][  0]LogConfig: Applying CVar settings from Section [EffectsQuality@3] File [C:/work/UnrealProject_C7/ShootingGame/Saved/Config/Windows/Scalability.ini]
[2022.07.06-01.48.18:153][  0]LogConfig: Setting CVar [[r.TranslucencyLightingVolumeDim:64]]
[2022.07.06-01.48.18:153][  0]LogConfig: Setting CVar [[r.RefractionQuality:2]]
[2022.07.06-01.48.18:153][  0]LogConfig: Setting CVar [[r.SSR.Quality:3]]
[2022.07.06-01.48.18:153][  0]LogConfig: Setting CVar [[r.SSR.HalfResSceneColor:0]]
[2022.07.06-01.48.18:153][  0]LogConfig: Setting CVar [[r.SceneColorFormat:4]]
[2022.07.06-01.48.18:153][  0]LogConfig: Setting CVar [[r.DetailMode:2]]
[2022.07.06-01.48.18:153][  0]LogConfig: Setting CVar [[r.TranslucencyVolumeBlur:1]]
[2022.07.06-01.48.18:153][  0]LogConfig: Setting CVar [[r.MaterialQualityLevel:1 ; High quality]]
[2022.07.06-01.48.18:153][  0]LogConfig: Setting CVar [[r.AnisotropicMaterials:1]]
[2022.07.06-01.48.18:153][  0]LogConfig: Setting CVar [[r.SSS.Scale:1]]
[2022.07.06-01.48.18:153][  0]LogConfig: Setting CVar [[r.SSS.SampleSet:2]]
[2022.07.06-01.48.18:153][  0]LogConfig: Setting CVar [[r.SSS.Quality:1]]
[2022.07.06-01.48.18:153][  0]LogConfig: Setting CVar [[r.SSS.HalfRes:0]]
[2022.07.06-01.48.18:153][  0]LogConfig: Setting CVar [[r.SSGI.Quality:3]]
[2022.07.06-01.48.18:153][  0]LogConfig: Setting CVar [[r.EmitterSpawnRateScale:1.0]]
[2022.07.06-01.48.18:153][  0]LogConfig: Setting CVar [[r.ParticleLightQuality:2]]
[2022.07.06-01.48.18:153][  0]LogConfig: Setting CVar [[r.SkyAtmosphere.AerialPerspectiveLUT.FastApplyOnOpaque:1 ; Always have FastSkyLUT 1 in this case to avoid wrong sky]]
[2022.07.06-01.48.18:153][  0]LogConfig: Setting CVar [[r.SkyAtmosphere.AerialPerspectiveLUT.SampleCountMaxPerSlice:4]]
[2022.07.06-01.48.18:153][  0]LogConfig: Setting CVar [[r.SkyAtmosphere.AerialPerspectiveLUT.DepthResolution:16.0]]
[2022.07.06-01.48.18:153][  0]LogConfig: Setting CVar [[r.SkyAtmosphere.FastSkyLUT:1]]
[2022.07.06-01.48.18:153][  0]LogConfig: Setting CVar [[r.SkyAtmosphere.FastSkyLUT.SampleCountMin:4.0]]
[2022.07.06-01.48.18:153][  0]LogConfig: Setting CVar [[r.SkyAtmosphere.FastSkyLUT.SampleCountMax:128.0]]
[2022.07.06-01.48.18:153][  0]LogConfig: Setting CVar [[r.SkyAtmosphere.SampleCountMin:4.0]]
[2022.07.06-01.48.18:153][  0]LogConfig: Setting CVar [[r.SkyAtmosphere.SampleCountMax:128.0]]
[2022.07.06-01.48.18:153][  0]LogConfig: Setting CVar [[r.SkyAtmosphere.TransmittanceLUT.UseSmallFormat:0]]
[2022.07.06-01.48.18:153][  0]LogConfig: Setting CVar [[r.SkyAtmosphere.TransmittanceLUT.SampleCount:10.0]]
[2022.07.06-01.48.18:153][  0]LogConfig: Setting CVar [[r.SkyAtmosphere.MultiScatteringLUT.SampleCount:15.0]]
[2022.07.06-01.48.18:153][  0]LogConfig: Setting CVar [[r.SkyLight.RealTimeReflectionCapture:1]]
[2022.07.06-01.48.18:153][  0]LogConfig: Applying CVar settings from Section [FoliageQuality@3] File [C:/work/UnrealProject_C7/ShootingGame/Saved/Config/Windows/Scalability.ini]
[2022.07.06-01.48.18:153][  0]LogConfig: Setting CVar [[foliage.DensityScale:1.0]]
[2022.07.06-01.48.18:153][  0]LogConfig: Setting CVar [[grass.DensityScale:1.0]]
[2022.07.06-01.48.18:153][  0]LogConfig: Applying CVar settings from Section [ShadingQuality@3] File [C:/work/UnrealProject_C7/ShootingGame/Saved/Config/Windows/Scalability.ini]
[2022.07.06-01.48.18:153][  0]LogConfig: Setting CVar [[r.HairStrands.SkyLighting.IntegrationType:2]]
[2022.07.06-01.48.18:153][  0]LogConfig: Setting CVar [[r.HairStrands.SkyAO.SampleCount:4]]
[2022.07.06-01.48.18:153][  0]LogConfig: Setting CVar [[r.HairStrands.Visibility.MSAA.SamplePerPixel:4]]
[2022.07.06-01.48.18:153][  0]LogConfig: Applying CVar settings from Section [Startup] File [../../../Engine/Config/ConsoleVariables.ini]
[2022.07.06-01.48.18:154][  0]LogConfig: Setting CVar [[net.UseAdaptiveNetUpdateFrequency:0]]
[2022.07.06-01.48.18:154][  0]LogConfig: Setting CVar [[p.chaos.AllowCreatePhysxBodies:1]]
[2022.07.06-01.48.18:154][  0]LogConfig: Setting CVar [[fx.SkipVectorVMBackendOptimizations:1]]
[2022.07.06-01.48.18:154][  0]LogConfig: Applying CVar settings from Section [ConsoleVariables] File [C:/work/UnrealProject_C7/ShootingGame/Saved/Config/Windows/Engine.ini]
[2022.07.06-01.48.18:154][  0]LogConfig: Applying CVar settings from Section [ConsoleVariables] File [C:/work/UnrealProject_C7/ShootingGame/Saved/Config/Windows/Editor.ini]
[2022.07.06-01.48.18:154][  0]LogInit: Computer: DESKTOP-HME5P3N
[2022.07.06-01.48.18:154][  0]LogInit: User: parkdoyoung
[2022.07.06-01.48.18:154][  0]LogInit: CPU Page size=4096, Cores=4
[2022.07.06-01.48.18:154][  0]LogInit: High frequency timer resolution =10.000000 MHz
[2022.07.06-01.48.18:154][  0]LogMemory: Memory total: Physical=15.8GB (16GB approx)
[2022.07.06-01.48.18:154][  0]LogMemory: Platform Memory Stats for Windows
[2022.07.06-01.48.18:154][  0]LogMemory: Process Physical Memory: 143.95 MB used, 143.96 MB peak
[2022.07.06-01.48.18:154][  0]LogMemory: Process Virtual Memory: 128.32 MB used, 128.32 MB peak
[2022.07.06-01.48.18:154][  0]LogMemory: Physical Memory: 7469.12 MB used,  8733.12 MB free, 16202.24 MB total
[2022.07.06-01.48.18:154][  0]LogMemory: Virtual Memory: 134203200.00 MB used,  14529.89 MB free, 134217728.00 MB total
[2022.07.06-01.48.18:158][  0]LogWindows: WindowsPlatformFeatures enabled
[2022.07.06-01.48.18:176][  0]LogInit: Physics initialised using underlying interface: PhysX
[2022.07.06-01.48.18:176][  0]LogInit: Using OS detected language (ko-KR).
[2022.07.06-01.48.18:176][  0]LogInit: Using OS detected locale (ko-KR).
[2022.07.06-01.48.18:178][  0]LogTextLocalizationManager: No specific localization for 'ko-KR' exists, so the 'ko' localization will be used.
[2022.07.06-01.48.18:312][  0]LogWindowsTextInputMethodSystem: Display: IME system deactivated.
[2022.07.06-01.48.18:326][  0]LogSlate: New Slate User Created.  User Index 0, Is Virtual User: 0
[2022.07.06-01.48.18:326][  0]LogSlate: Slate User Registered.  User Index 0, Is Virtual User: 0
[2022.07.06-01.48.18:340][  0]LogD3D11RHI: Loaded GFSDK_Aftermath_Lib.x64.dll
[2022.07.06-01.48.18:342][  0]LogHMD: Failed to initialize OpenVR with code 110
[2022.07.06-01.48.18:342][  0]LogD3D11RHI: D3D11 min allowed feature level: 11_0
[2022.07.06-01.48.18:342][  0]LogD3D11RHI: D3D11 max allowed feature level: 11_0
[2022.07.06-01.48.18:342][  0]LogD3D11RHI: D3D11 adapters:
[2022.07.06-01.48.18:451][  0]LogD3D11RHI:    0. 'NVIDIA GeForce GTX 1650 with Max-Q Design' (Feature Level 11_0)
[2022.07.06-01.48.18:451][  0]LogD3D11RHI:       3962/0/8101 MB DedicatedVideo/DedicatedSystem/SharedSystem, Outputs:1, VendorId:0x10de
[2022.07.06-01.48.18:467][  0]LogD3D11RHI:    1. 'Intel(R) UHD Graphics' (Feature Level 11_0)
[2022.07.06-01.48.18:468][  0]LogD3D11RHI:       128/0/8101 MB DedicatedVideo/DedicatedSystem/SharedSystem, Outputs:0, VendorId:0x8086
[2022.07.06-01.48.18:469][  0]LogD3D11RHI:    2. 'Microsoft Basic Render Driver' (Feature Level 11_0)
[2022.07.06-01.48.18:469][  0]LogD3D11RHI:       0/0/8101 MB DedicatedVideo/DedicatedSystem/SharedSystem, Outputs:0, VendorId:0x1414
[2022.07.06-01.48.18:469][  0]LogD3D11RHI: Chosen D3D11 Adapter:
[2022.07.06-01.48.18:469][  0]LogD3D11RHI:     Description : NVIDIA GeForce GTX 1650 with Max-Q Design
[2022.07.06-01.48.18:469][  0]LogD3D11RHI:     VendorId    : 10de
[2022.07.06-01.48.18:469][  0]LogD3D11RHI:     DeviceId    : 1f9d
[2022.07.06-01.48.18:469][  0]LogD3D11RHI:     SubSysId    : 12f41462
[2022.07.06-01.48.18:469][  0]LogD3D11RHI:     Revision    : 00a1
[2022.07.06-01.48.18:469][  0]LogD3D11RHI:     DedicatedVideoMemory : 4154458112 bytes
[2022.07.06-01.48.18:469][  0]LogD3D11RHI:     DedicatedSystemMemory : 0 bytes
[2022.07.06-01.48.18:469][  0]LogD3D11RHI:     SharedSystemMemory : 8494641152 bytes
[2022.07.06-01.48.18:469][  0]LogD3D11RHI:     AdapterLuid : 0 55500
[2022.07.06-01.48.18:475][  0]LogD3D11RHI: Creating new Direct3DDevice
[2022.07.06-01.48.18:475][  0]LogD3D11RHI:     GPU DeviceId: 0x1f9d (for the marketing name, search the web for "GPU Device Id")
[2022.07.06-01.48.18:475][  0]LogWindows: EnumDisplayDevices:
[2022.07.06-01.48.18:475][  0]LogWindows:    0. 'Intel(R) UHD Graphics' (P:1 D:1)
[2022.07.06-01.48.18:475][  0]LogWindows:    1. 'Intel(R) UHD Graphics' (P:0 D:0)
[2022.07.06-01.48.18:475][  0]LogWindows:    2. 'Intel(R) UHD Graphics' (P:0 D:0)
[2022.07.06-01.48.18:475][  0]LogWindows: DebugString: PrimaryIsNotTheChoosenAdapter PrimaryIsNotTheChoosenAdapter PrimaryIsNotTheChoosenAdapter FoundDriverCount:0 
[2022.07.06-01.48.18:475][  0]LogD3D11RHI:     Adapter Name: NVIDIA GeForce GTX 1650 with Max-Q Design
[2022.07.06-01.48.18:475][  0]LogD3D11RHI:   Driver Version: Unknown (internal:Unknown, unified:Unknown)
[2022.07.06-01.48.18:475][  0]LogD3D11RHI:      Driver Date: Unknown
[2022.07.06-01.48.18:475][  0]LogRHI: Texture pool is 2773 MB (70% of 3962 MB)
[2022.07.06-01.48.18:475][  0]LogD3D11RHI: Creating D3DDevice using adapter:
[2022.07.06-01.48.18:475][  0]LogD3D11RHI:     Description : NVIDIA GeForce GTX 1650 with Max-Q Design
[2022.07.06-01.48.18:475][  0]LogD3D11RHI:     VendorId    : 10de
[2022.07.06-01.48.18:475][  0]LogD3D11RHI:     DeviceId    : 1f9d
[2022.07.06-01.48.18:475][  0]LogD3D11RHI:     SubSysId    : 12f41462
[2022.07.06-01.48.18:475][  0]LogD3D11RHI:     Revision    : 00a1
[2022.07.06-01.48.18:475][  0]LogD3D11RHI:     DedicatedVideoMemory : 4154458112 bytes
[2022.07.06-01.48.18:475][  0]LogD3D11RHI:     DedicatedSystemMemory : 0 bytes
[2022.07.06-01.48.18:475][  0]LogD3D11RHI:     SharedSystemMemory : 8494641152 bytes
[2022.07.06-01.48.18:475][  0]LogD3D11RHI:     AdapterLuid : 0 55500
[2022.07.06-01.48.18:553][  0]LogD3D11RHI: RHI has support for 64 bit atomics
[2022.07.06-01.48.18:553][  0]LogD3D11RHI: Async texture creation enabled
[2022.07.06-01.48.18:553][  0]LogD3D11RHI: Array index from any shader is supported
[2022.07.06-01.48.18:566][  0]LogD3D11RHI: GPU Timing Frequency: 1000.000000 (Debug: 2 1)
[2022.07.06-01.48.18:599][  0]LogRHI: GeForceNow SDK initialized: 1
[2022.07.06-01.48.18:874][  0]LogTargetPlatformManager: Display: Loaded TargetPlatform 'WindowsNoEditor'
[2022.07.06-01.48.18:878][  0]LogTargetPlatformManager: Display: Loaded TargetPlatform 'Windows'
[2022.07.06-01.48.18:882][  0]LogTargetPlatformManager: Display: Loaded TargetPlatform 'WindowsClient'
[2022.07.06-01.48.18:887][  0]LogTargetPlatformManager: Display: Loaded TargetPlatform 'WindowsServer'
[2022.07.06-01.48.18:887][  0]LogTargetPlatformManager: Display: Building Assets For Windows
[2022.07.06-01.48.18:893][  0]LogAudioDebug: Display: Lib vorbis DLL was dynamically loaded.
[2022.07.06-01.48.18:920][  0]LogTextureFormatOodle: Display: Oodle Texture 2.9.0 init RDO Off
[2022.07.06-01.48.18:945][  0]LogRendererCore: Ray tracing is disabled. Reason: r.RayTracing=0.
[2022.07.06-01.48.18:945][  0]LogShaderCompilers: Guid format shader working directory is 0 characters bigger than the processId version (../../../../../../work/UnrealProject_C7/ShootingGame/Intermediate/Shaders/WorkingDirectory/9500/).
[2022.07.06-01.48.18:945][  0]LogShaderCompilers: Cleaned the shader compiler working directory 'C:/Users/parkdoyoung/AppData/Local/Temp/UnrealShaderWorkingDir/5D8CF6A34AC7EAA68B8CB89BD84AF714/'.
[2022.07.06-01.48.18:946][  0]LogXGEController: Cannot use XGE Controller as Incredibuild is not installed on this machine.
[2022.07.06-01.48.18:946][  0]LogShaderCompilers: Cannot use XGE Shader Compiler as Incredibuild is not installed on this machine.
[2022.07.06-01.48.18:946][  0]LogShaderCompilers: Display: Using Local Shader Compiler.
[2022.07.06-01.48.19:705][  0]LogDerivedDataCache: Display: Max Cache Size: 512 MB
[2022.07.06-01.48.19:773][  0]LogDerivedDataCache: Loaded boot cache 0.07s 94MB C:/Users/parkdoyoung/AppData/Local/UnrealEngine/4.27/DerivedDataCache/Boot.ddc.
[2022.07.06-01.48.19:773][  0]LogDerivedDataCache: Display: Loaded Boot cache: C:/Users/parkdoyoung/AppData/Local/UnrealEngine/4.27/DerivedDataCache/Boot.ddc
[2022.07.06-01.48.19:773][  0]LogDerivedDataCache: FDerivedDataBackendGraph:  Pak pak cache file ../../../../../../work/UnrealProject_C7/ShootingGame/DerivedDataCache/DDC.ddp not found, will not use a pak cache.
[2022.07.06-01.48.19:773][  0]LogDerivedDataCache: Unable to find inner node Pak for hierarchical cache Hierarchy.
[2022.07.06-01.48.19:773][  0]LogDerivedDataCache: FDerivedDataBackendGraph:  CompressedPak pak cache file ../../../../../../work/UnrealProject_C7/ShootingGame/DerivedDataCache/Compressed.ddp not found, will not use a pak cache.
[2022.07.06-01.48.19:773][  0]LogDerivedDataCache: Unable to find inner node CompressedPak for hierarchical cache Hierarchy.
[2022.07.06-01.48.19:789][  0]LogDerivedDataCache: Display: Pak cache opened for reading ../../../Engine/DerivedDataCache/Compressed.ddp.
[2022.07.06-01.48.19:789][  0]LogDerivedDataCache: FDerivedDataBackendGraph:  EnterprisePak pak cache file ../../../Enterprise/DerivedDataCache/Compressed.ddp not found, will not use a pak cache.
[2022.07.06-01.48.19:789][  0]LogDerivedDataCache: Unable to find inner node EnterprisePak for hierarchical cache Hierarchy.
[2022.07.06-01.48.19:797][  0]LogDerivedDataCache: Speed tests for C:/Users/parkdoyoung/AppData/Local/UnrealEngine/Common/DerivedDataCache took 0.01 seconds
[2022.07.06-01.48.19:797][  0]LogDerivedDataCache: Display: Performance to C:/Users/parkdoyoung/AppData/Local/UnrealEngine/Common/DerivedDataCache: Latency=0.02ms. RandomReadSpeed=252.19MBs, RandomWriteSpeed=228.02MBs. Assigned SpeedClass 'Local'
[2022.07.06-01.48.19:798][  0]LogDerivedDataCache: Using Local data cache path C:/Users/parkdoyoung/AppData/Local/UnrealEngine/Common/DerivedDataCache: Writable
[2022.07.06-01.48.19:799][  0]LogDerivedDataCache: Shared data cache path not found in *engine.ini, will not use an Shared cache.
[2022.07.06-01.48.19:799][  0]LogDerivedDataCache: Unable to find inner node Shared for hierarchical cache Hierarchy.
[2022.07.06-01.48.19:834][  0]LogSlate: Using FreeType 2.10.0
[2022.07.06-01.48.19:835][  0]LogSlate: SlateFontServices - WITH_FREETYPE: 1, WITH_HARFBUZZ: 1
[2022.07.06-01.48.19:917][  0]LogInit: Using OS detected language (ko-KR).
[2022.07.06-01.48.19:917][  0]LogInit: Using OS detected locale (ko-KR).
[2022.07.06-01.48.19:917][  0]LogTextLocalizationManager: No localization for 'ko-KR' exists, so 'en' will be used for the language.
[2022.07.06-01.48.19:917][  0]LogTextLocalizationManager: No localization for 'ko-KR' exists, so 'en' will be used for the locale.
[2022.07.06-01.48.19:918][  0]LogSlate: FontCache flush requested. Reason: Culture for localization was changed
[2022.07.06-01.48.19:918][  0]LogSlate: FontCache flush requested. Reason: Culture for localization was changed
[2022.07.06-01.48.19:921][  0]LogAssetRegistry: FAssetRegistry took 0.0017 seconds to start up
[2022.07.06-01.48.20:088][  0]LogTextLocalizationManager: Compacting localization data took   0.01ms
[2022.07.06-01.48.20:088][  0]LogPackageLocalizationCache: Processed 27 localized package path(s) for 1 prioritized culture(s) in 0.000919 seconds
[2022.07.06-01.48.20:147][  0]LogInit: Selected Device Profile: [Windows]
[2022.07.06-01.48.20:147][  0]LogInit: Active device profile: [000001D84C086C00][000001D845151B00 49] Windows
[2022.07.06-01.48.20:147][  0]LogInit: Profiles: [000001D84C086C00][000001D845151B00 49] Windows, [000001D84C08EF00][000001D845158100 49] WindowsNoEditor, [000001D84C087600][000001D84515C280 49] WindowsServer, [000001D84C08CB00][000001D845160400 49] WindowsClient, [000001D84C084B00][000001D845164580 49] IOS, [000001D84C08F700][000001D845168700 49] iPadAir, [000001D84C087B00][000001D84516C880 49] iPadAir2, [000001D84C036600][000001D845174B40 49] IPadPro, [000001D84C036700][000001D845170B80 49] iPadAir3, [000001D84C084500][000001D845178D00 49] iPadAir4, [000001D84C034100][000001D84517CE80 49] iPadMini2, [000001D84C087700][000001D845181000 49] iPadMini3, [000001D84C036F00][000001D845185180 49] iPadMini4, [000001D84C085800][000001D845189300 49] iPadMini5, [000001D84C051F00][000001D841A075C0 49] iPhone6, [000001D84C052000][000001D841A03600 49] iPodTouch6, [000001D84C037200][000001D841A0B840 49] iPhone7, [000001D84C035B00][000001D845155880 49] iPodTouch7, [000001D84C052E00][000001D841A0F9C0 49] iPhone5S, [000001D84C034800][000001D841A13B00 49] iPhone6Plus, [000001D84C052A00][000001D841A1A100 49] iPhone6S, [000001D84C037700][000001D841A1E280 49] iPhone6SPlus, [000001D84C051100][000001D841A22400 49] iPhone7Plus, [000001D84C034C00][000001D841A26580 49] iPhoneSE, [000001D84C053500][000001D841A2A700 49] iPhone8, [000001D84C035700][000001D841A2E880 49] iPhone8Plus, [000001D84C053600][000001D841A32A00 49] iPhoneX, [000001D84C035900][000001D841A36B80 49] iPhoneXS, [000001D84C052C00][000001D841A3AD00 49] iPhoneXSMax, [000001D84C035100][000001D841A3EE80 49] iPhoneXR, [000001D84C051B00][000001D841A43000 49] iPhone11, [000001D84C036C00][000001D841A47180 49] iPhone11Pro, [000001D84C053300][000001D841A4B300 49] iPhone11ProMax, [000001D84C035000][000001D841A4F480 49] iPhoneSE2, [000001D84C051300][000001D841A53600 49] iPhone12Mini, [000001D84C036300][000001D841A57780 49] iPhone12, [000001D84C052F00][000001D841A178C0 49] iPhone12Pro, [000001D84C037800][000001D841A5BA00 49] iPhone12ProMax, [000001D84C050400][000001D841A5FB40 49] iPadPro105, [000001D84C036900][000001D841A62100 49] iPadPro129, [000001D84C052900][000001D841A6A280 49] iPadPro97, [000001D84C035C00][000001D841A6E400 49] iPadPro2_129, [000001D84C050A00][000001D841A72580 49] iPad5, [000001D84C037E00][000001D841A76700 49] iPad6, [000001D84C053900][000001D841A7A880 49] iPad7, [000001D84C036A00][000001D841A7EA00 49] iPad8, [000001D84C051C00][000001D841A82B80 49] iPadPro11, [000001D84C036000][000001D841A86D00 49] iPadPro2_11, [000001D84C08F000][000001D841A8AE80 49] iPadPro3_129, [000001D84C118100][000001D8414CF000 49] iPadPro4_129, [000001D84C08EC00][000001D8414D3180 49] AppleTV, [000001D84C118C00][000001D8414D7300 49] AppleTV4K, [000001D84C08C100][000001D8414DB480 49] TVOS, [000001D84C119900][000001D8414DF600 49] Mac, [000001D84C08EB00][000001D8414E3780 49] MacClient, [000001D84C118E00][000001D8414E7900 49] MacNoEditor, [000001D84C08E800][000001D8414EBA80 49] MacServer, [000001D84C118B00][000001D841A67BC0 49] Linux, [000001D84C08E000][000001D8414EE180 49] LinuxAArch64, [000001D84C119700][000001D8414F22C0 49] LinuxNoEditor, [000001D84C08D400][000001D8414FA440 49] LinuxAArch64NoEditor, [000001D84C118F00][000001D8414FE5C0 49] LinuxClient, [000001D84C08E700][000001D841502740 49] LinuxAArch64Client, [000001D84C118200][000001D8415068C0 49] LinuxServer, [000001D84C034300][000001D84150AA40 49] LinuxAArch64Server, [000001D84C052800][000001D84150EBC0 49] Android, [000001D84C037000][000001D841512D40 49] Android_Low, [000001D84C052D00][000001D841516EC0 49] Android_Mid, [000001D84C034500][000001D84151B040 49] Android_High, [000001D84C053C00][000001D84151F1C0 49] Android_Default, [000001D84C036B00][000001D841523340 49] Android_Adreno4xx, [000001D84C053F00][000001D8415274C0 49] Android_Adreno5xx_Low, [000001D84C034600][000001D84152B640 49] Android_Adreno5xx, [000001D84C053A00][000001D84152F7C0 49] Android_Adreno6xx, [000001D84C035600][000001D841533940 49] Android_Adreno6xx_Vulkan, [000001D84C053E00][000001D841537AC0 49] Android_Mali_T6xx, [000001D84C037A00][000001D84153A0C0 49] Android_Mali_T7xx, [000001D84C119C00][000001D8414F6200 49] Android_Mali_T8xx, [000001D84C037B00][000001D84153E340 49] Android_Mali_G71, [000001D84C11A300][000001D841542480 49] Android_Mali_G72, [000001D84C035400][000001D8415465C0 49] Android_Mali_G72_Vulkan, [000001D84C119300][000001D84154E740 49] Android_Mali_G76, [000001D84C034900][000001D8415528C0 49] Android_Mali_G76_Vulkan, [000001D84C119600][000001D841556A40 49] Android_Mali_G77, [000001D84C037500][000001D84155ABC0 49] Android_Mali_G77_Vulkan, [000001D84C119000][000001D84155ED40 49] Android_Mali_G78, [000001D84C036200][000001D841562EC0 49] Android_Mali_G78_Vulkan, [000001D84C051200][000001D841567040 49] Android_Mali_G710, [000001D84C035200][000001D84156B1C0 49] Android_Mali_G710_Vulkan, [000001D84C051A00][000001D84156F340 49] Android_Vulkan_SM5, [000001D84C035500][000001D8415734C0 49] Android_PowerVR_G6xxx, [000001D84C050C00][000001D841577640 49] Android_PowerVR_GT7xxx, [000001D84C034F00][000001D84157B7C0 49] Android_PowerVR_GE8xxx, [000001D84C051000][000001D84157F940 49] Android_PowerVR_GM9xxx, [000001D84C037900][000001D841583AC0 49] Android_PowerVR_GM9xxx_Vulkan, [000001D84C051600][000001D8415860C0 49] Android_TegraK1, [000001D84C034700][000001D84158A240 49] Android_Unknown_Vulkan, [000001D84C052400][000001D84154A380 49] Lumin, [000001D84C035300][000001D84158E4C0 49] Lumin_Desktop, [000001D84C050900][000001D841592600 49] HoloLens, 
[2022.07.06-01.48.20:184][  0]LogMeshReduction: Using QuadricMeshReduction for automatic static mesh reduction
[2022.07.06-01.48.20:184][  0]LogMeshReduction: Using SimplygonMeshReduction for automatic skeletal mesh reduction
[2022.07.06-01.48.20:184][  0]LogMeshReduction: Using ProxyLODMeshReduction for automatic mesh merging
[2022.07.06-01.48.20:184][  0]LogMeshReduction: No distributed automatic mesh merging module available
[2022.07.06-01.48.20:184][  0]LogMeshMerging: No distributed automatic mesh merging module available
[2022.07.06-01.48.20:281][  0]LogNetVersion: ShootingGame 1.0.0, NetCL: 17155196, EngineNetVer: 17, GameNetVer: 0 (Checksum: 1120234365)
[2022.07.06-01.48.20:505][  0]LogTexture: Default maximum texture size for cubemaps generated from long-lat sources has been changed from 512 to unlimited. In order to preserve old behaiour for '/Engine/MapTemplates/Sky/DaylightAmbientCubemap.DaylightAmbientCubemap', its maximum texture size has been explicitly set to 512.
[2022.07.06-01.48.20:562][  0]LogHMD: PokeAHoleMaterial loaded successfully
[2022.07.06-01.48.20:652][  0]LogMoviePlayer: Initializing movie player
[2022.07.06-01.48.20:753][  0]LogNiagaraDebuggerClient: Niagara Debugger Client Initialized | Session: F570885B4F2C2FDEC985E2A511ABA641 | Instance: 7DBB6C6D488211B896ADBFA370C3C9CC (DESKTOP-HME5P3N-9500).
[2022.07.06-01.48.20:771][  0]LogCollectionManager: Loaded 0 collections in 0.001262 seconds
[2022.07.06-01.48.20:772][  0]LogFileCache: Scanning file cache for directory 'C:/work/UnrealProject_C7/ShootingGame/Saved/Collections/' took 0.00s
[2022.07.06-01.48.20:773][  0]LogFileCache: Scanning file cache for directory 'C:/work/UnrealProject_C7/ShootingGame/Content/Developers/parkdoyoung/Collections/' took 0.00s
[2022.07.06-01.48.20:773][  0]LogFileCache: Scanning file cache for directory 'C:/work/UnrealProject_C7/ShootingGame/Content/Collections/' took 0.00s
[2022.07.06-01.48.20:773][  0]LogCollectionManager: Fixed up redirectors for 0 collections in 0.000001 seconds (updated 0 objects)
[2022.07.06-01.48.20:790][  0]LogPython: Using Python 3.7.7
[2022.07.06-01.48.21:311][  0]LogTcpMessaging: Initializing TcpMessaging bridge
[2022.07.06-01.48.21:316][  0]LogUdpMessaging: Initializing bridge on interface 0.0.0.0:0 to multicast group 230.0.0.1:6666.
[2022.07.06-01.48.21:414][  0]SourceControl: Source control is disabled
[2022.07.06-01.48.21:414][  0]SourceControl: Source control is disabled
[2022.07.06-01.48.21:417][  0]SourceControl: Source control is disabled
[2022.07.06-01.48.21:469][  0]LogUProjectInfo: Found projects:
[2022.07.06-01.48.21:487][  0]LogOpenImageDenoise: OIDN starting up
[2022.07.06-01.48.21:525][  0]LogAndroidPermission: UAndroidPermissionCallbackProxy::GetInstance
[2022.07.06-01.48.21:538][  0]LogAudioCaptureCore: Display: No Audio Capture implementations found. Audio input will be silent.
[2022.07.06-01.48.21:538][  0]LogAudioCaptureCore: Display: No Audio Capture implementations found. Audio input will be silent.
[2022.07.06-01.48.21:608][  0]LogOcInput: OculusInput pre-init called
[2022.07.06-01.48.21:618][  0]LogUObjectArray: 22167 objects as part of root set at end of initial load.
[2022.07.06-01.48.21:618][  0]LogUObjectAllocator: 5995280 out of 0 bytes used by permanent object pool.
[2022.07.06-01.48.21:618][  0]LogUObjectArray: CloseDisregardForGC: 0/0 objects in disregard for GC pool
[2022.07.06-01.48.21:663][  0]LogEngine: Initializing Engine...
[2022.07.06-01.48.21:665][  0]LogHMD: Failed to enumerate extensions. Please check that you have a valid OpenXR runtime installed.
[2022.07.06-01.48.21:666][  0]LogHMD: Failed to initialize OpenVR with code 110
[2022.07.06-01.48.21:666][  0]LogMagicLeap: Warning: VR disabled because ZI is not enabled.  To enable, in the editor, Edit -> Project Settings -> Plugins -> Magic Leap Plugin -> Enable Zero Iteration
[2022.07.06-01.48.21:667][  0]LogStats: UGameplayTagsManager::InitializeManager -  0.000 s
[2022.07.06-01.48.21:784][  0]LogInit: Initializing FReadOnlyCVARCache
[2022.07.06-01.48.21:784][  0]LogAudio: Display: Initializing Audio Device Manager...
[2022.07.06-01.48.21:789][  0]LogAudio: Display: Loading Default Audio Settings Objects...
[2022.07.06-01.48.21:789][  0]LogAudio: Display: No default SoundConcurrencyObject specified (or failed to load).
[2022.07.06-01.48.21:790][  0]LogAudio: Display: Audio Device Manager Initialized
[2022.07.06-01.48.21:790][  0]LogAudio: Display: Creating Audio Device:                 Id: 1, Scope: Shared, Realtime: True
[2022.07.06-01.48.21:790][  0]LogAudioMixer: Display: Audio Mixer Platform Settings:
[2022.07.06-01.48.21:791][  0]LogAudioMixer: Display: 	Sample Rate:						  48000
[2022.07.06-01.48.21:791][  0]LogAudioMixer: Display: 	Callback Buffer Frame Size Requested: 1024
[2022.07.06-01.48.21:791][  0]LogAudioMixer: Display: 	Callback Buffer Frame Size To Use:	  1024
[2022.07.06-01.48.21:791][  0]LogAudioMixer: Display: 	Number of buffers to queue:			  2
[2022.07.06-01.48.21:791][  0]LogAudioMixer: Display: 	Max Channels (voices):				  32
[2022.07.06-01.48.21:791][  0]LogAudioMixer: Display: 	Number of Async Source Workers:		  0
[2022.07.06-01.48.21:791][  0]LogAudio: Display: AudioDevice MaxSources: 32
[2022.07.06-01.48.21:791][  0]LogAudio: Display: Audio Spatialization Plugin: None (built-in).
[2022.07.06-01.48.21:791][  0]LogAudio: Display: Audio Reverb Plugin: None (built-in).
[2022.07.06-01.48.21:791][  0]LogAudio: Display: Audio Occlusion Plugin: None (built-in).
[2022.07.06-01.48.21:791][  0]LogAudioMixer: Display: Initializing audio mixer.
[2022.07.06-01.48.21:804][  0]LogAudioMixer: Display: 0: FrontLeft
[2022.07.06-01.48.21:804][  0]LogAudioMixer: Display: 1: FrontRight
[2022.07.06-01.48.21:840][  0]LogAudioMixer: Display: Using Audio Device 스피커(Realtek(R) Audio)
[2022.07.06-01.48.21:846][  0]LogAudioMixer: Display: Initializing Sound Submixes...
[2022.07.06-01.48.21:847][  0]LogAudioMixer: Display: Creating Master Submix 'MasterSubmixDefault'
[2022.07.06-01.48.21:847][  0]LogAudioMixer: Display: Creating Master Submix 'MasterReverbSubmixDefault'
[2022.07.06-01.48.21:849][  0]LogAudioMixer: Display: Creating Master Submix 'MasterEQSubmixDefault'
[2022.07.06-01.48.21:849][  0]LogAudioMixer: FMixerPlatformXAudio2::StartAudioStream() called
[2022.07.06-01.48.21:849][  0]LogAudioMixer: Display: Output buffers initialized: Frames=1024, Channels=2, Samples=2048
[2022.07.06-01.48.21:850][  0]LogAudioMixer: Display: Starting AudioMixerPlatformInterface::RunInternal()
[2022.07.06-01.48.21:850][  0]LogAudioMixer: Display: FMixerPlatformXAudio2::SubmitBuffer() called for the first time
[2022.07.06-01.48.21:850][  0]LogInit: FAudioDevice initialized.
[2022.07.06-01.48.21:852][  0]LogNetVersion: Set ProjectVersion to 1.0.0.0. Version Checksum will be recalculated on next use.
[2022.07.06-01.48.21:854][  0]LogInit: Texture streaming: Enabled
[2022.07.06-01.48.21:916][  0]LogAudio: Display: Audio Device (ID: 1) registered with world 'Untitled'.
[2022.07.06-01.48.21:916][  0]LogSlate: Updating window title bar state: overlay mode, drag disabled, window buttons hidden, title bar hidden
[2022.07.06-01.48.21:917][  0]LogInit: Display: Game Engine Initialized.
[2022.07.06-01.48.21:917][  0]LogNiagaraEditor: GEditor isn't valid! Particle reset commands will not work for Niagara components!
[2022.07.06-01.48.22:025][  0]LogInit: Display: Starting Game.
[2022.07.06-01.48.22:025][  0]LogNet: Browse: 127.0.0.1:17777/Game/ThirdPersonBP/Maps/ThirdPersonExampleMap?Name=Player
[2022.07.06-01.48.22:025][  0]LogInit: WinSock: Socket queue. Rx: 32768 (config 32768) Tx: 32768 (config 32768)
[2022.07.06-01.48.22:025][  0]LogNet: Created socket for bind address: 0.0.0.0 on port 0
[2022.07.06-01.48.22:025][  0]PacketHandlerLog: Loaded PacketHandler component: Engine.EngineHandlerComponentFactory (StatelessConnectHandlerComponent)
[2022.07.06-01.48.22:025][  0]LogNet: Game client on port 17777, rate 100000
[2022.07.06-01.48.22:061][  0]LogInit: Display: Engine is initialized. Leaving FEngineLoop::Init()
[2022.07.06-01.48.22:061][  0]LogLoad: (Engine Initialization) Total time: 4.98 seconds
[2022.07.06-01.48.22:061][  0]LogLoad: (Engine Initialization) Total Blueprint compile time: 0.00 seconds
[2022.07.06-01.48.22:068][  0]LogContentStreaming: Texture pool size now 1000 MB
[2022.07.06-01.48.22:070][  0]LogSlate: InvalidateAllWidgets triggered.  All widgets were invalidated
[2022.07.06-01.48.23:269][398]LogHandshake: SendChallengeResponse. Timestamp: 6.533764, Cookie: 151035224081080193094221253135207125242110003200244014243135
[2022.07.06-01.48.23:592][992]LogNetVersion: ShootingGame 1.0.0.0, NetCL: 17155196, EngineNetVer: 17, GameNetVer: 0 (Checksum: 4194817616)
[2022.07.06-01.48.23:592][992]LogNet: UPendingNetGame::SendInitialJoin: Sending hello. [UNetConnection] RemoteAddr: 127.0.0.1:17777, Name: IpConnection_0, Driver: PendingNetDriver IpNetDriver_0, IsServer: NO, PC: NULL, Owner: NULL, UniqueId: INVALID
[2022.07.06-01.48.23:625][ 32]LogNet: Welcomed by server (Level: /Game/ThirdPersonBP/Maps/UEDPIE_0_ThirdPersonExampleMap, Game: /Game/ShootingGame/GameMode/BP_ShootingGameMode.BP_ShootingGameMode_C)
[2022.07.06-01.48.23:625][ 32]LogLoad: LoadMap: 127.0.0.1:17777/Game/ThirdPersonBP/Maps/ThirdPersonExampleMap?Name=Player?game=/Game/ShootingGame/GameMode/BP_ShootingGameMode.BP_ShootingGameMode_C
[2022.07.06-01.48.23:625][ 32]LogWorld: BeginTearingDown for /Temp/Untitled_0
[2022.07.06-01.48.23:625][ 32]LogWorld: UWorld::CleanupWorld for Untitled, bSessionEnded=true, bCleanupResources=true
[2022.07.06-01.48.23:626][ 32]LogSlate: InvalidateAllWidgets triggered.  All widgets were invalidated
[2022.07.06-01.48.23:632][ 32]LogAudio: Display: Audio Device unregistered from world 'None'.
[2022.07.06-01.48.23:634][ 32]LogUObjectHash: Compacting FUObjectHashTables data took   0.73ms
[2022.07.06-01.48.24:209][ 32]LogAudio: Display: Audio Device (ID: 1) registered with world 'ThirdPersonExampleMap'.
[2022.07.06-01.48.24:216][ 32]LogWorld: Bringing World /Game/ThirdPersonBP/Maps/ThirdPersonExampleMap.ThirdPersonExampleMap up for play (max tick rate 0) at 2022.07.06-10.48.24
[2022.07.06-01.48.24:216][ 32]LogWorld: Bringing up level for play took: 0.005126
[2022.07.06-01.48.24:218][ 32]LogRenderer: Reallocating scene render targets to support 640x480 Format 10 NumSamples 1 (Frame:1).
[2022.07.06-01.48.24:218][ 32]LogSlate: Took 0.001800 seconds to synchronously load lazily loaded font '../../../Engine/Content/Slate/Fonts/Roboto-Regular.ttf' (155K)
[2022.07.06-01.48.24:221][ 32]LogLoad: Took 0.595423 seconds to LoadMap(/Game/ThirdPersonBP/Maps/ThirdPersonExampleMap)
[2022.07.06-01.48.24:221][ 32]LogNavigation: Warning: NavData RegistrationFailed_DataPendingKill.
[2022.07.06-01.48.24:691][164]LogBlueprintUserMessages: [BP_ShootingCharacter_C_1] Hello
[2022.07.06-01.48.24:691][164]LogOnlineSession: Warning: OSS: No game present to join for session (GameSession)
[2022.07.06-01.48.24:691][164]LogOnlineSession: Warning: OSS: No game present to join for session (GameSession)
[2022.07.06-01.48.24:693][164]LogScript: Warning: Script Msg: BP_ShootingHud_C_0 BindPlayerStats SetTimer passed a negative or zero time. The associated timer may fail to be created/fire! If using InitialStartDelayVariance, be sure it is smaller than (Time + InitialStartDelay).
[2022.07.06-01.48.24:693][164]LogBlueprintUserMessages: [BP_ShootingCharacter_C_0] BP_ShootingCharacterBind Player Stats cast Fail
[2022.07.06-01.48.24:693][164]LogBlueprintUserMessages: [BP_ShootingCharacter_C_1] BP_ShootingCharacter1Bind Player Stats cast Fail
[2022.07.06-01.48.24:693][164]LogBlueprintUserMessages: [BP_ShootingPlayerState_C_0] BP_ShootingPlayerState
[2022.07.06-01.48.24:693][164]LogBlueprintUserMessages: [BP_ShootingPlayerState_C_1] BP_ShootingPlayerState1
[2022.07.06-01.48.30:388][150]LogBlueprintUserMessages: [BP_WeaponOnce_C_1] Hello
[2022.07.06-01.48.30:590][192]LogBlueprintUserMessages: [BP_WeaponOnce_C_1] Hello
[2022.07.06-01.48.30:805][239]LogBlueprintUserMessages: [BP_ShootingPlayerState_C_1] OnRep_HP0.0
[2022.07.06-01.48.35:242][214]LogBlueprintUserMessages: [BP_WeaponOnce_C_1] Hello
[2022.07.06-01.48.35:494][267]LogBlueprintUserMessages: [BP_WeaponOnce_C_1] Hello
[2022.07.06-01.48.35:875][351]LogBlueprintUserMessages: [BP_ShootingPlayerState_C_1] OnRep_HP-100.0
[2022.07.06-01.48.44:259][393]LogBlueprintUserMessages: [BP_WeaponOnce_C_1] Hello
[2022.07.06-01.48.46:993][825]LogBlueprintUserMessages: [BP_WeaponOnce_C_1] Hello
[2022.07.06-01.48.47:275][878]LogBlueprintUserMessages: [BP_WeaponOnce_C_1] Hello
[2022.07.06-01.49.01:012][227]LogBlueprintUserMessages: [BP_ShootingPlayerState_C_1] OnRep_HP-150.0
[2022.07.06-01.49.01:080][237]LogBlueprintUserMessages: [BP_WeaponOnce_C_1] Hello
[2022.07.06-01.49.10:124][754]LogBlueprintUserMessages: [BP_WeaponOnce_C_1] Hello
[2022.07.06-01.49.10:589][768]LogBlueprintUserMessages: [BP_WeaponOnce_C_1] Hello
[2022.07.06-01.49.10:922][778]LogBlueprintUserMessages: [BP_WeaponOnce_C_1] Hello
[2022.07.06-01.49.11:161][789]LogBlueprintUserMessages: [BP_WeaponOnce_C_1] Hello
[2022.07.06-01.49.11:756][851]LogBlueprintUserMessages: [BP_WeaponOnce_C_1] Hello
[2022.07.06-01.49.12:055][860]LogBlueprintUserMessages: [BP_WeaponOnce_C_1] Hello
[2022.07.06-01.49.12:188][864]LogBlueprintUserMessages: [BP_ShootingPlayerState_C_1] OnRep_HP-250.0
[2022.07.06-01.49.13:195][959]LogBlueprintUserMessages: [BP_ShootingPlayerState_C_1] OnRep_HP-300.0
[2022.07.06-01.49.20:861][586]LogNet: Warning: UNetDriver::ProcessRemoteFunction: No owning connection for actor BP_WeaponOnce_C_1. Function ReqReload will not be processed.
[2022.07.06-01.49.20:865][587]LogBlueprintUserMessages: [BP_ShootingCharacter_C_1] Hello
[2022.07.06-01.49.26:884][911]LogBlueprintUserMessages: [BP_WeaponOnce_C_1] Hello
[2022.07.06-01.49.27:151][962]LogBlueprintUserMessages: [BP_WeaponOnce_C_1] Hello
[2022.07.06-01.49.27:316][995]LogBlueprintUserMessages: [BP_WeaponOnce_C_1] Hello
[2022.07.06-01.49.27:434][ 18]LogBlueprintUserMessages: [BP_ShootingPlayerState_C_1] OnRep_HP-350.0
[2022.07.06-01.49.27:515][ 25]LogBlueprintUserMessages: [BP_WeaponOnce_C_1] Hello
[2022.07.06-01.49.27:732][ 32]LogBlueprintUserMessages: [BP_WeaponOnce_C_1] Hello
[2022.07.06-01.49.27:898][ 37]LogBlueprintUserMessages: [BP_WeaponOnce_C_1] Hello
[2022.07.06-01.49.28:098][ 43]LogBlueprintUserMessages: [BP_WeaponOnce_C_1] Hello
[2022.07.06-01.49.28:231][ 47]LogBlueprintUserMessages: [BP_WeaponOnce_C_1] Hello
[2022.07.06-01.49.28:631][ 59]LogBlueprintUserMessages: [BP_WeaponOnce_C_1] Hello
[2022.07.06-01.49.28:798][ 64]LogBlueprintUserMessages: [BP_WeaponOnce_C_1] Hello
[2022.07.06-01.49.28:998][ 70]LogBlueprintUserMessages: [BP_WeaponOnce_C_1] Hello
[2022.07.06-01.49.29:165][ 75]LogBlueprintUserMessages: [BP_WeaponOnce_C_1] Hello
[2022.07.06-01.49.29:331][ 80]LogBlueprintUserMessages: [BP_WeaponOnce_C_1] Hello
[2022.07.06-01.49.29:497][ 85]LogBlueprintUserMessages: [BP_WeaponOnce_C_1] Hello
[2022.07.06-01.49.31:563][147]LogNet: Warning: UNetDriver::ProcessRemoteFunction: No owning connection for actor BP_WeaponOnce_C_1. Function ReqReload will not be processed.
[2022.07.06-01.49.31:596][148]LogBlueprintUserMessages: [BP_ShootingCharacter_C_1] Hello
[2022.07.06-01.49.39:975][568]LogBlueprintUserMessages: [BP_WeaponOnce_C_1] Hello
[2022.07.06-01.49.40:182][585]LogBlueprintUserMessages: [BP_WeaponOnce_C_1] Hello
[2022.07.06-01.49.40:295][594]LogBlueprintUserMessages: [BP_WeaponOnce_C_1] Hello
[2022.07.06-01.49.40:751][658]LogBlueprintUserMessages: [BP_WeaponOnce_C_1] Hello
[2022.07.06-01.49.41:132][731]LogBlueprintUserMessages: [BP_WeaponOnce_C_1] Hello
[2022.07.06-01.49.41:502][805]LogBlueprintUserMessages: [BP_WeaponOnce_C_1] Hello
[2022.07.06-01.49.41:668][837]LogBlueprintUserMessages: [BP_WeaponOnce_C_1] Hello
[2022.07.06-01.49.42:468][996]LogBlueprintUserMessages: [BP_WeaponOnce_C_1] Hello
[2022.07.06-01.49.42:834][ 71]LogBlueprintUserMessages: [BP_WeaponOnce_C_1] Hello
[2022.07.06-01.49.43:215][149]LogBlueprintUserMessages: [BP_WeaponOnce_C_1] Hello
[2022.07.06-01.49.43:532][214]LogBlueprintUserMessages: [BP_WeaponOnce_C_1] Hello
[2022.07.06-01.49.43:985][308]LogBlueprintUserMessages: [BP_WeaponOnce_C_1] Hello
[2022.07.06-01.49.44:485][413]LogBlueprintUserMessages: [BP_WeaponOnce_C_1] Hello
[2022.07.06-01.49.44:719][463]LogBlueprintUserMessages: [BP_WeaponOnce_C_1] Hello
[2022.07.06-01.49.47:203][993]LogBlueprintUserMessages: [BP_ShootingCharacter_C_1] Hello
[2022.07.06-01.49.47:210][994]LogNet: Warning: UNetDriver::ProcessRemoteFunction: No owning connection for actor BP_WeaponOnce_C_1. Function ReqReload will not be processed.
[2022.07.06-01.49.49:251][438]LogBlueprintUserMessages: [BP_WeaponOnce_C_1] Hello
[2022.07.06-01.49.49:623][513]LogBlueprintUserMessages: [BP_WeaponOnce_C_1] Hello
[2022.07.06-01.49.49:791][546]LogBlueprintUserMessages: [BP_WeaponOnce_C_1] Hello
[2022.07.06-01.49.50:090][560]LogBlueprintUserMessages: [BP_WeaponOnce_C_1] Hello
[2022.07.06-01.49.50:187][563]LogBlueprintUserMessages: [BP_WeaponOnce_C_1] Hello
[2022.07.06-01.49.50:489][572]LogBlueprintUserMessages: [BP_WeaponOnce_C_1] Hello
[2022.07.06-01.49.50:990][587]LogBlueprintUserMessages: [BP_WeaponOnce_C_1] Hello
[2022.07.06-01.49.51:852][613]LogBlueprintUserMessages: [BP_ShootingPlayerState_C_1] OnRep_HP-400.0
