Log file open, 07/06/22 17:02:57
LogWindows: Failed to load 'aqProf.dll' (GetLastError=126)
LogWindows: File 'aqProf.dll' does not exist
LogWindows: Failed to load 'VtuneApi.dll' (GetLastError=126)
LogWindows: File 'VtuneApi.dll' does not exist
LogWindows: Failed to load 'VtuneApi32e.dll' (GetLastError=126)
LogWindows: File 'VtuneApi32e.dll' does not exist
LogConsoleResponse: Display: Failed to find resolution value strings in scalability ini. Falling back to default.
LogConsoleResponse: Display: Failed to find resolution value strings in scalability ini. Falling back to default.
LogInit: Display: Running engine for game: ShootingGame
LogPlatformFile: Not using cached read wrapper
LogTaskGraph: Started task graph with 5 named threads and 23 total threads with 3 sets of task threads.
LogStats: Stats thread started at 0.245970
LogICUInternationalization: ICU TimeZone Detection - Raw Offset: +9:00, Platform Override: ''
LogInit: Display: Loading text-based GConfig....
LogPluginManager: Mounting plugin MeshPainting
LogPluginManager: Mounting plugin XGEController
LogPluginManager: Mounting plugin Paper2D
LogPluginManager: Mounting plugin LiveLink
LogPluginManager: Mounting plugin AISupport
LogPluginManager: Mounting plugin EnvironmentQueryEditor
LogPluginManager: Mounting plugin LightPropagationVolume
LogPluginManager: Mounting plugin CameraShakePreviewer
LogPluginManager: Mounting plugin OodleData
LogPluginManager: Mounting plugin GameplayCameras
LogPluginManager: Mounting plugin OodleNetwork
LogPluginManager: Mounting plugin AssetManagerEditor
LogPluginManager: Mounting plugin CryptoKeys
LogPluginManager: Mounting plugin CurveEditorTools
LogPluginManager: Mounting plugin DataValidation
LogPluginManager: Mounting plugin GameplayTagsEditor
LogPluginManager: Mounting plugin FacialAnimation
LogPluginManager: Mounting plugin GeometryMode
LogPluginManager: Mounting plugin MacGraphicsSwitching
LogPluginManager: Mounting plugin MaterialAnalyzer
LogPluginManager: Mounting plugin MobileLauncherProfileWizard
LogPluginManager: Mounting plugin PluginBrowser
LogPluginManager: Mounting plugin SpeedTreeImporter
LogPluginManager: Mounting plugin AnimationSharing
LogPluginManager: Mounting plugin CLionSourceCodeAccess
LogPluginManager: Mounting plugin CodeLiteSourceCodeAccess
LogPluginManager: Mounting plugin GitSourceControl
LogPluginManager: Mounting plugin KDevelopSourceCodeAccess
LogPluginManager: Mounting plugin NullSourceCodeAccess
LogPluginManager: Mounting plugin PerforceSourceControl
LogPluginManager: Mounting plugin PixWinPlugin
LogPluginManager: Mounting plugin PlasticSourceControl
LogPluginManager: Mounting plugin PluginUtils
LogPluginManager: Mounting plugin PropertyAccessNode
LogPluginManager: Mounting plugin TextureFormatOodle
LogPluginManager: Mounting plugin RiderSourceCodeAccess
LogPluginManager: Mounting plugin SubversionSourceControl
LogPluginManager: Mounting plugin UObjectPlugin
LogPluginManager: Mounting plugin VisualStudioCodeSourceCodeAccess
LogPluginManager: Mounting plugin VisualStudioSourceCodeAccess
LogPluginManager: Mounting plugin XCodeSourceCodeAccess
LogPluginManager: Mounting plugin DatasmithContent
LogPluginManager: Mounting plugin VariantManagerContent
LogPluginManager: Mounting plugin Niagara
LogPluginManager: Mounting plugin AlembicImporter
LogPluginManager: Mounting plugin BackChannel
LogPluginManager: Mounting plugin AutomationUtils
LogPluginManager: Mounting plugin ChaosCloth
LogPluginManager: Mounting plugin ChaosClothEditor
LogPluginManager: Mounting plugin ChaosEditor
LogPluginManager: Mounting plugin ChaosNiagara
LogPluginManager: Mounting plugin ChaosSolverPlugin
LogPluginManager: Mounting plugin CharacterAI
LogPluginManager: Mounting plugin GeometryCache
LogPluginManager: Mounting plugin GeometryCollectionPlugin
LogPluginManager: Mounting plugin LuminPlatformFeatures
LogPluginManager: Mounting plugin MagicLeap
LogPluginManager: Mounting plugin MagicLeapMedia
LogPluginManager: Mounting plugin MagicLeapLightEstimation
LogPluginManager: Mounting plugin MagicLeapPassableWorld
LogPluginManager: Mounting plugin MLSDK
LogPluginManager: Mounting plugin GeometryProcessing
LogPluginManager: Mounting plugin AndroidMedia
LogPluginManager: Mounting plugin AvfMedia
LogPluginManager: Mounting plugin MotoSynth
LogPluginManager: Mounting plugin OpenImageDenoise
LogPluginManager: Mounting plugin PlanarCut
LogPluginManager: Mounting plugin MediaCompositing
LogPluginManager: Mounting plugin PlatformCrypto
LogPluginManager: Mounting plugin ProxyLODPlugin
LogPluginManager: Mounting plugin PythonScriptPlugin
LogPluginManager: Mounting plugin MediaPlayerEditor
LogPluginManager: Mounting plugin ImgMedia
LogPluginManager: Mounting plugin SkeletalReduction
LogPluginManager: Mounting plugin WebMMedia
LogPluginManager: Mounting plugin WmfMedia
LogPluginManager: Mounting plugin ActorSequence
LogPluginManager: Mounting plugin LevelSequenceEditor
LogPluginManager: Mounting plugin TcpMessaging
LogPluginManager: Mounting plugin MatineeToLevelSequence
LogPluginManager: Mounting plugin UdpMessaging
LogPluginManager: Mounting plugin TemplateSequence
LogPluginManager: Mounting plugin LauncherChunkInstaller
LogPluginManager: Mounting plugin OnlineSubsystem
LogPluginManager: Mounting plugin OnlineSubsystemNull
LogPluginManager: Mounting plugin OnlineSubsystemUtils
LogPluginManager: Mounting plugin ActorLayerUtilities
LogPluginManager: Mounting plugin AndroidDeviceProfileSelector
LogPluginManager: Mounting plugin AndroidPermission
LogPluginManager: Mounting plugin AndroidMoviePlayer
LogPluginManager: Mounting plugin ApexDestruction
LogPluginManager: Mounting plugin AppleImageUtils
LogPluginManager: Mounting plugin AppleMoviePlayer
LogPluginManager: Mounting plugin ArchVisCharacter
LogPluginManager: Mounting plugin AssetTags
LogPluginManager: Mounting plugin AudioCapture
LogPluginManager: Mounting plugin AudioSynesthesia
LogPluginManager: Mounting plugin CableComponent
LogPluginManager: Mounting plugin ChunkDownloader
LogPluginManager: Mounting plugin CustomMeshComponent
LogPluginManager: Mounting plugin EditableMesh
LogPluginManager: Mounting plugin ExampleDeviceProfileSelector
LogPluginManager: Mounting plugin GoogleCloudMessaging
LogPluginManager: Mounting plugin GooglePAD
LogPluginManager: Mounting plugin ScreenshotTools
LogPluginManager: Mounting plugin IOSDeviceProfileSelector
LogPluginManager: Mounting plugin LinuxDeviceProfileSelector
LogPluginManager: Mounting plugin LocationServicesBPLibrary
LogPluginManager: Mounting plugin MobilePatchingUtils
LogPluginManager: Mounting plugin OpenXR
LogPluginManager: Mounting plugin OpenXRHandTracking
LogPluginManager: Mounting plugin OpenXREyeTracker
LogPluginManager: Mounting plugin PhysXVehicles
LogPluginManager: Mounting plugin PostSplashScreen
LogPluginManager: Mounting plugin ProceduralMeshComponent
LogPluginManager: Mounting plugin PropertyAccessEditor
LogPluginManager: Mounting plugin RuntimePhysXCooking
LogPluginManager: Mounting plugin SignificanceManager
LogPluginManager: Mounting plugin SoundFields
LogPluginManager: Mounting plugin WebMMoviePlayer
LogPluginManager: Mounting plugin WindowsMoviePlayer
LogPluginManager: Mounting plugin Synthesis
LogPluginManager: Mounting plugin Takes
LogPluginManager: Mounting plugin ContentBrowserAssetDataSource
LogPluginManager: Mounting plugin ContentBrowserClassDataSource
LogPluginManager: Mounting plugin ContentBrowserFileDataSource
LogPluginManager: Mounting plugin OnlineSubsystemGooglePlay
LogPluginManager: Mounting plugin OnlineSubsystemIOS
LogPluginManager: Mounting plugin OculusVR
LogPluginManager: Mounting plugin SteamVR
PixWinPlugin: PIX capture plugin failed to initialize! Check that the process is launched from PIX.
LogInit: Using libcurl 7.55.1-DEV
LogInit:  - built for x86_64-pc-win32
LogInit:  - supports SSL with OpenSSL/1.1.1
LogInit:  - supports HTTP deflate (compression) using libz 1.2.8
LogInit:  - other features:
LogInit:      CURL_VERSION_SSL
LogInit:      CURL_VERSION_LIBZ
LogInit:      CURL_VERSION_IPV6
LogInit:      CURL_VERSION_ASYNCHDNS
LogInit:      CURL_VERSION_LARGEFILE
LogInit:      CURL_VERSION_IDN
LogInit:  CurlRequestOptions (configurable via config and command line):
LogInit:  - bVerifyPeer = true  - Libcurl will verify peer certificate
LogInit:  - bUseHttpProxy = false  - Libcurl will NOT use HTTP proxy
LogInit:  - bDontReuseConnections = false  - Libcurl will reuse connections
LogInit:  - MaxHostConnections = 16  - Libcurl will limit the number of connections to a host
LogInit:  - LocalHostAddr = Default
LogInit:  - BufferSize = 65536
LogOnline: OSS: Creating online subsystem instance for: NULL
LogInit: WinSock: version 1.1 (2.2), MaxSocks=32767, MaxUdp=65467
LogOnline: OSS: TryLoadSubsystemAndSetDefault: Loaded subsystem for module [NULL]
LogOculusPluginWrapper: OculusPlugin initialized successfully
LogHMD: Failed initializing OVRPlugin 1.59.0
LogInit: Build: ++UE4+Release-4.27-CL-18319896
LogInit: Engine Version: 4.27.2-18319896+++UE4+Release-4.27
LogInit: Compatible Engine Version: 4.27.0-17155196+++UE4+Release-4.27
LogInit: Net CL: 17155196
LogInit: OS: Windows 10 (Release 2009) (), CPU: Intel(R) Core(TM) i5-10300H CPU @ 2.50GHz, GPU: Intel(R) UHD Graphics
LogInit: Compiled (64-bit): Nov 30 2021 07:12:08
LogInit: Compiled with Visual C++: 19.24.28315.00
LogInit: Build Configuration: Development
LogInit: Branch Name: ++UE4+Release-4.27
LogInit: Command Line:  127.0.0.1:17777 -game -PIEVIACONSOLE -Multiprocess GameUserSettingsINI=C:/work/UnrealProject_C7/ShootingGame/Saved/Config/Windows/PIEGameUserSettings1.ini -MultiprocessSaveConfig -forcepassthrough -messaging -SessionName="Play in Standalone Game" -windowed -WinX=32 -WinY=30 SAVEWINPOS=1 -ResX=640 -ResY=480
LogInit: Base Directory: C:/Program Files/Epic Games/UE_4.27/Engine/Binaries/Win64/
LogInit: Allocator: TBB
LogInit: Installed Engine Build: 1
LogDevObjectVersion: Number of dev versions registered: 29
LogDevObjectVersion:   Dev-Blueprints (B0D832E4-1F89-4F0D-ACCF-7EB736FD4AA2): 10
LogDevObjectVersion:   Dev-Build (E1C64328-A22C-4D53-A36C-8E866417BD8C): 0
LogDevObjectVersion:   Dev-Core (375EC13C-06E4-48FB-B500-84F0262A717E): 4
LogDevObjectVersion:   Dev-Editor (E4B068ED-F494-42E9-A231-DA0B2E46BB41): 40
LogDevObjectVersion:   Dev-Framework (CFFC743F-43B0-4480-9391-14DF171D2073): 37
LogDevObjectVersion:   Dev-Mobile (B02B49B5-BB20-44E9-A304-32B752E40360): 3
LogDevObjectVersion:   Dev-Networking (A4E4105C-59A1-49B5-A7C5-40C4547EDFEE): 0
LogDevObjectVersion:   Dev-Online (39C831C9-5AE6-47DC-9A44-9C173E1C8E7C): 0
LogDevObjectVersion:   Dev-Physics (78F01B33-EBEA-4F98-B9B4-84EACCB95AA2): 14
LogDevObjectVersion:   Dev-Platform (6631380F-2D4D-43E0-8009-CF276956A95A): 0
LogDevObjectVersion:   Dev-Rendering (12F88B9F-8875-4AFC-A67C-D90C383ABD29): 45
LogDevObjectVersion:   Dev-Sequencer (7B5AE74C-D270-4C10-A958-57980B212A5A): 13
LogDevObjectVersion:   Dev-VR (D7296918-1DD6-4BDD-9DE2-64A83CC13884): 3
LogDevObjectVersion:   Dev-LoadTimes (C2A15278-BFE7-4AFE-6C17-90FF531DF755): 1
LogDevObjectVersion:   Private-Geometry (6EACA3D4-40EC-4CC1-B786-8BED09428FC5): 3
LogDevObjectVersion:   Dev-AnimPhys (29E575DD-E0A3-4627-9D10-D276232CDCEA): 17
LogDevObjectVersion:   Dev-Anim (AF43A65D-7FD3-4947-9873-3E8ED9C1BB05): 15
LogDevObjectVersion:   Dev-ReflectionCapture (6B266CEC-1EC7-4B8F-A30B-E4D90942FC07): 1
LogDevObjectVersion:   Dev-Automation (0DF73D61-A23F-47EA-B727-89E90C41499A): 1
LogDevObjectVersion:   FortniteMain (601D1886-AC64-4F84-AA16-D3DE0DEAC7D6): 47
LogDevObjectVersion:   FortniteRelease (E7086368-6B23-4C58-8439-1B7016265E91): 1
LogDevObjectVersion:   Dev-Enterprise (9DFFBCD6-494F-0158-E221-12823C92A888): 10
LogDevObjectVersion:   Dev-Niagara (F2AED0AC-9AFE-416F-8664-AA7FFA26D6FC): 1
LogDevObjectVersion:   Dev-Destruction (174F1F0B-B4C6-45A5-B13F-2EE8D0FB917D): 10
LogDevObjectVersion:   Dev-Physics-Ext (35F94A83-E258-406C-A318-09F59610247C): 41
LogDevObjectVersion:   Dev-PhysicsMaterial-Chaos (B68FC16E-8B1B-42E2-B453-215C058844FE): 1
LogDevObjectVersion:   Dev-CineCamera (B2E18506-4273-CFC2-A54E-F4BB758BBA07): 1
LogDevObjectVersion:   Dev-VirtualProduction (64F58936-FD1B-42BA-BA96-7289D5D0FA4E): 1
LogDevObjectVersion:   Dev-MediaFramework (6F0ED827-A609-4895-9C91-998D90180EA4): 2
LogInit: Presizing for max 25165824 objects, including 0 objects not considered by GC, pre-allocating 0 bytes for permanent pool.
LogConfig: Applying CVar settings from Section [/Script/Engine.StreamingSettings] File [C:/work/UnrealProject_C7/ShootingGame/Saved/Config/Windows/Engine.ini]
LogConfig: Setting CVar [[s.MinBulkDataSizeForAsyncLoading:131072]]
LogConfig: Setting CVar [[s.AsyncLoadingThreadEnabled:0]]
LogConfig: Setting CVar [[s.EventDrivenLoaderEnabled:1]]
LogConfig: Setting CVar [[s.WarnIfTimeLimitExceeded:0]]
LogConfig: Setting CVar [[s.TimeLimitExceededMultiplier:1.5]]
LogConfig: Setting CVar [[s.TimeLimitExceededMinTime:0.005]]
LogConfig: Setting CVar [[s.UseBackgroundLevelStreaming:1]]
LogConfig: Setting CVar [[s.PriorityAsyncLoadingExtraTime:15.0]]
LogConfig: Setting CVar [[s.LevelStreamingActorsUpdateTimeLimit:5.0]]
LogConfig: Setting CVar [[s.PriorityLevelStreamingActorsUpdateExtraTime:5.0]]
LogConfig: Setting CVar [[s.LevelStreamingComponentsRegistrationGranularity:10]]
LogConfig: Setting CVar [[s.UnregisterComponentsTimeLimit:1.0]]
LogConfig: Setting CVar [[s.LevelStreamingComponentsUnregistrationGranularity:5]]
LogConfig: Setting CVar [[s.FlushStreamingOnExit:1]]
LogInit: Object subsystem initialized
LogConfig: Setting CVar [[con.DebugEarlyDefault:1]]
LogConfig: Setting CVar [[r.setres:1280x720]]
[2022.07.06-08.02.57:862][  0]LogConfig: Setting CVar [[con.DebugEarlyDefault:1]]
[2022.07.06-08.02.57:862][  0]LogConfig: Setting CVar [[r.setres:1280x720]]
[2022.07.06-08.02.57:862][  0]LogConfig: Applying CVar settings from Section [/Script/Engine.RendererSettings] File [C:/work/UnrealProject_C7/ShootingGame/Saved/Config/Windows/Engine.ini]
[2022.07.06-08.02.57:862][  0]LogConfig: Setting CVar [[r.GPUCrashDebugging:0]]
[2022.07.06-08.02.57:862][  0]LogConfig: Applying CVar settings from Section [/Script/Engine.RendererOverrideSettings] File [C:/work/UnrealProject_C7/ShootingGame/Saved/Config/Windows/Engine.ini]
[2022.07.06-08.02.57:862][  0]LogConfig: Applying CVar settings from Section [/Script/Engine.StreamingSettings] File [C:/work/UnrealProject_C7/ShootingGame/Saved/Config/Windows/Engine.ini]
[2022.07.06-08.02.57:862][  0]LogConfig: Setting CVar [[s.MinBulkDataSizeForAsyncLoading:131072]]
[2022.07.06-08.02.57:862][  0]LogConfig: Setting CVar [[s.AsyncLoadingThreadEnabled:0]]
[2022.07.06-08.02.57:862][  0]LogConfig: Setting CVar [[s.EventDrivenLoaderEnabled:1]]
[2022.07.06-08.02.57:862][  0]LogConfig: Setting CVar [[s.WarnIfTimeLimitExceeded:0]]
[2022.07.06-08.02.57:862][  0]LogConfig: Setting CVar [[s.TimeLimitExceededMultiplier:1.5]]
[2022.07.06-08.02.57:862][  0]LogConfig: Setting CVar [[s.TimeLimitExceededMinTime:0.005]]
[2022.07.06-08.02.57:862][  0]LogConfig: Setting CVar [[s.UseBackgroundLevelStreaming:1]]
[2022.07.06-08.02.57:862][  0]LogConfig: Setting CVar [[s.PriorityAsyncLoadingExtraTime:15.0]]
[2022.07.06-08.02.57:862][  0]LogConfig: Setting CVar [[s.LevelStreamingActorsUpdateTimeLimit:5.0]]
[2022.07.06-08.02.57:862][  0]LogConfig: Setting CVar [[s.PriorityLevelStreamingActorsUpdateExtraTime:5.0]]
[2022.07.06-08.02.57:862][  0]LogConfig: Setting CVar [[s.LevelStreamingComponentsRegistrationGranularity:10]]
[2022.07.06-08.02.57:862][  0]LogConfig: Setting CVar [[s.UnregisterComponentsTimeLimit:1.0]]
[2022.07.06-08.02.57:862][  0]LogConfig: Setting CVar [[s.LevelStreamingComponentsUnregistrationGranularity:5]]
[2022.07.06-08.02.57:862][  0]LogConfig: Setting CVar [[s.FlushStreamingOnExit:1]]
[2022.07.06-08.02.57:862][  0]LogConfig: Applying CVar settings from Section [/Script/Engine.GarbageCollectionSettings] File [C:/work/UnrealProject_C7/ShootingGame/Saved/Config/Windows/Engine.ini]
[2022.07.06-08.02.57:862][  0]LogConfig: Setting CVar [[gc.MaxObjectsNotConsideredByGC:1]]
[2022.07.06-08.02.57:862][  0]LogConfig: Setting CVar [[gc.SizeOfPermanentObjectPool:0]]
[2022.07.06-08.02.57:862][  0]LogConfig: Setting CVar [[gc.FlushStreamingOnGC:0]]
[2022.07.06-08.02.57:862][  0]LogConfig: Setting CVar [[gc.NumRetriesBeforeForcingGC:10]]
[2022.07.06-08.02.57:862][  0]LogConfig: Setting CVar [[gc.AllowParallelGC:1]]
[2022.07.06-08.02.57:862][  0]LogConfig: Setting CVar [[gc.TimeBetweenPurgingPendingKillObjects:61.1]]
[2022.07.06-08.02.57:862][  0]LogConfig: Setting CVar [[gc.MaxObjectsInEditor:25165824]]
[2022.07.06-08.02.57:862][  0]LogConfig: Setting CVar [[gc.IncrementalBeginDestroyEnabled:1]]
[2022.07.06-08.02.57:862][  0]LogConfig: Setting CVar [[gc.CreateGCClusters:1]]
[2022.07.06-08.02.57:862][  0]LogConfig: Setting CVar [[gc.MinGCClusterSize:5]]
[2022.07.06-08.02.57:862][  0]LogConfig: Setting CVar [[gc.ActorClusteringEnabled:0]]
[2022.07.06-08.02.57:862][  0]LogConfig: Setting CVar [[gc.BlueprintClusteringEnabled:0]]
[2022.07.06-08.02.57:862][  0]LogConfig: Setting CVar [[gc.UseDisregardForGCOnDedicatedServers:0]]
[2022.07.06-08.02.57:862][  0]LogConfig: Setting CVar [[gc.MultithreadedDestructionEnabled:1]]
[2022.07.06-08.02.57:862][  0]LogConfig: Applying CVar settings from Section [/Script/Engine.NetworkSettings] File [C:/work/UnrealProject_C7/ShootingGame/Saved/Config/Windows/Engine.ini]
[2022.07.06-08.02.57:862][  0]LogConfig: Applying CVar settings from Section [/Script/UnrealEd.CookerSettings] File [C:/work/UnrealProject_C7/ShootingGame/Saved/Config/Windows/Engine.ini]
[2022.07.06-08.02.57:867][  0]LogConfig: Applying CVar settings from Section [ViewDistanceQuality@3] File [C:/work/UnrealProject_C7/ShootingGame/Saved/Config/Windows/Scalability.ini]
[2022.07.06-08.02.57:867][  0]LogConfig: Setting CVar [[r.SkeletalMeshLODBias:0]]
[2022.07.06-08.02.57:867][  0]LogConfig: Setting CVar [[r.ViewDistanceScale:1.0]]
[2022.07.06-08.02.57:867][  0]LogConfig: Applying CVar settings from Section [AntiAliasingQuality@3] File [C:/work/UnrealProject_C7/ShootingGame/Saved/Config/Windows/Scalability.ini]
[2022.07.06-08.02.57:867][  0]LogConfig: Setting CVar [[r.PostProcessAAQuality:4]]
[2022.07.06-08.02.57:867][  0]LogConfig: Applying CVar settings from Section [ShadowQuality@3] File [C:/work/UnrealProject_C7/ShootingGame/Saved/Config/Windows/Scalability.ini]
[2022.07.06-08.02.57:867][  0]LogConfig: Setting CVar [[r.LightFunctionQuality:1]]
[2022.07.06-08.02.57:867][  0]LogConfig: Setting CVar [[r.ShadowQuality:5]]
[2022.07.06-08.02.57:867][  0]LogConfig: Setting CVar [[r.Shadow.CSM.MaxCascades:10]]
[2022.07.06-08.02.57:867][  0]LogConfig: Setting CVar [[r.Shadow.MaxResolution:2048]]
[2022.07.06-08.02.57:867][  0]LogConfig: Setting CVar [[r.Shadow.MaxCSMResolution:2048]]
[2022.07.06-08.02.57:867][  0]LogConfig: Setting CVar [[r.Shadow.RadiusThreshold:0.01]]
[2022.07.06-08.02.57:867][  0]LogConfig: Setting CVar [[r.Shadow.DistanceScale:1.0]]
[2022.07.06-08.02.57:867][  0]LogConfig: Setting CVar [[r.Shadow.CSM.TransitionScale:1.0]]
[2022.07.06-08.02.57:867][  0]LogConfig: Setting CVar [[r.Shadow.PreShadowResolutionFactor:1.0]]
[2022.07.06-08.02.57:867][  0]LogConfig: Setting CVar [[r.DistanceFieldShadowing:1]]
[2022.07.06-08.02.57:867][  0]LogConfig: Setting CVar [[r.DistanceFieldAO:1]]
[2022.07.06-08.02.57:867][  0]LogConfig: Setting CVar [[r.AOQuality:2]]
[2022.07.06-08.02.57:867][  0]LogConfig: Setting CVar [[r.VolumetricFog:1]]
[2022.07.06-08.02.57:867][  0]LogConfig: Setting CVar [[r.VolumetricFog.GridPixelSize:8]]
[2022.07.06-08.02.57:867][  0]LogConfig: Setting CVar [[r.VolumetricFog.GridSizeZ:128]]
[2022.07.06-08.02.57:867][  0]LogConfig: Setting CVar [[r.VolumetricFog.HistoryMissSupersampleCount:4]]
[2022.07.06-08.02.57:867][  0]LogConfig: Setting CVar [[r.LightMaxDrawDistanceScale:1]]
[2022.07.06-08.02.57:867][  0]LogConfig: Setting CVar [[r.CapsuleShadows:1]]
[2022.07.06-08.02.57:867][  0]LogConfig: Applying CVar settings from Section [PostProcessQuality@3] File [C:/work/UnrealProject_C7/ShootingGame/Saved/Config/Windows/Scalability.ini]
[2022.07.06-08.02.57:867][  0]LogConfig: Setting CVar [[r.MotionBlurQuality:4]]
[2022.07.06-08.02.57:867][  0]LogConfig: Setting CVar [[r.AmbientOcclusionMipLevelFactor:0.4]]
[2022.07.06-08.02.57:867][  0]LogConfig: Setting CVar [[r.AmbientOcclusionMaxQuality:100]]
[2022.07.06-08.02.57:867][  0]LogConfig: Setting CVar [[r.AmbientOcclusionLevels:-1]]
[2022.07.06-08.02.57:867][  0]LogConfig: Setting CVar [[r.AmbientOcclusionRadiusScale:1.0]]
[2022.07.06-08.02.57:867][  0]LogConfig: Setting CVar [[r.DepthOfFieldQuality:2]]
[2022.07.06-08.02.57:867][  0]LogConfig: Setting CVar [[r.RenderTargetPoolMin:400]]
[2022.07.06-08.02.57:867][  0]LogConfig: Setting CVar [[r.LensFlareQuality:2]]
[2022.07.06-08.02.57:867][  0]LogConfig: Setting CVar [[r.SceneColorFringeQuality:1]]
[2022.07.06-08.02.57:867][  0]LogConfig: Setting CVar [[r.EyeAdaptationQuality:2]]
[2022.07.06-08.02.57:867][  0]LogConfig: Setting CVar [[r.BloomQuality:5]]
[2022.07.06-08.02.57:867][  0]LogConfig: Setting CVar [[r.FastBlurThreshold:100]]
[2022.07.06-08.02.57:867][  0]LogConfig: Setting CVar [[r.Upscale.Quality:3]]
[2022.07.06-08.02.57:867][  0]LogConfig: Setting CVar [[r.Tonemapper.GrainQuantization:1]]
[2022.07.06-08.02.57:867][  0]LogConfig: Setting CVar [[r.LightShaftQuality:1]]
[2022.07.06-08.02.57:867][  0]LogConfig: Setting CVar [[r.Filter.SizeScale:1]]
[2022.07.06-08.02.57:867][  0]LogConfig: Setting CVar [[r.Tonemapper.Quality:5]]
[2022.07.06-08.02.57:867][  0]LogConfig: Setting CVar [[r.DOF.Gather.AccumulatorQuality:1        ; higher gathering accumulator quality]]
[2022.07.06-08.02.57:867][  0]LogConfig: Setting CVar [[r.DOF.Gather.PostfilterMethod:1          ; Median3x3 postfilering method]]
[2022.07.06-08.02.57:867][  0]LogConfig: Setting CVar [[r.DOF.Gather.EnableBokehSettings:0       ; no bokeh simulation when gathering]]
[2022.07.06-08.02.57:867][  0]LogConfig: Setting CVar [[r.DOF.Gather.RingCount:4                 ; medium number of samples when gathering]]
[2022.07.06-08.02.57:867][  0]LogConfig: Setting CVar [[r.DOF.Scatter.ForegroundCompositing:1    ; additive foreground scattering]]
[2022.07.06-08.02.57:867][  0]LogConfig: Setting CVar [[r.DOF.Scatter.BackgroundCompositing:2    ; additive background scattering]]
[2022.07.06-08.02.57:867][  0]LogConfig: Setting CVar [[r.DOF.Scatter.EnableBokehSettings:1      ; bokeh simulation when scattering]]
[2022.07.06-08.02.57:867][  0]LogConfig: Setting CVar [[r.DOF.Scatter.MaxSpriteRatio:0.1         ; only a maximum of 10% of scattered bokeh]]
[2022.07.06-08.02.57:867][  0]LogConfig: Setting CVar [[r.DOF.Recombine.Quality:1                ; cheap slight out of focus]]
[2022.07.06-08.02.57:867][  0]LogConfig: Setting CVar [[r.DOF.Recombine.EnableBokehSettings:0    ; no bokeh simulation on slight out of focus]]
[2022.07.06-08.02.57:867][  0]LogConfig: Setting CVar [[r.DOF.TemporalAAQuality:1                ; more stable temporal accumulation]]
[2022.07.06-08.02.57:867][  0]LogConfig: Setting CVar [[r.DOF.Kernel.MaxForegroundRadius:0.025]]
[2022.07.06-08.02.57:867][  0]LogConfig: Setting CVar [[r.DOF.Kernel.MaxBackgroundRadius:0.025]]
[2022.07.06-08.02.57:867][  0]LogConfig: Applying CVar settings from Section [TextureQuality@3] File [C:/work/UnrealProject_C7/ShootingGame/Saved/Config/Windows/Scalability.ini]
[2022.07.06-08.02.57:867][  0]LogConfig: Setting CVar [[r.Streaming.MipBias:0]]
[2022.07.06-08.02.57:867][  0]LogConfig: Setting CVar [[r.Streaming.AmortizeCPUToGPUCopy:0]]
[2022.07.06-08.02.57:868][  0]LogConfig: Setting CVar [[r.Streaming.MaxNumTexturesToStreamPerFrame:0]]
[2022.07.06-08.02.57:868][  0]LogConfig: Setting CVar [[r.Streaming.Boost:1]]
[2022.07.06-08.02.57:868][  0]LogConfig: Setting CVar [[r.MaxAnisotropy:8]]
[2022.07.06-08.02.57:868][  0]LogConfig: Setting CVar [[r.VT.MaxAnisotropy:8]]
[2022.07.06-08.02.57:868][  0]LogConfig: Setting CVar [[r.Streaming.LimitPoolSizeToVRAM:0]]
[2022.07.06-08.02.57:868][  0]LogConfig: Setting CVar [[r.Streaming.PoolSize:1000]]
[2022.07.06-08.02.57:868][  0]LogConfig: Setting CVar [[r.Streaming.MaxEffectiveScreenSize:0]]
[2022.07.06-08.02.57:868][  0]LogConfig: Applying CVar settings from Section [EffectsQuality@3] File [C:/work/UnrealProject_C7/ShootingGame/Saved/Config/Windows/Scalability.ini]
[2022.07.06-08.02.57:868][  0]LogConfig: Setting CVar [[r.TranslucencyLightingVolumeDim:64]]
[2022.07.06-08.02.57:868][  0]LogConfig: Setting CVar [[r.RefractionQuality:2]]
[2022.07.06-08.02.57:868][  0]LogConfig: Setting CVar [[r.SSR.Quality:3]]
[2022.07.06-08.02.57:868][  0]LogConfig: Setting CVar [[r.SSR.HalfResSceneColor:0]]
[2022.07.06-08.02.57:868][  0]LogConfig: Setting CVar [[r.SceneColorFormat:4]]
[2022.07.06-08.02.57:868][  0]LogConfig: Setting CVar [[r.DetailMode:2]]
[2022.07.06-08.02.57:868][  0]LogConfig: Setting CVar [[r.TranslucencyVolumeBlur:1]]
[2022.07.06-08.02.57:868][  0]LogConfig: Setting CVar [[r.MaterialQualityLevel:1 ; High quality]]
[2022.07.06-08.02.57:868][  0]LogConfig: Setting CVar [[r.AnisotropicMaterials:1]]
[2022.07.06-08.02.57:868][  0]LogConfig: Setting CVar [[r.SSS.Scale:1]]
[2022.07.06-08.02.57:868][  0]LogConfig: Setting CVar [[r.SSS.SampleSet:2]]
[2022.07.06-08.02.57:868][  0]LogConfig: Setting CVar [[r.SSS.Quality:1]]
[2022.07.06-08.02.57:868][  0]LogConfig: Setting CVar [[r.SSS.HalfRes:0]]
[2022.07.06-08.02.57:868][  0]LogConfig: Setting CVar [[r.SSGI.Quality:3]]
[2022.07.06-08.02.57:868][  0]LogConfig: Setting CVar [[r.EmitterSpawnRateScale:1.0]]
[2022.07.06-08.02.57:868][  0]LogConfig: Setting CVar [[r.ParticleLightQuality:2]]
[2022.07.06-08.02.57:868][  0]LogConfig: Setting CVar [[r.SkyAtmosphere.AerialPerspectiveLUT.FastApplyOnOpaque:1 ; Always have FastSkyLUT 1 in this case to avoid wrong sky]]
[2022.07.06-08.02.57:868][  0]LogConfig: Setting CVar [[r.SkyAtmosphere.AerialPerspectiveLUT.SampleCountMaxPerSlice:4]]
[2022.07.06-08.02.57:868][  0]LogConfig: Setting CVar [[r.SkyAtmosphere.AerialPerspectiveLUT.DepthResolution:16.0]]
[2022.07.06-08.02.57:868][  0]LogConfig: Setting CVar [[r.SkyAtmosphere.FastSkyLUT:1]]
[2022.07.06-08.02.57:868][  0]LogConfig: Setting CVar [[r.SkyAtmosphere.FastSkyLUT.SampleCountMin:4.0]]
[2022.07.06-08.02.57:868][  0]LogConfig: Setting CVar [[r.SkyAtmosphere.FastSkyLUT.SampleCountMax:128.0]]
[2022.07.06-08.02.57:868][  0]LogConfig: Setting CVar [[r.SkyAtmosphere.SampleCountMin:4.0]]
[2022.07.06-08.02.57:868][  0]LogConfig: Setting CVar [[r.SkyAtmosphere.SampleCountMax:128.0]]
[2022.07.06-08.02.57:868][  0]LogConfig: Setting CVar [[r.SkyAtmosphere.TransmittanceLUT.UseSmallFormat:0]]
[2022.07.06-08.02.57:868][  0]LogConfig: Setting CVar [[r.SkyAtmosphere.TransmittanceLUT.SampleCount:10.0]]
[2022.07.06-08.02.57:868][  0]LogConfig: Setting CVar [[r.SkyAtmosphere.MultiScatteringLUT.SampleCount:15.0]]
[2022.07.06-08.02.57:868][  0]LogConfig: Setting CVar [[r.SkyLight.RealTimeReflectionCapture:1]]
[2022.07.06-08.02.57:868][  0]LogConfig: Applying CVar settings from Section [FoliageQuality@3] File [C:/work/UnrealProject_C7/ShootingGame/Saved/Config/Windows/Scalability.ini]
[2022.07.06-08.02.57:868][  0]LogConfig: Setting CVar [[foliage.DensityScale:1.0]]
[2022.07.06-08.02.57:868][  0]LogConfig: Setting CVar [[grass.DensityScale:1.0]]
[2022.07.06-08.02.57:868][  0]LogConfig: Applying CVar settings from Section [ShadingQuality@3] File [C:/work/UnrealProject_C7/ShootingGame/Saved/Config/Windows/Scalability.ini]
[2022.07.06-08.02.57:868][  0]LogConfig: Setting CVar [[r.HairStrands.SkyLighting.IntegrationType:2]]
[2022.07.06-08.02.57:868][  0]LogConfig: Setting CVar [[r.HairStrands.SkyAO.SampleCount:4]]
[2022.07.06-08.02.57:868][  0]LogConfig: Setting CVar [[r.HairStrands.Visibility.MSAA.SamplePerPixel:4]]
[2022.07.06-08.02.57:868][  0]LogInit: Selected Device Profile: [Windows]
[2022.07.06-08.02.57:868][  0]LogInit: Applying CVar settings loaded from the selected device profile: [Windows]
[2022.07.06-08.02.57:868][  0]LogHAL: Display: Platform has ~ 16 GB [16989282304 / 17179869184 / 16], which maps to Larger [LargestMinGB=32, LargerMinGB=12, DefaultMinGB=8, SmallerMinGB=6, SmallestMinGB=0)
[2022.07.06-08.02.57:868][  0]LogInit: Going up to parent DeviceProfile []
[2022.07.06-08.02.57:868][  0]LogConfig: Applying CVar settings from Section [ViewDistanceQuality@3] File [C:/work/UnrealProject_C7/ShootingGame/Saved/Config/Windows/Scalability.ini]
[2022.07.06-08.02.57:868][  0]LogConfig: Setting CVar [[r.SkeletalMeshLODBias:0]]
[2022.07.06-08.02.57:868][  0]LogConfig: Setting CVar [[r.ViewDistanceScale:1.0]]
[2022.07.06-08.02.57:868][  0]LogConfig: Applying CVar settings from Section [AntiAliasingQuality@3] File [C:/work/UnrealProject_C7/ShootingGame/Saved/Config/Windows/Scalability.ini]
[2022.07.06-08.02.57:868][  0]LogConfig: Setting CVar [[r.PostProcessAAQuality:4]]
[2022.07.06-08.02.57:868][  0]LogConfig: Applying CVar settings from Section [ShadowQuality@3] File [C:/work/UnrealProject_C7/ShootingGame/Saved/Config/Windows/Scalability.ini]
[2022.07.06-08.02.57:868][  0]LogConfig: Setting CVar [[r.LightFunctionQuality:1]]
[2022.07.06-08.02.57:868][  0]LogConfig: Setting CVar [[r.ShadowQuality:5]]
[2022.07.06-08.02.57:868][  0]LogConfig: Setting CVar [[r.Shadow.CSM.MaxCascades:10]]
[2022.07.06-08.02.57:868][  0]LogConfig: Setting CVar [[r.Shadow.MaxResolution:2048]]
[2022.07.06-08.02.57:868][  0]LogConfig: Setting CVar [[r.Shadow.MaxCSMResolution:2048]]
[2022.07.06-08.02.57:868][  0]LogConfig: Setting CVar [[r.Shadow.RadiusThreshold:0.01]]
[2022.07.06-08.02.57:868][  0]LogConfig: Setting CVar [[r.Shadow.DistanceScale:1.0]]
[2022.07.06-08.02.57:868][  0]LogConfig: Setting CVar [[r.Shadow.CSM.TransitionScale:1.0]]
[2022.07.06-08.02.57:868][  0]LogConfig: Setting CVar [[r.Shadow.PreShadowResolutionFactor:1.0]]
[2022.07.06-08.02.57:868][  0]LogConfig: Setting CVar [[r.DistanceFieldShadowing:1]]
[2022.07.06-08.02.57:868][  0]LogConfig: Setting CVar [[r.DistanceFieldAO:1]]
[2022.07.06-08.02.57:868][  0]LogConfig: Setting CVar [[r.AOQuality:2]]
[2022.07.06-08.02.57:868][  0]LogConfig: Setting CVar [[r.VolumetricFog:1]]
[2022.07.06-08.02.57:868][  0]LogConfig: Setting CVar [[r.VolumetricFog.GridPixelSize:8]]
[2022.07.06-08.02.57:868][  0]LogConfig: Setting CVar [[r.VolumetricFog.GridSizeZ:128]]
[2022.07.06-08.02.57:868][  0]LogConfig: Setting CVar [[r.VolumetricFog.HistoryMissSupersampleCount:4]]
[2022.07.06-08.02.57:868][  0]LogConfig: Setting CVar [[r.LightMaxDrawDistanceScale:1]]
[2022.07.06-08.02.57:868][  0]LogConfig: Setting CVar [[r.CapsuleShadows:1]]
[2022.07.06-08.02.57:868][  0]LogConfig: Applying CVar settings from Section [PostProcessQuality@3] File [C:/work/UnrealProject_C7/ShootingGame/Saved/Config/Windows/Scalability.ini]
[2022.07.06-08.02.57:868][  0]LogConfig: Setting CVar [[r.MotionBlurQuality:4]]
[2022.07.06-08.02.57:868][  0]LogConfig: Setting CVar [[r.AmbientOcclusionMipLevelFactor:0.4]]
[2022.07.06-08.02.57:868][  0]LogConfig: Setting CVar [[r.AmbientOcclusionMaxQuality:100]]
[2022.07.06-08.02.57:868][  0]LogConfig: Setting CVar [[r.AmbientOcclusionLevels:-1]]
[2022.07.06-08.02.57:868][  0]LogConfig: Setting CVar [[r.AmbientOcclusionRadiusScale:1.0]]
[2022.07.06-08.02.57:868][  0]LogConfig: Setting CVar [[r.DepthOfFieldQuality:2]]
[2022.07.06-08.02.57:868][  0]LogConfig: Setting CVar [[r.RenderTargetPoolMin:400]]
[2022.07.06-08.02.57:868][  0]LogConfig: Setting CVar [[r.LensFlareQuality:2]]
[2022.07.06-08.02.57:868][  0]LogConfig: Setting CVar [[r.SceneColorFringeQuality:1]]
[2022.07.06-08.02.57:868][  0]LogConfig: Setting CVar [[r.EyeAdaptationQuality:2]]
[2022.07.06-08.02.57:868][  0]LogConfig: Setting CVar [[r.BloomQuality:5]]
[2022.07.06-08.02.57:868][  0]LogConfig: Setting CVar [[r.FastBlurThreshold:100]]
[2022.07.06-08.02.57:868][  0]LogConfig: Setting CVar [[r.Upscale.Quality:3]]
[2022.07.06-08.02.57:868][  0]LogConfig: Setting CVar [[r.Tonemapper.GrainQuantization:1]]
[2022.07.06-08.02.57:868][  0]LogConfig: Setting CVar [[r.LightShaftQuality:1]]
[2022.07.06-08.02.57:868][  0]LogConfig: Setting CVar [[r.Filter.SizeScale:1]]
[2022.07.06-08.02.57:868][  0]LogConfig: Setting CVar [[r.Tonemapper.Quality:5]]
[2022.07.06-08.02.57:868][  0]LogConfig: Setting CVar [[r.DOF.Gather.AccumulatorQuality:1        ; higher gathering accumulator quality]]
[2022.07.06-08.02.57:868][  0]LogConfig: Setting CVar [[r.DOF.Gather.PostfilterMethod:1          ; Median3x3 postfilering method]]
[2022.07.06-08.02.57:868][  0]LogConfig: Setting CVar [[r.DOF.Gather.EnableBokehSettings:0       ; no bokeh simulation when gathering]]
[2022.07.06-08.02.57:868][  0]LogConfig: Setting CVar [[r.DOF.Gather.RingCount:4                 ; medium number of samples when gathering]]
[2022.07.06-08.02.57:868][  0]LogConfig: Setting CVar [[r.DOF.Scatter.ForegroundCompositing:1    ; additive foreground scattering]]
[2022.07.06-08.02.57:868][  0]LogConfig: Setting CVar [[r.DOF.Scatter.BackgroundCompositing:2    ; additive background scattering]]
[2022.07.06-08.02.57:868][  0]LogConfig: Setting CVar [[r.DOF.Scatter.EnableBokehSettings:1      ; bokeh simulation when scattering]]
[2022.07.06-08.02.57:868][  0]LogConfig: Setting CVar [[r.DOF.Scatter.MaxSpriteRatio:0.1         ; only a maximum of 10% of scattered bokeh]]
[2022.07.06-08.02.57:868][  0]LogConfig: Setting CVar [[r.DOF.Recombine.Quality:1                ; cheap slight out of focus]]
[2022.07.06-08.02.57:869][  0]LogConfig: Setting CVar [[r.DOF.Recombine.EnableBokehSettings:0    ; no bokeh simulation on slight out of focus]]
[2022.07.06-08.02.57:869][  0]LogConfig: Setting CVar [[r.DOF.TemporalAAQuality:1                ; more stable temporal accumulation]]
[2022.07.06-08.02.57:869][  0]LogConfig: Setting CVar [[r.DOF.Kernel.MaxForegroundRadius:0.025]]
[2022.07.06-08.02.57:869][  0]LogConfig: Setting CVar [[r.DOF.Kernel.MaxBackgroundRadius:0.025]]
[2022.07.06-08.02.57:869][  0]LogConfig: Applying CVar settings from Section [TextureQuality@3] File [C:/work/UnrealProject_C7/ShootingGame/Saved/Config/Windows/Scalability.ini]
[2022.07.06-08.02.57:869][  0]LogConfig: Setting CVar [[r.Streaming.MipBias:0]]
[2022.07.06-08.02.57:869][  0]LogConfig: Setting CVar [[r.Streaming.AmortizeCPUToGPUCopy:0]]
[2022.07.06-08.02.57:869][  0]LogConfig: Setting CVar [[r.Streaming.MaxNumTexturesToStreamPerFrame:0]]
[2022.07.06-08.02.57:869][  0]LogConfig: Setting CVar [[r.Streaming.Boost:1]]
[2022.07.06-08.02.57:869][  0]LogConfig: Setting CVar [[r.MaxAnisotropy:8]]
[2022.07.06-08.02.57:869][  0]LogConfig: Setting CVar [[r.VT.MaxAnisotropy:8]]
[2022.07.06-08.02.57:869][  0]LogConfig: Setting CVar [[r.Streaming.LimitPoolSizeToVRAM:0]]
[2022.07.06-08.02.57:869][  0]LogConfig: Setting CVar [[r.Streaming.PoolSize:1000]]
[2022.07.06-08.02.57:869][  0]LogConfig: Setting CVar [[r.Streaming.MaxEffectiveScreenSize:0]]
[2022.07.06-08.02.57:869][  0]LogConfig: Applying CVar settings from Section [EffectsQuality@3] File [C:/work/UnrealProject_C7/ShootingGame/Saved/Config/Windows/Scalability.ini]
[2022.07.06-08.02.57:869][  0]LogConfig: Setting CVar [[r.TranslucencyLightingVolumeDim:64]]
[2022.07.06-08.02.57:869][  0]LogConfig: Setting CVar [[r.RefractionQuality:2]]
[2022.07.06-08.02.57:869][  0]LogConfig: Setting CVar [[r.SSR.Quality:3]]
[2022.07.06-08.02.57:869][  0]LogConfig: Setting CVar [[r.SSR.HalfResSceneColor:0]]
[2022.07.06-08.02.57:869][  0]LogConfig: Setting CVar [[r.SceneColorFormat:4]]
[2022.07.06-08.02.57:869][  0]LogConfig: Setting CVar [[r.DetailMode:2]]
[2022.07.06-08.02.57:869][  0]LogConfig: Setting CVar [[r.TranslucencyVolumeBlur:1]]
[2022.07.06-08.02.57:869][  0]LogConfig: Setting CVar [[r.MaterialQualityLevel:1 ; High quality]]
[2022.07.06-08.02.57:869][  0]LogConfig: Setting CVar [[r.AnisotropicMaterials:1]]
[2022.07.06-08.02.57:869][  0]LogConfig: Setting CVar [[r.SSS.Scale:1]]
[2022.07.06-08.02.57:869][  0]LogConfig: Setting CVar [[r.SSS.SampleSet:2]]
[2022.07.06-08.02.57:869][  0]LogConfig: Setting CVar [[r.SSS.Quality:1]]
[2022.07.06-08.02.57:869][  0]LogConfig: Setting CVar [[r.SSS.HalfRes:0]]
[2022.07.06-08.02.57:869][  0]LogConfig: Setting CVar [[r.SSGI.Quality:3]]
[2022.07.06-08.02.57:869][  0]LogConfig: Setting CVar [[r.EmitterSpawnRateScale:1.0]]
[2022.07.06-08.02.57:869][  0]LogConfig: Setting CVar [[r.ParticleLightQuality:2]]
[2022.07.06-08.02.57:869][  0]LogConfig: Setting CVar [[r.SkyAtmosphere.AerialPerspectiveLUT.FastApplyOnOpaque:1 ; Always have FastSkyLUT 1 in this case to avoid wrong sky]]
[2022.07.06-08.02.57:869][  0]LogConfig: Setting CVar [[r.SkyAtmosphere.AerialPerspectiveLUT.SampleCountMaxPerSlice:4]]
[2022.07.06-08.02.57:869][  0]LogConfig: Setting CVar [[r.SkyAtmosphere.AerialPerspectiveLUT.DepthResolution:16.0]]
[2022.07.06-08.02.57:869][  0]LogConfig: Setting CVar [[r.SkyAtmosphere.FastSkyLUT:1]]
[2022.07.06-08.02.57:869][  0]LogConfig: Setting CVar [[r.SkyAtmosphere.FastSkyLUT.SampleCountMin:4.0]]
[2022.07.06-08.02.57:869][  0]LogConfig: Setting CVar [[r.SkyAtmosphere.FastSkyLUT.SampleCountMax:128.0]]
[2022.07.06-08.02.57:869][  0]LogConfig: Setting CVar [[r.SkyAtmosphere.SampleCountMin:4.0]]
[2022.07.06-08.02.57:869][  0]LogConfig: Setting CVar [[r.SkyAtmosphere.SampleCountMax:128.0]]
[2022.07.06-08.02.57:869][  0]LogConfig: Setting CVar [[r.SkyAtmosphere.TransmittanceLUT.UseSmallFormat:0]]
[2022.07.06-08.02.57:869][  0]LogConfig: Setting CVar [[r.SkyAtmosphere.TransmittanceLUT.SampleCount:10.0]]
[2022.07.06-08.02.57:869][  0]LogConfig: Setting CVar [[r.SkyAtmosphere.MultiScatteringLUT.SampleCount:15.0]]
[2022.07.06-08.02.57:869][  0]LogConfig: Setting CVar [[r.SkyLight.RealTimeReflectionCapture:1]]
[2022.07.06-08.02.57:869][  0]LogConfig: Applying CVar settings from Section [FoliageQuality@3] File [C:/work/UnrealProject_C7/ShootingGame/Saved/Config/Windows/Scalability.ini]
[2022.07.06-08.02.57:869][  0]LogConfig: Setting CVar [[foliage.DensityScale:1.0]]
[2022.07.06-08.02.57:869][  0]LogConfig: Setting CVar [[grass.DensityScale:1.0]]
[2022.07.06-08.02.57:869][  0]LogConfig: Applying CVar settings from Section [ShadingQuality@3] File [C:/work/UnrealProject_C7/ShootingGame/Saved/Config/Windows/Scalability.ini]
[2022.07.06-08.02.57:869][  0]LogConfig: Setting CVar [[r.HairStrands.SkyLighting.IntegrationType:2]]
[2022.07.06-08.02.57:869][  0]LogConfig: Setting CVar [[r.HairStrands.SkyAO.SampleCount:4]]
[2022.07.06-08.02.57:869][  0]LogConfig: Setting CVar [[r.HairStrands.Visibility.MSAA.SamplePerPixel:4]]
[2022.07.06-08.02.57:869][  0]LogConfig: Applying CVar settings from Section [Startup] File [../../../Engine/Config/ConsoleVariables.ini]
[2022.07.06-08.02.57:870][  0]LogConfig: Setting CVar [[net.UseAdaptiveNetUpdateFrequency:0]]
[2022.07.06-08.02.57:870][  0]LogConfig: Setting CVar [[p.chaos.AllowCreatePhysxBodies:1]]
[2022.07.06-08.02.57:870][  0]LogConfig: Setting CVar [[fx.SkipVectorVMBackendOptimizations:1]]
[2022.07.06-08.02.57:870][  0]LogConfig: Applying CVar settings from Section [ConsoleVariables] File [C:/work/UnrealProject_C7/ShootingGame/Saved/Config/Windows/Engine.ini]
[2022.07.06-08.02.57:870][  0]LogConfig: Applying CVar settings from Section [ConsoleVariables] File [C:/work/UnrealProject_C7/ShootingGame/Saved/Config/Windows/Editor.ini]
[2022.07.06-08.02.57:870][  0]LogInit: Computer: DESKTOP-HME5P3N
[2022.07.06-08.02.57:870][  0]LogInit: User: parkdoyoung
[2022.07.06-08.02.57:870][  0]LogInit: CPU Page size=4096, Cores=4
[2022.07.06-08.02.57:870][  0]LogInit: High frequency timer resolution =10.000000 MHz
[2022.07.06-08.02.57:870][  0]LogMemory: Memory total: Physical=15.8GB (16GB approx)
[2022.07.06-08.02.57:870][  0]LogMemory: Platform Memory Stats for Windows
[2022.07.06-08.02.57:870][  0]LogMemory: Process Physical Memory: 144.18 MB used, 144.19 MB peak
[2022.07.06-08.02.57:870][  0]LogMemory: Process Virtual Memory: 128.28 MB used, 128.28 MB peak
[2022.07.06-08.02.57:870][  0]LogMemory: Physical Memory: 10379.88 MB used,  5822.36 MB free, 16202.24 MB total
[2022.07.06-08.02.57:870][  0]LogMemory: Virtual Memory: 134213504.00 MB used,  4221.54 MB free, 134217728.00 MB total
[2022.07.06-08.02.57:875][  0]LogWindows: WindowsPlatformFeatures enabled
[2022.07.06-08.02.57:896][  0]LogInit: Physics initialised using underlying interface: PhysX
[2022.07.06-08.02.57:896][  0]LogInit: Using OS detected language (ko-KR).
[2022.07.06-08.02.57:896][  0]LogInit: Using OS detected locale (ko-KR).
[2022.07.06-08.02.57:898][  0]LogTextLocalizationManager: No specific localization for 'ko-KR' exists, so the 'ko' localization will be used.
[2022.07.06-08.02.58:046][  0]LogWindowsTextInputMethodSystem: Display: IME system deactivated.
[2022.07.06-08.02.58:061][  0]LogSlate: New Slate User Created.  User Index 0, Is Virtual User: 0
[2022.07.06-08.02.58:061][  0]LogSlate: Slate User Registered.  User Index 0, Is Virtual User: 0
[2022.07.06-08.02.58:075][  0]LogD3D11RHI: Loaded GFSDK_Aftermath_Lib.x64.dll
[2022.07.06-08.02.58:077][  0]LogHMD: Failed to initialize OpenVR with code 110
[2022.07.06-08.02.58:077][  0]LogD3D11RHI: D3D11 min allowed feature level: 11_0
[2022.07.06-08.02.58:077][  0]LogD3D11RHI: D3D11 max allowed feature level: 11_0
[2022.07.06-08.02.58:077][  0]LogD3D11RHI: D3D11 adapters:
[2022.07.06-08.02.58:198][  0]LogD3D11RHI:    0. 'NVIDIA GeForce GTX 1650 with Max-Q Design' (Feature Level 11_0)
[2022.07.06-08.02.58:198][  0]LogD3D11RHI:       3962/0/8101 MB DedicatedVideo/DedicatedSystem/SharedSystem, Outputs:1, VendorId:0x10de
[2022.07.06-08.02.58:216][  0]LogD3D11RHI:    1. 'Intel(R) UHD Graphics' (Feature Level 11_0)
[2022.07.06-08.02.58:216][  0]LogD3D11RHI:       128/0/8101 MB DedicatedVideo/DedicatedSystem/SharedSystem, Outputs:0, VendorId:0x8086
[2022.07.06-08.02.58:220][  0]LogD3D11RHI:    2. 'Microsoft Basic Render Driver' (Feature Level 11_0)
[2022.07.06-08.02.58:220][  0]LogD3D11RHI:       0/0/8101 MB DedicatedVideo/DedicatedSystem/SharedSystem, Outputs:0, VendorId:0x1414
[2022.07.06-08.02.58:220][  0]LogD3D11RHI: Chosen D3D11 Adapter:
[2022.07.06-08.02.58:220][  0]LogD3D11RHI:     Description : NVIDIA GeForce GTX 1650 with Max-Q Design
[2022.07.06-08.02.58:220][  0]LogD3D11RHI:     VendorId    : 10de
[2022.07.06-08.02.58:220][  0]LogD3D11RHI:     DeviceId    : 1f9d
[2022.07.06-08.02.58:220][  0]LogD3D11RHI:     SubSysId    : 12f41462
[2022.07.06-08.02.58:220][  0]LogD3D11RHI:     Revision    : 00a1
[2022.07.06-08.02.58:220][  0]LogD3D11RHI:     DedicatedVideoMemory : 4154458112 bytes
[2022.07.06-08.02.58:220][  0]LogD3D11RHI:     DedicatedSystemMemory : 0 bytes
[2022.07.06-08.02.58:220][  0]LogD3D11RHI:     SharedSystemMemory : 8494641152 bytes
[2022.07.06-08.02.58:220][  0]LogD3D11RHI:     AdapterLuid : 0 55500
[2022.07.06-08.02.58:225][  0]LogD3D11RHI: Creating new Direct3DDevice
[2022.07.06-08.02.58:225][  0]LogD3D11RHI:     GPU DeviceId: 0x1f9d (for the marketing name, search the web for "GPU Device Id")
[2022.07.06-08.02.58:225][  0]LogWindows: EnumDisplayDevices:
[2022.07.06-08.02.58:225][  0]LogWindows:    0. 'Intel(R) UHD Graphics' (P:1 D:1)
[2022.07.06-08.02.58:226][  0]LogWindows:    1. 'Intel(R) UHD Graphics' (P:0 D:0)
[2022.07.06-08.02.58:226][  0]LogWindows:    2. 'Intel(R) UHD Graphics' (P:0 D:0)
[2022.07.06-08.02.58:226][  0]LogWindows: DebugString: PrimaryIsNotTheChoosenAdapter PrimaryIsNotTheChoosenAdapter PrimaryIsNotTheChoosenAdapter FoundDriverCount:0 
[2022.07.06-08.02.58:226][  0]LogD3D11RHI:     Adapter Name: NVIDIA GeForce GTX 1650 with Max-Q Design
[2022.07.06-08.02.58:226][  0]LogD3D11RHI:   Driver Version: Unknown (internal:Unknown, unified:Unknown)
[2022.07.06-08.02.58:226][  0]LogD3D11RHI:      Driver Date: Unknown
[2022.07.06-08.02.58:226][  0]LogRHI: Texture pool is 2773 MB (70% of 3962 MB)
[2022.07.06-08.02.58:226][  0]LogD3D11RHI: Creating D3DDevice using adapter:
[2022.07.06-08.02.58:226][  0]LogD3D11RHI:     Description : NVIDIA GeForce GTX 1650 with Max-Q Design
[2022.07.06-08.02.58:226][  0]LogD3D11RHI:     VendorId    : 10de
[2022.07.06-08.02.58:226][  0]LogD3D11RHI:     DeviceId    : 1f9d
[2022.07.06-08.02.58:226][  0]LogD3D11RHI:     SubSysId    : 12f41462
[2022.07.06-08.02.58:226][  0]LogD3D11RHI:     Revision    : 00a1
[2022.07.06-08.02.58:226][  0]LogD3D11RHI:     DedicatedVideoMemory : 4154458112 bytes
[2022.07.06-08.02.58:226][  0]LogD3D11RHI:     DedicatedSystemMemory : 0 bytes
[2022.07.06-08.02.58:226][  0]LogD3D11RHI:     SharedSystemMemory : 8494641152 bytes
[2022.07.06-08.02.58:226][  0]LogD3D11RHI:     AdapterLuid : 0 55500
[2022.07.06-08.02.58:309][  0]LogD3D11RHI: RHI has support for 64 bit atomics
[2022.07.06-08.02.58:309][  0]LogD3D11RHI: Async texture creation enabled
[2022.07.06-08.02.58:309][  0]LogD3D11RHI: Array index from any shader is supported
[2022.07.06-08.02.58:323][  0]LogD3D11RHI: GPU Timing Frequency: 1000.000000 (Debug: 2 1)
[2022.07.06-08.02.58:357][  0]LogRHI: GeForceNow SDK initialized: 1
[2022.07.06-08.02.58:699][  0]LogTargetPlatformManager: Display: Loaded TargetPlatform 'WindowsNoEditor'
[2022.07.06-08.02.58:705][  0]LogTargetPlatformManager: Display: Loaded TargetPlatform 'Windows'
[2022.07.06-08.02.58:710][  0]LogTargetPlatformManager: Display: Loaded TargetPlatform 'WindowsClient'
[2022.07.06-08.02.58:715][  0]LogTargetPlatformManager: Display: Loaded TargetPlatform 'WindowsServer'
[2022.07.06-08.02.58:715][  0]LogTargetPlatformManager: Display: Building Assets For Windows
[2022.07.06-08.02.58:723][  0]LogAudioDebug: Display: Lib vorbis DLL was dynamically loaded.
[2022.07.06-08.02.58:755][  0]LogTextureFormatOodle: Display: Oodle Texture 2.9.0 init RDO Off
[2022.07.06-08.02.58:789][  0]LogRendererCore: Ray tracing is disabled. Reason: r.RayTracing=0.
[2022.07.06-08.02.58:789][  0]LogShaderCompilers: Guid format shader working directory is 0 characters bigger than the processId version (../../../../../../work/UnrealProject_C7/ShootingGame/Intermediate/Shaders/WorkingDirectory/7200/).
[2022.07.06-08.02.58:790][  0]LogShaderCompilers: Cleaned the shader compiler working directory 'C:/Users/parkdoyoung/AppData/Local/Temp/UnrealShaderWorkingDir/58168CFC49E694C96EB07C8EB71538E3/'.
[2022.07.06-08.02.58:790][  0]LogXGEController: Cannot use XGE Controller as Incredibuild is not installed on this machine.
[2022.07.06-08.02.58:790][  0]LogShaderCompilers: Cannot use XGE Shader Compiler as Incredibuild is not installed on this machine.
[2022.07.06-08.02.58:790][  0]LogShaderCompilers: Display: Using Local Shader Compiler.
[2022.07.06-08.02.59:634][  0]LogDerivedDataCache: Display: Max Cache Size: 512 MB
[2022.07.06-08.02.59:730][  0]LogDerivedDataCache: Loaded boot cache 0.10s 94MB C:/Users/parkdoyoung/AppData/Local/UnrealEngine/4.27/DerivedDataCache/Boot.ddc.
[2022.07.06-08.02.59:731][  0]LogDerivedDataCache: Display: Loaded Boot cache: C:/Users/parkdoyoung/AppData/Local/UnrealEngine/4.27/DerivedDataCache/Boot.ddc
[2022.07.06-08.02.59:731][  0]LogDerivedDataCache: FDerivedDataBackendGraph:  Pak pak cache file ../../../../../../work/UnrealProject_C7/ShootingGame/DerivedDataCache/DDC.ddp not found, will not use a pak cache.
[2022.07.06-08.02.59:731][  0]LogDerivedDataCache: Unable to find inner node Pak for hierarchical cache Hierarchy.
[2022.07.06-08.02.59:731][  0]LogDerivedDataCache: FDerivedDataBackendGraph:  CompressedPak pak cache file ../../../../../../work/UnrealProject_C7/ShootingGame/DerivedDataCache/Compressed.ddp not found, will not use a pak cache.
[2022.07.06-08.02.59:731][  0]LogDerivedDataCache: Unable to find inner node CompressedPak for hierarchical cache Hierarchy.
[2022.07.06-08.02.59:750][  0]LogDerivedDataCache: Display: Pak cache opened for reading ../../../Engine/DerivedDataCache/Compressed.ddp.
[2022.07.06-08.02.59:750][  0]LogDerivedDataCache: FDerivedDataBackendGraph:  EnterprisePak pak cache file ../../../Enterprise/DerivedDataCache/Compressed.ddp not found, will not use a pak cache.
[2022.07.06-08.02.59:750][  0]LogDerivedDataCache: Unable to find inner node EnterprisePak for hierarchical cache Hierarchy.
[2022.07.06-08.02.59:761][  0]LogDerivedDataCache: Speed tests for C:/Users/parkdoyoung/AppData/Local/UnrealEngine/Common/DerivedDataCache took 0.01 seconds
[2022.07.06-08.02.59:761][  0]LogDerivedDataCache: Display: Performance to C:/Users/parkdoyoung/AppData/Local/UnrealEngine/Common/DerivedDataCache: Latency=0.02ms. RandomReadSpeed=171.66MBs, RandomWriteSpeed=157.13MBs. Assigned SpeedClass 'Local'
[2022.07.06-08.02.59:762][  0]LogDerivedDataCache: Using Local data cache path C:/Users/parkdoyoung/AppData/Local/UnrealEngine/Common/DerivedDataCache: Writable
[2022.07.06-08.02.59:762][  0]LogDerivedDataCache: Shared data cache path not found in *engine.ini, will not use an Shared cache.
[2022.07.06-08.02.59:762][  0]LogDerivedDataCache: Unable to find inner node Shared for hierarchical cache Hierarchy.
[2022.07.06-08.02.59:804][  0]LogSlate: Using FreeType 2.10.0
[2022.07.06-08.02.59:805][  0]LogSlate: SlateFontServices - WITH_FREETYPE: 1, WITH_HARFBUZZ: 1
[2022.07.06-08.02.59:897][  0]LogInit: Using OS detected language (ko-KR).
[2022.07.06-08.02.59:897][  0]LogInit: Using OS detected locale (ko-KR).
[2022.07.06-08.02.59:897][  0]LogTextLocalizationManager: No localization for 'ko-KR' exists, so 'en' will be used for the language.
[2022.07.06-08.02.59:897][  0]LogTextLocalizationManager: No localization for 'ko-KR' exists, so 'en' will be used for the locale.
[2022.07.06-08.02.59:897][  0]LogSlate: FontCache flush requested. Reason: Culture for localization was changed
[2022.07.06-08.02.59:897][  0]LogSlate: FontCache flush requested. Reason: Culture for localization was changed
[2022.07.06-08.02.59:900][  0]LogAssetRegistry: FAssetRegistry took 0.0019 seconds to start up
[2022.07.06-08.03.00:099][  0]LogTextLocalizationManager: Compacting localization data took   0.00ms
[2022.07.06-08.03.00:099][  0]LogPackageLocalizationCache: Processed 27 localized package path(s) for 1 prioritized culture(s) in 0.000886 seconds
[2022.07.06-08.03.00:170][  0]LogInit: Selected Device Profile: [Windows]
[2022.07.06-08.03.00:170][  0]LogInit: Active device profile: [00000281B7E3AC00][00000281ACD04800 49] Windows
[2022.07.06-08.03.00:170][  0]LogInit: Profiles: [00000281B7E3AC00][00000281ACD04800 49] Windows, [00000281B7DEEF00][00000281ACD0C980 49] WindowsNoEditor, [00000281B7E3B600][00000281ACEB2B00 49] WindowsServer, [00000281B7DECB00][00000281ACEB6C80 49] WindowsClient, [00000281B7E38B00][00000281ACEBAE00 49] IOS, [00000281B7DEF700][00000281ACEBEF80 49] iPadAir, [00000281B7E3BB00][00000281ACEC3100 49] iPadAir2, [00000281B7D96600][00000281ACECB3C0 49] IPadPro, [00000281B7D96700][00000281ACEC7400 49] iPadAir3, [00000281B7E38500][00000281ACECF580 49] iPadAir4, [00000281B7D94100][00000281ACD096C0 49] iPadMini2, [00000281B7E3B700][00000281ACED3800 49] iPadMini3, [00000281B7D96F00][00000281ACED7940 49] iPadMini4, [00000281B7E39800][00000281ACEDBA80 49] iPadMini5, [00000281B7DC9F00][00000281ACEE61C0 49] iPhone6, [00000281B7DCA000][00000281ACEE2200 49] iPodTouch6, [00000281B7D97200][00000281ACEEE4C0 49] iPhone7, [00000281B7D95B00][00000281ACEEA500 49] iPodTouch7, [00000281B7DCAE00][00000281ACEF2680 49] iPhone5S, [00000281B7D94800][00000281ACEF6800 49] iPhone6Plus, [00000281B7DCAA00][00000281ACEFA980 49] iPhone6S, [00000281B7D97700][00000281B85C2B00 49] iPhone6SPlus, [00000281B7DC9100][00000281B85C6C80 49] iPhone7Plus, [00000281B7D94C00][00000281B85CAE00 49] iPhoneSE, [00000281B7DCB500][00000281B85CEF80 49] iPhone8, [00000281B7D95700][00000281B85D3100 49] iPhone8Plus, [00000281B7DCB600][00000281B85D7280 49] iPhoneX, [00000281B7D95900][00000281B85DB400 49] iPhoneXS, [00000281B7DCAC00][00000281B85DF580 49] iPhoneXSMax, [00000281B7D95100][00000281B85E3700 49] iPhoneXR, [00000281B7DC9B00][00000281B85E7880 49] iPhone11, [00000281B7D96C00][00000281ACEDF9C0 49] iPhone11Pro, [00000281B7DCB300][00000281B85EBB00 49] iPhone11ProMax, [00000281B7D95000][00000281B85EE0C0 49] iPhoneSE2, [00000281B7DC9300][00000281B85F6240 49] iPhone12Mini, [00000281B7D96300][00000281B85FA3C0 49] iPhone12, [00000281B7DCAF00][00000281B85FE540 49] iPhone12Pro, [00000281B7D97800][00000281B86026C0 49] iPhone12ProMax, [00000281B7DC8400][00000281B8606840 49] iPadPro105, [00000281B7D96900][00000281B860A9C0 49] iPadPro129, [00000281B7DCA900][00000281B860EB40 49] iPadPro97, [00000281B7D95C00][00000281B8612CC0 49] iPadPro2_129, [00000281B7DC8A00][00000281B8616E40 49] iPad5, [00000281B7D97E00][00000281B861AFC0 49] iPad6, [00000281B7DCB900][00000281B861F140 49] iPad7, [00000281B7D96A00][00000281B86232C0 49] iPad8, [00000281B7DC9C00][00000281B8627440 49] iPadPro11, [00000281B7D96000][00000281B862B5C0 49] iPadPro2_11, [00000281B7DEF000][00000281B862F740 49] iPadPro3_129, [00000281B7E6C100][00000281B86338C0 49] iPadPro4_129, [00000281B7DEEC00][00000281B8637A40 49] AppleTV, [00000281B7E6CC00][00000281B85F3B80 49] AppleTV4K, [00000281B7DEC100][00000281B863A140 49] TVOS, [00000281B7E6D900][00000281B863E280 49] Mac, [00000281B7DEEB00][00000281B86423C0 49] MacClient, [00000281B7E6CE00][00000281B864A540 49] MacNoEditor, [00000281B7DEE800][00000281B864E6C0 49] MacServer, [00000281B7E6CB00][00000281B8652840 49] Linux, [00000281B7DEE000][00000281B86569C0 49] LinuxAArch64, [00000281B7E6D700][00000281B865AB40 49] LinuxNoEditor, [00000281B7DED400][00000281B865ECC0 49] LinuxAArch64NoEditor, [00000281B7E6CF00][00000281B8662E40 49] LinuxClient, [00000281B7DEE700][00000281B8666FC0 49] LinuxAArch64Client, [00000281B7E6C200][00000281B866B140 49] LinuxServer, [00000281B7D94300][00000281B866F2C0 49] LinuxAArch64Server, [00000281B7DCA800][00000281B8673440 49] Android, [00000281B7D97000][00000281B86775C0 49] Android_Low, [00000281B7DCAD00][00000281B867B740 49] Android_Mid, [00000281B7D94500][00000281B867F8C0 49] Android_High, [00000281B7DCBC00][00000281B8683A40 49] Android_Default, [00000281B7D96B00][00000281B8687BC0 49] Android_Adreno4xx, [00000281B7DCBF00][00000281B8646180 49] Android_Adreno5xx_Low, [00000281B7D94600][00000281B868A2C0 49] Android_Adreno5xx, [00000281B7DCBA00][00000281B868E400 49] Android_Adreno6xx, [00000281B7D95600][00000281B8692540 49] Android_Adreno6xx_Vulkan, [00000281B7DCBE00][00000281B869A6C0 49] Android_Mali_T6xx, [00000281B7D97A00][00000281B869E840 49] Android_Mali_T7xx, [00000281B7E6DC00][00000281B86A29C0 49] Android_Mali_T8xx, [00000281B7D97B00][00000281B86A6B40 49] Android_Mali_G71, [00000281B7E6E300][00000281B86AACC0 49] Android_Mali_G72, [00000281B7D95400][00000281B86AEE40 49] Android_Mali_G72_Vulkan, [00000281B7E6D300][00000281B86B2FC0 49] Android_Mali_G76, [00000281B7D94900][00000281B86B7140 49] Android_Mali_G76_Vulkan, [00000281B7E6D600][00000281B86BB2C0 49] Android_Mali_G77, [00000281B7D97500][00000281B86BF440 49] Android_Mali_G77_Vulkan, [00000281B7E6D000][00000281B86C35C0 49] Android_Mali_G78, [00000281B7D96200][00000281B86C7740 49] Android_Mali_G78_Vulkan, [00000281B7DC9200][00000281B86CB8C0 49] Android_Mali_G710, [00000281B7D95200][00000281B86CFA40 49] Android_Mali_G710_Vulkan, [00000281B7DC9A00][00000281B86D3BC0 49] Android_Vulkan_SM5, [00000281B7D95500][00000281B86D61C0 49] Android_PowerVR_G6xxx, [00000281B7DC8C00][00000281B86DA340 49] Android_PowerVR_GT7xxx, [00000281B7D94F00][00000281B8696480 49] Android_PowerVR_GE8xxx, [00000281B7DC9000][00000281B86DE5C0 49] Android_PowerVR_GM9xxx, [00000281B7D97900][00000281B86E2700 49] Android_PowerVR_GM9xxx_Vulkan, [00000281B7DC9600][00000281B86EA880 49] Android_TegraK1, [00000281B7D94700][00000281B86EEA00 49] Android_Unknown_Vulkan, [00000281B7DCA400][00000281B86F2B80 49] Lumin, [00000281B7D95300][00000281B86F6D00 49] Lumin_Desktop, [00000281B7DC8900][00000281B86FAE80 49] HoloLens, 
[2022.07.06-08.03.00:213][  0]LogMeshReduction: Using QuadricMeshReduction for automatic static mesh reduction
[2022.07.06-08.03.00:213][  0]LogMeshReduction: Using SimplygonMeshReduction for automatic skeletal mesh reduction
[2022.07.06-08.03.00:213][  0]LogMeshReduction: Using ProxyLODMeshReduction for automatic mesh merging
[2022.07.06-08.03.00:213][  0]LogMeshReduction: No distributed automatic mesh merging module available
[2022.07.06-08.03.00:213][  0]LogMeshMerging: No distributed automatic mesh merging module available
[2022.07.06-08.03.00:328][  0]LogNetVersion: ShootingGame 1.0.0, NetCL: 17155196, EngineNetVer: 17, GameNetVer: 0 (Checksum: 1120234365)
[2022.07.06-08.03.00:579][  0]LogTexture: Default maximum texture size for cubemaps generated from long-lat sources has been changed from 512 to unlimited. In order to preserve old behaiour for '/Engine/MapTemplates/Sky/DaylightAmbientCubemap.DaylightAmbientCubemap', its maximum texture size has been explicitly set to 512.
[2022.07.06-08.03.00:648][  0]LogHMD: PokeAHoleMaterial loaded successfully
[2022.07.06-08.03.00:755][  0]LogMoviePlayer: Initializing movie player
[2022.07.06-08.03.00:872][  0]LogNiagaraDebuggerClient: Niagara Debugger Client Initialized | Session: CE1814744CC007431E6AA3BE032BDCA5 | Instance: 600D1D824171299BA79F1AB2956BA267 (DESKTOP-HME5P3N-7200).
[2022.07.06-08.03.00:892][  0]LogCollectionManager: Loaded 0 collections in 0.001948 seconds
[2022.07.06-08.03.00:893][  0]LogFileCache: Scanning file cache for directory 'C:/work/UnrealProject_C7/ShootingGame/Saved/Collections/' took 0.00s
[2022.07.06-08.03.00:893][  0]LogFileCache: Scanning file cache for directory 'C:/work/UnrealProject_C7/ShootingGame/Content/Developers/parkdoyoung/Collections/' took 0.00s
[2022.07.06-08.03.00:893][  0]LogFileCache: Scanning file cache for directory 'C:/work/UnrealProject_C7/ShootingGame/Content/Collections/' took 0.00s
[2022.07.06-08.03.00:893][  0]LogCollectionManager: Fixed up redirectors for 0 collections in 0.000002 seconds (updated 0 objects)
[2022.07.06-08.03.00:998][  0]LogPython: Using Python 3.7.7
[2022.07.06-08.03.01:504][  0]LogTcpMessaging: Initializing TcpMessaging bridge
[2022.07.06-08.03.01:509][  0]LogUdpMessaging: Initializing bridge on interface 0.0.0.0:0 to multicast group 230.0.0.1:6666.
[2022.07.06-08.03.01:610][  0]SourceControl: Source control is disabled
[2022.07.06-08.03.01:610][  0]SourceControl: Source control is disabled
[2022.07.06-08.03.01:613][  0]SourceControl: Source control is disabled
[2022.07.06-08.03.01:619][  0]LogUProjectInfo: Found projects:
[2022.07.06-08.03.01:710][  0]LogOpenImageDenoise: OIDN starting up
[2022.07.06-08.03.01:731][  0]LogAndroidPermission: UAndroidPermissionCallbackProxy::GetInstance
[2022.07.06-08.03.01:751][  0]LogAudioCaptureCore: Display: No Audio Capture implementations found. Audio input will be silent.
[2022.07.06-08.03.01:751][  0]LogAudioCaptureCore: Display: No Audio Capture implementations found. Audio input will be silent.
[2022.07.06-08.03.01:818][  0]LogOcInput: OculusInput pre-init called
[2022.07.06-08.03.01:827][  0]LogUObjectArray: 22167 objects as part of root set at end of initial load.
[2022.07.06-08.03.01:827][  0]LogUObjectAllocator: 5995280 out of 0 bytes used by permanent object pool.
[2022.07.06-08.03.01:827][  0]LogUObjectArray: CloseDisregardForGC: 0/0 objects in disregard for GC pool
[2022.07.06-08.03.01:871][  0]LogEngine: Initializing Engine...
[2022.07.06-08.03.01:873][  0]LogHMD: Failed to enumerate extensions. Please check that you have a valid OpenXR runtime installed.
[2022.07.06-08.03.01:874][  0]LogHMD: Failed to initialize OpenVR with code 110
[2022.07.06-08.03.01:874][  0]LogMagicLeap: Warning: VR disabled because ZI is not enabled.  To enable, in the editor, Edit -> Project Settings -> Plugins -> Magic Leap Plugin -> Enable Zero Iteration
[2022.07.06-08.03.01:877][  0]LogStats: UGameplayTagsManager::InitializeManager -  0.000 s
[2022.07.06-08.03.02:004][  0]LogInit: Initializing FReadOnlyCVARCache
[2022.07.06-08.03.02:004][  0]LogAudio: Display: Initializing Audio Device Manager...
[2022.07.06-08.03.02:010][  0]LogAudio: Display: Loading Default Audio Settings Objects...
[2022.07.06-08.03.02:011][  0]LogAudio: Display: No default SoundConcurrencyObject specified (or failed to load).
[2022.07.06-08.03.02:014][  0]LogAudio: Display: Audio Device Manager Initialized
[2022.07.06-08.03.02:014][  0]LogAudio: Display: Creating Audio Device:                 Id: 1, Scope: Shared, Realtime: True
[2022.07.06-08.03.02:014][  0]LogAudioMixer: Display: Audio Mixer Platform Settings:
[2022.07.06-08.03.02:014][  0]LogAudioMixer: Display: 	Sample Rate:						  48000
[2022.07.06-08.03.02:014][  0]LogAudioMixer: Display: 	Callback Buffer Frame Size Requested: 1024
[2022.07.06-08.03.02:014][  0]LogAudioMixer: Display: 	Callback Buffer Frame Size To Use:	  1024
[2022.07.06-08.03.02:014][  0]LogAudioMixer: Display: 	Number of buffers to queue:			  2
[2022.07.06-08.03.02:014][  0]LogAudioMixer: Display: 	Max Channels (voices):				  32
[2022.07.06-08.03.02:014][  0]LogAudioMixer: Display: 	Number of Async Source Workers:		  0
[2022.07.06-08.03.02:014][  0]LogAudio: Display: AudioDevice MaxSources: 32
[2022.07.06-08.03.02:015][  0]LogAudio: Display: Audio Spatialization Plugin: None (built-in).
[2022.07.06-08.03.02:015][  0]LogAudio: Display: Audio Reverb Plugin: None (built-in).
[2022.07.06-08.03.02:015][  0]LogAudio: Display: Audio Occlusion Plugin: None (built-in).
[2022.07.06-08.03.02:015][  0]LogAudioMixer: Display: Initializing audio mixer.
[2022.07.06-08.03.02:038][  0]LogAudioMixer: Display: 0: FrontLeft
[2022.07.06-08.03.02:038][  0]LogAudioMixer: Display: 1: FrontRight
[2022.07.06-08.03.02:081][  0]LogAudioMixer: Display: Using Audio Device 스피커(Realtek(R) Audio)
[2022.07.06-08.03.02:088][  0]LogAudioMixer: Display: Initializing Sound Submixes...
[2022.07.06-08.03.02:089][  0]LogAudioMixer: Display: Creating Master Submix 'MasterSubmixDefault'
[2022.07.06-08.03.02:089][  0]LogAudioMixer: Display: Creating Master Submix 'MasterReverbSubmixDefault'
[2022.07.06-08.03.02:090][  0]LogAudioMixer: Display: Creating Master Submix 'MasterEQSubmixDefault'
[2022.07.06-08.03.02:090][  0]LogAudioMixer: FMixerPlatformXAudio2::StartAudioStream() called
[2022.07.06-08.03.02:090][  0]LogAudioMixer: Display: Output buffers initialized: Frames=1024, Channels=2, Samples=2048
[2022.07.06-08.03.02:093][  0]LogAudioMixer: Display: Starting AudioMixerPlatformInterface::RunInternal()
[2022.07.06-08.03.02:093][  0]LogAudioMixer: Display: FMixerPlatformXAudio2::SubmitBuffer() called for the first time
[2022.07.06-08.03.02:093][  0]LogInit: FAudioDevice initialized.
[2022.07.06-08.03.02:096][  0]LogNetVersion: Set ProjectVersion to 1.0.0.0. Version Checksum will be recalculated on next use.
[2022.07.06-08.03.02:097][  0]LogInit: Texture streaming: Enabled
[2022.07.06-08.03.02:164][  0]LogAudio: Display: Audio Device (ID: 1) registered with world 'Untitled'.
[2022.07.06-08.03.02:164][  0]LogSlate: Updating window title bar state: overlay mode, drag disabled, window buttons hidden, title bar hidden
[2022.07.06-08.03.02:165][  0]LogInit: Display: Game Engine Initialized.
[2022.07.06-08.03.02:165][  0]LogNiagaraEditor: GEditor isn't valid! Particle reset commands will not work for Niagara components!
[2022.07.06-08.03.02:288][  0]LogInit: Display: Starting Game.
[2022.07.06-08.03.02:288][  0]LogNet: Browse: 127.0.0.1:17777/Game/ThirdPersonBP/Maps/ThirdPersonExampleMap?Name=Player
[2022.07.06-08.03.02:289][  0]LogInit: WinSock: Socket queue. Rx: 32768 (config 32768) Tx: 32768 (config 32768)
[2022.07.06-08.03.02:289][  0]LogNet: Created socket for bind address: 0.0.0.0 on port 0
[2022.07.06-08.03.02:289][  0]PacketHandlerLog: Loaded PacketHandler component: Engine.EngineHandlerComponentFactory (StatelessConnectHandlerComponent)
[2022.07.06-08.03.02:289][  0]LogNet: Game client on port 17777, rate 100000
[2022.07.06-08.03.02:331][  0]LogInit: Display: Engine is initialized. Leaving FEngineLoop::Init()
[2022.07.06-08.03.02:331][  0]LogLoad: (Engine Initialization) Total time: 5.62 seconds
[2022.07.06-08.03.02:331][  0]LogLoad: (Engine Initialization) Total Blueprint compile time: 0.00 seconds
[2022.07.06-08.03.02:336][  0]LogContentStreaming: Texture pool size now 1000 MB
[2022.07.06-08.03.02:338][  0]LogSlate: InvalidateAllWidgets triggered.  All widgets were invalidated
[2022.07.06-08.03.03:312][722]LogHandshake: SendChallengeResponse. Timestamp: 8.774514, Cookie: 091041234226205208201102133218072215018127050233106126201121
[2022.07.06-08.03.03:330][737]LogNetVersion: ShootingGame 1.0.0.0, NetCL: 17155196, EngineNetVer: 17, GameNetVer: 0 (Checksum: 4194817616)
[2022.07.06-08.03.03:330][737]LogNet: UPendingNetGame::SendInitialJoin: Sending hello. [UNetConnection] RemoteAddr: 127.0.0.1:17777, Name: IpConnection_0, Driver: PendingNetDriver IpNetDriver_0, IsServer: NO, PC: NULL, Owner: NULL, UniqueId: INVALID
[2022.07.06-08.03.03:365][766]LogNet: Welcomed by server (Level: /Game/ThirdPersonBP/Maps/UEDPIE_0_ThirdPersonExampleMap, Game: /Game/ShootingGame/GameMode/BP_ShootingGameMode.BP_ShootingGameMode_C)
[2022.07.06-08.03.03:365][766]LogLoad: LoadMap: 127.0.0.1:17777/Game/ThirdPersonBP/Maps/ThirdPersonExampleMap?Name=Player?game=/Game/ShootingGame/GameMode/BP_ShootingGameMode.BP_ShootingGameMode_C
[2022.07.06-08.03.03:365][766]LogWorld: BeginTearingDown for /Temp/Untitled_0
[2022.07.06-08.03.03:365][766]LogWorld: UWorld::CleanupWorld for Untitled, bSessionEnded=true, bCleanupResources=true
[2022.07.06-08.03.03:365][766]LogSlate: InvalidateAllWidgets triggered.  All widgets were invalidated
[2022.07.06-08.03.03:373][766]LogAudio: Display: Audio Device unregistered from world 'None'.
[2022.07.06-08.03.03:376][766]LogUObjectHash: Compacting FUObjectHashTables data took   0.75ms
[2022.07.06-08.03.04:078][766]LogAudio: Display: Audio Device (ID: 1) registered with world 'ThirdPersonExampleMap'.
[2022.07.06-08.03.04:091][766]LogWorld: Bringing World /Game/ThirdPersonBP/Maps/ThirdPersonExampleMap.ThirdPersonExampleMap up for play (max tick rate 0) at 2022.07.06-17.03.04
[2022.07.06-08.03.04:091][766]LogWorld: Bringing up level for play took: 0.009556
[2022.07.06-08.03.04:092][766]LogSlate: Took 0.000217 seconds to synchronously load lazily loaded font '../../../Engine/Content/Slate/Fonts/Roboto-Regular.ttf' (155K)
[2022.07.06-08.03.04:095][766]LogRenderer: Reallocating scene render targets to support 640x480 Format 10 NumSamples 1 (Frame:1).
[2022.07.06-08.03.04:095][766]LogLoad: Took 0.729973 seconds to LoadMap(/Game/ThirdPersonBP/Maps/ThirdPersonExampleMap)
[2022.07.06-08.03.04:095][766]LogNavigation: Warning: NavData RegistrationFailed_DataPendingKill.
[2022.07.06-08.03.04:179][768]LogOnlineSession: Warning: OSS: No game present to join for session (GameSession)
[2022.07.06-08.03.04:180][768]LogScript: Warning: Script Msg: BP_ShootingHud_C_0 BindPlayerStats SetTimer passed a negative or zero time. The associated timer may fail to be created/fire! If using InitialStartDelayVariance, be sure it is smaller than (Time + InitialStartDelay).
[2022.07.06-08.03.04:181][768]LogBlueprintUserMessages: [BP_ShootingCharacter_C_0] BP_ShootingCharacterBind Player Stats cast Fail
[2022.07.06-08.03.04:181][768]LogBlueprintUserMessages: [BP_ShootingCharacter_C_1] BP_ShootingCharacter1Bind Player Stats cast Fail
[2022.07.06-08.03.04:181][768]LogBlueprintUserMessages: [BP_ShootingPlayerState_C_0] BP_ShootingPlayerState
[2022.07.06-08.03.04:181][768]LogOnlineSession: Warning: OSS: No game present to join for session (GameSession)
[2022.07.06-08.03.04:181][768]LogBlueprintUserMessages: [BP_ShootingPlayerState_C_1] BP_ShootingPlayerState1
